[0.172s] Invoking command in '/home/kuldip/myroboticarm_ws/build/myroboticarm_moveit': CMAKE_PREFIX_PATH=${CMAKE_PREFIX_PATH}:/home/kuldip/myroboticarm_ws/install/myroboticarm_description:/home/kuldip/myroboticarm_ws/install/myroboticarm:/home/kuldip/arduinobot_ws/install/arduinobot_py_examples:/home/kuldip/myroboticarm_ws/src/install/myroboticarm:/opt/ros/jazzy DEBUGINFOD_URLS=https://debuginfod.ubuntu.com /usr/bin/cmake /home/kuldip/myroboticarm_ws/src/myroboticarm_moveit -DCMAKE_INSTALL_PREFIX=/home/kuldip/myroboticarm_ws/install/myroboticarm_moveit
[0.256s] -- The C compiler identification is GNU 13.3.0
[0.321s] -- The CXX compiler identification is GNU 13.3.0
[0.336s] -- Detecting C compiler ABI info
[0.411s] -- Detecting C compiler ABI info - done
[0.417s] -- Check for working C compiler: /usr/bin/cc - skipped
[0.417s] -- Detecting C compile features
[0.418s] -- Detecting C compile features - done
[0.426s] -- Detecting CXX compiler ABI info
[0.502s] -- Detecting CXX compiler ABI info - done
[0.508s] -- Check for working CXX compiler: /usr/bin/c++ - skipped
[0.508s] -- Detecting CXX compile features
[0.509s] -- Detecting CXX compile features - done
[0.513s] -- Found ament_cmake: 2.5.4 (/opt/ros/jazzy/share/ament_cmake/cmake)
[0.635s] -- Found Python3: /usr/bin/python3 (found version "3.12.3") found components: Interpreter 
[0.743s] -- Found ament_lint_auto: 0.17.2 (/opt/ros/jazzy/share/ament_lint_auto/cmake)
[0.828s] -- Added test 'flake8' to check Python code syntax and style conventions
[0.829s] -- Configured 'flake8' exclude dirs and/or files: 
[0.829s] -- Added test 'lint_cmake' to check CMake code style
[0.830s] -- Added test 'pep257' to check Python code against some of the docstring style conventions in PEP 257
[0.831s] -- Added test 'xmllint' to check XML markup files
[0.832s] -- Configuring done (0.7s)
[0.834s] -- Generating done (0.0s)
[0.835s] -- Build files have been written to: /home/kuldip/myroboticarm_ws/build/myroboticarm_moveit
[0.839s] Invoked command in '/home/kuldip/myroboticarm_ws/build/myroboticarm_moveit' returned '0': CMAKE_PREFIX_PATH=${CMAKE_PREFIX_PATH}:/home/kuldip/myroboticarm_ws/install/myroboticarm_description:/home/kuldip/myroboticarm_ws/install/myroboticarm:/home/kuldip/arduinobot_ws/install/arduinobot_py_examples:/home/kuldip/myroboticarm_ws/src/install/myroboticarm:/opt/ros/jazzy DEBUGINFOD_URLS=https://debuginfod.ubuntu.com /usr/bin/cmake /home/kuldip/myroboticarm_ws/src/myroboticarm_moveit -DCMAKE_INSTALL_PREFIX=/home/kuldip/myroboticarm_ws/install/myroboticarm_moveit
[0.839s] Invoking command in '/home/kuldip/myroboticarm_ws/build/myroboticarm_moveit': CMAKE_PREFIX_PATH=${CMAKE_PREFIX_PATH}:/home/kuldip/myroboticarm_ws/install/myroboticarm_description:/home/kuldip/myroboticarm_ws/install/myroboticarm:/home/kuldip/arduinobot_ws/install/arduinobot_py_examples:/home/kuldip/myroboticarm_ws/src/install/myroboticarm:/opt/ros/jazzy DEBUGINFOD_URLS=https://debuginfod.ubuntu.com /usr/bin/cmake --build /home/kuldip/myroboticarm_ws/build/myroboticarm_moveit -- -j12 -l12
[0.873s] Invoked command in '/home/kuldip/myroboticarm_ws/build/myroboticarm_moveit' returned '0': CMAKE_PREFIX_PATH=${CMAKE_PREFIX_PATH}:/home/kuldip/myroboticarm_ws/install/myroboticarm_description:/home/kuldip/myroboticarm_ws/install/myroboticarm:/home/kuldip/arduinobot_ws/install/arduinobot_py_examples:/home/kuldip/myroboticarm_ws/src/install/myroboticarm:/opt/ros/jazzy DEBUGINFOD_URLS=https://debuginfod.ubuntu.com /usr/bin/cmake --build /home/kuldip/myroboticarm_ws/build/myroboticarm_moveit -- -j12 -l12
[0.873s] Invoking command in '/home/kuldip/myroboticarm_ws/build/myroboticarm_moveit': CMAKE_PREFIX_PATH=${CMAKE_PREFIX_PATH}:/home/kuldip/myroboticarm_ws/install/myroboticarm_description:/home/kuldip/myroboticarm_ws/install/myroboticarm:/home/kuldip/arduinobot_ws/install/arduinobot_py_examples:/home/kuldip/myroboticarm_ws/src/install/myroboticarm:/opt/ros/jazzy DEBUGINFOD_URLS=https://debuginfod.ubuntu.com /usr/bin/cmake --install /home/kuldip/myroboticarm_ws/build/myroboticarm_moveit
[0.879s] -- Install configuration: ""
[0.879s] -- Installing: /home/kuldip/myroboticarm_ws/install/myroboticarm_moveit/share/myroboticarm_moveit/launch
[0.880s] -- Installing: /home/kuldip/myroboticarm_ws/install/myroboticarm_moveit/share/myroboticarm_moveit/launch/moveit.launch.py
[0.880s] -- Installing: /home/kuldip/myroboticarm_ws/install/myroboticarm_moveit/share/myroboticarm_moveit/config
[0.880s] -- Installing: /home/kuldip/myroboticarm_ws/install/myroboticarm_moveit/share/myroboticarm_moveit/config/pliz_catersian_limits.yaml
[0.880s] -- Installing: /home/kuldip/myroboticarm_ws/install/myroboticarm_moveit/share/myroboticarm_moveit/config/kinematic.yaml
[0.880s] -- Installing: /home/kuldip/myroboticarm_ws/install/myroboticarm_moveit/share/myroboticarm_moveit/config/myroboticarm.srdf
[0.880s] -- Installing: /home/kuldip/myroboticarm_ws/install/myroboticarm_moveit/share/myroboticarm_moveit/config/joint_limits.yaml
[0.880s] -- Installing: /home/kuldip/myroboticarm_ws/install/myroboticarm_moveit/share/myroboticarm_moveit/config/initial_possitions.yaml
[0.880s] -- Installing: /home/kuldip/myroboticarm_ws/install/myroboticarm_moveit/share/myroboticarm_moveit/config/moveit_controllers.yaml
[0.880s] -- Installing: /home/kuldip/myroboticarm_ws/install/myroboticarm_moveit/share/ament_index/resource_index/package_run_dependencies/myroboticarm_moveit
[0.880s] -- Installing: /home/kuldip/myroboticarm_ws/install/myroboticarm_moveit/share/ament_index/resource_index/parent_prefix_path/myroboticarm_moveit
[0.881s] -- Installing: /home/kuldip/myroboticarm_ws/install/myroboticarm_moveit/share/myroboticarm_moveit/environment/ament_prefix_path.sh
[0.881s] -- Installing: /home/kuldip/myroboticarm_ws/install/myroboticarm_moveit/share/myroboticarm_moveit/environment/ament_prefix_path.dsv
[0.881s] -- Installing: /home/kuldip/myroboticarm_ws/install/myroboticarm_moveit/share/myroboticarm_moveit/environment/path.sh
[0.881s] -- Installing: /home/kuldip/myroboticarm_ws/install/myroboticarm_moveit/share/myroboticarm_moveit/environment/path.dsv
[0.881s] -- Installing: /home/kuldip/myroboticarm_ws/install/myroboticarm_moveit/share/myroboticarm_moveit/local_setup.bash
[0.881s] -- Installing: /home/kuldip/myroboticarm_ws/install/myroboticarm_moveit/share/myroboticarm_moveit/local_setup.sh
[0.881s] -- Installing: /home/kuldip/myroboticarm_ws/install/myroboticarm_moveit/share/myroboticarm_moveit/local_setup.zsh
[0.881s] -- Installing: /home/kuldip/myroboticarm_ws/install/myroboticarm_moveit/share/myroboticarm_moveit/local_setup.dsv
[0.881s] -- Installing: /home/kuldip/myroboticarm_ws/install/myroboticarm_moveit/share/myroboticarm_moveit/package.dsv
[0.881s] -- Installing: /home/kuldip/myroboticarm_ws/install/myroboticarm_moveit/share/ament_index/resource_index/packages/myroboticarm_moveit
[0.881s] -- Installing: /home/kuldip/myroboticarm_ws/install/myroboticarm_moveit/share/myroboticarm_moveit/cmake/myroboticarm_moveitConfig.cmake
[0.882s] -- Installing: /home/kuldip/myroboticarm_ws/install/myroboticarm_moveit/share/myroboticarm_moveit/cmake/myroboticarm_moveitConfig-version.cmake
[0.882s] -- Installing: /home/kuldip/myroboticarm_ws/install/myroboticarm_moveit/share/myroboticarm_moveit/package.xml
[0.882s] Invoked command in '/home/kuldip/myroboticarm_ws/build/myroboticarm_moveit' returned '0': CMAKE_PREFIX_PATH=${CMAKE_PREFIX_PATH}:/home/kuldip/myroboticarm_ws/install/myroboticarm_description:/home/kuldip/myroboticarm_ws/install/myroboticarm:/home/kuldip/arduinobot_ws/install/arduinobot_py_examples:/home/kuldip/myroboticarm_ws/src/install/myroboticarm:/opt/ros/jazzy DEBUGINFOD_URLS=https://debuginfod.ubuntu.com /usr/bin/cmake --install /home/kuldip/myroboticarm_ws/build/myroboticarm_moveit
