[0.063s] DEBUG:colcon:Command line arguments: ['/usr/bin/colcon', 'build']
[0.063s] DEBUG:colcon:Parsed command line arguments: Namespace(log_base=None, log_level=None, verb_name='build', build_base='build', install_base='install', merge_install=False, symlink_install=False, test_result_base=None, continue_on_error=False, executor='parallel', parallel_workers=12, event_handlers=None, ignore_user_meta=False, metas=['./colcon.meta'], base_paths=['.'], packages_ignore=None, packages_ignore_regex=None, paths=None, packages_up_to=None, packages_up_to_regex=None, packages_above=None, packages_above_and_dependencies=None, packages_above_depth=None, packages_select_by_dep=None, packages_skip_by_dep=None, packages_skip_up_to=None, packages_select_build_failed=False, packages_skip_build_finished=False, packages_select_test_failures=False, packages_skip_test_passed=False, packages_select=None, packages_skip=None, packages_select_regex=None, packages_skip_regex=None, packages_start=None, packages_end=None, allow_overriding=[], cmake_args=None, cmake_target=None, cmake_target_skip_unavailable=False, cmake_clean_cache=False, cmake_clean_first=False, cmake_force_configure=False, ament_cmake_args=None, catkin_cmake_args=None, catkin_skip_building_tests=False, mixin_files=None, mixin=None, verb_parser=<colcon_mixin.mixin.mixin_argument.MixinArgumentDecorator object at 0x79ee832a1c70>, verb_extension=<colcon_core.verb.build.BuildVerb object at 0x79ee832a1850>, main=<bound method BuildVerb.main of <colcon_core.verb.build.BuildVerb object at 0x79ee832a1850>>, mixin_verb=('build',))
[0.087s] Level 1:colcon.colcon_core.package_discovery:discover_packages(colcon_meta) check parameters
[0.087s] Level 1:colcon.colcon_core.package_discovery:discover_packages(recursive) check parameters
[0.087s] Level 1:colcon.colcon_core.package_discovery:discover_packages(ignore) check parameters
[0.087s] Level 1:colcon.colcon_core.package_discovery:discover_packages(path) check parameters
[0.087s] Level 1:colcon.colcon_core.package_discovery:discover_packages(colcon_meta) discover
[0.087s] Level 1:colcon.colcon_core.package_discovery:discover_packages(recursive) discover
[0.087s] INFO:colcon.colcon_core.package_discovery:Crawling recursively for packages in '/home/kuldip/myroboticarm_ws'
[0.087s] Level 1:colcon.colcon_core.package_identification:_identify(.) by extensions ['ignore', 'ignore_ament_install']
[0.087s] Level 1:colcon.colcon_core.package_identification:_identify(.) by extension 'ignore'
[0.087s] Level 1:colcon.colcon_core.package_identification:_identify(.) by extension 'ignore_ament_install'
[0.087s] Level 1:colcon.colcon_core.package_identification:_identify(.) by extensions ['colcon_pkg']
[0.087s] Level 1:colcon.colcon_core.package_identification:_identify(.) by extension 'colcon_pkg'
[0.087s] Level 1:colcon.colcon_core.package_identification:_identify(.) by extensions ['colcon_meta']
[0.087s] Level 1:colcon.colcon_core.package_identification:_identify(.) by extension 'colcon_meta'
[0.087s] Level 1:colcon.colcon_core.package_identification:_identify(.) by extensions ['ros']
[0.087s] Level 1:colcon.colcon_core.package_identification:_identify(.) by extension 'ros'
[0.104s] Level 1:colcon.colcon_core.package_identification:_identify(.) by extensions ['cmake', 'python']
[0.104s] Level 1:colcon.colcon_core.package_identification:_identify(.) by extension 'cmake'
[0.104s] Level 1:colcon.colcon_core.package_identification:_identify(.) by extension 'python'
[0.104s] Level 1:colcon.colcon_core.package_identification:_identify(.) by extensions ['python_setup_py']
[0.104s] Level 1:colcon.colcon_core.package_identification:_identify(.) by extension 'python_setup_py'
[0.104s] Level 1:colcon.colcon_core.package_identification:_identify(build) by extensions ['ignore', 'ignore_ament_install']
[0.104s] Level 1:colcon.colcon_core.package_identification:_identify(build) by extension 'ignore'
[0.104s] Level 1:colcon.colcon_core.package_identification:_identify(build) ignored
[0.104s] Level 1:colcon.colcon_core.package_identification:_identify(install) by extensions ['ignore', 'ignore_ament_install']
[0.104s] Level 1:colcon.colcon_core.package_identification:_identify(install) by extension 'ignore'
[0.104s] Level 1:colcon.colcon_core.package_identification:_identify(install) ignored
[0.104s] Level 1:colcon.colcon_core.package_identification:_identify(log) by extensions ['ignore', 'ignore_ament_install']
[0.104s] Level 1:colcon.colcon_core.package_identification:_identify(log) by extension 'ignore'
[0.104s] Level 1:colcon.colcon_core.package_identification:_identify(log) ignored
[0.104s] Level 1:colcon.colcon_core.package_identification:_identify(src) by extensions ['ignore', 'ignore_ament_install']
[0.104s] Level 1:colcon.colcon_core.package_identification:_identify(src) by extension 'ignore'
[0.104s] Level 1:colcon.colcon_core.package_identification:_identify(src) by extension 'ignore_ament_install'
[0.104s] Level 1:colcon.colcon_core.package_identification:_identify(src) by extensions ['colcon_pkg']
[0.104s] Level 1:colcon.colcon_core.package_identification:_identify(src) by extension 'colcon_pkg'
[0.104s] Level 1:colcon.colcon_core.package_identification:_identify(src) by extensions ['colcon_meta']
[0.104s] Level 1:colcon.colcon_core.package_identification:_identify(src) by extension 'colcon_meta'
[0.105s] Level 1:colcon.colcon_core.package_identification:_identify(src) by extensions ['ros']
[0.105s] Level 1:colcon.colcon_core.package_identification:_identify(src) by extension 'ros'
[0.105s] Level 1:colcon.colcon_core.package_identification:_identify(src) by extensions ['cmake', 'python']
[0.105s] Level 1:colcon.colcon_core.package_identification:_identify(src) by extension 'cmake'
[0.105s] Level 1:colcon.colcon_core.package_identification:_identify(src) by extension 'python'
[0.105s] Level 1:colcon.colcon_core.package_identification:_identify(src) by extensions ['python_setup_py']
[0.105s] Level 1:colcon.colcon_core.package_identification:_identify(src) by extension 'python_setup_py'
[0.105s] Level 1:colcon.colcon_core.package_identification:_identify(src/build) by extensions ['ignore', 'ignore_ament_install']
[0.105s] Level 1:colcon.colcon_core.package_identification:_identify(src/build) by extension 'ignore'
[0.105s] Level 1:colcon.colcon_core.package_identification:_identify(src/build) ignored
[0.105s] Level 1:colcon.colcon_core.package_identification:_identify(src/install) by extensions ['ignore', 'ignore_ament_install']
[0.105s] Level 1:colcon.colcon_core.package_identification:_identify(src/install) by extension 'ignore'
[0.105s] Level 1:colcon.colcon_core.package_identification:_identify(src/install) ignored
[0.105s] Level 1:colcon.colcon_core.package_identification:_identify(src/log) by extensions ['ignore', 'ignore_ament_install']
[0.105s] Level 1:colcon.colcon_core.package_identification:_identify(src/log) by extension 'ignore'
[0.105s] Level 1:colcon.colcon_core.package_identification:_identify(src/log) ignored
[0.105s] Level 1:colcon.colcon_core.package_identification:_identify(src/myroboticarm) by extensions ['ignore', 'ignore_ament_install']
[0.105s] Level 1:colcon.colcon_core.package_identification:_identify(src/myroboticarm) by extension 'ignore'
[0.105s] Level 1:colcon.colcon_core.package_identification:_identify(src/myroboticarm) by extension 'ignore_ament_install'
[0.105s] Level 1:colcon.colcon_core.package_identification:_identify(src/myroboticarm) by extensions ['colcon_pkg']
[0.105s] Level 1:colcon.colcon_core.package_identification:_identify(src/myroboticarm) by extension 'colcon_pkg'
[0.105s] Level 1:colcon.colcon_core.package_identification:_identify(src/myroboticarm) by extensions ['colcon_meta']
[0.105s] Level 1:colcon.colcon_core.package_identification:_identify(src/myroboticarm) by extension 'colcon_meta'
[0.105s] Level 1:colcon.colcon_core.package_identification:_identify(src/myroboticarm) by extensions ['ros']
[0.105s] Level 1:colcon.colcon_core.package_identification:_identify(src/myroboticarm) by extension 'ros'
[0.107s] DEBUG:colcon.colcon_core.package_identification:Package 'src/myroboticarm' with type 'ros.ament_python' and name 'myroboticarm'
[0.107s] Level 1:colcon.colcon_core.package_identification:_identify(src/myroboticarm_controller) by extensions ['ignore', 'ignore_ament_install']
[0.107s] Level 1:colcon.colcon_core.package_identification:_identify(src/myroboticarm_controller) by extension 'ignore'
[0.107s] Level 1:colcon.colcon_core.package_identification:_identify(src/myroboticarm_controller) by extension 'ignore_ament_install'
[0.107s] Level 1:colcon.colcon_core.package_identification:_identify(src/myroboticarm_controller) by extensions ['colcon_pkg']
[0.107s] Level 1:colcon.colcon_core.package_identification:_identify(src/myroboticarm_controller) by extension 'colcon_pkg'
[0.107s] Level 1:colcon.colcon_core.package_identification:_identify(src/myroboticarm_controller) by extensions ['colcon_meta']
[0.107s] Level 1:colcon.colcon_core.package_identification:_identify(src/myroboticarm_controller) by extension 'colcon_meta'
[0.107s] Level 1:colcon.colcon_core.package_identification:_identify(src/myroboticarm_controller) by extensions ['ros']
[0.107s] Level 1:colcon.colcon_core.package_identification:_identify(src/myroboticarm_controller) by extension 'ros'
[0.107s] DEBUG:colcon.colcon_core.package_identification:Package 'src/myroboticarm_controller' with type 'ros.ament_cmake' and name 'myroboticarm_controller'
[0.107s] Level 1:colcon.colcon_core.package_identification:_identify(src/myroboticarm_description_cpp) by extensions ['ignore', 'ignore_ament_install']
[0.107s] Level 1:colcon.colcon_core.package_identification:_identify(src/myroboticarm_description_cpp) by extension 'ignore'
[0.107s] Level 1:colcon.colcon_core.package_identification:_identify(src/myroboticarm_description_cpp) by extension 'ignore_ament_install'
[0.107s] Level 1:colcon.colcon_core.package_identification:_identify(src/myroboticarm_description_cpp) by extensions ['colcon_pkg']
[0.108s] Level 1:colcon.colcon_core.package_identification:_identify(src/myroboticarm_description_cpp) by extension 'colcon_pkg'
[0.108s] Level 1:colcon.colcon_core.package_identification:_identify(src/myroboticarm_description_cpp) by extensions ['colcon_meta']
[0.108s] Level 1:colcon.colcon_core.package_identification:_identify(src/myroboticarm_description_cpp) by extension 'colcon_meta'
[0.108s] Level 1:colcon.colcon_core.package_identification:_identify(src/myroboticarm_description_cpp) by extensions ['ros']
[0.108s] Level 1:colcon.colcon_core.package_identification:_identify(src/myroboticarm_description_cpp) by extension 'ros'
[0.110s] DEBUG:colcon.colcon_core.package_identification:Package 'src/myroboticarm_description_cpp' with type 'ros.ament_cmake' and name 'myroboticarm_description_cpp'
[0.110s] Level 1:colcon.colcon_core.package_identification:_identify(src/myroboticarm_msgs) by extensions ['ignore', 'ignore_ament_install']
[0.110s] Level 1:colcon.colcon_core.package_identification:_identify(src/myroboticarm_msgs) by extension 'ignore'
[0.110s] Level 1:colcon.colcon_core.package_identification:_identify(src/myroboticarm_msgs) by extension 'ignore_ament_install'
[0.110s] Level 1:colcon.colcon_core.package_identification:_identify(src/myroboticarm_msgs) by extensions ['colcon_pkg']
[0.110s] Level 1:colcon.colcon_core.package_identification:_identify(src/myroboticarm_msgs) by extension 'colcon_pkg'
[0.110s] Level 1:colcon.colcon_core.package_identification:_identify(src/myroboticarm_msgs) by extensions ['colcon_meta']
[0.110s] Level 1:colcon.colcon_core.package_identification:_identify(src/myroboticarm_msgs) by extension 'colcon_meta'
[0.110s] Level 1:colcon.colcon_core.package_identification:_identify(src/myroboticarm_msgs) by extensions ['ros']
[0.110s] Level 1:colcon.colcon_core.package_identification:_identify(src/myroboticarm_msgs) by extension 'ros'
[0.110s] DEBUG:colcon.colcon_core.package_identification:Package 'src/myroboticarm_msgs' with type 'ros.ament_cmake' and name 'myroboticarm_msgs'
[0.110s] Level 1:colcon.colcon_core.package_discovery:discover_packages(recursive) using defaults
[0.110s] Level 1:colcon.colcon_core.package_discovery:discover_packages(ignore) discover
[0.110s] Level 1:colcon.colcon_core.package_discovery:discover_packages(ignore) using defaults
[0.110s] Level 1:colcon.colcon_core.package_discovery:discover_packages(path) discover
[0.110s] Level 1:colcon.colcon_core.package_discovery:discover_packages(path) using defaults
[0.123s] Level 1:colcon.colcon_core.package_discovery:discover_packages(prefix_path) check parameters
[0.123s] Level 1:colcon.colcon_core.package_discovery:discover_packages(prefix_path) discover
[0.124s] DEBUG:colcon.colcon_installed_package_information.package_discovery:Found 6 installed packages in /home/kuldip/myroboticarm_ws/install
[0.125s] DEBUG:colcon.colcon_installed_package_information.package_discovery:Found 4 installed packages in /home/kuldip/arduinobot_ws/install
[0.125s] DEBUG:colcon.colcon_installed_package_information.package_discovery:Found 3 installed packages in /home/kuldip/myroboticarm_ws/src/install
[0.126s] DEBUG:colcon.colcon_installed_package_information.package_discovery:Found 370 installed packages in /opt/ros/jazzy
[0.126s] Level 1:colcon.colcon_core.package_discovery:discover_packages(prefix_path) using defaults
[0.152s] Level 5:colcon.colcon_core.verb:set package 'myroboticarm' build argument 'cmake_args' from command line to 'None'
[0.152s] Level 5:colcon.colcon_core.verb:set package 'myroboticarm' build argument 'cmake_target' from command line to 'None'
[0.152s] Level 5:colcon.colcon_core.verb:set package 'myroboticarm' build argument 'cmake_target_skip_unavailable' from command line to 'False'
[0.152s] Level 5:colcon.colcon_core.verb:set package 'myroboticarm' build argument 'cmake_clean_cache' from command line to 'False'
[0.152s] Level 5:colcon.colcon_core.verb:set package 'myroboticarm' build argument 'cmake_clean_first' from command line to 'False'
[0.152s] Level 5:colcon.colcon_core.verb:set package 'myroboticarm' build argument 'cmake_force_configure' from command line to 'False'
[0.152s] Level 5:colcon.colcon_core.verb:set package 'myroboticarm' build argument 'ament_cmake_args' from command line to 'None'
[0.152s] Level 5:colcon.colcon_core.verb:set package 'myroboticarm' build argument 'catkin_cmake_args' from command line to 'None'
[0.152s] Level 5:colcon.colcon_core.verb:set package 'myroboticarm' build argument 'catkin_skip_building_tests' from command line to 'False'
[0.152s] DEBUG:colcon.colcon_core.verb:Building package 'myroboticarm' with the following arguments: {'ament_cmake_args': None, 'build_base': '/home/kuldip/myroboticarm_ws/build/myroboticarm', 'catkin_cmake_args': None, 'catkin_skip_building_tests': False, 'cmake_args': None, 'cmake_clean_cache': False, 'cmake_clean_first': False, 'cmake_force_configure': False, 'cmake_target': None, 'cmake_target_skip_unavailable': False, 'install_base': '/home/kuldip/myroboticarm_ws/install/myroboticarm', 'merge_install': False, 'path': '/home/kuldip/myroboticarm_ws/src/myroboticarm', 'symlink_install': False, 'test_result_base': None}
[0.152s] Level 5:colcon.colcon_core.verb:set package 'myroboticarm_controller' build argument 'cmake_args' from command line to 'None'
[0.152s] Level 5:colcon.colcon_core.verb:set package 'myroboticarm_controller' build argument 'cmake_target' from command line to 'None'
[0.152s] Level 5:colcon.colcon_core.verb:set package 'myroboticarm_controller' build argument 'cmake_target_skip_unavailable' from command line to 'False'
[0.152s] Level 5:colcon.colcon_core.verb:set package 'myroboticarm_controller' build argument 'cmake_clean_cache' from command line to 'False'
[0.152s] Level 5:colcon.colcon_core.verb:set package 'myroboticarm_controller' build argument 'cmake_clean_first' from command line to 'False'
[0.152s] Level 5:colcon.colcon_core.verb:set package 'myroboticarm_controller' build argument 'cmake_force_configure' from command line to 'False'
[0.152s] Level 5:colcon.colcon_core.verb:set package 'myroboticarm_controller' build argument 'ament_cmake_args' from command line to 'None'
[0.152s] Level 5:colcon.colcon_core.verb:set package 'myroboticarm_controller' build argument 'catkin_cmake_args' from command line to 'None'
[0.152s] Level 5:colcon.colcon_core.verb:set package 'myroboticarm_controller' build argument 'catkin_skip_building_tests' from command line to 'False'
[0.152s] DEBUG:colcon.colcon_core.verb:Building package 'myroboticarm_controller' with the following arguments: {'ament_cmake_args': None, 'build_base': '/home/kuldip/myroboticarm_ws/build/myroboticarm_controller', 'catkin_cmake_args': None, 'catkin_skip_building_tests': False, 'cmake_args': None, 'cmake_clean_cache': False, 'cmake_clean_first': False, 'cmake_force_configure': False, 'cmake_target': None, 'cmake_target_skip_unavailable': False, 'install_base': '/home/kuldip/myroboticarm_ws/install/myroboticarm_controller', 'merge_install': False, 'path': '/home/kuldip/myroboticarm_ws/src/myroboticarm_controller', 'symlink_install': False, 'test_result_base': None}
[0.152s] Level 5:colcon.colcon_core.verb:set package 'myroboticarm_description_cpp' build argument 'cmake_args' from command line to 'None'
[0.152s] Level 5:colcon.colcon_core.verb:set package 'myroboticarm_description_cpp' build argument 'cmake_target' from command line to 'None'
[0.152s] Level 5:colcon.colcon_core.verb:set package 'myroboticarm_description_cpp' build argument 'cmake_target_skip_unavailable' from command line to 'False'
[0.152s] Level 5:colcon.colcon_core.verb:set package 'myroboticarm_description_cpp' build argument 'cmake_clean_cache' from command line to 'False'
[0.152s] Level 5:colcon.colcon_core.verb:set package 'myroboticarm_description_cpp' build argument 'cmake_clean_first' from command line to 'False'
[0.152s] Level 5:colcon.colcon_core.verb:set package 'myroboticarm_description_cpp' build argument 'cmake_force_configure' from command line to 'False'
[0.152s] Level 5:colcon.colcon_core.verb:set package 'myroboticarm_description_cpp' build argument 'ament_cmake_args' from command line to 'None'
[0.152s] Level 5:colcon.colcon_core.verb:set package 'myroboticarm_description_cpp' build argument 'catkin_cmake_args' from command line to 'None'
[0.152s] Level 5:colcon.colcon_core.verb:set package 'myroboticarm_description_cpp' build argument 'catkin_skip_building_tests' from command line to 'False'
[0.152s] DEBUG:colcon.colcon_core.verb:Building package 'myroboticarm_description_cpp' with the following arguments: {'ament_cmake_args': None, 'build_base': '/home/kuldip/myroboticarm_ws/build/myroboticarm_description_cpp', 'catkin_cmake_args': None, 'catkin_skip_building_tests': False, 'cmake_args': None, 'cmake_clean_cache': False, 'cmake_clean_first': False, 'cmake_force_configure': False, 'cmake_target': None, 'cmake_target_skip_unavailable': False, 'install_base': '/home/kuldip/myroboticarm_ws/install/myroboticarm_description_cpp', 'merge_install': False, 'path': '/home/kuldip/myroboticarm_ws/src/myroboticarm_description_cpp', 'symlink_install': False, 'test_result_base': None}
[0.153s] Level 5:colcon.colcon_core.verb:set package 'myroboticarm_msgs' build argument 'cmake_args' from command line to 'None'
[0.153s] Level 5:colcon.colcon_core.verb:set package 'myroboticarm_msgs' build argument 'cmake_target' from command line to 'None'
[0.153s] Level 5:colcon.colcon_core.verb:set package 'myroboticarm_msgs' build argument 'cmake_target_skip_unavailable' from command line to 'False'
[0.153s] Level 5:colcon.colcon_core.verb:set package 'myroboticarm_msgs' build argument 'cmake_clean_cache' from command line to 'False'
[0.153s] Level 5:colcon.colcon_core.verb:set package 'myroboticarm_msgs' build argument 'cmake_clean_first' from command line to 'False'
[0.153s] Level 5:colcon.colcon_core.verb:set package 'myroboticarm_msgs' build argument 'cmake_force_configure' from command line to 'False'
[0.153s] Level 5:colcon.colcon_core.verb:set package 'myroboticarm_msgs' build argument 'ament_cmake_args' from command line to 'None'
[0.153s] Level 5:colcon.colcon_core.verb:set package 'myroboticarm_msgs' build argument 'catkin_cmake_args' from command line to 'None'
[0.153s] Level 5:colcon.colcon_core.verb:set package 'myroboticarm_msgs' build argument 'catkin_skip_building_tests' from command line to 'False'
[0.153s] DEBUG:colcon.colcon_core.verb:Building package 'myroboticarm_msgs' with the following arguments: {'ament_cmake_args': None, 'build_base': '/home/kuldip/myroboticarm_ws/build/myroboticarm_msgs', 'catkin_cmake_args': None, 'catkin_skip_building_tests': False, 'cmake_args': None, 'cmake_clean_cache': False, 'cmake_clean_first': False, 'cmake_force_configure': False, 'cmake_target': None, 'cmake_target_skip_unavailable': False, 'install_base': '/home/kuldip/myroboticarm_ws/install/myroboticarm_msgs', 'merge_install': False, 'path': '/home/kuldip/myroboticarm_ws/src/myroboticarm_msgs', 'symlink_install': False, 'test_result_base': None}
[0.153s] INFO:colcon.colcon_core.executor:Executing jobs using 'parallel' executor
[0.154s] DEBUG:colcon.colcon_parallel_executor.executor.parallel:run_until_complete
[0.154s] INFO:colcon.colcon_ros.task.ament_python.build:Building ROS package in '/home/kuldip/myroboticarm_ws/src/myroboticarm' with build type 'ament_python'
[0.154s] Level 1:colcon.colcon_core.shell:create_environment_hook('myroboticarm', 'ament_prefix_path')
[0.156s] INFO:colcon.colcon_core.plugin_system:Skipping extension 'colcon_core.shell.bat': Not used on non-Windows systems
[0.156s] INFO:colcon.colcon_core.shell:Creating environment hook '/home/kuldip/myroboticarm_ws/install/myroboticarm/share/myroboticarm/hook/ament_prefix_path.ps1'
[0.156s] INFO:colcon.colcon_core.shell:Creating environment descriptor '/home/kuldip/myroboticarm_ws/install/myroboticarm/share/myroboticarm/hook/ament_prefix_path.dsv'
[0.157s] INFO:colcon.colcon_core.shell:Creating environment hook '/home/kuldip/myroboticarm_ws/install/myroboticarm/share/myroboticarm/hook/ament_prefix_path.sh'
[0.157s] INFO:colcon.colcon_core.shell:Skip shell extension 'powershell' for command environment: Not usable outside of PowerShell
[0.157s] DEBUG:colcon.colcon_core.shell:Skip shell extension 'dsv' for command environment
[0.160s] INFO:colcon.colcon_ros.task.ament_cmake.build:Building ROS package in '/home/kuldip/myroboticarm_ws/src/myroboticarm_controller' with build type 'ament_cmake'
[0.160s] INFO:colcon.colcon_cmake.task.cmake.build:Building CMake package in '/home/kuldip/myroboticarm_ws/src/myroboticarm_controller'
[0.160s] INFO:colcon.colcon_core.shell:Skip shell extension 'powershell' for command environment: Not usable outside of PowerShell
[0.160s] DEBUG:colcon.colcon_core.shell:Skip shell extension 'dsv' for command environment
[0.163s] INFO:colcon.colcon_ros.task.ament_cmake.build:Building ROS package in '/home/kuldip/myroboticarm_ws/src/myroboticarm_description_cpp' with build type 'ament_cmake'
[0.163s] INFO:colcon.colcon_cmake.task.cmake.build:Building CMake package in '/home/kuldip/myroboticarm_ws/src/myroboticarm_description_cpp'
[0.163s] INFO:colcon.colcon_core.shell:Skip shell extension 'powershell' for command environment: Not usable outside of PowerShell
[0.163s] DEBUG:colcon.colcon_core.shell:Skip shell extension 'dsv' for command environment
[0.165s] INFO:colcon.colcon_ros.task.ament_cmake.build:Building ROS package in '/home/kuldip/myroboticarm_ws/src/myroboticarm_msgs' with build type 'ament_cmake'
[0.166s] INFO:colcon.colcon_cmake.task.cmake.build:Building CMake package in '/home/kuldip/myroboticarm_ws/src/myroboticarm_msgs'
[0.166s] INFO:colcon.colcon_core.shell:Skip shell extension 'powershell' for command environment: Not usable outside of PowerShell
[0.166s] DEBUG:colcon.colcon_core.shell:Skip shell extension 'dsv' for command environment
[0.298s] INFO:colcon.colcon_core.task.python.build:Building Python package in '/home/kuldip/myroboticarm_ws/src/myroboticarm'
[0.298s] INFO:colcon.colcon_core.shell:Skip shell extension 'powershell' for command environment: Not usable outside of PowerShell
[0.298s] DEBUG:colcon.colcon_core.shell:Skip shell extension 'dsv' for command environment
[0.304s] DEBUG:colcon.colcon_core.event_handler.log_command:Invoking command in '/home/kuldip/myroboticarm_ws/build/myroboticarm_controller': CMAKE_PREFIX_PATH=${CMAKE_PREFIX_PATH}:/home/kuldip/myroboticarm_ws/install/myroboticarm_description:/home/kuldip/myroboticarm_ws/install/myroboticarm:/home/kuldip/arduinobot_ws/install/arduinobot_py_examples:/home/kuldip/myroboticarm_ws/src/install/myroboticarm:/opt/ros/jazzy DEBUGINFOD_URLS=https://debuginfod.ubuntu.com /usr/bin/cmake --build /home/kuldip/myroboticarm_ws/build/myroboticarm_controller -- -j12 -l12
[0.306s] DEBUG:colcon.colcon_core.event_handler.log_command:Invoking command in '/home/kuldip/myroboticarm_ws/build/myroboticarm_description_cpp': CMAKE_PREFIX_PATH=${CMAKE_PREFIX_PATH}:/home/kuldip/myroboticarm_ws/install/myroboticarm_description:/home/kuldip/myroboticarm_ws/install/myroboticarm:/home/kuldip/arduinobot_ws/install/arduinobot_py_examples:/home/kuldip/myroboticarm_ws/src/install/myroboticarm:/opt/ros/jazzy DEBUGINFOD_URLS=https://debuginfod.ubuntu.com /usr/bin/cmake --build /home/kuldip/myroboticarm_ws/build/myroboticarm_description_cpp -- -j12 -l12
[0.308s] DEBUG:colcon.colcon_core.event_handler.log_command:Invoking command in '/home/kuldip/myroboticarm_ws/build/myroboticarm_msgs': CMAKE_PREFIX_PATH=${CMAKE_PREFIX_PATH}:/home/kuldip/myroboticarm_ws/install/myroboticarm_description:/home/kuldip/myroboticarm_ws/install/myroboticarm:/home/kuldip/arduinobot_ws/install/arduinobot_py_examples:/home/kuldip/myroboticarm_ws/src/install/myroboticarm:/opt/ros/jazzy DEBUGINFOD_URLS=https://debuginfod.ubuntu.com /usr/bin/cmake --build /home/kuldip/myroboticarm_ws/build/myroboticarm_msgs -- -j12 -l12
[0.333s] DEBUG:colcon.colcon_core.event_handler.log_command:Invoked command in '/home/kuldip/myroboticarm_ws/build/myroboticarm_description_cpp' returned '0': CMAKE_PREFIX_PATH=${CMAKE_PREFIX_PATH}:/home/kuldip/myroboticarm_ws/install/myroboticarm_description:/home/kuldip/myroboticarm_ws/install/myroboticarm:/home/kuldip/arduinobot_ws/install/arduinobot_py_examples:/home/kuldip/myroboticarm_ws/src/install/myroboticarm:/opt/ros/jazzy DEBUGINFOD_URLS=https://debuginfod.ubuntu.com /usr/bin/cmake --build /home/kuldip/myroboticarm_ws/build/myroboticarm_description_cpp -- -j12 -l12
[0.341s] DEBUG:colcon.colcon_core.event_handler.log_command:Invoking command in '/home/kuldip/myroboticarm_ws/build/myroboticarm_description_cpp': CMAKE_PREFIX_PATH=${CMAKE_PREFIX_PATH}:/home/kuldip/myroboticarm_ws/install/myroboticarm_description:/home/kuldip/myroboticarm_ws/install/myroboticarm:/home/kuldip/arduinobot_ws/install/arduinobot_py_examples:/home/kuldip/myroboticarm_ws/src/install/myroboticarm:/opt/ros/jazzy DEBUGINFOD_URLS=https://debuginfod.ubuntu.com /usr/bin/cmake --install /home/kuldip/myroboticarm_ws/build/myroboticarm_description_cpp
[0.342s] DEBUG:colcon.colcon_core.event_handler.log_command:Invoked command in '/home/kuldip/myroboticarm_ws/build/myroboticarm_controller' returned '0': CMAKE_PREFIX_PATH=${CMAKE_PREFIX_PATH}:/home/kuldip/myroboticarm_ws/install/myroboticarm_description:/home/kuldip/myroboticarm_ws/install/myroboticarm:/home/kuldip/arduinobot_ws/install/arduinobot_py_examples:/home/kuldip/myroboticarm_ws/src/install/myroboticarm:/opt/ros/jazzy DEBUGINFOD_URLS=https://debuginfod.ubuntu.com /usr/bin/cmake --build /home/kuldip/myroboticarm_ws/build/myroboticarm_controller -- -j12 -l12
[0.343s] DEBUG:colcon.colcon_core.event_handler.log_command:Invoking command in '/home/kuldip/myroboticarm_ws/build/myroboticarm_controller': CMAKE_PREFIX_PATH=${CMAKE_PREFIX_PATH}:/home/kuldip/myroboticarm_ws/install/myroboticarm_description:/home/kuldip/myroboticarm_ws/install/myroboticarm:/home/kuldip/arduinobot_ws/install/arduinobot_py_examples:/home/kuldip/myroboticarm_ws/src/install/myroboticarm:/opt/ros/jazzy DEBUGINFOD_URLS=https://debuginfod.ubuntu.com /usr/bin/cmake --install /home/kuldip/myroboticarm_ws/build/myroboticarm_controller
[0.351s] Level 1:colcon.colcon_core.environment:create_environment_scripts_only(myroboticarm_controller)
[0.353s] DEBUG:colcon.colcon_core.event_handler.log_command:Invoked command in '/home/kuldip/myroboticarm_ws/build/myroboticarm_controller' returned '0': CMAKE_PREFIX_PATH=${CMAKE_PREFIX_PATH}:/home/kuldip/myroboticarm_ws/install/myroboticarm_description:/home/kuldip/myroboticarm_ws/install/myroboticarm:/home/kuldip/arduinobot_ws/install/arduinobot_py_examples:/home/kuldip/myroboticarm_ws/src/install/myroboticarm:/opt/ros/jazzy DEBUGINFOD_URLS=https://debuginfod.ubuntu.com /usr/bin/cmake --install /home/kuldip/myroboticarm_ws/build/myroboticarm_controller
[0.356s] Level 1:colcon.colcon_core.environment:checking '/home/kuldip/myroboticarm_ws/install/myroboticarm_controller' for CMake module files
[0.356s] Level 1:colcon.colcon_core.environment:checking '/home/kuldip/myroboticarm_ws/install/myroboticarm_controller' for CMake config files
[0.357s] Level 1:colcon.colcon_core.shell:create_environment_hook('myroboticarm_controller', 'cmake_prefix_path')
[0.357s] INFO:colcon.colcon_core.shell:Creating environment hook '/home/kuldip/myroboticarm_ws/install/myroboticarm_controller/share/myroboticarm_controller/hook/cmake_prefix_path.ps1'
[0.357s] INFO:colcon.colcon_core.shell:Creating environment descriptor '/home/kuldip/myroboticarm_ws/install/myroboticarm_controller/share/myroboticarm_controller/hook/cmake_prefix_path.dsv'
[0.358s] INFO:colcon.colcon_core.shell:Creating environment hook '/home/kuldip/myroboticarm_ws/install/myroboticarm_controller/share/myroboticarm_controller/hook/cmake_prefix_path.sh'
[0.358s] Level 1:colcon.colcon_core.environment:checking '/home/kuldip/myroboticarm_ws/install/myroboticarm_controller/lib'
[0.359s] Level 1:colcon.colcon_core.environment:checking '/home/kuldip/myroboticarm_ws/install/myroboticarm_controller/bin'
[0.359s] Level 1:colcon.colcon_core.environment:checking '/home/kuldip/myroboticarm_ws/install/myroboticarm_controller/lib/pkgconfig/myroboticarm_controller.pc'
[0.359s] Level 1:colcon.colcon_core.environment:checking '/home/kuldip/myroboticarm_ws/install/myroboticarm_controller/lib/python3.12/site-packages'
[0.359s] Level 1:colcon.colcon_core.environment:checking '/home/kuldip/myroboticarm_ws/install/myroboticarm_controller/bin'
[0.359s] INFO:colcon.colcon_core.shell:Creating package script '/home/kuldip/myroboticarm_ws/install/myroboticarm_controller/share/myroboticarm_controller/package.ps1'
[0.360s] INFO:colcon.colcon_core.shell:Creating package descriptor '/home/kuldip/myroboticarm_ws/install/myroboticarm_controller/share/myroboticarm_controller/package.dsv'
[0.361s] INFO:colcon.colcon_core.shell:Creating package script '/home/kuldip/myroboticarm_ws/install/myroboticarm_controller/share/myroboticarm_controller/package.sh'
[0.361s] INFO:colcon.colcon_core.shell:Creating package script '/home/kuldip/myroboticarm_ws/install/myroboticarm_controller/share/myroboticarm_controller/package.bash'
[0.362s] INFO:colcon.colcon_core.shell:Creating package script '/home/kuldip/myroboticarm_ws/install/myroboticarm_controller/share/myroboticarm_controller/package.zsh'
[0.362s] Level 1:colcon.colcon_core.environment:create_file_with_runtime_dependencies(/home/kuldip/myroboticarm_ws/install/myroboticarm_controller/share/colcon-core/packages/myroboticarm_controller)
[0.362s] Level 1:colcon.colcon_core.environment:create_environment_scripts_only(myroboticarm_controller)
[0.362s] Level 1:colcon.colcon_core.environment:checking '/home/kuldip/myroboticarm_ws/install/myroboticarm_controller' for CMake module files
[0.363s] Level 1:colcon.colcon_core.environment:checking '/home/kuldip/myroboticarm_ws/install/myroboticarm_controller' for CMake config files
[0.363s] Level 1:colcon.colcon_core.shell:create_environment_hook('myroboticarm_controller', 'cmake_prefix_path')
[0.363s] INFO:colcon.colcon_core.shell:Creating environment hook '/home/kuldip/myroboticarm_ws/install/myroboticarm_controller/share/myroboticarm_controller/hook/cmake_prefix_path.ps1'
[0.363s] INFO:colcon.colcon_core.shell:Creating environment descriptor '/home/kuldip/myroboticarm_ws/install/myroboticarm_controller/share/myroboticarm_controller/hook/cmake_prefix_path.dsv'
[0.363s] INFO:colcon.colcon_core.shell:Creating environment hook '/home/kuldip/myroboticarm_ws/install/myroboticarm_controller/share/myroboticarm_controller/hook/cmake_prefix_path.sh'
[0.364s] Level 1:colcon.colcon_core.environment:checking '/home/kuldip/myroboticarm_ws/install/myroboticarm_controller/lib'
[0.364s] Level 1:colcon.colcon_core.environment:checking '/home/kuldip/myroboticarm_ws/install/myroboticarm_controller/bin'
[0.364s] Level 1:colcon.colcon_core.environment:checking '/home/kuldip/myroboticarm_ws/install/myroboticarm_controller/lib/pkgconfig/myroboticarm_controller.pc'
[0.364s] Level 1:colcon.colcon_core.environment:checking '/home/kuldip/myroboticarm_ws/install/myroboticarm_controller/lib/python3.12/site-packages'
[0.364s] Level 1:colcon.colcon_core.environment:checking '/home/kuldip/myroboticarm_ws/install/myroboticarm_controller/bin'
[0.365s] INFO:colcon.colcon_core.shell:Creating package script '/home/kuldip/myroboticarm_ws/install/myroboticarm_controller/share/myroboticarm_controller/package.ps1'
[0.365s] INFO:colcon.colcon_core.shell:Creating package descriptor '/home/kuldip/myroboticarm_ws/install/myroboticarm_controller/share/myroboticarm_controller/package.dsv'
[0.366s] INFO:colcon.colcon_core.shell:Creating package script '/home/kuldip/myroboticarm_ws/install/myroboticarm_controller/share/myroboticarm_controller/package.sh'
[0.366s] INFO:colcon.colcon_core.shell:Creating package script '/home/kuldip/myroboticarm_ws/install/myroboticarm_controller/share/myroboticarm_controller/package.bash'
[0.367s] INFO:colcon.colcon_core.shell:Creating package script '/home/kuldip/myroboticarm_ws/install/myroboticarm_controller/share/myroboticarm_controller/package.zsh'
[0.367s] Level 1:colcon.colcon_core.environment:create_file_with_runtime_dependencies(/home/kuldip/myroboticarm_ws/install/myroboticarm_controller/share/colcon-core/packages/myroboticarm_controller)
[0.368s] Level 1:colcon.colcon_core.environment:create_environment_scripts_only(myroboticarm_description_cpp)
[0.368s] Level 1:colcon.colcon_core.environment:checking '/home/kuldip/myroboticarm_ws/install/myroboticarm_description_cpp' for CMake module files
[0.369s] Level 1:colcon.colcon_core.environment:checking '/home/kuldip/myroboticarm_ws/install/myroboticarm_description_cpp' for CMake config files
[0.369s] DEBUG:colcon.colcon_core.event_handler.log_command:Invoked command in '/home/kuldip/myroboticarm_ws/build/myroboticarm_description_cpp' returned '0': CMAKE_PREFIX_PATH=${CMAKE_PREFIX_PATH}:/home/kuldip/myroboticarm_ws/install/myroboticarm_description:/home/kuldip/myroboticarm_ws/install/myroboticarm:/home/kuldip/arduinobot_ws/install/arduinobot_py_examples:/home/kuldip/myroboticarm_ws/src/install/myroboticarm:/opt/ros/jazzy DEBUGINFOD_URLS=https://debuginfod.ubuntu.com /usr/bin/cmake --install /home/kuldip/myroboticarm_ws/build/myroboticarm_description_cpp
[0.370s] Level 1:colcon.colcon_core.shell:create_environment_hook('myroboticarm_description_cpp', 'cmake_prefix_path')
[0.370s] INFO:colcon.colcon_core.shell:Creating environment hook '/home/kuldip/myroboticarm_ws/install/myroboticarm_description_cpp/share/myroboticarm_description_cpp/hook/cmake_prefix_path.ps1'
[0.370s] INFO:colcon.colcon_core.shell:Creating environment descriptor '/home/kuldip/myroboticarm_ws/install/myroboticarm_description_cpp/share/myroboticarm_description_cpp/hook/cmake_prefix_path.dsv'
[0.371s] INFO:colcon.colcon_core.shell:Creating environment hook '/home/kuldip/myroboticarm_ws/install/myroboticarm_description_cpp/share/myroboticarm_description_cpp/hook/cmake_prefix_path.sh'
[0.371s] Level 1:colcon.colcon_core.environment:checking '/home/kuldip/myroboticarm_ws/install/myroboticarm_description_cpp/bin'
[0.371s] Level 1:colcon.colcon_core.environment:checking '/home/kuldip/myroboticarm_ws/install/myroboticarm_description_cpp/lib/pkgconfig/myroboticarm_description_cpp.pc'
[0.371s] Level 1:colcon.colcon_core.environment:checking '/home/kuldip/myroboticarm_ws/install/myroboticarm_description_cpp/lib/python3.12/site-packages'
[0.372s] Level 1:colcon.colcon_core.environment:checking '/home/kuldip/myroboticarm_ws/install/myroboticarm_description_cpp/bin'
[0.372s] INFO:colcon.colcon_core.shell:Creating package script '/home/kuldip/myroboticarm_ws/install/myroboticarm_description_cpp/share/myroboticarm_description_cpp/package.ps1'
[0.372s] INFO:colcon.colcon_core.shell:Creating package descriptor '/home/kuldip/myroboticarm_ws/install/myroboticarm_description_cpp/share/myroboticarm_description_cpp/package.dsv'
[0.373s] INFO:colcon.colcon_core.shell:Creating package script '/home/kuldip/myroboticarm_ws/install/myroboticarm_description_cpp/share/myroboticarm_description_cpp/package.sh'
[0.373s] INFO:colcon.colcon_core.shell:Creating package script '/home/kuldip/myroboticarm_ws/install/myroboticarm_description_cpp/share/myroboticarm_description_cpp/package.bash'
[0.374s] INFO:colcon.colcon_core.shell:Creating package script '/home/kuldip/myroboticarm_ws/install/myroboticarm_description_cpp/share/myroboticarm_description_cpp/package.zsh'
[0.374s] Level 1:colcon.colcon_core.environment:create_file_with_runtime_dependencies(/home/kuldip/myroboticarm_ws/install/myroboticarm_description_cpp/share/colcon-core/packages/myroboticarm_description_cpp)
[0.375s] Level 1:colcon.colcon_core.environment:create_environment_scripts_only(myroboticarm_description_cpp)
[0.375s] Level 1:colcon.colcon_core.environment:checking '/home/kuldip/myroboticarm_ws/install/myroboticarm_description_cpp' for CMake module files
[0.376s] Level 1:colcon.colcon_core.environment:checking '/home/kuldip/myroboticarm_ws/install/myroboticarm_description_cpp' for CMake config files
[0.376s] Level 1:colcon.colcon_core.shell:create_environment_hook('myroboticarm_description_cpp', 'cmake_prefix_path')
[0.376s] INFO:colcon.colcon_core.shell:Creating environment hook '/home/kuldip/myroboticarm_ws/install/myroboticarm_description_cpp/share/myroboticarm_description_cpp/hook/cmake_prefix_path.ps1'
[0.376s] INFO:colcon.colcon_core.shell:Creating environment descriptor '/home/kuldip/myroboticarm_ws/install/myroboticarm_description_cpp/share/myroboticarm_description_cpp/hook/cmake_prefix_path.dsv'
[0.377s] INFO:colcon.colcon_core.shell:Creating environment hook '/home/kuldip/myroboticarm_ws/install/myroboticarm_description_cpp/share/myroboticarm_description_cpp/hook/cmake_prefix_path.sh'
[0.377s] Level 1:colcon.colcon_core.environment:checking '/home/kuldip/myroboticarm_ws/install/myroboticarm_description_cpp/bin'
[0.377s] Level 1:colcon.colcon_core.environment:checking '/home/kuldip/myroboticarm_ws/install/myroboticarm_description_cpp/lib/pkgconfig/myroboticarm_description_cpp.pc'
[0.378s] Level 1:colcon.colcon_core.environment:checking '/home/kuldip/myroboticarm_ws/install/myroboticarm_description_cpp/lib/python3.12/site-packages'
[0.378s] Level 1:colcon.colcon_core.environment:checking '/home/kuldip/myroboticarm_ws/install/myroboticarm_description_cpp/bin'
[0.378s] INFO:colcon.colcon_core.shell:Creating package script '/home/kuldip/myroboticarm_ws/install/myroboticarm_description_cpp/share/myroboticarm_description_cpp/package.ps1'
[0.379s] INFO:colcon.colcon_core.shell:Creating package descriptor '/home/kuldip/myroboticarm_ws/install/myroboticarm_description_cpp/share/myroboticarm_description_cpp/package.dsv'
[0.379s] INFO:colcon.colcon_core.shell:Creating package script '/home/kuldip/myroboticarm_ws/install/myroboticarm_description_cpp/share/myroboticarm_description_cpp/package.sh'
[0.379s] INFO:colcon.colcon_core.shell:Creating package script '/home/kuldip/myroboticarm_ws/install/myroboticarm_description_cpp/share/myroboticarm_description_cpp/package.bash'
[0.380s] INFO:colcon.colcon_core.shell:Creating package script '/home/kuldip/myroboticarm_ws/install/myroboticarm_description_cpp/share/myroboticarm_description_cpp/package.zsh'
[0.380s] Level 1:colcon.colcon_core.environment:create_file_with_runtime_dependencies(/home/kuldip/myroboticarm_ws/install/myroboticarm_description_cpp/share/colcon-core/packages/myroboticarm_description_cpp)
[0.585s] DEBUG:colcon.colcon_core.event_handler.log_command:Invoked command in '/home/kuldip/myroboticarm_ws/build/myroboticarm_msgs' returned '0': CMAKE_PREFIX_PATH=${CMAKE_PREFIX_PATH}:/home/kuldip/myroboticarm_ws/install/myroboticarm_description:/home/kuldip/myroboticarm_ws/install/myroboticarm:/home/kuldip/arduinobot_ws/install/arduinobot_py_examples:/home/kuldip/myroboticarm_ws/src/install/myroboticarm:/opt/ros/jazzy DEBUGINFOD_URLS=https://debuginfod.ubuntu.com /usr/bin/cmake --build /home/kuldip/myroboticarm_ws/build/myroboticarm_msgs -- -j12 -l12
[0.586s] DEBUG:colcon.colcon_core.event_handler.log_command:Invoking command in '/home/kuldip/myroboticarm_ws/build/myroboticarm_msgs': CMAKE_PREFIX_PATH=${CMAKE_PREFIX_PATH}:/home/kuldip/myroboticarm_ws/install/myroboticarm_description:/home/kuldip/myroboticarm_ws/install/myroboticarm:/home/kuldip/arduinobot_ws/install/arduinobot_py_examples:/home/kuldip/myroboticarm_ws/src/install/myroboticarm:/opt/ros/jazzy DEBUGINFOD_URLS=https://debuginfod.ubuntu.com /usr/bin/cmake --install /home/kuldip/myroboticarm_ws/build/myroboticarm_msgs
[0.627s] Level 1:colcon.colcon_core.environment:create_environment_scripts_only(myroboticarm_msgs)
[0.627s] Level 1:colcon.colcon_core.environment:checking '/home/kuldip/myroboticarm_ws/install/myroboticarm_msgs' for CMake module files
[0.629s] Level 1:colcon.colcon_core.environment:checking '/home/kuldip/myroboticarm_ws/install/myroboticarm_msgs' for CMake config files
[0.630s] DEBUG:colcon.colcon_core.event_handler.log_command:Invoked command in '/home/kuldip/myroboticarm_ws/build/myroboticarm_msgs' returned '0': CMAKE_PREFIX_PATH=${CMAKE_PREFIX_PATH}:/home/kuldip/myroboticarm_ws/install/myroboticarm_description:/home/kuldip/myroboticarm_ws/install/myroboticarm:/home/kuldip/arduinobot_ws/install/arduinobot_py_examples:/home/kuldip/myroboticarm_ws/src/install/myroboticarm:/opt/ros/jazzy DEBUGINFOD_URLS=https://debuginfod.ubuntu.com /usr/bin/cmake --install /home/kuldip/myroboticarm_ws/build/myroboticarm_msgs
[0.630s] Level 1:colcon.colcon_core.shell:create_environment_hook('myroboticarm_msgs', 'cmake_prefix_path')
[0.630s] INFO:colcon.colcon_core.shell:Creating environment hook '/home/kuldip/myroboticarm_ws/install/myroboticarm_msgs/share/myroboticarm_msgs/hook/cmake_prefix_path.ps1'
[0.630s] INFO:colcon.colcon_core.shell:Creating environment descriptor '/home/kuldip/myroboticarm_ws/install/myroboticarm_msgs/share/myroboticarm_msgs/hook/cmake_prefix_path.dsv'
[0.631s] INFO:colcon.colcon_core.shell:Creating environment hook '/home/kuldip/myroboticarm_ws/install/myroboticarm_msgs/share/myroboticarm_msgs/hook/cmake_prefix_path.sh'
[0.631s] Level 1:colcon.colcon_core.environment:checking '/home/kuldip/myroboticarm_ws/install/myroboticarm_msgs/lib'
[0.631s] Level 1:colcon.colcon_core.shell:create_environment_hook('myroboticarm_msgs', 'ld_library_path_lib')
[0.631s] INFO:colcon.colcon_core.shell:Creating environment hook '/home/kuldip/myroboticarm_ws/install/myroboticarm_msgs/share/myroboticarm_msgs/hook/ld_library_path_lib.ps1'
[0.631s] INFO:colcon.colcon_core.shell:Creating environment descriptor '/home/kuldip/myroboticarm_ws/install/myroboticarm_msgs/share/myroboticarm_msgs/hook/ld_library_path_lib.dsv'
[0.632s] INFO:colcon.colcon_core.shell:Creating environment hook '/home/kuldip/myroboticarm_ws/install/myroboticarm_msgs/share/myroboticarm_msgs/hook/ld_library_path_lib.sh'
[0.632s] Level 1:colcon.colcon_core.environment:checking '/home/kuldip/myroboticarm_ws/install/myroboticarm_msgs/bin'
[0.632s] Level 1:colcon.colcon_core.environment:checking '/home/kuldip/myroboticarm_ws/install/myroboticarm_msgs/lib/pkgconfig/myroboticarm_msgs.pc'
[0.632s] Level 1:colcon.colcon_core.environment:checking '/home/kuldip/myroboticarm_ws/install/myroboticarm_msgs/lib/python3.12/site-packages'
[0.632s] Level 1:colcon.colcon_core.shell:create_environment_hook('myroboticarm_msgs', 'pythonpath')
[0.632s] INFO:colcon.colcon_core.shell:Creating environment hook '/home/kuldip/myroboticarm_ws/install/myroboticarm_msgs/share/myroboticarm_msgs/hook/pythonpath.ps1'
[0.632s] INFO:colcon.colcon_core.shell:Creating environment descriptor '/home/kuldip/myroboticarm_ws/install/myroboticarm_msgs/share/myroboticarm_msgs/hook/pythonpath.dsv'
[0.632s] INFO:colcon.colcon_core.shell:Creating environment hook '/home/kuldip/myroboticarm_ws/install/myroboticarm_msgs/share/myroboticarm_msgs/hook/pythonpath.sh'
[0.633s] Level 1:colcon.colcon_core.environment:checking '/home/kuldip/myroboticarm_ws/install/myroboticarm_msgs/bin'
[0.633s] INFO:colcon.colcon_core.shell:Creating package script '/home/kuldip/myroboticarm_ws/install/myroboticarm_msgs/share/myroboticarm_msgs/package.ps1'
[0.633s] INFO:colcon.colcon_core.shell:Creating package descriptor '/home/kuldip/myroboticarm_ws/install/myroboticarm_msgs/share/myroboticarm_msgs/package.dsv'
[0.633s] INFO:colcon.colcon_core.shell:Creating package script '/home/kuldip/myroboticarm_ws/install/myroboticarm_msgs/share/myroboticarm_msgs/package.sh'
[0.634s] INFO:colcon.colcon_core.shell:Creating package script '/home/kuldip/myroboticarm_ws/install/myroboticarm_msgs/share/myroboticarm_msgs/package.bash'
[0.634s] INFO:colcon.colcon_core.shell:Creating package script '/home/kuldip/myroboticarm_ws/install/myroboticarm_msgs/share/myroboticarm_msgs/package.zsh'
[0.634s] Level 1:colcon.colcon_core.environment:create_file_with_runtime_dependencies(/home/kuldip/myroboticarm_ws/install/myroboticarm_msgs/share/colcon-core/packages/myroboticarm_msgs)
[0.634s] Level 1:colcon.colcon_core.environment:create_environment_scripts_only(myroboticarm_msgs)
[0.634s] Level 1:colcon.colcon_core.environment:checking '/home/kuldip/myroboticarm_ws/install/myroboticarm_msgs' for CMake module files
[0.635s] Level 1:colcon.colcon_core.environment:checking '/home/kuldip/myroboticarm_ws/install/myroboticarm_msgs' for CMake config files
[0.635s] Level 1:colcon.colcon_core.shell:create_environment_hook('myroboticarm_msgs', 'cmake_prefix_path')
[0.635s] INFO:colcon.colcon_core.shell:Creating environment hook '/home/kuldip/myroboticarm_ws/install/myroboticarm_msgs/share/myroboticarm_msgs/hook/cmake_prefix_path.ps1'
[0.635s] INFO:colcon.colcon_core.shell:Creating environment descriptor '/home/kuldip/myroboticarm_ws/install/myroboticarm_msgs/share/myroboticarm_msgs/hook/cmake_prefix_path.dsv'
[0.635s] INFO:colcon.colcon_core.shell:Creating environment hook '/home/kuldip/myroboticarm_ws/install/myroboticarm_msgs/share/myroboticarm_msgs/hook/cmake_prefix_path.sh'
[0.636s] Level 1:colcon.colcon_core.environment:checking '/home/kuldip/myroboticarm_ws/install/myroboticarm_msgs/lib'
[0.636s] Level 1:colcon.colcon_core.shell:create_environment_hook('myroboticarm_msgs', 'ld_library_path_lib')
[0.636s] INFO:colcon.colcon_core.shell:Creating environment hook '/home/kuldip/myroboticarm_ws/install/myroboticarm_msgs/share/myroboticarm_msgs/hook/ld_library_path_lib.ps1'
[0.636s] INFO:colcon.colcon_core.shell:Creating environment descriptor '/home/kuldip/myroboticarm_ws/install/myroboticarm_msgs/share/myroboticarm_msgs/hook/ld_library_path_lib.dsv'
[0.636s] INFO:colcon.colcon_core.shell:Creating environment hook '/home/kuldip/myroboticarm_ws/install/myroboticarm_msgs/share/myroboticarm_msgs/hook/ld_library_path_lib.sh'
[0.636s] Level 1:colcon.colcon_core.environment:checking '/home/kuldip/myroboticarm_ws/install/myroboticarm_msgs/bin'
[0.636s] Level 1:colcon.colcon_core.environment:checking '/home/kuldip/myroboticarm_ws/install/myroboticarm_msgs/lib/pkgconfig/myroboticarm_msgs.pc'
[0.636s] Level 1:colcon.colcon_core.environment:checking '/home/kuldip/myroboticarm_ws/install/myroboticarm_msgs/lib/python3.12/site-packages'
[0.637s] Level 1:colcon.colcon_core.shell:create_environment_hook('myroboticarm_msgs', 'pythonpath')
[0.637s] INFO:colcon.colcon_core.shell:Creating environment hook '/home/kuldip/myroboticarm_ws/install/myroboticarm_msgs/share/myroboticarm_msgs/hook/pythonpath.ps1'
[0.637s] INFO:colcon.colcon_core.shell:Creating environment descriptor '/home/kuldip/myroboticarm_ws/install/myroboticarm_msgs/share/myroboticarm_msgs/hook/pythonpath.dsv'
[0.637s] INFO:colcon.colcon_core.shell:Creating environment hook '/home/kuldip/myroboticarm_ws/install/myroboticarm_msgs/share/myroboticarm_msgs/hook/pythonpath.sh'
[0.637s] Level 1:colcon.colcon_core.environment:checking '/home/kuldip/myroboticarm_ws/install/myroboticarm_msgs/bin'
[0.637s] INFO:colcon.colcon_core.shell:Creating package script '/home/kuldip/myroboticarm_ws/install/myroboticarm_msgs/share/myroboticarm_msgs/package.ps1'
[0.638s] INFO:colcon.colcon_core.shell:Creating package descriptor '/home/kuldip/myroboticarm_ws/install/myroboticarm_msgs/share/myroboticarm_msgs/package.dsv'
[0.638s] INFO:colcon.colcon_core.shell:Creating package script '/home/kuldip/myroboticarm_ws/install/myroboticarm_msgs/share/myroboticarm_msgs/package.sh'
[0.638s] INFO:colcon.colcon_core.shell:Creating package script '/home/kuldip/myroboticarm_ws/install/myroboticarm_msgs/share/myroboticarm_msgs/package.bash'
[0.638s] INFO:colcon.colcon_core.shell:Creating package script '/home/kuldip/myroboticarm_ws/install/myroboticarm_msgs/share/myroboticarm_msgs/package.zsh'
[0.639s] Level 1:colcon.colcon_core.environment:create_file_with_runtime_dependencies(/home/kuldip/myroboticarm_ws/install/myroboticarm_msgs/share/colcon-core/packages/myroboticarm_msgs)
[0.688s] DEBUG:colcon.colcon_core.event_handler.log_command:Invoking command in '/home/kuldip/myroboticarm_ws/src/myroboticarm': DEBUGINFOD_URLS=https://debuginfod.ubuntu.com PYTHONPATH=/home/kuldip/myroboticarm_ws/build/myroboticarm/prefix_override:/usr/lib/python3/dist-packages/colcon_core/task/python/colcon_distutils_commands:/home/kuldip/myroboticarm_ws/install/myroboticarm/lib/python3.12/site-packages:${PYTHONPATH} /usr/bin/python3 -W ignore:setup.py install is deprecated -W ignore:easy_install command is deprecated setup.py egg_info --egg-base ../../build/myroboticarm build --build-base /home/kuldip/myroboticarm_ws/build/myroboticarm/build install --record /home/kuldip/myroboticarm_ws/build/myroboticarm/install.log --single-version-externally-managed install_data
[1.008s] Level 1:colcon.colcon_core.environment:checking '/home/kuldip/myroboticarm_ws/install/myroboticarm' for CMake module files
[1.008s] DEBUG:colcon.colcon_core.event_handler.log_command:Invoked command in '/home/kuldip/myroboticarm_ws/src/myroboticarm' returned '0': DEBUGINFOD_URLS=https://debuginfod.ubuntu.com PYTHONPATH=/home/kuldip/myroboticarm_ws/build/myroboticarm/prefix_override:/usr/lib/python3/dist-packages/colcon_core/task/python/colcon_distutils_commands:/home/kuldip/myroboticarm_ws/install/myroboticarm/lib/python3.12/site-packages:${PYTHONPATH} /usr/bin/python3 -W ignore:setup.py install is deprecated -W ignore:easy_install command is deprecated setup.py egg_info --egg-base ../../build/myroboticarm build --build-base /home/kuldip/myroboticarm_ws/build/myroboticarm/build install --record /home/kuldip/myroboticarm_ws/build/myroboticarm/install.log --single-version-externally-managed install_data
[1.009s] Level 1:colcon.colcon_core.environment:checking '/home/kuldip/myroboticarm_ws/install/myroboticarm' for CMake config files
[1.009s] Level 1:colcon.colcon_core.environment:checking '/home/kuldip/myroboticarm_ws/install/myroboticarm/lib'
[1.009s] Level 1:colcon.colcon_core.environment:checking '/home/kuldip/myroboticarm_ws/install/myroboticarm/bin'
[1.009s] Level 1:colcon.colcon_core.environment:checking '/home/kuldip/myroboticarm_ws/install/myroboticarm/lib/pkgconfig/myroboticarm.pc'
[1.009s] Level 1:colcon.colcon_core.environment:checking '/home/kuldip/myroboticarm_ws/install/myroboticarm/lib/python3.12/site-packages'
[1.009s] Level 1:colcon.colcon_core.shell:create_environment_hook('myroboticarm', 'pythonpath')
[1.009s] INFO:colcon.colcon_core.shell:Creating environment hook '/home/kuldip/myroboticarm_ws/install/myroboticarm/share/myroboticarm/hook/pythonpath.ps1'
[1.010s] INFO:colcon.colcon_core.shell:Creating environment descriptor '/home/kuldip/myroboticarm_ws/install/myroboticarm/share/myroboticarm/hook/pythonpath.dsv'
[1.010s] INFO:colcon.colcon_core.shell:Creating environment hook '/home/kuldip/myroboticarm_ws/install/myroboticarm/share/myroboticarm/hook/pythonpath.sh'
[1.010s] Level 1:colcon.colcon_core.environment:checking '/home/kuldip/myroboticarm_ws/install/myroboticarm/bin'
[1.010s] Level 1:colcon.colcon_core.environment:create_environment_scripts_only(myroboticarm)
[1.010s] INFO:colcon.colcon_core.shell:Creating package script '/home/kuldip/myroboticarm_ws/install/myroboticarm/share/myroboticarm/package.ps1'
[1.011s] INFO:colcon.colcon_core.shell:Creating package descriptor '/home/kuldip/myroboticarm_ws/install/myroboticarm/share/myroboticarm/package.dsv'
[1.011s] INFO:colcon.colcon_core.shell:Creating package script '/home/kuldip/myroboticarm_ws/install/myroboticarm/share/myroboticarm/package.sh'
[1.011s] INFO:colcon.colcon_core.shell:Creating package script '/home/kuldip/myroboticarm_ws/install/myroboticarm/share/myroboticarm/package.bash'
[1.011s] INFO:colcon.colcon_core.shell:Creating package script '/home/kuldip/myroboticarm_ws/install/myroboticarm/share/myroboticarm/package.zsh'
[1.011s] Level 1:colcon.colcon_core.environment:create_file_with_runtime_dependencies(/home/kuldip/myroboticarm_ws/install/myroboticarm/share/colcon-core/packages/myroboticarm)
[1.012s] DEBUG:colcon.colcon_parallel_executor.executor.parallel:closing loop
[1.012s] DEBUG:colcon.colcon_parallel_executor.executor.parallel:loop closed
[1.012s] DEBUG:colcon.colcon_parallel_executor.executor.parallel:run_until_complete finished with '0'
[1.012s] DEBUG:colcon.colcon_core.event_reactor:joining thread
[1.016s] INFO:colcon.colcon_core.plugin_system:Skipping extension 'colcon_notification.desktop_notification.terminal_notifier': Not used on non-Darwin systems
[1.016s] INFO:colcon.colcon_core.plugin_system:Skipping extension 'colcon_notification.desktop_notification.win32': Not used on non-Windows systems
[1.016s] INFO:colcon.colcon_notification.desktop_notification:Sending desktop notification using 'notify2'
[1.026s] DEBUG:colcon.colcon_core.event_reactor:joined thread
[1.026s] INFO:colcon.colcon_core.shell:Creating prefix script '/home/kuldip/myroboticarm_ws/install/local_setup.ps1'
[1.026s] INFO:colcon.colcon_core.shell:Creating prefix util module '/home/kuldip/myroboticarm_ws/install/_local_setup_util_ps1.py'
[1.027s] INFO:colcon.colcon_core.shell:Creating prefix chain script '/home/kuldip/myroboticarm_ws/install/setup.ps1'
[1.028s] INFO:colcon.colcon_core.shell:Creating prefix script '/home/kuldip/myroboticarm_ws/install/local_setup.sh'
[1.028s] INFO:colcon.colcon_core.shell:Creating prefix util module '/home/kuldip/myroboticarm_ws/install/_local_setup_util_sh.py'
[1.028s] INFO:colcon.colcon_core.shell:Creating prefix chain script '/home/kuldip/myroboticarm_ws/install/setup.sh'
[1.029s] INFO:colcon.colcon_core.shell:Creating prefix script '/home/kuldip/myroboticarm_ws/install/local_setup.bash'
[1.030s] INFO:colcon.colcon_core.shell:Creating prefix chain script '/home/kuldip/myroboticarm_ws/install/setup.bash'
[1.030s] INFO:colcon.colcon_core.shell:Creating prefix script '/home/kuldip/myroboticarm_ws/install/local_setup.zsh'
[1.031s] INFO:colcon.colcon_core.shell:Creating prefix chain script '/home/kuldip/myroboticarm_ws/install/setup.zsh'
