Built target ament_cmake_python_copy_myroboticarm_remote
running egg_info
writing myroboticarm_remote.egg-info/PKG-INFO
writing dependency_links to myroboticarm_remote.egg-info/dependency_links.txt
writing top-level names to myroboticarm_remote.egg-info/top_level.txt
reading manifest file 'myroboticarm_remote.egg-info/SOURCES.txt'
writing manifest file 'myroboticarm_remote.egg-info/SOURCES.txt'
Built target ament_cmake_python_build_myroboticarm_remote_egg
-- Install configuration: ""
-- Up-to-date: /home/kuldip/myroboticarm_ws/install/myroboticarm_remote/share/myroboticarm_remote/environment/pythonpath.sh
-- Up-to-date: /home/kuldip/myroboticarm_ws/install/myroboticarm_remote/share/myroboticarm_remote/environment/pythonpath.dsv
-- Up-to-date: /home/kuldip/myroboticarm_ws/install/myroboticarm_remote/lib/python3.12/site-packages/myroboticarm_remote-0.0.0-py3.12.egg-info
-- Installing: /home/kuldip/myroboticarm_ws/install/myroboticarm_remote/lib/python3.12/site-packages/myroboticarm_remote-0.0.0-py3.12.egg-info/SOURCES.txt
-- Installing: /home/kuldip/myroboticarm_ws/install/myroboticarm_remote/lib/python3.12/site-packages/myroboticarm_remote-0.0.0-py3.12.egg-info/PKG-INFO
-- Installing: /home/kuldip/myroboticarm_ws/install/myroboticarm_remote/lib/python3.12/site-packages/myroboticarm_remote-0.0.0-py3.12.egg-info/top_level.txt
-- Installing: /home/kuldip/myroboticarm_ws/install/myroboticarm_remote/lib/python3.12/site-packages/myroboticarm_remote-0.0.0-py3.12.egg-info/dependency_links.txt
-- Up-to-date: /home/kuldip/myroboticarm_ws/install/myroboticarm_remote/lib/python3.12/site-packages/myroboticarm_remote
-- Up-to-date: /home/kuldip/myroboticarm_ws/install/myroboticarm_remote/lib/python3.12/site-packages/myroboticarm_remote/__init__.py
-- Installing: /home/kuldip/myroboticarm_ws/install/myroboticarm_remote/lib/python3.12/site-packages/myroboticarm_remote/task_server.py
Listing '/home/kuldip/myroboticarm_ws/install/myroboticarm_remote/lib/python3.12/site-packages/myroboticarm_remote'...
Compiling '/home/kuldip/myroboticarm_ws/install/myroboticarm_remote/lib/python3.12/site-packages/myroboticarm_remote/task_server.py'...
-- Installing: /home/kuldip/myroboticarm_ws/install/myroboticarm_remote/lib/myroboticarm_remote/task_server.py
-- Up-to-date: /home/kuldip/myroboticarm_ws/install/myroboticarm_remote/share/myroboticarm_remote/launch
-- Up-to-date: /home/kuldip/myroboticarm_ws/install/myroboticarm_remote/share/myroboticarm_remote/launch/remote_interface.launch.py
-- Up-to-date: /home/kuldip/myroboticarm_ws/install/myroboticarm_remote/share/ament_index/resource_index/package_run_dependencies/myroboticarm_remote
-- Up-to-date: /home/kuldip/myroboticarm_ws/install/myroboticarm_remote/share/ament_index/resource_index/parent_prefix_path/myroboticarm_remote
-- Up-to-date: /home/kuldip/myroboticarm_ws/install/myroboticarm_remote/share/myroboticarm_remote/environment/ament_prefix_path.sh
-- Up-to-date: /home/kuldip/myroboticarm_ws/install/myroboticarm_remote/share/myroboticarm_remote/environment/ament_prefix_path.dsv
-- Up-to-date: /home/kuldip/myroboticarm_ws/install/myroboticarm_remote/share/myroboticarm_remote/environment/path.sh
-- Up-to-date: /home/kuldip/myroboticarm_ws/install/myroboticarm_remote/share/myroboticarm_remote/environment/path.dsv
-- Up-to-date: /home/kuldip/myroboticarm_ws/install/myroboticarm_remote/share/myroboticarm_remote/local_setup.bash
-- Up-to-date: /home/kuldip/myroboticarm_ws/install/myroboticarm_remote/share/myroboticarm_remote/local_setup.sh
-- Up-to-date: /home/kuldip/myroboticarm_ws/install/myroboticarm_remote/share/myroboticarm_remote/local_setup.zsh
-- Up-to-date: /home/kuldip/myroboticarm_ws/install/myroboticarm_remote/share/myroboticarm_remote/local_setup.dsv
-- Installing: /home/kuldip/myroboticarm_ws/install/myroboticarm_remote/share/myroboticarm_remote/package.dsv
-- Up-to-date: /home/kuldip/myroboticarm_ws/install/myroboticarm_remote/share/ament_index/resource_index/packages/myroboticarm_remote
-- Up-to-date: /home/kuldip/myroboticarm_ws/install/myroboticarm_remote/share/myroboticarm_remote/cmake/myroboticarm_remoteConfig.cmake
-- Up-to-date: /home/kuldip/myroboticarm_ws/install/myroboticarm_remote/share/myroboticarm_remote/cmake/myroboticarm_remoteConfig-version.cmake
-- Up-to-date: /home/kuldip/myroboticarm_ws/install/myroboticarm_remote/share/myroboticarm_remote/package.xml
