[0.208s] Invoking command in '/home/kuldip/myroboticarm_ws/build/myroboticarm_remote': CMAKE_PREFIX_PATH=${CMAKE_PREFIX_PATH}:/home/kuldip/myroboticarm_ws/install/myroboticarm_description:/home/kuldip/myroboticarm_ws/install/myroboticarm:/home/kuldip/arduinobot_ws/install/arduinobot_py_examples:/home/kuldip/myroboticarm_ws/src/install/myroboticarm:/opt/ros/jazzy DEBUGINFOD_URLS=https://debuginfod.ubuntu.com /usr/bin/cmake --build /home/kuldip/myroboticarm_ws/build/myroboticarm_remote -- -j12 -l12
[0.226s] -- Found ament_cmake: 2.5.4 (/opt/ros/jazzy/share/ament_cmake/cmake)
[0.412s] -- Found rclpy: 7.1.4 (/opt/ros/jazzy/share/rclpy/cmake)
[0.489s] -- Found ament_lint_auto: 0.17.2 (/opt/ros/jazzy/share/ament_lint_auto/cmake)
[0.568s] -- Added test 'flake8' to check Python code syntax and style conventions
[0.568s] -- Configured 'flake8' exclude dirs and/or files: 
[0.568s] -- Added test 'lint_cmake' to check CMake code style
[0.568s] -- Added test 'pep257' to check Python code against some of the docstring style conventions in PEP 257
[0.569s] -- Added test 'xmllint' to check XML markup files
[0.569s] -- Configuring done (0.3s)
[0.572s] -- Generating done (0.0s)
[0.573s] -- Build files have been written to: /home/kuldip/myroboticarm_ws/build/myroboticarm_remote
[0.606s] Built target ament_cmake_python_copy_myroboticarm_remote
[0.773s] running egg_info
[0.788s] writing myroboticarm_remote.egg-info/PKG-INFO
[0.788s] writing dependency_links to myroboticarm_remote.egg-info/dependency_links.txt
[0.789s] writing top-level names to myroboticarm_remote.egg-info/top_level.txt
[0.832s] reading manifest file 'myroboticarm_remote.egg-info/SOURCES.txt'
[0.832s] writing manifest file 'myroboticarm_remote.egg-info/SOURCES.txt'
[0.858s] Built target ament_cmake_python_build_myroboticarm_remote_egg
[0.867s] Invoked command in '/home/kuldip/myroboticarm_ws/build/myroboticarm_remote' returned '0': CMAKE_PREFIX_PATH=${CMAKE_PREFIX_PATH}:/home/kuldip/myroboticarm_ws/install/myroboticarm_description:/home/kuldip/myroboticarm_ws/install/myroboticarm:/home/kuldip/arduinobot_ws/install/arduinobot_py_examples:/home/kuldip/myroboticarm_ws/src/install/myroboticarm:/opt/ros/jazzy DEBUGINFOD_URLS=https://debuginfod.ubuntu.com /usr/bin/cmake --build /home/kuldip/myroboticarm_ws/build/myroboticarm_remote -- -j12 -l12
[0.868s] Invoking command in '/home/kuldip/myroboticarm_ws/build/myroboticarm_remote': CMAKE_PREFIX_PATH=${CMAKE_PREFIX_PATH}:/home/kuldip/myroboticarm_ws/install/myroboticarm_description:/home/kuldip/myroboticarm_ws/install/myroboticarm:/home/kuldip/arduinobot_ws/install/arduinobot_py_examples:/home/kuldip/myroboticarm_ws/src/install/myroboticarm:/opt/ros/jazzy DEBUGINFOD_URLS=https://debuginfod.ubuntu.com /usr/bin/cmake --install /home/kuldip/myroboticarm_ws/build/myroboticarm_remote
[0.874s] -- Install configuration: ""
[0.874s] -- Up-to-date: /home/kuldip/myroboticarm_ws/install/myroboticarm_remote/share/myroboticarm_remote/environment/pythonpath.sh
[0.874s] -- Up-to-date: /home/kuldip/myroboticarm_ws/install/myroboticarm_remote/share/myroboticarm_remote/environment/pythonpath.dsv
[0.874s] -- Up-to-date: /home/kuldip/myroboticarm_ws/install/myroboticarm_remote/lib/python3.12/site-packages/myroboticarm_remote-0.0.0-py3.12.egg-info
[0.874s] -- Installing: /home/kuldip/myroboticarm_ws/install/myroboticarm_remote/lib/python3.12/site-packages/myroboticarm_remote-0.0.0-py3.12.egg-info/SOURCES.txt
[0.874s] -- Installing: /home/kuldip/myroboticarm_ws/install/myroboticarm_remote/lib/python3.12/site-packages/myroboticarm_remote-0.0.0-py3.12.egg-info/PKG-INFO
[0.874s] -- Installing: /home/kuldip/myroboticarm_ws/install/myroboticarm_remote/lib/python3.12/site-packages/myroboticarm_remote-0.0.0-py3.12.egg-info/top_level.txt
[0.874s] -- Installing: /home/kuldip/myroboticarm_ws/install/myroboticarm_remote/lib/python3.12/site-packages/myroboticarm_remote-0.0.0-py3.12.egg-info/dependency_links.txt
[0.875s] -- Up-to-date: /home/kuldip/myroboticarm_ws/install/myroboticarm_remote/lib/python3.12/site-packages/myroboticarm_remote
[0.875s] -- Up-to-date: /home/kuldip/myroboticarm_ws/install/myroboticarm_remote/lib/python3.12/site-packages/myroboticarm_remote/__init__.py
[0.875s] -- Up-to-date: /home/kuldip/myroboticarm_ws/install/myroboticarm_remote/lib/python3.12/site-packages/myroboticarm_remote/task_server.py
[0.904s] Listing '/home/kuldip/myroboticarm_ws/install/myroboticarm_remote/lib/python3.12/site-packages/myroboticarm_remote'...
[0.908s] -- Up-to-date: /home/kuldip/myroboticarm_ws/install/myroboticarm_remote/lib/task_server.py
[0.908s] -- Installing: /home/kuldip/myroboticarm_ws/install/myroboticarm_remote/share/myroboticarm_remote/launch
[0.908s] -- Installing: /home/kuldip/myroboticarm_ws/install/myroboticarm_remote/share/myroboticarm_remote/launch/remote_interface.launch.py
[0.910s] -- Installing: /home/kuldip/myroboticarm_ws/install/myroboticarm_remote/share/ament_index/resource_index/package_run_dependencies/myroboticarm_remote
[0.910s] -- Installing: /home/kuldip/myroboticarm_ws/install/myroboticarm_remote/share/ament_index/resource_index/parent_prefix_path/myroboticarm_remote
[0.910s] -- Up-to-date: /home/kuldip/myroboticarm_ws/install/myroboticarm_remote/share/myroboticarm_remote/environment/ament_prefix_path.sh
[0.910s] -- Up-to-date: /home/kuldip/myroboticarm_ws/install/myroboticarm_remote/share/myroboticarm_remote/environment/ament_prefix_path.dsv
[0.910s] -- Up-to-date: /home/kuldip/myroboticarm_ws/install/myroboticarm_remote/share/myroboticarm_remote/environment/path.sh
[0.910s] -- Up-to-date: /home/kuldip/myroboticarm_ws/install/myroboticarm_remote/share/myroboticarm_remote/environment/path.dsv
[0.910s] -- Up-to-date: /home/kuldip/myroboticarm_ws/install/myroboticarm_remote/share/myroboticarm_remote/local_setup.bash
[0.910s] -- Up-to-date: /home/kuldip/myroboticarm_ws/install/myroboticarm_remote/share/myroboticarm_remote/local_setup.sh
[0.910s] -- Up-to-date: /home/kuldip/myroboticarm_ws/install/myroboticarm_remote/share/myroboticarm_remote/local_setup.zsh
[0.911s] -- Up-to-date: /home/kuldip/myroboticarm_ws/install/myroboticarm_remote/share/myroboticarm_remote/local_setup.dsv
[0.911s] -- Installing: /home/kuldip/myroboticarm_ws/install/myroboticarm_remote/share/myroboticarm_remote/package.dsv
[0.911s] -- Up-to-date: /home/kuldip/myroboticarm_ws/install/myroboticarm_remote/share/ament_index/resource_index/packages/myroboticarm_remote
[0.911s] -- Up-to-date: /home/kuldip/myroboticarm_ws/install/myroboticarm_remote/share/myroboticarm_remote/cmake/myroboticarm_remoteConfig.cmake
[0.911s] -- Up-to-date: /home/kuldip/myroboticarm_ws/install/myroboticarm_remote/share/myroboticarm_remote/cmake/myroboticarm_remoteConfig-version.cmake
[0.911s] -- Installing: /home/kuldip/myroboticarm_ws/install/myroboticarm_remote/share/myroboticarm_remote/package.xml
[0.912s] Invoked command in '/home/kuldip/myroboticarm_ws/build/myroboticarm_remote' returned '0': CMAKE_PREFIX_PATH=${CMAKE_PREFIX_PATH}:/home/kuldip/myroboticarm_ws/install/myroboticarm_description:/home/kuldip/myroboticarm_ws/install/myroboticarm:/home/kuldip/arduinobot_ws/install/arduinobot_py_examples:/home/kuldip/myroboticarm_ws/src/install/myroboticarm:/opt/ros/jazzy DEBUGINFOD_URLS=https://debuginfod.ubuntu.com /usr/bin/cmake --install /home/kuldip/myroboticarm_ws/build/myroboticarm_remote
