[0.144s] Invoking command in '/home/kuldip/myroboticarm_ws/build/myroboticarm_controller': CMAKE_PREFIX_PATH=${CMAKE_PREFIX_PATH}:/home/kuldip/arduinobot_ws/install/arduinobot_py_examples:/home/kuldip/myroboticarm_ws/install/myroboticarm_description:/home/kuldip/myroboticarm_ws/install/myroboticarm:/opt/ros/jazzy DEBUGINFOD_URLS=https://debuginfod.ubuntu.com /usr/bin/cmake --build /home/kuldip/myroboticarm_ws/build/myroboticarm_controller -- -j12 -l12
[0.175s] Invoked command in '/home/kuldip/myroboticarm_ws/build/myroboticarm_controller' returned '0': CMAKE_PREFIX_PATH=${CMAKE_PREFIX_PATH}:/home/kuldip/arduinobot_ws/install/arduinobot_py_examples:/home/kuldip/myroboticarm_ws/install/myroboticarm_description:/home/kuldip/myroboticarm_ws/install/myroboticarm:/opt/ros/jazzy DEBUGINFOD_URLS=https://debuginfod.ubuntu.com /usr/bin/cmake --build /home/kuldip/myroboticarm_ws/build/myroboticarm_controller -- -j12 -l12
[0.184s] Invoking command in '/home/kuldip/myroboticarm_ws/build/myroboticarm_controller': CMAKE_PREFIX_PATH=${CMAKE_PREFIX_PATH}:/home/kuldip/arduinobot_ws/install/arduinobot_py_examples:/home/kuldip/myroboticarm_ws/install/myroboticarm_description:/home/kuldip/myroboticarm_ws/install/myroboticarm:/opt/ros/jazzy DEBUGINFOD_URLS=https://debuginfod.ubuntu.com /usr/bin/cmake --install /home/kuldip/myroboticarm_ws/build/myroboticarm_controller
[0.190s] -- Install configuration: ""
[0.190s] -- Up-to-date: /home/kuldip/myroboticarm_ws/install/myroboticarm_controller/share/myroboticarm_controller/config
[0.190s] -- Up-to-date: /home/kuldip/myroboticarm_ws/install/myroboticarm_controller/share/myroboticarm_controller/config/myroboticarm_controller.yaml
[0.190s] -- Up-to-date: /home/kuldip/myroboticarm_ws/install/myroboticarm_controller/share/myroboticarm_controller/launch
[0.190s] -- Up-to-date: /home/kuldip/myroboticarm_ws/install/myroboticarm_controller/share/myroboticarm_controller/launch/controller.launch.py
[0.190s] -- Up-to-date: /home/kuldip/myroboticarm_ws/install/myroboticarm_controller/share/ament_index/resource_index/package_run_dependencies/myroboticarm_controller
[0.190s] -- Up-to-date: /home/kuldip/myroboticarm_ws/install/myroboticarm_controller/share/ament_index/resource_index/parent_prefix_path/myroboticarm_controller
[0.190s] -- Up-to-date: /home/kuldip/myroboticarm_ws/install/myroboticarm_controller/share/myroboticarm_controller/environment/ament_prefix_path.sh
[0.190s] -- Up-to-date: /home/kuldip/myroboticarm_ws/install/myroboticarm_controller/share/myroboticarm_controller/environment/ament_prefix_path.dsv
[0.190s] -- Up-to-date: /home/kuldip/myroboticarm_ws/install/myroboticarm_controller/share/myroboticarm_controller/environment/path.sh
[0.191s] -- Up-to-date: /home/kuldip/myroboticarm_ws/install/myroboticarm_controller/share/myroboticarm_controller/environment/path.dsv
[0.191s] -- Up-to-date: /home/kuldip/myroboticarm_ws/install/myroboticarm_controller/share/myroboticarm_controller/local_setup.bash
[0.191s] -- Up-to-date: /home/kuldip/myroboticarm_ws/install/myroboticarm_controller/share/myroboticarm_controller/local_setup.sh
[0.191s] -- Up-to-date: /home/kuldip/myroboticarm_ws/install/myroboticarm_controller/share/myroboticarm_controller/local_setup.zsh
[0.191s] -- Up-to-date: /home/kuldip/myroboticarm_ws/install/myroboticarm_controller/share/myroboticarm_controller/local_setup.dsv
[0.191s] -- Installing: /home/kuldip/myroboticarm_ws/install/myroboticarm_controller/share/myroboticarm_controller/package.dsv
[0.191s] -- Up-to-date: /home/kuldip/myroboticarm_ws/install/myroboticarm_controller/share/ament_index/resource_index/packages/myroboticarm_controller
[0.191s] -- Up-to-date: /home/kuldip/myroboticarm_ws/install/myroboticarm_controller/share/myroboticarm_controller/cmake/myroboticarm_controllerConfig.cmake
[0.191s] -- Up-to-date: /home/kuldip/myroboticarm_ws/install/myroboticarm_controller/share/myroboticarm_controller/cmake/myroboticarm_controllerConfig-version.cmake
[0.191s] -- Up-to-date: /home/kuldip/myroboticarm_ws/install/myroboticarm_controller/share/myroboticarm_controller/package.xml
[0.194s] Invoked command in '/home/kuldip/myroboticarm_ws/build/myroboticarm_controller' returned '0': CMAKE_PREFIX_PATH=${CMAKE_PREFIX_PATH}:/home/kuldip/arduinobot_ws/install/arduinobot_py_examples:/home/kuldip/myroboticarm_ws/install/myroboticarm_description:/home/kuldip/myroboticarm_ws/install/myroboticarm:/opt/ros/jazzy DEBUGINFOD_URLS=https://debuginfod.ubuntu.com /usr/bin/cmake --install /home/kuldip/myroboticarm_ws/build/myroboticarm_controller
