running egg_info
creating ../../build/myroboticarm_description/myroboticarm_description.egg-info
writing ../../build/myroboticarm_description/myroboticarm_description.egg-info/PKG-INFO
writing dependency_links to ../../build/myroboticarm_description/myroboticarm_description.egg-info/dependency_links.txt
writing entry points to ../../build/myroboticarm_description/myroboticarm_description.egg-info/entry_points.txt
writing requirements to ../../build/myroboticarm_description/myroboticarm_description.egg-info/requires.txt
writing top-level names to ../../build/myroboticarm_description/myroboticarm_description.egg-info/top_level.txt
writing manifest file '../../build/myroboticarm_description/myroboticarm_description.egg-info/SOURCES.txt'
reading manifest file '../../build/myroboticarm_description/myroboticarm_description.egg-info/SOURCES.txt'
writing manifest file '../../build/myroboticarm_description/myroboticarm_description.egg-info/SOURCES.txt'
running build
running build_py
creating /home/kuldip/myroboticarm_ws/build/myroboticarm_description/build
creating /home/kuldip/myroboticarm_ws/build/myroboticarm_description/build/lib
creating /home/kuldip/myroboticarm_ws/build/myroboticarm_description/build/lib/myroboticarm_description
copying myroboticarm_description/__init__.py -> /home/kuldip/myroboticarm_ws/build/myroboticarm_description/build/lib/myroboticarm_description
running install
running install_lib
creating /home/kuldip/myroboticarm_ws/install/myroboticarm_description/lib/python3.10/site-packages/myroboticarm_description
copying /home/kuldip/myroboticarm_ws/build/myroboticarm_description/build/lib/myroboticarm_description/__init__.py -> /home/kuldip/myroboticarm_ws/install/myroboticarm_description/lib/python3.10/site-packages/myroboticarm_description
byte-compiling /home/kuldip/myroboticarm_ws/install/myroboticarm_description/lib/python3.10/site-packages/myroboticarm_description/__init__.py to __init__.cpython-310.pyc
running install_data
creating /home/kuldip/myroboticarm_ws/install/myroboticarm_description/share/ament_index
creating /home/kuldip/myroboticarm_ws/install/myroboticarm_description/share/ament_index/resource_index
creating /home/kuldip/myroboticarm_ws/install/myroboticarm_description/share/ament_index/resource_index/packages
copying resource/myroboticarm_description -> /home/kuldip/myroboticarm_ws/install/myroboticarm_description/share/ament_index/resource_index/packages
copying package.xml -> /home/kuldip/myroboticarm_ws/install/myroboticarm_description/share/myroboticarm_description
running install_egg_info
Copying ../../build/myroboticarm_description/myroboticarm_description.egg-info to /home/kuldip/myroboticarm_ws/install/myroboticarm_description/lib/python3.10/site-packages/myroboticarm_description-0.0.0-py3.10.egg-info
running install_scripts
writing list of installed files to '/home/kuldip/myroboticarm_ws/build/myroboticarm_description/install.log'
