[0.569s] Invoking command in '/home/kuldip/myroboticarm_ws/src/myroboticarm_description': PYTHONPATH=/home/kuldip/myroboticarm_ws/build/myroboticarm_description/prefix_override:/usr/lib/python3/dist-packages/colcon_core/task/python/colcon_distutils_commands:/home/kuldip/myroboticarm_ws/install/myroboticarm_description/lib/python3.10/site-packages:${PYTHONPATH} /usr/bin/python3 -W ignore:setup.py install is deprecated -W ignore:easy_install command is deprecated setup.py egg_info --egg-base ../../build/myroboticarm_description build --build-base /home/kuldip/myroboticarm_ws/build/myroboticarm_description/build install --record /home/kuldip/myroboticarm_ws/build/myroboticarm_description/install.log --single-version-externally-managed install_data
[0.708s] running egg_info
[0.708s] creating ../../build/myroboticarm_description/myroboticarm_description.egg-info
[0.708s] writing ../../build/myroboticarm_description/myroboticarm_description.egg-info/PKG-INFO
[0.709s] writing dependency_links to ../../build/myroboticarm_description/myroboticarm_description.egg-info/dependency_links.txt
[0.709s] writing entry points to ../../build/myroboticarm_description/myroboticarm_description.egg-info/entry_points.txt
[0.709s] writing requirements to ../../build/myroboticarm_description/myroboticarm_description.egg-info/requires.txt
[0.709s] writing top-level names to ../../build/myroboticarm_description/myroboticarm_description.egg-info/top_level.txt
[0.709s] writing manifest file '../../build/myroboticarm_description/myroboticarm_description.egg-info/SOURCES.txt'
[0.710s] reading manifest file '../../build/myroboticarm_description/myroboticarm_description.egg-info/SOURCES.txt'
[0.710s] writing manifest file '../../build/myroboticarm_description/myroboticarm_description.egg-info/SOURCES.txt'
[0.710s] running build
[0.710s] running build_py
[0.710s] creating /home/kuldip/myroboticarm_ws/build/myroboticarm_description/build
[0.710s] creating /home/kuldip/myroboticarm_ws/build/myroboticarm_description/build/lib
[0.710s] creating /home/kuldip/myroboticarm_ws/build/myroboticarm_description/build/lib/myroboticarm_description
[0.710s] copying myroboticarm_description/__init__.py -> /home/kuldip/myroboticarm_ws/build/myroboticarm_description/build/lib/myroboticarm_description
[0.711s] running install
[0.711s] running install_lib
[0.711s] creating /home/kuldip/myroboticarm_ws/install/myroboticarm_description/lib/python3.10/site-packages/myroboticarm_description
[0.711s] copying /home/kuldip/myroboticarm_ws/build/myroboticarm_description/build/lib/myroboticarm_description/__init__.py -> /home/kuldip/myroboticarm_ws/install/myroboticarm_description/lib/python3.10/site-packages/myroboticarm_description
[0.711s] byte-compiling /home/kuldip/myroboticarm_ws/install/myroboticarm_description/lib/python3.10/site-packages/myroboticarm_description/__init__.py to __init__.cpython-310.pyc
[0.711s] running install_data
[0.711s] creating /home/kuldip/myroboticarm_ws/install/myroboticarm_description/share/ament_index
[0.712s] creating /home/kuldip/myroboticarm_ws/install/myroboticarm_description/share/ament_index/resource_index
[0.712s] creating /home/kuldip/myroboticarm_ws/install/myroboticarm_description/share/ament_index/resource_index/packages
[0.712s] copying resource/myroboticarm_description -> /home/kuldip/myroboticarm_ws/install/myroboticarm_description/share/ament_index/resource_index/packages
[0.712s] copying package.xml -> /home/kuldip/myroboticarm_ws/install/myroboticarm_description/share/myroboticarm_description
[0.712s] running install_egg_info
[0.713s] Copying ../../build/myroboticarm_description/myroboticarm_description.egg-info to /home/kuldip/myroboticarm_ws/install/myroboticarm_description/lib/python3.10/site-packages/myroboticarm_description-0.0.0-py3.10.egg-info
[0.714s] running install_scripts
[0.727s] writing list of installed files to '/home/kuldip/myroboticarm_ws/build/myroboticarm_description/install.log'
[0.746s] Invoked command in '/home/kuldip/myroboticarm_ws/src/myroboticarm_description' returned '0': PYTHONPATH=/home/kuldip/myroboticarm_ws/build/myroboticarm_description/prefix_override:/usr/lib/python3/dist-packages/colcon_core/task/python/colcon_distutils_commands:/home/kuldip/myroboticarm_ws/install/myroboticarm_description/lib/python3.10/site-packages:${PYTHONPATH} /usr/bin/python3 -W ignore:setup.py install is deprecated -W ignore:easy_install command is deprecated setup.py egg_info --egg-base ../../build/myroboticarm_description build --build-base /home/kuldip/myroboticarm_ws/build/myroboticarm_description/build install --record /home/kuldip/myroboticarm_ws/build/myroboticarm_description/install.log --single-version-externally-managed install_data
