running egg_info
creating ../build/myroboticarm/myroboticarm.egg-info
writing ../build/myroboticarm/myroboticarm.egg-info/PKG-INFO
writing dependency_links to ../build/myroboticarm/myroboticarm.egg-info/dependency_links.txt
writing entry points to ../build/myroboticarm/myroboticarm.egg-info/entry_points.txt
writing requirements to ../build/myroboticarm/myroboticarm.egg-info/requires.txt
writing top-level names to ../build/myroboticarm/myroboticarm.egg-info/top_level.txt
writing manifest file '../build/myroboticarm/myroboticarm.egg-info/SOURCES.txt'
reading manifest file '../build/myroboticarm/myroboticarm.egg-info/SOURCES.txt'
writing manifest file '../build/myroboticarm/myroboticarm.egg-info/SOURCES.txt'
running build
running build_py
creating /home/kuldip/myroboticarm_ws/src/build/myroboticarm/build
creating /home/kuldip/myroboticarm_ws/src/build/myroboticarm/build/lib
creating /home/kuldip/myroboticarm_ws/src/build/myroboticarm/build/lib/myroboticarm
copying myroboticarm/simple_publisher.py -> /home/kuldip/myroboticarm_ws/src/build/myroboticarm/build/lib/myroboticarm
copying myroboticarm/__init__.py -> /home/kuldip/myroboticarm_ws/src/build/myroboticarm/build/lib/myroboticarm
running install
running install_lib
creating /home/kuldip/myroboticarm_ws/src/install/myroboticarm/lib/python3.10/site-packages/myroboticarm
copying /home/kuldip/myroboticarm_ws/src/build/myroboticarm/build/lib/myroboticarm/simple_publisher.py -> /home/kuldip/myroboticarm_ws/src/install/myroboticarm/lib/python3.10/site-packages/myroboticarm
copying /home/kuldip/myroboticarm_ws/src/build/myroboticarm/build/lib/myroboticarm/__init__.py -> /home/kuldip/myroboticarm_ws/src/install/myroboticarm/lib/python3.10/site-packages/myroboticarm
byte-compiling /home/kuldip/myroboticarm_ws/src/install/myroboticarm/lib/python3.10/site-packages/myroboticarm/simple_publisher.py to simple_publisher.cpython-310.pyc
byte-compiling /home/kuldip/myroboticarm_ws/src/install/myroboticarm/lib/python3.10/site-packages/myroboticarm/__init__.py to __init__.cpython-310.pyc
running install_data
creating /home/kuldip/myroboticarm_ws/src/install/myroboticarm/share/ament_index
creating /home/kuldip/myroboticarm_ws/src/install/myroboticarm/share/ament_index/resource_index
creating /home/kuldip/myroboticarm_ws/src/install/myroboticarm/share/ament_index/resource_index/packages
copying resource/myroboticarm -> /home/kuldip/myroboticarm_ws/src/install/myroboticarm/share/ament_index/resource_index/packages
copying package.xml -> /home/kuldip/myroboticarm_ws/src/install/myroboticarm/share/myroboticarm
running install_egg_info
Copying ../build/myroboticarm/myroboticarm.egg-info to /home/kuldip/myroboticarm_ws/src/install/myroboticarm/lib/python3.10/site-packages/myroboticarm-0.0.0-py3.10.egg-info
running install_scripts
Installing simple_publisher script to /home/kuldip/myroboticarm_ws/src/install/myroboticarm/lib/myroboticarm
writing list of installed files to '/home/kuldip/myroboticarm_ws/src/build/myroboticarm/install.log'
