[0.010s] Invoking command in '/home/kuldip/myroboticarm_ws/build/myroboticarm_utils': CMAKE_PREFIX_PATH=/home/kuldip/myroboticarm_ws/install/myroboticarm_msgs:/home/kuldip/myroboticarm_ws/install/myroboticarm_utils:/home/kuldip/myroboticarm_ws/install/myroboticarm_description_cpp:/home/kuldip/myroboticarm_ws/install/myroboticarm_cpp:/home/kuldip/myroboticarm_ws/install/myroboticarm_controller:/home/kuldip/arduinobot_ws/install/arduinobot_controller:/home/kuldip/arduinobot_ws/install/arduinobot_description:/home/kuldip/arduinobot_ws/install/arduinobot_cpp_examples:/home/kuldip/myroboticarm_ws/src/install/myroboticarm_description_cpp:/home/kuldip/myroboticarm_ws/src/install/myroboticarm_cpp:/opt/ros/jazzy/opt/gz_launch_vendor:/opt/ros/jazzy/opt/gz_sim_vendor:/opt/ros/jazzy/opt/gz_sensors_vendor:/opt/ros/jazzy/opt/gz_physics_vendor:/opt/ros/jazzy/opt/sdformat_vendor:/opt/ros/jazzy/opt/gz_gui_vendor:/opt/ros/jazzy/opt/gz_transport_vendor:/opt/ros/jazzy/opt/gz_rendering_vendor:/opt/ros/jazzy/opt/gz_plugin_vendor:/opt/ros/jazzy/opt/gz_fuel_tools_vendor:/opt/ros/jazzy/opt/gz_msgs_vendor:/opt/ros/jazzy/opt/gz_common_vendor:/opt/ros/jazzy/opt/gz_math_vendor:/opt/ros/jazzy/opt/gz_utils_vendor:/opt/ros/jazzy/opt/gz_tools_vendor:/opt/ros/jazzy/opt/gz_ogre_next_vendor:/opt/ros/jazzy/opt/gz_dartsim_vendor:/opt/ros/jazzy/opt/gz_cmake_vendor:/home/kuldip/myroboticarm_ws/install/myroboticarm_description:/home/kuldip/myroboticarm_ws/install/myroboticarm:/home/kuldip/arduinobot_ws/install/arduinobot_py_examples:/home/kuldip/myroboticarm_ws/src/install/myroboticarm:/opt/ros/jazzy DEBUGINFOD_URLS=https://debuginfod.ubuntu.com /usr/bin/cmake --build /home/kuldip/myroboticarm_ws/build/myroboticarm_utils -- -j12 -l12
[0.034s] -- Found ament_cmake: 2.5.4 (/opt/ros/jazzy/share/ament_cmake/cmake)
[0.213s] -- Found rclpy: 7.1.4 (/opt/ros/jazzy/share/rclpy/cmake)
[0.213s] -- Found myroboticarm_utils: 0.0.0 (/home/kuldip/myroboticarm_ws/install/myroboticarm_utils/share/myroboticarm_utils/cmake)
[0.296s] -- Found ament_lint_auto: 0.17.2 (/opt/ros/jazzy/share/ament_lint_auto/cmake)
[0.369s] -- Added test 'flake8' to check Python code syntax and style conventions
[0.369s] -- Configured 'flake8' exclude dirs and/or files: 
[0.370s] -- Added test 'lint_cmake' to check CMake code style
[0.371s] -- Added test 'pep257' to check Python code against some of the docstring style conventions in PEP 257
[0.372s] -- Added test 'xmllint' to check XML markup files
[0.373s] -- Configuring done (0.3s)
[0.376s] -- Generating done (0.0s)
[0.377s] -- Build files have been written to: /home/kuldip/myroboticarm_ws/build/myroboticarm_utils
[0.409s] Built target ament_cmake_python_copy_myroboticarm_utils
[0.550s] running egg_info
[0.550s] creating myroboticarm_utils.egg-info
[0.561s] writing myroboticarm_utils.egg-info/PKG-INFO
[0.562s] writing dependency_links to myroboticarm_utils.egg-info/dependency_links.txt
[0.562s] writing top-level names to myroboticarm_utils.egg-info/top_level.txt
[0.562s] writing manifest file 'myroboticarm_utils.egg-info/SOURCES.txt'
[0.595s] reading manifest file 'myroboticarm_utils.egg-info/SOURCES.txt'
[0.596s] writing manifest file 'myroboticarm_utils.egg-info/SOURCES.txt'
[0.619s] Built target ament_cmake_python_build_myroboticarm_utils_egg
[0.629s] Invoked command in '/home/kuldip/myroboticarm_ws/build/myroboticarm_utils' returned '0': CMAKE_PREFIX_PATH=/home/kuldip/myroboticarm_ws/install/myroboticarm_msgs:/home/kuldip/myroboticarm_ws/install/myroboticarm_utils:/home/kuldip/myroboticarm_ws/install/myroboticarm_description_cpp:/home/kuldip/myroboticarm_ws/install/myroboticarm_cpp:/home/kuldip/myroboticarm_ws/install/myroboticarm_controller:/home/kuldip/arduinobot_ws/install/arduinobot_controller:/home/kuldip/arduinobot_ws/install/arduinobot_description:/home/kuldip/arduinobot_ws/install/arduinobot_cpp_examples:/home/kuldip/myroboticarm_ws/src/install/myroboticarm_description_cpp:/home/kuldip/myroboticarm_ws/src/install/myroboticarm_cpp:/opt/ros/jazzy/opt/gz_launch_vendor:/opt/ros/jazzy/opt/gz_sim_vendor:/opt/ros/jazzy/opt/gz_sensors_vendor:/opt/ros/jazzy/opt/gz_physics_vendor:/opt/ros/jazzy/opt/sdformat_vendor:/opt/ros/jazzy/opt/gz_gui_vendor:/opt/ros/jazzy/opt/gz_transport_vendor:/opt/ros/jazzy/opt/gz_rendering_vendor:/opt/ros/jazzy/opt/gz_plugin_vendor:/opt/ros/jazzy/opt/gz_fuel_tools_vendor:/opt/ros/jazzy/opt/gz_msgs_vendor:/opt/ros/jazzy/opt/gz_common_vendor:/opt/ros/jazzy/opt/gz_math_vendor:/opt/ros/jazzy/opt/gz_utils_vendor:/opt/ros/jazzy/opt/gz_tools_vendor:/opt/ros/jazzy/opt/gz_ogre_next_vendor:/opt/ros/jazzy/opt/gz_dartsim_vendor:/opt/ros/jazzy/opt/gz_cmake_vendor:/home/kuldip/myroboticarm_ws/install/myroboticarm_description:/home/kuldip/myroboticarm_ws/install/myroboticarm:/home/kuldip/arduinobot_ws/install/arduinobot_py_examples:/home/kuldip/myroboticarm_ws/src/install/myroboticarm:/opt/ros/jazzy DEBUGINFOD_URLS=https://debuginfod.ubuntu.com /usr/bin/cmake --build /home/kuldip/myroboticarm_ws/build/myroboticarm_utils -- -j12 -l12
[0.629s] Invoking command in '/home/kuldip/myroboticarm_ws/build/myroboticarm_utils': CMAKE_PREFIX_PATH=/home/kuldip/myroboticarm_ws/install/myroboticarm_msgs:/home/kuldip/myroboticarm_ws/install/myroboticarm_utils:/home/kuldip/myroboticarm_ws/install/myroboticarm_description_cpp:/home/kuldip/myroboticarm_ws/install/myroboticarm_cpp:/home/kuldip/myroboticarm_ws/install/myroboticarm_controller:/home/kuldip/arduinobot_ws/install/arduinobot_controller:/home/kuldip/arduinobot_ws/install/arduinobot_description:/home/kuldip/arduinobot_ws/install/arduinobot_cpp_examples:/home/kuldip/myroboticarm_ws/src/install/myroboticarm_description_cpp:/home/kuldip/myroboticarm_ws/src/install/myroboticarm_cpp:/opt/ros/jazzy/opt/gz_launch_vendor:/opt/ros/jazzy/opt/gz_sim_vendor:/opt/ros/jazzy/opt/gz_sensors_vendor:/opt/ros/jazzy/opt/gz_physics_vendor:/opt/ros/jazzy/opt/sdformat_vendor:/opt/ros/jazzy/opt/gz_gui_vendor:/opt/ros/jazzy/opt/gz_transport_vendor:/opt/ros/jazzy/opt/gz_rendering_vendor:/opt/ros/jazzy/opt/gz_plugin_vendor:/opt/ros/jazzy/opt/gz_fuel_tools_vendor:/opt/ros/jazzy/opt/gz_msgs_vendor:/opt/ros/jazzy/opt/gz_common_vendor:/opt/ros/jazzy/opt/gz_math_vendor:/opt/ros/jazzy/opt/gz_utils_vendor:/opt/ros/jazzy/opt/gz_tools_vendor:/opt/ros/jazzy/opt/gz_ogre_next_vendor:/opt/ros/jazzy/opt/gz_dartsim_vendor:/opt/ros/jazzy/opt/gz_cmake_vendor:/home/kuldip/myroboticarm_ws/install/myroboticarm_description:/home/kuldip/myroboticarm_ws/install/myroboticarm:/home/kuldip/arduinobot_ws/install/arduinobot_py_examples:/home/kuldip/myroboticarm_ws/src/install/myroboticarm:/opt/ros/jazzy DEBUGINFOD_URLS=https://debuginfod.ubuntu.com /usr/bin/cmake --install /home/kuldip/myroboticarm_ws/build/myroboticarm_utils
[0.637s] -- Install configuration: ""
[0.637s] -- Installing: /home/kuldip/myroboticarm_ws/install/myroboticarm_utils/share/myroboticarm_utils/environment/pythonpath.sh
[0.637s] -- Installing: /home/kuldip/myroboticarm_ws/install/myroboticarm_utils/share/myroboticarm_utils/environment/pythonpath.dsv
[0.637s] -- Installing: /home/kuldip/myroboticarm_ws/install/myroboticarm_utils/lib/python3.12/site-packages/myroboticarm_utils-0.0.0-py3.12.egg-info
[0.637s] -- Installing: /home/kuldip/myroboticarm_ws/install/myroboticarm_utils/lib/python3.12/site-packages/myroboticarm_utils-0.0.0-py3.12.egg-info/SOURCES.txt
[0.637s] -- Installing: /home/kuldip/myroboticarm_ws/install/myroboticarm_utils/lib/python3.12/site-packages/myroboticarm_utils-0.0.0-py3.12.egg-info/PKG-INFO
[0.637s] -- Installing: /home/kuldip/myroboticarm_ws/install/myroboticarm_utils/lib/python3.12/site-packages/myroboticarm_utils-0.0.0-py3.12.egg-info/top_level.txt
[0.637s] -- Installing: /home/kuldip/myroboticarm_ws/install/myroboticarm_utils/lib/python3.12/site-packages/myroboticarm_utils-0.0.0-py3.12.egg-info/dependency_links.txt
[0.637s] -- Installing: /home/kuldip/myroboticarm_ws/install/myroboticarm_utils/lib/python3.12/site-packages/myroboticarm_utils
[0.637s] -- Installing: /home/kuldip/myroboticarm_ws/install/myroboticarm_utils/lib/python3.12/site-packages/myroboticarm_utils/__init__.py
[0.638s] -- Installing: /home/kuldip/myroboticarm_ws/install/myroboticarm_utils/lib/python3.12/site-packages/myroboticarm_utils/angle_conversion.py
[0.663s] Listing '/home/kuldip/myroboticarm_ws/install/myroboticarm_utils/lib/python3.12/site-packages/myroboticarm_utils'...
[0.663s] Compiling '/home/kuldip/myroboticarm_ws/install/myroboticarm_utils/lib/python3.12/site-packages/myroboticarm_utils/__init__.py'...
[0.663s] Compiling '/home/kuldip/myroboticarm_ws/install/myroboticarm_utils/lib/python3.12/site-packages/myroboticarm_utils/angle_conversion.py'...
[0.667s] -- Installing: /home/kuldip/myroboticarm_ws/install/myroboticarm_utils/lib/myroboticarm_utils/angle_conversion.py
[0.667s] -- Installing: /home/kuldip/myroboticarm_ws/install/myroboticarm_utils/share/ament_index/resource_index/package_run_dependencies/myroboticarm_utils
[0.667s] -- Installing: /home/kuldip/myroboticarm_ws/install/myroboticarm_utils/share/ament_index/resource_index/parent_prefix_path/myroboticarm_utils
[0.667s] -- Up-to-date: /home/kuldip/myroboticarm_ws/install/myroboticarm_utils/share/myroboticarm_utils/environment/ament_prefix_path.sh
[0.667s] -- Up-to-date: /home/kuldip/myroboticarm_ws/install/myroboticarm_utils/share/myroboticarm_utils/environment/ament_prefix_path.dsv
[0.667s] -- Up-to-date: /home/kuldip/myroboticarm_ws/install/myroboticarm_utils/share/myroboticarm_utils/environment/path.sh
[0.668s] -- Up-to-date: /home/kuldip/myroboticarm_ws/install/myroboticarm_utils/share/myroboticarm_utils/environment/path.dsv
[0.668s] -- Up-to-date: /home/kuldip/myroboticarm_ws/install/myroboticarm_utils/share/myroboticarm_utils/local_setup.bash
[0.668s] -- Installing: /home/kuldip/myroboticarm_ws/install/myroboticarm_utils/share/myroboticarm_utils/local_setup.sh
[0.668s] -- Up-to-date: /home/kuldip/myroboticarm_ws/install/myroboticarm_utils/share/myroboticarm_utils/local_setup.zsh
[0.668s] -- Installing: /home/kuldip/myroboticarm_ws/install/myroboticarm_utils/share/myroboticarm_utils/local_setup.dsv
[0.668s] -- Installing: /home/kuldip/myroboticarm_ws/install/myroboticarm_utils/share/myroboticarm_utils/package.dsv
[0.668s] -- Up-to-date: /home/kuldip/myroboticarm_ws/install/myroboticarm_utils/share/ament_index/resource_index/packages/myroboticarm_utils
[0.668s] -- Up-to-date: /home/kuldip/myroboticarm_ws/install/myroboticarm_utils/share/myroboticarm_utils/cmake/myroboticarm_utilsConfig.cmake
[0.668s] -- Up-to-date: /home/kuldip/myroboticarm_ws/install/myroboticarm_utils/share/myroboticarm_utils/cmake/myroboticarm_utilsConfig-version.cmake
[0.668s] -- Installing: /home/kuldip/myroboticarm_ws/install/myroboticarm_utils/share/myroboticarm_utils/package.xml
[0.669s] Invoked command in '/home/kuldip/myroboticarm_ws/build/myroboticarm_utils' returned '0': CMAKE_PREFIX_PATH=/home/kuldip/myroboticarm_ws/install/myroboticarm_msgs:/home/kuldip/myroboticarm_ws/install/myroboticarm_utils:/home/kuldip/myroboticarm_ws/install/myroboticarm_description_cpp:/home/kuldip/myroboticarm_ws/install/myroboticarm_cpp:/home/kuldip/myroboticarm_ws/install/myroboticarm_controller:/home/kuldip/arduinobot_ws/install/arduinobot_controller:/home/kuldip/arduinobot_ws/install/arduinobot_description:/home/kuldip/arduinobot_ws/install/arduinobot_cpp_examples:/home/kuldip/myroboticarm_ws/src/install/myroboticarm_description_cpp:/home/kuldip/myroboticarm_ws/src/install/myroboticarm_cpp:/opt/ros/jazzy/opt/gz_launch_vendor:/opt/ros/jazzy/opt/gz_sim_vendor:/opt/ros/jazzy/opt/gz_sensors_vendor:/opt/ros/jazzy/opt/gz_physics_vendor:/opt/ros/jazzy/opt/sdformat_vendor:/opt/ros/jazzy/opt/gz_gui_vendor:/opt/ros/jazzy/opt/gz_transport_vendor:/opt/ros/jazzy/opt/gz_rendering_vendor:/opt/ros/jazzy/opt/gz_plugin_vendor:/opt/ros/jazzy/opt/gz_fuel_tools_vendor:/opt/ros/jazzy/opt/gz_msgs_vendor:/opt/ros/jazzy/opt/gz_common_vendor:/opt/ros/jazzy/opt/gz_math_vendor:/opt/ros/jazzy/opt/gz_utils_vendor:/opt/ros/jazzy/opt/gz_tools_vendor:/opt/ros/jazzy/opt/gz_ogre_next_vendor:/opt/ros/jazzy/opt/gz_dartsim_vendor:/opt/ros/jazzy/opt/gz_cmake_vendor:/home/kuldip/myroboticarm_ws/install/myroboticarm_description:/home/kuldip/myroboticarm_ws/install/myroboticarm:/home/kuldip/arduinobot_ws/install/arduinobot_py_examples:/home/kuldip/myroboticarm_ws/src/install/myroboticarm:/opt/ros/jazzy DEBUGINFOD_URLS=https://debuginfod.ubuntu.com /usr/bin/cmake --install /home/kuldip/myroboticarm_ws/build/myroboticarm_utils
