[0.155s] Invoking command in '/home/kuldip/myroboticarm_ws/src/build/myroboticarm_moveit': CMAKE_PREFIX_PATH=${CMAKE_PREFIX_PATH}:/home/kuldip/myroboticarm_ws/install/myroboticarm_description:/home/kuldip/myroboticarm_ws/install/myroboticarm:/home/kuldip/arduinobot_ws/install/arduinobot_py_examples:/home/kuldip/myroboticarm_ws/src/install/myroboticarm:/opt/ros/jazzy DEBUGINFOD_URLS=https://debuginfod.ubuntu.com /usr/bin/cmake /home/kuldip/myroboticarm_ws/src/myroboticarm_moveit -DCMAKE_INSTALL_PREFIX=/home/kuldip/myroboticarm_ws/src/install/myroboticarm_moveit
[0.194s] -- The C compiler identification is GNU 13.3.0
[0.235s] -- The CXX compiler identification is GNU 13.3.0
[0.246s] -- Detecting C compiler ABI info
[0.311s] -- Detecting C compiler ABI info - done
[0.317s] -- Check for working C compiler: /usr/bin/cc - skipped
[0.317s] -- Detecting C compile features
[0.318s] -- Detecting C compile features - done
[0.324s] -- Detecting CXX compiler ABI info
[0.397s] -- Detecting CXX compiler ABI info - done
[0.406s] -- Check for working CXX compiler: /usr/bin/c++ - skipped
[0.406s] -- Detecting CXX compile features
[0.406s] -- Detecting CXX compile features - done
[0.409s] -- Found ament_cmake: 2.5.4 (/opt/ros/jazzy/share/ament_cmake/cmake)
[0.536s] -- Found Python3: /usr/bin/python3 (found version "3.12.3") found components: Interpreter 
[0.646s] -- Found ament_lint_auto: 0.17.2 (/opt/ros/jazzy/share/ament_lint_auto/cmake)
[0.763s] -- Added test 'lint_cmake' to check CMake code style
[0.764s] -- Added test 'xmllint' to check XML markup files
[0.766s] -- Configuring done (0.6s)
[0.768s] -- Generating done (0.0s)
[0.769s] -- Build files have been written to: /home/kuldip/myroboticarm_ws/src/build/myroboticarm_moveit
[0.773s] Invoked command in '/home/kuldip/myroboticarm_ws/src/build/myroboticarm_moveit' returned '0': CMAKE_PREFIX_PATH=${CMAKE_PREFIX_PATH}:/home/kuldip/myroboticarm_ws/install/myroboticarm_description:/home/kuldip/myroboticarm_ws/install/myroboticarm:/home/kuldip/arduinobot_ws/install/arduinobot_py_examples:/home/kuldip/myroboticarm_ws/src/install/myroboticarm:/opt/ros/jazzy DEBUGINFOD_URLS=https://debuginfod.ubuntu.com /usr/bin/cmake /home/kuldip/myroboticarm_ws/src/myroboticarm_moveit -DCMAKE_INSTALL_PREFIX=/home/kuldip/myroboticarm_ws/src/install/myroboticarm_moveit
[0.774s] Invoking command in '/home/kuldip/myroboticarm_ws/src/build/myroboticarm_moveit': CMAKE_PREFIX_PATH=${CMAKE_PREFIX_PATH}:/home/kuldip/myroboticarm_ws/install/myroboticarm_description:/home/kuldip/myroboticarm_ws/install/myroboticarm:/home/kuldip/arduinobot_ws/install/arduinobot_py_examples:/home/kuldip/myroboticarm_ws/src/install/myroboticarm:/opt/ros/jazzy DEBUGINFOD_URLS=https://debuginfod.ubuntu.com /usr/bin/cmake --build /home/kuldip/myroboticarm_ws/src/build/myroboticarm_moveit -- -j12 -l12
[0.808s] Invoked command in '/home/kuldip/myroboticarm_ws/src/build/myroboticarm_moveit' returned '0': CMAKE_PREFIX_PATH=${CMAKE_PREFIX_PATH}:/home/kuldip/myroboticarm_ws/install/myroboticarm_description:/home/kuldip/myroboticarm_ws/install/myroboticarm:/home/kuldip/arduinobot_ws/install/arduinobot_py_examples:/home/kuldip/myroboticarm_ws/src/install/myroboticarm:/opt/ros/jazzy DEBUGINFOD_URLS=https://debuginfod.ubuntu.com /usr/bin/cmake --build /home/kuldip/myroboticarm_ws/src/build/myroboticarm_moveit -- -j12 -l12
[0.815s] Invoking command in '/home/kuldip/myroboticarm_ws/src/build/myroboticarm_moveit': CMAKE_PREFIX_PATH=${CMAKE_PREFIX_PATH}:/home/kuldip/myroboticarm_ws/install/myroboticarm_description:/home/kuldip/myroboticarm_ws/install/myroboticarm:/home/kuldip/arduinobot_ws/install/arduinobot_py_examples:/home/kuldip/myroboticarm_ws/src/install/myroboticarm:/opt/ros/jazzy DEBUGINFOD_URLS=https://debuginfod.ubuntu.com /usr/bin/cmake --install /home/kuldip/myroboticarm_ws/src/build/myroboticarm_moveit
[0.821s] -- Install configuration: ""
[0.821s] -- Installing: /home/kuldip/myroboticarm_ws/src/install/myroboticarm_moveit/share/ament_index/resource_index/package_run_dependencies/myroboticarm_moveit
[0.821s] -- Installing: /home/kuldip/myroboticarm_ws/src/install/myroboticarm_moveit/share/ament_index/resource_index/parent_prefix_path/myroboticarm_moveit
[0.821s] -- Installing: /home/kuldip/myroboticarm_ws/src/install/myroboticarm_moveit/share/myroboticarm_moveit/environment/ament_prefix_path.sh
[0.821s] -- Installing: /home/kuldip/myroboticarm_ws/src/install/myroboticarm_moveit/share/myroboticarm_moveit/environment/ament_prefix_path.dsv
[0.821s] -- Installing: /home/kuldip/myroboticarm_ws/src/install/myroboticarm_moveit/share/myroboticarm_moveit/environment/path.sh
[0.821s] -- Installing: /home/kuldip/myroboticarm_ws/src/install/myroboticarm_moveit/share/myroboticarm_moveit/environment/path.dsv
[0.822s] -- Installing: /home/kuldip/myroboticarm_ws/src/install/myroboticarm_moveit/share/myroboticarm_moveit/local_setup.bash
[0.822s] -- Installing: /home/kuldip/myroboticarm_ws/src/install/myroboticarm_moveit/share/myroboticarm_moveit/local_setup.sh
[0.822s] -- Installing: /home/kuldip/myroboticarm_ws/src/install/myroboticarm_moveit/share/myroboticarm_moveit/local_setup.zsh
[0.822s] -- Installing: /home/kuldip/myroboticarm_ws/src/install/myroboticarm_moveit/share/myroboticarm_moveit/local_setup.dsv
[0.822s] -- Installing: /home/kuldip/myroboticarm_ws/src/install/myroboticarm_moveit/share/myroboticarm_moveit/package.dsv
[0.822s] -- Installing: /home/kuldip/myroboticarm_ws/src/install/myroboticarm_moveit/share/ament_index/resource_index/packages/myroboticarm_moveit
[0.823s] -- Installing: /home/kuldip/myroboticarm_ws/src/install/myroboticarm_moveit/share/myroboticarm_moveit/cmake/myroboticarm_moveitConfig.cmake
[0.823s] -- Installing: /home/kuldip/myroboticarm_ws/src/install/myroboticarm_moveit/share/myroboticarm_moveit/cmake/myroboticarm_moveitConfig-version.cmake
[0.823s] -- Installing: /home/kuldip/myroboticarm_ws/src/install/myroboticarm_moveit/share/myroboticarm_moveit/package.xml
[0.825s] Invoked command in '/home/kuldip/myroboticarm_ws/src/build/myroboticarm_moveit' returned '0': CMAKE_PREFIX_PATH=${CMAKE_PREFIX_PATH}:/home/kuldip/myroboticarm_ws/install/myroboticarm_description:/home/kuldip/myroboticarm_ws/install/myroboticarm:/home/kuldip/arduinobot_ws/install/arduinobot_py_examples:/home/kuldip/myroboticarm_ws/src/install/myroboticarm:/opt/ros/jazzy DEBUGINFOD_URLS=https://debuginfod.ubuntu.com /usr/bin/cmake --install /home/kuldip/myroboticarm_ws/src/build/myroboticarm_moveit
