[0.208s] Invoking command in '/home/kuldip/myroboticarm_ws/build/myroboticarm_remote': CMAKE_PREFIX_PATH=${CMAKE_PREFIX_PATH}:/home/kuldip/myroboticarm_ws/install/myroboticarm_description:/home/kuldip/myroboticarm_ws/install/myroboticarm:/home/kuldip/arduinobot_ws/install/arduinobot_py_examples:/home/kuldip/myroboticarm_ws/src/install/myroboticarm:/opt/ros/jazzy DEBUGINFOD_URLS=https://debuginfod.ubuntu.com /usr/bin/cmake --build /home/kuldip/myroboticarm_ws/build/myroboticarm_remote -- -j12 -l12
[0.257s] Built target ament_cmake_python_copy_myroboticarm_remote
[0.417s] running egg_info
[0.433s] writing myroboticarm_remote.egg-info/PKG-INFO
[0.433s] writing dependency_links to myroboticarm_remote.egg-info/dependency_links.txt
[0.433s] writing top-level names to myroboticarm_remote.egg-info/top_level.txt
[0.477s] reading manifest file 'myroboticarm_remote.egg-info/SOURCES.txt'
[0.477s] writing manifest file 'myroboticarm_remote.egg-info/SOURCES.txt'
[0.500s] Built target ament_cmake_python_build_myroboticarm_remote_egg
[0.508s] Invoked command in '/home/kuldip/myroboticarm_ws/build/myroboticarm_remote' returned '0': CMAKE_PREFIX_PATH=${CMAKE_PREFIX_PATH}:/home/kuldip/myroboticarm_ws/install/myroboticarm_description:/home/kuldip/myroboticarm_ws/install/myroboticarm:/home/kuldip/arduinobot_ws/install/arduinobot_py_examples:/home/kuldip/myroboticarm_ws/src/install/myroboticarm:/opt/ros/jazzy DEBUGINFOD_URLS=https://debuginfod.ubuntu.com /usr/bin/cmake --build /home/kuldip/myroboticarm_ws/build/myroboticarm_remote -- -j12 -l12
[0.509s] Invoking command in '/home/kuldip/myroboticarm_ws/build/myroboticarm_remote': CMAKE_PREFIX_PATH=${CMAKE_PREFIX_PATH}:/home/kuldip/myroboticarm_ws/install/myroboticarm_description:/home/kuldip/myroboticarm_ws/install/myroboticarm:/home/kuldip/arduinobot_ws/install/arduinobot_py_examples:/home/kuldip/myroboticarm_ws/src/install/myroboticarm:/opt/ros/jazzy DEBUGINFOD_URLS=https://debuginfod.ubuntu.com /usr/bin/cmake --install /home/kuldip/myroboticarm_ws/build/myroboticarm_remote
[0.515s] -- Install configuration: ""
[0.515s] -- Up-to-date: /home/kuldip/myroboticarm_ws/install/myroboticarm_remote/share/myroboticarm_remote/environment/pythonpath.sh
[0.515s] -- Up-to-date: /home/kuldip/myroboticarm_ws/install/myroboticarm_remote/share/myroboticarm_remote/environment/pythonpath.dsv
[0.515s] -- Up-to-date: /home/kuldip/myroboticarm_ws/install/myroboticarm_remote/lib/python3.12/site-packages/myroboticarm_remote-0.0.0-py3.12.egg-info
[0.515s] -- Installing: /home/kuldip/myroboticarm_ws/install/myroboticarm_remote/lib/python3.12/site-packages/myroboticarm_remote-0.0.0-py3.12.egg-info/SOURCES.txt
[0.515s] -- Installing: /home/kuldip/myroboticarm_ws/install/myroboticarm_remote/lib/python3.12/site-packages/myroboticarm_remote-0.0.0-py3.12.egg-info/PKG-INFO
[0.515s] -- Installing: /home/kuldip/myroboticarm_ws/install/myroboticarm_remote/lib/python3.12/site-packages/myroboticarm_remote-0.0.0-py3.12.egg-info/top_level.txt
[0.515s] -- Installing: /home/kuldip/myroboticarm_ws/install/myroboticarm_remote/lib/python3.12/site-packages/myroboticarm_remote-0.0.0-py3.12.egg-info/dependency_links.txt
[0.516s] -- Up-to-date: /home/kuldip/myroboticarm_ws/install/myroboticarm_remote/lib/python3.12/site-packages/myroboticarm_remote
[0.516s] -- Up-to-date: /home/kuldip/myroboticarm_ws/install/myroboticarm_remote/lib/python3.12/site-packages/myroboticarm_remote/__init__.py
[0.516s] -- Up-to-date: /home/kuldip/myroboticarm_ws/install/myroboticarm_remote/lib/python3.12/site-packages/myroboticarm_remote/task_server.py
[0.544s] Listing '/home/kuldip/myroboticarm_ws/install/myroboticarm_remote/lib/python3.12/site-packages/myroboticarm_remote'...
[0.548s] -- Up-to-date: /home/kuldip/myroboticarm_ws/install/myroboticarm_remote/lib/task_server.py
[0.548s] -- Up-to-date: /home/kuldip/myroboticarm_ws/install/myroboticarm_remote/share/myroboticarm_remote/launch
[0.548s] -- Installing: /home/kuldip/myroboticarm_ws/install/myroboticarm_remote/share/myroboticarm_remote/launch/remote_interface.launch.py
[0.548s] -- Up-to-date: /home/kuldip/myroboticarm_ws/install/myroboticarm_remote/share/ament_index/resource_index/package_run_dependencies/myroboticarm_remote
[0.548s] -- Up-to-date: /home/kuldip/myroboticarm_ws/install/myroboticarm_remote/share/ament_index/resource_index/parent_prefix_path/myroboticarm_remote
[0.548s] -- Up-to-date: /home/kuldip/myroboticarm_ws/install/myroboticarm_remote/share/myroboticarm_remote/environment/ament_prefix_path.sh
[0.548s] -- Up-to-date: /home/kuldip/myroboticarm_ws/install/myroboticarm_remote/share/myroboticarm_remote/environment/ament_prefix_path.dsv
[0.548s] -- Up-to-date: /home/kuldip/myroboticarm_ws/install/myroboticarm_remote/share/myroboticarm_remote/environment/path.sh
[0.548s] -- Up-to-date: /home/kuldip/myroboticarm_ws/install/myroboticarm_remote/share/myroboticarm_remote/environment/path.dsv
[0.549s] -- Up-to-date: /home/kuldip/myroboticarm_ws/install/myroboticarm_remote/share/myroboticarm_remote/local_setup.bash
[0.549s] -- Up-to-date: /home/kuldip/myroboticarm_ws/install/myroboticarm_remote/share/myroboticarm_remote/local_setup.sh
[0.549s] -- Up-to-date: /home/kuldip/myroboticarm_ws/install/myroboticarm_remote/share/myroboticarm_remote/local_setup.zsh
[0.549s] -- Up-to-date: /home/kuldip/myroboticarm_ws/install/myroboticarm_remote/share/myroboticarm_remote/local_setup.dsv
[0.549s] -- Installing: /home/kuldip/myroboticarm_ws/install/myroboticarm_remote/share/myroboticarm_remote/package.dsv
[0.549s] -- Up-to-date: /home/kuldip/myroboticarm_ws/install/myroboticarm_remote/share/ament_index/resource_index/packages/myroboticarm_remote
[0.549s] -- Up-to-date: /home/kuldip/myroboticarm_ws/install/myroboticarm_remote/share/myroboticarm_remote/cmake/myroboticarm_remoteConfig.cmake
[0.549s] -- Up-to-date: /home/kuldip/myroboticarm_ws/install/myroboticarm_remote/share/myroboticarm_remote/cmake/myroboticarm_remoteConfig-version.cmake
[0.550s] -- Up-to-date: /home/kuldip/myroboticarm_ws/install/myroboticarm_remote/share/myroboticarm_remote/package.xml
[0.550s] Invoked command in '/home/kuldip/myroboticarm_ws/build/myroboticarm_remote' returned '0': CMAKE_PREFIX_PATH=${CMAKE_PREFIX_PATH}:/home/kuldip/myroboticarm_ws/install/myroboticarm_description:/home/kuldip/myroboticarm_ws/install/myroboticarm:/home/kuldip/arduinobot_ws/install/arduinobot_py_examples:/home/kuldip/myroboticarm_ws/src/install/myroboticarm:/opt/ros/jazzy DEBUGINFOD_URLS=https://debuginfod.ubuntu.com /usr/bin/cmake --install /home/kuldip/myroboticarm_ws/build/myroboticarm_remote
