[0.049s] Invoking command in '/home/kuldip/myroboticarm_ws/build/myroboticarm_msgs': CMAKE_PREFIX_PATH=${CMAKE_PREFIX_PATH}:/home/kuldip/myroboticarm_ws/install/myroboticarm_description:/home/kuldip/myroboticarm_ws/install/myroboticarm:/home/kuldip/arduinobot_ws/install/arduinobot_py_examples:/home/kuldip/myroboticarm_ws/src/install/myroboticarm:/opt/ros/jazzy DEBUGINFOD_URLS=https://debuginfod.ubuntu.com /usr/bin/cmake --build /home/kuldip/myroboticarm_ws/build/myroboticarm_msgs -- -j12 -l12
[0.416s] [  1%] Built target myroboticarm_msgs__rosidl_generator_type_description
[0.418s] [  1%] Built target ament_cmake_python_copy_myroboticarm_msgs
[0.418s] [  3%] Built target myroboticarm_msgs__cpp
[0.418s] [ 25%] Built target myroboticarm_msgs__rosidl_generator_c
[0.418s] [ 34%] Built target myroboticarm_msgs__rosidl_typesupport_fastrtps_c
[0.418s] [ 53%] Built target myroboticarm_msgs__rosidl_typesupport_introspection_c
[0.418s] [ 53%] Built target myroboticarm_msgs__rosidl_typesupport_c
[0.418s] [ 62%] Built target myroboticarm_msgs__rosidl_typesupport_introspection_cpp
[0.418s] [ 71%] Built target myroboticarm_msgs__rosidl_typesupport_fastrtps_cpp
[0.418s] [ 81%] Built target myroboticarm_msgs__rosidl_typesupport_cpp
[0.418s] [ 81%] Built target myroboticarm_msgs
[0.418s] [ 82%] Built target myroboticarm_msgs__py
[0.419s] [ 90%] Built target myroboticarm_msgs__rosidl_generator_py
[0.419s] [ 93%] Built target myroboticarm_msgs_s__rosidl_typesupport_fastrtps_c
[0.419s] [ 96%] Built target myroboticarm_msgs_s__rosidl_typesupport_c
[0.419s] [100%] Built target myroboticarm_msgs_s__rosidl_typesupport_introspection_c
[0.548s] running egg_info
[0.578s] writing myroboticarm_msgs.egg-info/PKG-INFO
[0.578s] writing dependency_links to myroboticarm_msgs.egg-info/dependency_links.txt
[0.578s] writing top-level names to myroboticarm_msgs.egg-info/top_level.txt
[0.670s] reading manifest file 'myroboticarm_msgs.egg-info/SOURCES.txt'
[0.670s] writing manifest file 'myroboticarm_msgs.egg-info/SOURCES.txt'
[0.709s] [100%] Built target ament_cmake_python_build_myroboticarm_msgs_egg
[0.724s] Invoked command in '/home/kuldip/myroboticarm_ws/build/myroboticarm_msgs' returned '0': CMAKE_PREFIX_PATH=${CMAKE_PREFIX_PATH}:/home/kuldip/myroboticarm_ws/install/myroboticarm_description:/home/kuldip/myroboticarm_ws/install/myroboticarm:/home/kuldip/arduinobot_ws/install/arduinobot_py_examples:/home/kuldip/myroboticarm_ws/src/install/myroboticarm:/opt/ros/jazzy DEBUGINFOD_URLS=https://debuginfod.ubuntu.com /usr/bin/cmake --build /home/kuldip/myroboticarm_ws/build/myroboticarm_msgs -- -j12 -l12
[0.725s] Invoking command in '/home/kuldip/myroboticarm_ws/build/myroboticarm_msgs': CMAKE_PREFIX_PATH=${CMAKE_PREFIX_PATH}:/home/kuldip/myroboticarm_ws/install/myroboticarm_description:/home/kuldip/myroboticarm_ws/install/myroboticarm:/home/kuldip/arduinobot_ws/install/arduinobot_py_examples:/home/kuldip/myroboticarm_ws/src/install/myroboticarm:/opt/ros/jazzy DEBUGINFOD_URLS=https://debuginfod.ubuntu.com /usr/bin/cmake --install /home/kuldip/myroboticarm_ws/build/myroboticarm_msgs
[0.737s] -- Install configuration: ""
[0.737s] -- Up-to-date: /home/kuldip/myroboticarm_ws/install/myroboticarm_msgs/share/ament_index/resource_index/rosidl_interfaces/myroboticarm_msgs
[0.737s] -- Up-to-date: /home/kuldip/myroboticarm_ws/install/myroboticarm_msgs/share/myroboticarm_msgs/srv/AddTwoints.json
[0.737s] -- Up-to-date: /home/kuldip/myroboticarm_ws/install/myroboticarm_msgs/share/myroboticarm_msgs/srv/EuToQuater.json
[0.737s] -- Up-to-date: /home/kuldip/myroboticarm_ws/install/myroboticarm_msgs/share/myroboticarm_msgs/srv/QuaterToEu.json
[0.737s] -- Up-to-date: /home/kuldip/myroboticarm_ws/install/myroboticarm_msgs/share/myroboticarm_msgs/action/Fibonacci.json
[0.737s] -- Up-to-date: /home/kuldip/myroboticarm_ws/install/myroboticarm_msgs/include/myroboticarm_msgs/myroboticarm_msgs
[0.737s] -- Up-to-date: /home/kuldip/myroboticarm_ws/install/myroboticarm_msgs/include/myroboticarm_msgs/myroboticarm_msgs/msg
[0.737s] -- Up-to-date: /home/kuldip/myroboticarm_ws/install/myroboticarm_msgs/include/myroboticarm_msgs/myroboticarm_msgs/msg/rosidl_generator_c__visibility_control.h
[0.737s] -- Up-to-date: /home/kuldip/myroboticarm_ws/install/myroboticarm_msgs/include/myroboticarm_msgs/myroboticarm_msgs/action
[0.738s] -- Up-to-date: /home/kuldip/myroboticarm_ws/install/myroboticarm_msgs/include/myroboticarm_msgs/myroboticarm_msgs/action/detail
[0.738s] -- Up-to-date: /home/kuldip/myroboticarm_ws/install/myroboticarm_msgs/include/myroboticarm_msgs/myroboticarm_msgs/action/detail/fibonacci__functions.h
[0.738s] -- Up-to-date: /home/kuldip/myroboticarm_ws/install/myroboticarm_msgs/include/myroboticarm_msgs/myroboticarm_msgs/action/detail/fibonacci__struct.h
[0.738s] -- Up-to-date: /home/kuldip/myroboticarm_ws/install/myroboticarm_msgs/include/myroboticarm_msgs/myroboticarm_msgs/action/detail/fibonacci__type_support.h
[0.738s] -- Up-to-date: /home/kuldip/myroboticarm_ws/install/myroboticarm_msgs/include/myroboticarm_msgs/myroboticarm_msgs/action/detail/fibonacci__type_support.c
[0.738s] -- Up-to-date: /home/kuldip/myroboticarm_ws/install/myroboticarm_msgs/include/myroboticarm_msgs/myroboticarm_msgs/action/detail/fibonacci__functions.c
[0.738s] -- Up-to-date: /home/kuldip/myroboticarm_ws/install/myroboticarm_msgs/include/myroboticarm_msgs/myroboticarm_msgs/action/detail/fibonacci__description.c
[0.738s] -- Up-to-date: /home/kuldip/myroboticarm_ws/install/myroboticarm_msgs/include/myroboticarm_msgs/myroboticarm_msgs/action/fibonacci.h
[0.738s] -- Up-to-date: /home/kuldip/myroboticarm_ws/install/myroboticarm_msgs/include/myroboticarm_msgs/myroboticarm_msgs/srv
[0.739s] -- Up-to-date: /home/kuldip/myroboticarm_ws/install/myroboticarm_msgs/include/myroboticarm_msgs/myroboticarm_msgs/srv/detail
[0.739s] -- Up-to-date: /home/kuldip/myroboticarm_ws/install/myroboticarm_msgs/include/myroboticarm_msgs/myroboticarm_msgs/srv/detail/quater_to_eu__functions.h
[0.739s] -- Up-to-date: /home/kuldip/myroboticarm_ws/install/myroboticarm_msgs/include/myroboticarm_msgs/myroboticarm_msgs/srv/detail/eu_to_quater__functions.c
[0.739s] -- Up-to-date: /home/kuldip/myroboticarm_ws/install/myroboticarm_msgs/include/myroboticarm_msgs/myroboticarm_msgs/srv/detail/quater_to_eu__type_support.h
[0.739s] -- Up-to-date: /home/kuldip/myroboticarm_ws/install/myroboticarm_msgs/include/myroboticarm_msgs/myroboticarm_msgs/srv/detail/add_twoints__type_support.c
[0.739s] -- Up-to-date: /home/kuldip/myroboticarm_ws/install/myroboticarm_msgs/include/myroboticarm_msgs/myroboticarm_msgs/srv/detail/add_twoints__description.c
[0.739s] -- Up-to-date: /home/kuldip/myroboticarm_ws/install/myroboticarm_msgs/include/myroboticarm_msgs/myroboticarm_msgs/srv/detail/add_twoints__functions.c
[0.739s] -- Up-to-date: /home/kuldip/myroboticarm_ws/install/myroboticarm_msgs/include/myroboticarm_msgs/myroboticarm_msgs/srv/detail/eu_to_quater__functions.h
[0.739s] -- Up-to-date: /home/kuldip/myroboticarm_ws/install/myroboticarm_msgs/include/myroboticarm_msgs/myroboticarm_msgs/srv/detail/quater_to_eu__description.c
[0.739s] -- Up-to-date: /home/kuldip/myroboticarm_ws/install/myroboticarm_msgs/include/myroboticarm_msgs/myroboticarm_msgs/srv/detail/quater_to_eu__functions.c
[0.739s] -- Up-to-date: /home/kuldip/myroboticarm_ws/install/myroboticarm_msgs/include/myroboticarm_msgs/myroboticarm_msgs/srv/detail/eu_to_quater__description.c
[0.739s] -- Up-to-date: /home/kuldip/myroboticarm_ws/install/myroboticarm_msgs/include/myroboticarm_msgs/myroboticarm_msgs/srv/detail/add_twoints__type_support.h
[0.739s] -- Up-to-date: /home/kuldip/myroboticarm_ws/install/myroboticarm_msgs/include/myroboticarm_msgs/myroboticarm_msgs/srv/detail/quater_to_eu__struct.h
[0.740s] -- Up-to-date: /home/kuldip/myroboticarm_ws/install/myroboticarm_msgs/include/myroboticarm_msgs/myroboticarm_msgs/srv/detail/eu_to_quater__type_support.c
[0.740s] -- Up-to-date: /home/kuldip/myroboticarm_ws/install/myroboticarm_msgs/include/myroboticarm_msgs/myroboticarm_msgs/srv/detail/eu_to_quater__type_support.h
[0.740s] -- Up-to-date: /home/kuldip/myroboticarm_ws/install/myroboticarm_msgs/include/myroboticarm_msgs/myroboticarm_msgs/srv/detail/add_twoints__struct.h
[0.740s] -- Up-to-date: /home/kuldip/myroboticarm_ws/install/myroboticarm_msgs/include/myroboticarm_msgs/myroboticarm_msgs/srv/detail/quater_to_eu__type_support.c
[0.740s] -- Up-to-date: /home/kuldip/myroboticarm_ws/install/myroboticarm_msgs/include/myroboticarm_msgs/myroboticarm_msgs/srv/detail/eu_to_quater__struct.h
[0.740s] -- Up-to-date: /home/kuldip/myroboticarm_ws/install/myroboticarm_msgs/include/myroboticarm_msgs/myroboticarm_msgs/srv/detail/add_twoints__functions.h
[0.741s] -- Up-to-date: /home/kuldip/myroboticarm_ws/install/myroboticarm_msgs/include/myroboticarm_msgs/myroboticarm_msgs/srv/add_twoints.h
[0.741s] -- Up-to-date: /home/kuldip/myroboticarm_ws/install/myroboticarm_msgs/include/myroboticarm_msgs/myroboticarm_msgs/srv/eu_to_quater.h
[0.741s] -- Up-to-date: /home/kuldip/myroboticarm_ws/install/myroboticarm_msgs/include/myroboticarm_msgs/myroboticarm_msgs/srv/quater_to_eu.h
[0.741s] -- Up-to-date: /home/kuldip/myroboticarm_ws/install/myroboticarm_msgs/share/myroboticarm_msgs/environment/library_path.sh
[0.741s] -- Up-to-date: /home/kuldip/myroboticarm_ws/install/myroboticarm_msgs/share/myroboticarm_msgs/environment/library_path.dsv
[0.741s] -- Up-to-date: /home/kuldip/myroboticarm_ws/install/myroboticarm_msgs/lib/libmyroboticarm_msgs__rosidl_generator_c.so
[0.741s] -- Up-to-date: /home/kuldip/myroboticarm_ws/install/myroboticarm_msgs/include/myroboticarm_msgs/myroboticarm_msgs
[0.741s] -- Up-to-date: /home/kuldip/myroboticarm_ws/install/myroboticarm_msgs/include/myroboticarm_msgs/myroboticarm_msgs/msg
[0.741s] -- Up-to-date: /home/kuldip/myroboticarm_ws/install/myroboticarm_msgs/include/myroboticarm_msgs/myroboticarm_msgs/msg/rosidl_typesupport_fastrtps_c__visibility_control.h
[0.741s] -- Up-to-date: /home/kuldip/myroboticarm_ws/install/myroboticarm_msgs/include/myroboticarm_msgs/myroboticarm_msgs/action
[0.741s] -- Up-to-date: /home/kuldip/myroboticarm_ws/install/myroboticarm_msgs/include/myroboticarm_msgs/myroboticarm_msgs/action/detail
[0.742s] -- Up-to-date: /home/kuldip/myroboticarm_ws/install/myroboticarm_msgs/include/myroboticarm_msgs/myroboticarm_msgs/action/detail/fibonacci__rosidl_typesupport_fastrtps_c.h
[0.742s] -- Up-to-date: /home/kuldip/myroboticarm_ws/install/myroboticarm_msgs/include/myroboticarm_msgs/myroboticarm_msgs/srv
[0.742s] -- Up-to-date: /home/kuldip/myroboticarm_ws/install/myroboticarm_msgs/include/myroboticarm_msgs/myroboticarm_msgs/srv/detail
[0.742s] -- Up-to-date: /home/kuldip/myroboticarm_ws/install/myroboticarm_msgs/include/myroboticarm_msgs/myroboticarm_msgs/srv/detail/quater_to_eu__rosidl_typesupport_fastrtps_c.h
[0.742s] -- Up-to-date: /home/kuldip/myroboticarm_ws/install/myroboticarm_msgs/include/myroboticarm_msgs/myroboticarm_msgs/srv/detail/add_twoints__rosidl_typesupport_fastrtps_c.h
[0.742s] -- Up-to-date: /home/kuldip/myroboticarm_ws/install/myroboticarm_msgs/include/myroboticarm_msgs/myroboticarm_msgs/srv/detail/eu_to_quater__rosidl_typesupport_fastrtps_c.h
[0.742s] -- Up-to-date: /home/kuldip/myroboticarm_ws/install/myroboticarm_msgs/lib/libmyroboticarm_msgs__rosidl_typesupport_fastrtps_c.so
[0.742s] -- Up-to-date: /home/kuldip/myroboticarm_ws/install/myroboticarm_msgs/include/myroboticarm_msgs/myroboticarm_msgs
[0.742s] -- Up-to-date: /home/kuldip/myroboticarm_ws/install/myroboticarm_msgs/include/myroboticarm_msgs/myroboticarm_msgs/msg
[0.742s] -- Up-to-date: /home/kuldip/myroboticarm_ws/install/myroboticarm_msgs/include/myroboticarm_msgs/myroboticarm_msgs/msg/rosidl_generator_cpp__visibility_control.hpp
[0.742s] -- Up-to-date: /home/kuldip/myroboticarm_ws/install/myroboticarm_msgs/include/myroboticarm_msgs/myroboticarm_msgs/action
[0.742s] -- Up-to-date: /home/kuldip/myroboticarm_ws/install/myroboticarm_msgs/include/myroboticarm_msgs/myroboticarm_msgs/action/detail
[0.742s] -- Up-to-date: /home/kuldip/myroboticarm_ws/install/myroboticarm_msgs/include/myroboticarm_msgs/myroboticarm_msgs/action/detail/fibonacci__traits.hpp
[0.743s] -- Up-to-date: /home/kuldip/myroboticarm_ws/install/myroboticarm_msgs/include/myroboticarm_msgs/myroboticarm_msgs/action/detail/fibonacci__struct.hpp
[0.743s] -- Up-to-date: /home/kuldip/myroboticarm_ws/install/myroboticarm_msgs/include/myroboticarm_msgs/myroboticarm_msgs/action/detail/fibonacci__builder.hpp
[0.743s] -- Up-to-date: /home/kuldip/myroboticarm_ws/install/myroboticarm_msgs/include/myroboticarm_msgs/myroboticarm_msgs/action/detail/fibonacci__type_support.hpp
[0.743s] -- Up-to-date: /home/kuldip/myroboticarm_ws/install/myroboticarm_msgs/include/myroboticarm_msgs/myroboticarm_msgs/action/fibonacci.hpp
[0.743s] -- Up-to-date: /home/kuldip/myroboticarm_ws/install/myroboticarm_msgs/include/myroboticarm_msgs/myroboticarm_msgs/srv
[0.743s] -- Up-to-date: /home/kuldip/myroboticarm_ws/install/myroboticarm_msgs/include/myroboticarm_msgs/myroboticarm_msgs/srv/detail
[0.743s] -- Up-to-date: /home/kuldip/myroboticarm_ws/install/myroboticarm_msgs/include/myroboticarm_msgs/myroboticarm_msgs/srv/detail/eu_to_quater__builder.hpp
[0.743s] -- Up-to-date: /home/kuldip/myroboticarm_ws/install/myroboticarm_msgs/include/myroboticarm_msgs/myroboticarm_msgs/srv/detail/add_twoints__traits.hpp
[0.743s] -- Up-to-date: /home/kuldip/myroboticarm_ws/install/myroboticarm_msgs/include/myroboticarm_msgs/myroboticarm_msgs/srv/detail/eu_to_quater__type_support.hpp
[0.743s] -- Up-to-date: /home/kuldip/myroboticarm_ws/install/myroboticarm_msgs/include/myroboticarm_msgs/myroboticarm_msgs/srv/detail/add_twoints__type_support.hpp
[0.743s] -- Up-to-date: /home/kuldip/myroboticarm_ws/install/myroboticarm_msgs/include/myroboticarm_msgs/myroboticarm_msgs/srv/detail/quater_to_eu__struct.hpp
[0.743s] -- Up-to-date: /home/kuldip/myroboticarm_ws/install/myroboticarm_msgs/include/myroboticarm_msgs/myroboticarm_msgs/srv/detail/quater_to_eu__type_support.hpp
[0.743s] -- Up-to-date: /home/kuldip/myroboticarm_ws/install/myroboticarm_msgs/include/myroboticarm_msgs/myroboticarm_msgs/srv/detail/add_twoints__builder.hpp
[0.744s] -- Up-to-date: /home/kuldip/myroboticarm_ws/install/myroboticarm_msgs/include/myroboticarm_msgs/myroboticarm_msgs/srv/detail/eu_to_quater__struct.hpp
[0.744s] -- Up-to-date: /home/kuldip/myroboticarm_ws/install/myroboticarm_msgs/include/myroboticarm_msgs/myroboticarm_msgs/srv/detail/quater_to_eu__traits.hpp
[0.744s] -- Up-to-date: /home/kuldip/myroboticarm_ws/install/myroboticarm_msgs/include/myroboticarm_msgs/myroboticarm_msgs/srv/detail/add_twoints__struct.hpp
[0.744s] -- Up-to-date: /home/kuldip/myroboticarm_ws/install/myroboticarm_msgs/include/myroboticarm_msgs/myroboticarm_msgs/srv/detail/quater_to_eu__builder.hpp
[0.744s] -- Up-to-date: /home/kuldip/myroboticarm_ws/install/myroboticarm_msgs/include/myroboticarm_msgs/myroboticarm_msgs/srv/detail/eu_to_quater__traits.hpp
[0.744s] -- Up-to-date: /home/kuldip/myroboticarm_ws/install/myroboticarm_msgs/include/myroboticarm_msgs/myroboticarm_msgs/srv/quater_to_eu.hpp
[0.744s] -- Up-to-date: /home/kuldip/myroboticarm_ws/install/myroboticarm_msgs/include/myroboticarm_msgs/myroboticarm_msgs/srv/add_twoints.hpp
[0.744s] -- Up-to-date: /home/kuldip/myroboticarm_ws/install/myroboticarm_msgs/include/myroboticarm_msgs/myroboticarm_msgs/srv/eu_to_quater.hpp
[0.744s] -- Up-to-date: /home/kuldip/myroboticarm_ws/install/myroboticarm_msgs/include/myroboticarm_msgs/myroboticarm_msgs
[0.744s] -- Up-to-date: /home/kuldip/myroboticarm_ws/install/myroboticarm_msgs/include/myroboticarm_msgs/myroboticarm_msgs/msg
[0.744s] -- Up-to-date: /home/kuldip/myroboticarm_ws/install/myroboticarm_msgs/include/myroboticarm_msgs/myroboticarm_msgs/msg/rosidl_typesupport_fastrtps_cpp__visibility_control.h
[0.745s] -- Up-to-date: /home/kuldip/myroboticarm_ws/install/myroboticarm_msgs/include/myroboticarm_msgs/myroboticarm_msgs/action
[0.745s] -- Up-to-date: /home/kuldip/myroboticarm_ws/install/myroboticarm_msgs/include/myroboticarm_msgs/myroboticarm_msgs/action/detail
[0.745s] -- Up-to-date: /home/kuldip/myroboticarm_ws/install/myroboticarm_msgs/include/myroboticarm_msgs/myroboticarm_msgs/action/detail/fibonacci__rosidl_typesupport_fastrtps_cpp.hpp
[0.745s] -- Up-to-date: /home/kuldip/myroboticarm_ws/install/myroboticarm_msgs/include/myroboticarm_msgs/myroboticarm_msgs/action/detail/dds_fastrtps
[0.745s] -- Up-to-date: /home/kuldip/myroboticarm_ws/install/myroboticarm_msgs/include/myroboticarm_msgs/myroboticarm_msgs/srv
[0.745s] -- Up-to-date: /home/kuldip/myroboticarm_ws/install/myroboticarm_msgs/include/myroboticarm_msgs/myroboticarm_msgs/srv/detail
[0.745s] -- Up-to-date: /home/kuldip/myroboticarm_ws/install/myroboticarm_msgs/include/myroboticarm_msgs/myroboticarm_msgs/srv/detail/eu_to_quater__rosidl_typesupport_fastrtps_cpp.hpp
[0.745s] -- Up-to-date: /home/kuldip/myroboticarm_ws/install/myroboticarm_msgs/include/myroboticarm_msgs/myroboticarm_msgs/srv/detail/quater_to_eu__rosidl_typesupport_fastrtps_cpp.hpp
[0.745s] -- Up-to-date: /home/kuldip/myroboticarm_ws/install/myroboticarm_msgs/include/myroboticarm_msgs/myroboticarm_msgs/srv/detail/add_twoints__rosidl_typesupport_fastrtps_cpp.hpp
[0.745s] -- Up-to-date: /home/kuldip/myroboticarm_ws/install/myroboticarm_msgs/include/myroboticarm_msgs/myroboticarm_msgs/srv/detail/dds_fastrtps
[0.745s] -- Up-to-date: /home/kuldip/myroboticarm_ws/install/myroboticarm_msgs/lib/libmyroboticarm_msgs__rosidl_typesupport_fastrtps_cpp.so
[0.745s] -- Up-to-date: /home/kuldip/myroboticarm_ws/install/myroboticarm_msgs/include/myroboticarm_msgs/myroboticarm_msgs
[0.746s] -- Up-to-date: /home/kuldip/myroboticarm_ws/install/myroboticarm_msgs/include/myroboticarm_msgs/myroboticarm_msgs/msg
[0.746s] -- Up-to-date: /home/kuldip/myroboticarm_ws/install/myroboticarm_msgs/include/myroboticarm_msgs/myroboticarm_msgs/msg/rosidl_typesupport_introspection_c__visibility_control.h
[0.746s] -- Up-to-date: /home/kuldip/myroboticarm_ws/install/myroboticarm_msgs/include/myroboticarm_msgs/myroboticarm_msgs/action
[0.746s] -- Up-to-date: /home/kuldip/myroboticarm_ws/install/myroboticarm_msgs/include/myroboticarm_msgs/myroboticarm_msgs/action/detail
[0.746s] -- Up-to-date: /home/kuldip/myroboticarm_ws/install/myroboticarm_msgs/include/myroboticarm_msgs/myroboticarm_msgs/action/detail/fibonacci__type_support.c
[0.746s] -- Up-to-date: /home/kuldip/myroboticarm_ws/install/myroboticarm_msgs/include/myroboticarm_msgs/myroboticarm_msgs/action/detail/fibonacci__rosidl_typesupport_introspection_c.h
[0.746s] -- Up-to-date: /home/kuldip/myroboticarm_ws/install/myroboticarm_msgs/include/myroboticarm_msgs/myroboticarm_msgs/srv
[0.746s] -- Up-to-date: /home/kuldip/myroboticarm_ws/install/myroboticarm_msgs/include/myroboticarm_msgs/myroboticarm_msgs/srv/detail
[0.746s] -- Up-to-date: /home/kuldip/myroboticarm_ws/install/myroboticarm_msgs/include/myroboticarm_msgs/myroboticarm_msgs/srv/detail/add_twoints__type_support.c
[0.746s] -- Up-to-date: /home/kuldip/myroboticarm_ws/install/myroboticarm_msgs/include/myroboticarm_msgs/myroboticarm_msgs/srv/detail/add_twoints__rosidl_typesupport_introspection_c.h
[0.746s] -- Up-to-date: /home/kuldip/myroboticarm_ws/install/myroboticarm_msgs/include/myroboticarm_msgs/myroboticarm_msgs/srv/detail/eu_to_quater__rosidl_typesupport_introspection_c.h
[0.746s] -- Up-to-date: /home/kuldip/myroboticarm_ws/install/myroboticarm_msgs/include/myroboticarm_msgs/myroboticarm_msgs/srv/detail/quater_to_eu__rosidl_typesupport_introspection_c.h
[0.747s] -- Up-to-date: /home/kuldip/myroboticarm_ws/install/myroboticarm_msgs/include/myroboticarm_msgs/myroboticarm_msgs/srv/detail/eu_to_quater__type_support.c
[0.747s] -- Up-to-date: /home/kuldip/myroboticarm_ws/install/myroboticarm_msgs/include/myroboticarm_msgs/myroboticarm_msgs/srv/detail/quater_to_eu__type_support.c
[0.747s] -- Up-to-date: /home/kuldip/myroboticarm_ws/install/myroboticarm_msgs/lib/libmyroboticarm_msgs__rosidl_typesupport_introspection_c.so
[0.747s] -- Up-to-date: /home/kuldip/myroboticarm_ws/install/myroboticarm_msgs/lib/libmyroboticarm_msgs__rosidl_typesupport_c.so
[0.747s] -- Up-to-date: /home/kuldip/myroboticarm_ws/install/myroboticarm_msgs/include/myroboticarm_msgs/myroboticarm_msgs
[0.747s] -- Up-to-date: /home/kuldip/myroboticarm_ws/install/myroboticarm_msgs/include/myroboticarm_msgs/myroboticarm_msgs/action
[0.747s] -- Up-to-date: /home/kuldip/myroboticarm_ws/install/myroboticarm_msgs/include/myroboticarm_msgs/myroboticarm_msgs/action/detail
[0.747s] -- Up-to-date: /home/kuldip/myroboticarm_ws/install/myroboticarm_msgs/include/myroboticarm_msgs/myroboticarm_msgs/action/detail/fibonacci__type_support.cpp
[0.747s] -- Up-to-date: /home/kuldip/myroboticarm_ws/install/myroboticarm_msgs/include/myroboticarm_msgs/myroboticarm_msgs/action/detail/fibonacci__rosidl_typesupport_introspection_cpp.hpp
[0.747s] -- Up-to-date: /home/kuldip/myroboticarm_ws/install/myroboticarm_msgs/include/myroboticarm_msgs/myroboticarm_msgs/srv
[0.748s] -- Up-to-date: /home/kuldip/myroboticarm_ws/install/myroboticarm_msgs/include/myroboticarm_msgs/myroboticarm_msgs/srv/detail
[0.748s] -- Up-to-date: /home/kuldip/myroboticarm_ws/install/myroboticarm_msgs/include/myroboticarm_msgs/myroboticarm_msgs/srv/detail/quater_to_eu__rosidl_typesupport_introspection_cpp.hpp
[0.748s] -- Up-to-date: /home/kuldip/myroboticarm_ws/install/myroboticarm_msgs/include/myroboticarm_msgs/myroboticarm_msgs/srv/detail/add_twoints__type_support.cpp
[0.748s] -- Up-to-date: /home/kuldip/myroboticarm_ws/install/myroboticarm_msgs/include/myroboticarm_msgs/myroboticarm_msgs/srv/detail/quater_to_eu__type_support.cpp
[0.748s] -- Up-to-date: /home/kuldip/myroboticarm_ws/install/myroboticarm_msgs/include/myroboticarm_msgs/myroboticarm_msgs/srv/detail/eu_to_quater__rosidl_typesupport_introspection_cpp.hpp
[0.748s] -- Up-to-date: /home/kuldip/myroboticarm_ws/install/myroboticarm_msgs/include/myroboticarm_msgs/myroboticarm_msgs/srv/detail/eu_to_quater__type_support.cpp
[0.748s] -- Up-to-date: /home/kuldip/myroboticarm_ws/install/myroboticarm_msgs/include/myroboticarm_msgs/myroboticarm_msgs/srv/detail/add_twoints__rosidl_typesupport_introspection_cpp.hpp
[0.748s] -- Up-to-date: /home/kuldip/myroboticarm_ws/install/myroboticarm_msgs/lib/libmyroboticarm_msgs__rosidl_typesupport_introspection_cpp.so
[0.748s] -- Up-to-date: /home/kuldip/myroboticarm_ws/install/myroboticarm_msgs/lib/libmyroboticarm_msgs__rosidl_typesupport_cpp.so
[0.748s] -- Up-to-date: /home/kuldip/myroboticarm_ws/install/myroboticarm_msgs/share/myroboticarm_msgs/environment/pythonpath.sh
[0.748s] -- Up-to-date: /home/kuldip/myroboticarm_ws/install/myroboticarm_msgs/share/myroboticarm_msgs/environment/pythonpath.dsv
[0.748s] -- Up-to-date: /home/kuldip/myroboticarm_ws/install/myroboticarm_msgs/lib/python3.12/site-packages/myroboticarm_msgs-0.0.0-py3.12.egg-info
[0.748s] -- Installing: /home/kuldip/myroboticarm_ws/install/myroboticarm_msgs/lib/python3.12/site-packages/myroboticarm_msgs-0.0.0-py3.12.egg-info/SOURCES.txt
[0.749s] -- Installing: /home/kuldip/myroboticarm_ws/install/myroboticarm_msgs/lib/python3.12/site-packages/myroboticarm_msgs-0.0.0-py3.12.egg-info/PKG-INFO
[0.749s] -- Installing: /home/kuldip/myroboticarm_ws/install/myroboticarm_msgs/lib/python3.12/site-packages/myroboticarm_msgs-0.0.0-py3.12.egg-info/top_level.txt
[0.749s] -- Installing: /home/kuldip/myroboticarm_ws/install/myroboticarm_msgs/lib/python3.12/site-packages/myroboticarm_msgs-0.0.0-py3.12.egg-info/dependency_links.txt
[0.749s] -- Up-to-date: /home/kuldip/myroboticarm_ws/install/myroboticarm_msgs/lib/python3.12/site-packages/myroboticarm_msgs
[0.749s] -- Up-to-date: /home/kuldip/myroboticarm_ws/install/myroboticarm_msgs/lib/python3.12/site-packages/myroboticarm_msgs/myroboticarm_msgs_s__rosidl_typesupport_introspection_c.so
[0.749s] -- Up-to-date: /home/kuldip/myroboticarm_ws/install/myroboticarm_msgs/lib/python3.12/site-packages/myroboticarm_msgs/__init__.py
[0.749s] -- Up-to-date: /home/kuldip/myroboticarm_ws/install/myroboticarm_msgs/lib/python3.12/site-packages/myroboticarm_msgs/action
[0.749s] -- Up-to-date: /home/kuldip/myroboticarm_ws/install/myroboticarm_msgs/lib/python3.12/site-packages/myroboticarm_msgs/action/_fibonacci.py
[0.749s] -- Up-to-date: /home/kuldip/myroboticarm_ws/install/myroboticarm_msgs/lib/python3.12/site-packages/myroboticarm_msgs/action/__init__.py
[0.749s] -- Up-to-date: /home/kuldip/myroboticarm_ws/install/myroboticarm_msgs/lib/python3.12/site-packages/myroboticarm_msgs/action/_fibonacci_s.c
[0.749s] -- Up-to-date: /home/kuldip/myroboticarm_ws/install/myroboticarm_msgs/lib/python3.12/site-packages/myroboticarm_msgs/_myroboticarm_msgs_s.ep.rosidl_typesupport_fastrtps_c.c
[0.749s] -- Up-to-date: /home/kuldip/myroboticarm_ws/install/myroboticarm_msgs/lib/python3.12/site-packages/myroboticarm_msgs/_myroboticarm_msgs_s.ep.rosidl_typesupport_c.c
[0.749s] -- Up-to-date: /home/kuldip/myroboticarm_ws/install/myroboticarm_msgs/lib/python3.12/site-packages/myroboticarm_msgs/myroboticarm_msgs_s__rosidl_typesupport_c.so
[0.749s] -- Up-to-date: /home/kuldip/myroboticarm_ws/install/myroboticarm_msgs/lib/python3.12/site-packages/myroboticarm_msgs/_myroboticarm_msgs_s.ep.rosidl_typesupport_introspection_c.c
[0.749s] -- Up-to-date: /home/kuldip/myroboticarm_ws/install/myroboticarm_msgs/lib/python3.12/site-packages/myroboticarm_msgs/srv
[0.749s] -- Up-to-date: /home/kuldip/myroboticarm_ws/install/myroboticarm_msgs/lib/python3.12/site-packages/myroboticarm_msgs/srv/_quater_to_eu.py
[0.750s] -- Up-to-date: /home/kuldip/myroboticarm_ws/install/myroboticarm_msgs/lib/python3.12/site-packages/myroboticarm_msgs/srv/__init__.py
[0.750s] -- Up-to-date: /home/kuldip/myroboticarm_ws/install/myroboticarm_msgs/lib/python3.12/site-packages/myroboticarm_msgs/srv/_add_twoints_s.c
[0.750s] -- Up-to-date: /home/kuldip/myroboticarm_ws/install/myroboticarm_msgs/lib/python3.12/site-packages/myroboticarm_msgs/srv/_eu_to_quater_s.c
[0.750s] -- Up-to-date: /home/kuldip/myroboticarm_ws/install/myroboticarm_msgs/lib/python3.12/site-packages/myroboticarm_msgs/srv/_quater_to_eu_s.c
[0.750s] -- Up-to-date: /home/kuldip/myroboticarm_ws/install/myroboticarm_msgs/lib/python3.12/site-packages/myroboticarm_msgs/srv/_add_twoints.py
[0.750s] -- Up-to-date: /home/kuldip/myroboticarm_ws/install/myroboticarm_msgs/lib/python3.12/site-packages/myroboticarm_msgs/srv/_eu_to_quater.py
[0.750s] -- Up-to-date: /home/kuldip/myroboticarm_ws/install/myroboticarm_msgs/lib/python3.12/site-packages/myroboticarm_msgs/myroboticarm_msgs_s__rosidl_typesupport_fastrtps_c.so
[0.803s] Listing '/home/kuldip/myroboticarm_ws/install/myroboticarm_msgs/lib/python3.12/site-packages/myroboticarm_msgs'...
[0.803s] Listing '/home/kuldip/myroboticarm_ws/install/myroboticarm_msgs/lib/python3.12/site-packages/myroboticarm_msgs/action'...
[0.804s] Listing '/home/kuldip/myroboticarm_ws/install/myroboticarm_msgs/lib/python3.12/site-packages/myroboticarm_msgs/srv'...
[0.814s] -- Up-to-date: /home/kuldip/myroboticarm_ws/install/myroboticarm_msgs/lib/python3.12/site-packages/myroboticarm_msgs/myroboticarm_msgs_s__rosidl_typesupport_fastrtps_c.so
[0.814s] -- Up-to-date: /home/kuldip/myroboticarm_ws/install/myroboticarm_msgs/lib/python3.12/site-packages/myroboticarm_msgs/myroboticarm_msgs_s__rosidl_typesupport_introspection_c.so
[0.814s] -- Up-to-date: /home/kuldip/myroboticarm_ws/install/myroboticarm_msgs/lib/python3.12/site-packages/myroboticarm_msgs/myroboticarm_msgs_s__rosidl_typesupport_c.so
[0.815s] -- Up-to-date: /home/kuldip/myroboticarm_ws/install/myroboticarm_msgs/lib/libmyroboticarm_msgs__rosidl_generator_py.so
[0.815s] -- Up-to-date: /home/kuldip/myroboticarm_ws/install/myroboticarm_msgs/share/myroboticarm_msgs/srv/AddTwoints.idl
[0.816s] -- Up-to-date: /home/kuldip/myroboticarm_ws/install/myroboticarm_msgs/share/myroboticarm_msgs/srv/EuToQuater.idl
[0.816s] -- Up-to-date: /home/kuldip/myroboticarm_ws/install/myroboticarm_msgs/share/myroboticarm_msgs/srv/QuaterToEu.idl
[0.816s] -- Up-to-date: /home/kuldip/myroboticarm_ws/install/myroboticarm_msgs/share/myroboticarm_msgs/action/Fibonacci.idl
[0.816s] -- Up-to-date: /home/kuldip/myroboticarm_ws/install/myroboticarm_msgs/share/myroboticarm_msgs/srv/AddTwoints.srv
[0.816s] -- Up-to-date: /home/kuldip/myroboticarm_ws/install/myroboticarm_msgs/share/myroboticarm_msgs/srv/EuToQuater.srv
[0.816s] -- Up-to-date: /home/kuldip/myroboticarm_ws/install/myroboticarm_msgs/share/myroboticarm_msgs/srv/QuaterToEu.srv
[0.817s] -- Up-to-date: /home/kuldip/myroboticarm_ws/install/myroboticarm_msgs/share/myroboticarm_msgs/action/Fibonacci.action
[0.817s] -- Up-to-date: /home/kuldip/myroboticarm_ws/install/myroboticarm_msgs/share/ament_index/resource_index/package_run_dependencies/myroboticarm_msgs
[0.817s] -- Up-to-date: /home/kuldip/myroboticarm_ws/install/myroboticarm_msgs/share/ament_index/resource_index/parent_prefix_path/myroboticarm_msgs
[0.817s] -- Up-to-date: /home/kuldip/myroboticarm_ws/install/myroboticarm_msgs/share/myroboticarm_msgs/environment/ament_prefix_path.sh
[0.817s] -- Up-to-date: /home/kuldip/myroboticarm_ws/install/myroboticarm_msgs/share/myroboticarm_msgs/environment/ament_prefix_path.dsv
[0.817s] -- Up-to-date: /home/kuldip/myroboticarm_ws/install/myroboticarm_msgs/share/myroboticarm_msgs/environment/path.sh
[0.818s] -- Up-to-date: /home/kuldip/myroboticarm_ws/install/myroboticarm_msgs/share/myroboticarm_msgs/environment/path.dsv
[0.818s] -- Up-to-date: /home/kuldip/myroboticarm_ws/install/myroboticarm_msgs/share/myroboticarm_msgs/local_setup.bash
[0.818s] -- Up-to-date: /home/kuldip/myroboticarm_ws/install/myroboticarm_msgs/share/myroboticarm_msgs/local_setup.sh
[0.818s] -- Up-to-date: /home/kuldip/myroboticarm_ws/install/myroboticarm_msgs/share/myroboticarm_msgs/local_setup.zsh
[0.818s] -- Up-to-date: /home/kuldip/myroboticarm_ws/install/myroboticarm_msgs/share/myroboticarm_msgs/local_setup.dsv
[0.819s] -- Installing: /home/kuldip/myroboticarm_ws/install/myroboticarm_msgs/share/myroboticarm_msgs/package.dsv
[0.819s] -- Up-to-date: /home/kuldip/myroboticarm_ws/install/myroboticarm_msgs/share/ament_index/resource_index/packages/myroboticarm_msgs
[0.819s] -- Up-to-date: /home/kuldip/myroboticarm_ws/install/myroboticarm_msgs/share/myroboticarm_msgs/cmake/export_myroboticarm_msgs__rosidl_generator_cExport.cmake
[0.819s] -- Up-to-date: /home/kuldip/myroboticarm_ws/install/myroboticarm_msgs/share/myroboticarm_msgs/cmake/export_myroboticarm_msgs__rosidl_generator_cExport-noconfig.cmake
[0.819s] -- Up-to-date: /home/kuldip/myroboticarm_ws/install/myroboticarm_msgs/share/myroboticarm_msgs/cmake/export_myroboticarm_msgs__rosidl_typesupport_fastrtps_cExport.cmake
[0.819s] -- Up-to-date: /home/kuldip/myroboticarm_ws/install/myroboticarm_msgs/share/myroboticarm_msgs/cmake/export_myroboticarm_msgs__rosidl_typesupport_fastrtps_cExport-noconfig.cmake
[0.820s] -- Up-to-date: /home/kuldip/myroboticarm_ws/install/myroboticarm_msgs/share/myroboticarm_msgs/cmake/export_myroboticarm_msgs__rosidl_generator_cppExport.cmake
[0.820s] -- Up-to-date: /home/kuldip/myroboticarm_ws/install/myroboticarm_msgs/share/myroboticarm_msgs/cmake/export_myroboticarm_msgs__rosidl_typesupport_fastrtps_cppExport.cmake
[0.820s] -- Up-to-date: /home/kuldip/myroboticarm_ws/install/myroboticarm_msgs/share/myroboticarm_msgs/cmake/export_myroboticarm_msgs__rosidl_typesupport_fastrtps_cppExport-noconfig.cmake
[0.820s] -- Up-to-date: /home/kuldip/myroboticarm_ws/install/myroboticarm_msgs/share/myroboticarm_msgs/cmake/myroboticarm_msgs__rosidl_typesupport_introspection_cExport.cmake
[0.820s] -- Up-to-date: /home/kuldip/myroboticarm_ws/install/myroboticarm_msgs/share/myroboticarm_msgs/cmake/myroboticarm_msgs__rosidl_typesupport_introspection_cExport-noconfig.cmake
[0.820s] -- Up-to-date: /home/kuldip/myroboticarm_ws/install/myroboticarm_msgs/share/myroboticarm_msgs/cmake/myroboticarm_msgs__rosidl_typesupport_cExport.cmake
[0.820s] -- Up-to-date: /home/kuldip/myroboticarm_ws/install/myroboticarm_msgs/share/myroboticarm_msgs/cmake/myroboticarm_msgs__rosidl_typesupport_cExport-noconfig.cmake
[0.821s] -- Up-to-date: /home/kuldip/myroboticarm_ws/install/myroboticarm_msgs/share/myroboticarm_msgs/cmake/myroboticarm_msgs__rosidl_typesupport_introspection_cppExport.cmake
[0.821s] -- Up-to-date: /home/kuldip/myroboticarm_ws/install/myroboticarm_msgs/share/myroboticarm_msgs/cmake/myroboticarm_msgs__rosidl_typesupport_introspection_cppExport-noconfig.cmake
[0.821s] -- Up-to-date: /home/kuldip/myroboticarm_ws/install/myroboticarm_msgs/share/myroboticarm_msgs/cmake/myroboticarm_msgs__rosidl_typesupport_cppExport.cmake
[0.821s] -- Up-to-date: /home/kuldip/myroboticarm_ws/install/myroboticarm_msgs/share/myroboticarm_msgs/cmake/myroboticarm_msgs__rosidl_typesupport_cppExport-noconfig.cmake
[0.821s] -- Up-to-date: /home/kuldip/myroboticarm_ws/install/myroboticarm_msgs/share/myroboticarm_msgs/cmake/export_myroboticarm_msgs__rosidl_generator_pyExport.cmake
[0.821s] -- Up-to-date: /home/kuldip/myroboticarm_ws/install/myroboticarm_msgs/share/myroboticarm_msgs/cmake/export_myroboticarm_msgs__rosidl_generator_pyExport-noconfig.cmake
[0.821s] -- Up-to-date: /home/kuldip/myroboticarm_ws/install/myroboticarm_msgs/share/myroboticarm_msgs/cmake/rosidl_cmake-extras.cmake
[0.822s] -- Up-to-date: /home/kuldip/myroboticarm_ws/install/myroboticarm_msgs/share/myroboticarm_msgs/cmake/ament_cmake_export_dependencies-extras.cmake
[0.822s] -- Up-to-date: /home/kuldip/myroboticarm_ws/install/myroboticarm_msgs/share/myroboticarm_msgs/cmake/ament_cmake_export_include_directories-extras.cmake
[0.822s] -- Up-to-date: /home/kuldip/myroboticarm_ws/install/myroboticarm_msgs/share/myroboticarm_msgs/cmake/ament_cmake_export_libraries-extras.cmake
[0.822s] -- Up-to-date: /home/kuldip/myroboticarm_ws/install/myroboticarm_msgs/share/myroboticarm_msgs/cmake/ament_cmake_export_targets-extras.cmake
[0.822s] -- Up-to-date: /home/kuldip/myroboticarm_ws/install/myroboticarm_msgs/share/myroboticarm_msgs/cmake/rosidl_cmake_export_typesupport_targets-extras.cmake
[0.822s] -- Up-to-date: /home/kuldip/myroboticarm_ws/install/myroboticarm_msgs/share/myroboticarm_msgs/cmake/rosidl_cmake_export_typesupport_libraries-extras.cmake
[0.822s] -- Up-to-date: /home/kuldip/myroboticarm_ws/install/myroboticarm_msgs/share/myroboticarm_msgs/cmake/myroboticarm_msgsConfig.cmake
[0.822s] -- Up-to-date: /home/kuldip/myroboticarm_ws/install/myroboticarm_msgs/share/myroboticarm_msgs/cmake/myroboticarm_msgsConfig-version.cmake
[0.822s] -- Up-to-date: /home/kuldip/myroboticarm_ws/install/myroboticarm_msgs/share/myroboticarm_msgs/package.xml
[0.823s] Invoked command in '/home/kuldip/myroboticarm_ws/build/myroboticarm_msgs' returned '0': CMAKE_PREFIX_PATH=${CMAKE_PREFIX_PATH}:/home/kuldip/myroboticarm_ws/install/myroboticarm_description:/home/kuldip/myroboticarm_ws/install/myroboticarm:/home/kuldip/arduinobot_ws/install/arduinobot_py_examples:/home/kuldip/myroboticarm_ws/src/install/myroboticarm:/opt/ros/jazzy DEBUGINFOD_URLS=https://debuginfod.ubuntu.com /usr/bin/cmake --install /home/kuldip/myroboticarm_ws/build/myroboticarm_msgs
