Built target ament_cmake_python_copy_myroboticarm_utils
running egg_info
writing myroboticarm_utils.egg-info/PKG-INFO
writing dependency_links to myroboticarm_utils.egg-info/dependency_links.txt
writing top-level names to myroboticarm_utils.egg-info/top_level.txt
reading manifest file 'myroboticarm_utils.egg-info/SOURCES.txt'
writing manifest file 'myroboticarm_utils.egg-info/SOURCES.txt'
Built target ament_cmake_python_build_myroboticarm_utils_egg
-- Install configuration: ""
-- Up-to-date: /home/kuldip/myroboticarm_ws/install/myroboticarm_utils/share/myroboticarm_utils/environment/pythonpath.sh
-- Up-to-date: /home/kuldip/myroboticarm_ws/install/myroboticarm_utils/share/myroboticarm_utils/environment/pythonpath.dsv
-- Up-to-date: /home/kuldip/myroboticarm_ws/install/myroboticarm_utils/lib/python3.12/site-packages/myroboticarm_utils-0.0.0-py3.12.egg-info
-- Installing: /home/kuldip/myroboticarm_ws/install/myroboticarm_utils/lib/python3.12/site-packages/myroboticarm_utils-0.0.0-py3.12.egg-info/SOURCES.txt
-- Installing: /home/kuldip/myroboticarm_ws/install/myroboticarm_utils/lib/python3.12/site-packages/myroboticarm_utils-0.0.0-py3.12.egg-info/PKG-INFO
-- Installing: /home/kuldip/myroboticarm_ws/install/myroboticarm_utils/lib/python3.12/site-packages/myroboticarm_utils-0.0.0-py3.12.egg-info/top_level.txt
-- Installing: /home/kuldip/myroboticarm_ws/install/myroboticarm_utils/lib/python3.12/site-packages/myroboticarm_utils-0.0.0-py3.12.egg-info/dependency_links.txt
-- Up-to-date: /home/kuldip/myroboticarm_ws/install/myroboticarm_utils/lib/python3.12/site-packages/myroboticarm_utils
-- Up-to-date: /home/kuldip/myroboticarm_ws/install/myroboticarm_utils/lib/python3.12/site-packages/myroboticarm_utils/__init__.py
-- Installing: /home/kuldip/myroboticarm_ws/install/myroboticarm_utils/lib/python3.12/site-packages/myroboticarm_utils/angle_conversion.py
Listing '/home/kuldip/myroboticarm_ws/install/myroboticarm_utils/lib/python3.12/site-packages/myroboticarm_utils'...
Compiling '/home/kuldip/myroboticarm_ws/install/myroboticarm_utils/lib/python3.12/site-packages/myroboticarm_utils/angle_conversion.py'...
-- Installing: /home/kuldip/myroboticarm_ws/install/myroboticarm_utils/lib/myroboticarm_utils/angle_conversion.py
-- Up-to-date: /home/kuldip/myroboticarm_ws/install/myroboticarm_utils/share/ament_index/resource_index/package_run_dependencies/myroboticarm_utils
-- Up-to-date: /home/kuldip/myroboticarm_ws/install/myroboticarm_utils/share/ament_index/resource_index/parent_prefix_path/myroboticarm_utils
-- Up-to-date: /home/kuldip/myroboticarm_ws/install/myroboticarm_utils/share/myroboticarm_utils/environment/ament_prefix_path.sh
-- Up-to-date: /home/kuldip/myroboticarm_ws/install/myroboticarm_utils/share/myroboticarm_utils/environment/ament_prefix_path.dsv
-- Up-to-date: /home/kuldip/myroboticarm_ws/install/myroboticarm_utils/share/myroboticarm_utils/environment/path.sh
-- Up-to-date: /home/kuldip/myroboticarm_ws/install/myroboticarm_utils/share/myroboticarm_utils/environment/path.dsv
-- Up-to-date: /home/kuldip/myroboticarm_ws/install/myroboticarm_utils/share/myroboticarm_utils/local_setup.bash
-- Up-to-date: /home/kuldip/myroboticarm_ws/install/myroboticarm_utils/share/myroboticarm_utils/local_setup.sh
-- Up-to-date: /home/kuldip/myroboticarm_ws/install/myroboticarm_utils/share/myroboticarm_utils/local_setup.zsh
-- Up-to-date: /home/kuldip/myroboticarm_ws/install/myroboticarm_utils/share/myroboticarm_utils/local_setup.dsv
-- Installing: /home/kuldip/myroboticarm_ws/install/myroboticarm_utils/share/myroboticarm_utils/package.dsv
-- Up-to-date: /home/kuldip/myroboticarm_ws/install/myroboticarm_utils/share/ament_index/resource_index/packages/myroboticarm_utils
-- Up-to-date: /home/kuldip/myroboticarm_ws/install/myroboticarm_utils/share/myroboticarm_utils/cmake/myroboticarm_utilsConfig.cmake
-- Up-to-date: /home/kuldip/myroboticarm_ws/install/myroboticarm_utils/share/myroboticarm_utils/cmake/myroboticarm_utilsConfig-version.cmake
-- Up-to-date: /home/kuldip/myroboticarm_ws/install/myroboticarm_utils/share/myroboticarm_utils/package.xml
