[0.619s] Invoking command in '/home/kuldip/myroboticarm_ws/src/myroboticarm': DEBUGINFOD_URLS=https://debuginfod.ubuntu.com PYTHONPATH=/home/kuldip/myroboticarm_ws/build/myroboticarm/prefix_override:/usr/lib/python3/dist-packages/colcon_core/task/python/colcon_distutils_commands:/home/kuldip/myroboticarm_ws/install/myroboticarm/lib/python3.12/site-packages:${PYTHONPATH} /usr/bin/python3 -W ignore:setup.py install is deprecated -W ignore:easy_install command is deprecated setup.py egg_info --egg-base ../../build/myroboticarm build --build-base /home/kuldip/myroboticarm_ws/build/myroboticarm/build install --record /home/kuldip/myroboticarm_ws/build/myroboticarm/install.log --single-version-externally-managed install_data
[0.794s] running egg_info
[0.807s] writing ../../build/myroboticarm/myroboticarm.egg-info/PKG-INFO
[0.807s] writing dependency_links to ../../build/myroboticarm/myroboticarm.egg-info/dependency_links.txt
[0.807s] writing entry points to ../../build/myroboticarm/myroboticarm.egg-info/entry_points.txt
[0.808s] writing requirements to ../../build/myroboticarm/myroboticarm.egg-info/requires.txt
[0.808s] writing top-level names to ../../build/myroboticarm/myroboticarm.egg-info/top_level.txt
[0.832s] reading manifest file '../../build/myroboticarm/myroboticarm.egg-info/SOURCES.txt'
[0.832s] writing manifest file '../../build/myroboticarm/myroboticarm.egg-info/SOURCES.txt'
[0.832s] running build
[0.832s] running build_py
[0.832s] running install
[0.837s] running install_lib
[0.849s] running install_data
[0.849s] running install_egg_info
[0.862s] removing '/home/kuldip/myroboticarm_ws/install/myroboticarm/lib/python3.12/site-packages/myroboticarm-0.0.0-py3.12.egg-info' (and everything under it)
[0.862s] Copying ../../build/myroboticarm/myroboticarm.egg-info to /home/kuldip/myroboticarm_ws/install/myroboticarm/lib/python3.12/site-packages/myroboticarm-0.0.0-py3.12.egg-info
[0.862s] running install_scripts
[0.956s] Installing simple_action_client script to /home/kuldip/myroboticarm_ws/install/myroboticarm/lib/myroboticarm
[0.956s] Installing simple_action_server script to /home/kuldip/myroboticarm_ws/install/myroboticarm/lib/myroboticarm
[0.956s] Installing simple_moveit_interface script to /home/kuldip/myroboticarm_ws/install/myroboticarm/lib/myroboticarm
[0.956s] Installing simple_parameter script to /home/kuldip/myroboticarm_ws/install/myroboticarm/lib/myroboticarm
[0.956s] Installing simple_publisher script to /home/kuldip/myroboticarm_ws/install/myroboticarm/lib/myroboticarm
[0.956s] Installing simple_service_client script to /home/kuldip/myroboticarm_ws/install/myroboticarm/lib/myroboticarm
[0.956s] Installing simple_service_server script to /home/kuldip/myroboticarm_ws/install/myroboticarm/lib/myroboticarm
[0.956s] Installing simple_subscriber script to /home/kuldip/myroboticarm_ws/install/myroboticarm/lib/myroboticarm
[0.957s] writing list of installed files to '/home/kuldip/myroboticarm_ws/build/myroboticarm/install.log'
[0.982s] Invoked command in '/home/kuldip/myroboticarm_ws/src/myroboticarm' returned '0': DEBUGINFOD_URLS=https://debuginfod.ubuntu.com PYTHONPATH=/home/kuldip/myroboticarm_ws/build/myroboticarm/prefix_override:/usr/lib/python3/dist-packages/colcon_core/task/python/colcon_distutils_commands:/home/kuldip/myroboticarm_ws/install/myroboticarm/lib/python3.12/site-packages:${PYTHONPATH} /usr/bin/python3 -W ignore:setup.py install is deprecated -W ignore:easy_install command is deprecated setup.py egg_info --egg-base ../../build/myroboticarm build --build-base /home/kuldip/myroboticarm_ws/build/myroboticarm/build install --record /home/kuldip/myroboticarm_ws/build/myroboticarm/install.log --single-version-externally-managed install_data
