[0.154s] Invoking command in '/home/kuldip/myroboticarm_ws/build/myroboticarm_cpp': CMAKE_PREFIX_PATH=/home/kuldip/ros2_ws/install/my_robot_controller:/opt/ros/humble /usr/bin/cmake /home/kuldip/myroboticarm_ws/src/myroboticarm_cpp -DCMAKE_INSTALL_PREFIX=/home/kuldip/myroboticarm_ws/install/myroboticarm_cpp
[0.221s] -- The C compiler identification is GNU 11.4.0
[0.269s] -- The CXX compiler identification is GNU 11.4.0
[0.276s] -- Detecting C compiler ABI info
[0.328s] -- Detecting C compiler ABI info - done
[0.334s] -- Check for working C compiler: /usr/bin/cc - skipped
[0.334s] -- Detecting C compile features
[0.334s] -- Detecting C compile features - done
[0.336s] -- Detecting CXX compiler ABI info
[0.395s] -- Detecting CXX compiler ABI info - done
[0.402s] -- Check for working CXX compiler: /usr/bin/c++ - skipped
[0.402s] -- Detecting CXX compile features
[0.403s] -- Detecting CXX compile features - done
[0.408s] -- Found ament_cmake: 1.3.11 (/opt/ros/humble/share/ament_cmake/cmake)
[0.516s] -- Found Python3: /usr/bin/python3 (found version "3.10.12") found components: Interpreter 
[0.581s] -- Found ament_lint_auto: 0.12.12 (/opt/ros/humble/share/ament_lint_auto/cmake)
[0.632s] -- Added test 'lint_cmake' to check CMake code style
[0.633s] -- Added test 'xmllint' to check XML markup files
[0.634s] -- Configuring done
[0.635s] -- Generating done
[0.636s] -- Build files have been written to: /home/kuldip/myroboticarm_ws/build/myroboticarm_cpp
[0.639s] Invoked command in '/home/kuldip/myroboticarm_ws/build/myroboticarm_cpp' returned '0': CMAKE_PREFIX_PATH=/home/kuldip/ros2_ws/install/my_robot_controller:/opt/ros/humble /usr/bin/cmake /home/kuldip/myroboticarm_ws/src/myroboticarm_cpp -DCMAKE_INSTALL_PREFIX=/home/kuldip/myroboticarm_ws/install/myroboticarm_cpp
[0.640s] Invoking command in '/home/kuldip/myroboticarm_ws/build/myroboticarm_cpp': CMAKE_PREFIX_PATH=/home/kuldip/ros2_ws/install/my_robot_controller:/opt/ros/humble /usr/bin/cmake --build /home/kuldip/myroboticarm_ws/build/myroboticarm_cpp -- -j12 -l12
[0.667s] Invoked command in '/home/kuldip/myroboticarm_ws/build/myroboticarm_cpp' returned '0': CMAKE_PREFIX_PATH=/home/kuldip/ros2_ws/install/my_robot_controller:/opt/ros/humble /usr/bin/cmake --build /home/kuldip/myroboticarm_ws/build/myroboticarm_cpp -- -j12 -l12
[0.675s] Invoking command in '/home/kuldip/myroboticarm_ws/build/myroboticarm_cpp': CMAKE_PREFIX_PATH=/home/kuldip/ros2_ws/install/my_robot_controller:/opt/ros/humble /usr/bin/cmake --install /home/kuldip/myroboticarm_ws/build/myroboticarm_cpp
[0.680s] -- Install configuration: ""
[0.680s] -- Installing: /home/kuldip/myroboticarm_ws/install/myroboticarm_cpp/share/ament_index/resource_index/package_run_dependencies/myroboticarm_cpp
[0.680s] -- Installing: /home/kuldip/myroboticarm_ws/install/myroboticarm_cpp/share/ament_index/resource_index/parent_prefix_path/myroboticarm_cpp
[0.680s] -- Installing: /home/kuldip/myroboticarm_ws/install/myroboticarm_cpp/share/myroboticarm_cpp/environment/ament_prefix_path.sh
[0.680s] -- Installing: /home/kuldip/myroboticarm_ws/install/myroboticarm_cpp/share/myroboticarm_cpp/environment/ament_prefix_path.dsv
[0.680s] -- Installing: /home/kuldip/myroboticarm_ws/install/myroboticarm_cpp/share/myroboticarm_cpp/environment/path.sh
[0.680s] -- Installing: /home/kuldip/myroboticarm_ws/install/myroboticarm_cpp/share/myroboticarm_cpp/environment/path.dsv
[0.681s] -- Installing: /home/kuldip/myroboticarm_ws/install/myroboticarm_cpp/share/myroboticarm_cpp/local_setup.bash
[0.681s] -- Installing: /home/kuldip/myroboticarm_ws/install/myroboticarm_cpp/share/myroboticarm_cpp/local_setup.sh
[0.681s] -- Installing: /home/kuldip/myroboticarm_ws/install/myroboticarm_cpp/share/myroboticarm_cpp/local_setup.zsh
[0.681s] -- Installing: /home/kuldip/myroboticarm_ws/install/myroboticarm_cpp/share/myroboticarm_cpp/local_setup.dsv
[0.681s] -- Installing: /home/kuldip/myroboticarm_ws/install/myroboticarm_cpp/share/myroboticarm_cpp/package.dsv
[0.681s] -- Installing: /home/kuldip/myroboticarm_ws/install/myroboticarm_cpp/share/ament_index/resource_index/packages/myroboticarm_cpp
[0.681s] -- Installing: /home/kuldip/myroboticarm_ws/install/myroboticarm_cpp/share/myroboticarm_cpp/cmake/myroboticarm_cppConfig.cmake
[0.681s] -- Installing: /home/kuldip/myroboticarm_ws/install/myroboticarm_cpp/share/myroboticarm_cpp/cmake/myroboticarm_cppConfig-version.cmake
[0.681s] -- Installing: /home/kuldip/myroboticarm_ws/install/myroboticarm_cpp/share/myroboticarm_cpp/package.xml
[0.682s] Invoked command in '/home/kuldip/myroboticarm_ws/build/myroboticarm_cpp' returned '0': CMAKE_PREFIX_PATH=/home/kuldip/ros2_ws/install/my_robot_controller:/opt/ros/humble /usr/bin/cmake --install /home/kuldip/myroboticarm_ws/build/myroboticarm_cpp
