-- Found ament_cmake: 2.5.4 (/opt/ros/jazzy/share/ament_cmake/cmake)
-- Found ament_lint_auto: 0.17.2 (/opt/ros/jazzy/share/ament_lint_auto/cmake)
-- Added test 'flake8' to check Python code syntax and style conventions
-- Configured 'flake8' exclude dirs and/or files: 
-- Added test 'lint_cmake' to check CMake code style
-- Added test 'pep257' to check Python code against some of the docstring style conventions in PEP 257
-- Added test 'xmllint' to check XML markup files
-- Configuring done (0.3s)
-- Generating done (0.0s)
-- Build files have been written to: /home/kuldip/myroboticarm_ws/build/myroboticarm_controller
-- Install configuration: ""
-- Up-to-date: /home/kuldip/myroboticarm_ws/install/myroboticarm_controller/share/myroboticarm_controller/config
-- Installing: /home/kuldip/myroboticarm_ws/install/myroboticarm_controller/share/myroboticarm_controller/config/myroboticarm_controller.yaml
-- Up-to-date: /home/kuldip/myroboticarm_ws/install/myroboticarm_controller/share/myroboticarm_controller/launch
-- Up-to-date: /home/kuldip/myroboticarm_ws/install/myroboticarm_controller/share/myroboticarm_controller/launch/controller.launch.py
[31mCMake Error at cmake_install.cmake:53 (file):
  file INSTALL cannot find
  "/home/kuldip/myroboticarm_ws/src/myroboticarm_controller/myroboticarm_controller/slider_control.py":
  No such file or directory.

[0m
