[0.144s] Invoking command in '/home/kuldip/myroboticarm_ws/build/myroboticarm_controller': CMAKE_PREFIX_PATH=${CMAKE_PREFIX_PATH}:/home/kuldip/myroboticarm_ws/src/install/myroboticarm:/home/kuldip/myroboticarm_ws/install/myroboticarm_description:/home/kuldip/myroboticarm_ws/install/myroboticarm:/home/kuldip/arduinobot_ws/install/arduinobot_py_examples:/opt/ros/jazzy DEBUGINFOD_URLS=https://debuginfod.ubuntu.com /usr/bin/cmake --build /home/kuldip/myroboticarm_ws/build/myroboticarm_controller -- -j12 -l12
[0.171s] -- Found ament_cmake: 2.5.4 (/opt/ros/jazzy/share/ament_cmake/cmake)
[0.348s] -- Found ament_lint_auto: 0.17.2 (/opt/ros/jazzy/share/ament_lint_auto/cmake)
[0.420s] -- Added test 'flake8' to check Python code syntax and style conventions
[0.421s] -- Configured 'flake8' exclude dirs and/or files: 
[0.421s] -- Added test 'lint_cmake' to check CMake code style
[0.421s] -- Added test 'pep257' to check Python code against some of the docstring style conventions in PEP 257
[0.422s] -- Added test 'xmllint' to check XML markup files
[0.422s] -- Configuring done (0.3s)
[0.425s] -- Generating done (0.0s)
[0.426s] -- Build files have been written to: /home/kuldip/myroboticarm_ws/build/myroboticarm_controller
[0.443s] Invoked command in '/home/kuldip/myroboticarm_ws/build/myroboticarm_controller' returned '0': CMAKE_PREFIX_PATH=${CMAKE_PREFIX_PATH}:/home/kuldip/myroboticarm_ws/src/install/myroboticarm:/home/kuldip/myroboticarm_ws/install/myroboticarm_description:/home/kuldip/myroboticarm_ws/install/myroboticarm:/home/kuldip/arduinobot_ws/install/arduinobot_py_examples:/opt/ros/jazzy DEBUGINFOD_URLS=https://debuginfod.ubuntu.com /usr/bin/cmake --build /home/kuldip/myroboticarm_ws/build/myroboticarm_controller -- -j12 -l12
[0.443s] Invoking command in '/home/kuldip/myroboticarm_ws/build/myroboticarm_controller': CMAKE_PREFIX_PATH=${CMAKE_PREFIX_PATH}:/home/kuldip/myroboticarm_ws/src/install/myroboticarm:/home/kuldip/myroboticarm_ws/install/myroboticarm_description:/home/kuldip/myroboticarm_ws/install/myroboticarm:/home/kuldip/arduinobot_ws/install/arduinobot_py_examples:/opt/ros/jazzy DEBUGINFOD_URLS=https://debuginfod.ubuntu.com /usr/bin/cmake --install /home/kuldip/myroboticarm_ws/build/myroboticarm_controller
[0.448s] -- Install configuration: ""
[0.449s] -- Up-to-date: /home/kuldip/myroboticarm_ws/install/myroboticarm_controller/share/myroboticarm_controller/config
[0.449s] -- Installing: /home/kuldip/myroboticarm_ws/install/myroboticarm_controller/share/myroboticarm_controller/config/myroboticarm_controller.yaml
[0.449s] -- Up-to-date: /home/kuldip/myroboticarm_ws/install/myroboticarm_controller/share/myroboticarm_controller/launch
[0.449s] -- Up-to-date: /home/kuldip/myroboticarm_ws/install/myroboticarm_controller/share/myroboticarm_controller/launch/controller.launch.py
[0.449s] [31mCMake Error at cmake_install.cmake:53 (file):
[0.449s]   file INSTALL cannot find
[0.449s]   "/home/kuldip/myroboticarm_ws/src/myroboticarm_controller/myroboticarm_controller/slider_control.py":
[0.449s]   No such file or directory.
[0.450s] 
[0.450s] [0m
[0.450s] Invoked command in '/home/kuldip/myroboticarm_ws/build/myroboticarm_controller' returned '1': CMAKE_PREFIX_PATH=${CMAKE_PREFIX_PATH}:/home/kuldip/myroboticarm_ws/src/install/myroboticarm:/home/kuldip/myroboticarm_ws/install/myroboticarm_description:/home/kuldip/myroboticarm_ws/install/myroboticarm:/home/kuldip/arduinobot_ws/install/arduinobot_py_examples:/opt/ros/jazzy DEBUGINFOD_URLS=https://debuginfod.ubuntu.com /usr/bin/cmake --install /home/kuldip/myroboticarm_ws/build/myroboticarm_controller
