-- Found ament_cmake: 2.5.4 (/opt/ros/jazzy/share/ament_cmake/cmake)
-- Found rclpy: 7.1.4 (/opt/ros/jazzy/share/rclpy/cmake)
-- Found ament_lint_auto: 0.17.2 (/opt/ros/jazzy/share/ament_lint_auto/cmake)
-- Added test 'flake8' to check Python code syntax and style conventions
-- Configured 'flake8' exclude dirs and/or files: 
-- Added test 'lint_cmake' to check CMake code style
-- Added test 'pep257' to check Python code against some of the docstring style conventions in PEP 257
-- Added test 'xmllint' to check XML markup files
-- Configuring done (0.3s)
-- Generating done (0.0s)
-- Build files have been written to: /home/kuldip/myroboticarm_ws/build/myroboticarm_remote
Built target ament_cmake_python_copy_myroboticarm_remote
running egg_info
creating myroboticarm_remote.egg-info
writing myroboticarm_remote.egg-info/PKG-INFO
writing dependency_links to myroboticarm_remote.egg-info/dependency_links.txt
writing top-level names to myroboticarm_remote.egg-info/top_level.txt
writing manifest file 'myroboticarm_remote.egg-info/SOURCES.txt'
reading manifest file 'myroboticarm_remote.egg-info/SOURCES.txt'
writing manifest file 'myroboticarm_remote.egg-info/SOURCES.txt'
Built target ament_cmake_python_build_myroboticarm_remote_egg
-- Install configuration: ""
-- Installing: /home/kuldip/myroboticarm_ws/install/myroboticarm_remote/share/myroboticarm_remote/environment/pythonpath.sh
-- Installing: /home/kuldip/myroboticarm_ws/install/myroboticarm_remote/share/myroboticarm_remote/environment/pythonpath.dsv
-- Installing: /home/kuldip/myroboticarm_ws/install/myroboticarm_remote/lib/python3.12/site-packages/myroboticarm_remote-0.0.0-py3.12.egg-info
-- Installing: /home/kuldip/myroboticarm_ws/install/myroboticarm_remote/lib/python3.12/site-packages/myroboticarm_remote-0.0.0-py3.12.egg-info/SOURCES.txt
-- Installing: /home/kuldip/myroboticarm_ws/install/myroboticarm_remote/lib/python3.12/site-packages/myroboticarm_remote-0.0.0-py3.12.egg-info/PKG-INFO
-- Installing: /home/kuldip/myroboticarm_ws/install/myroboticarm_remote/lib/python3.12/site-packages/myroboticarm_remote-0.0.0-py3.12.egg-info/top_level.txt
-- Installing: /home/kuldip/myroboticarm_ws/install/myroboticarm_remote/lib/python3.12/site-packages/myroboticarm_remote-0.0.0-py3.12.egg-info/dependency_links.txt
-- Installing: /home/kuldip/myroboticarm_ws/install/myroboticarm_remote/lib/python3.12/site-packages/myroboticarm_remote
-- Installing: /home/kuldip/myroboticarm_ws/install/myroboticarm_remote/lib/python3.12/site-packages/myroboticarm_remote/__init__.py
-- Installing: /home/kuldip/myroboticarm_ws/install/myroboticarm_remote/lib/python3.12/site-packages/myroboticarm_remote/task_server.py
Listing '/home/kuldip/myroboticarm_ws/install/myroboticarm_remote/lib/python3.12/site-packages/myroboticarm_remote'...
Compiling '/home/kuldip/myroboticarm_ws/install/myroboticarm_remote/lib/python3.12/site-packages/myroboticarm_remote/__init__.py'...
Compiling '/home/kuldip/myroboticarm_ws/install/myroboticarm_remote/lib/python3.12/site-packages/myroboticarm_remote/task_server.py'...
-- Installing: /home/kuldip/myroboticarm_ws/install/myroboticarm_remote/lib/task_server.py
-- Installing: /home/kuldip/myroboticarm_ws/install/myroboticarm_remote/share/ament_index/resource_index/package_run_dependencies/myroboticarm_remote
-- Up-to-date: /home/kuldip/myroboticarm_ws/install/myroboticarm_remote/share/ament_index/resource_index/parent_prefix_path/myroboticarm_remote
-- Up-to-date: /home/kuldip/myroboticarm_ws/install/myroboticarm_remote/share/myroboticarm_remote/environment/ament_prefix_path.sh
-- Up-to-date: /home/kuldip/myroboticarm_ws/install/myroboticarm_remote/share/myroboticarm_remote/environment/ament_prefix_path.dsv
-- Up-to-date: /home/kuldip/myroboticarm_ws/install/myroboticarm_remote/share/myroboticarm_remote/environment/path.sh
-- Up-to-date: /home/kuldip/myroboticarm_ws/install/myroboticarm_remote/share/myroboticarm_remote/environment/path.dsv
-- Up-to-date: /home/kuldip/myroboticarm_ws/install/myroboticarm_remote/share/myroboticarm_remote/local_setup.bash
-- Installing: /home/kuldip/myroboticarm_ws/install/myroboticarm_remote/share/myroboticarm_remote/local_setup.sh
-- Up-to-date: /home/kuldip/myroboticarm_ws/install/myroboticarm_remote/share/myroboticarm_remote/local_setup.zsh
-- Installing: /home/kuldip/myroboticarm_ws/install/myroboticarm_remote/share/myroboticarm_remote/local_setup.dsv
-- Up-to-date: /home/kuldip/myroboticarm_ws/install/myroboticarm_remote/share/myroboticarm_remote/package.dsv
-- Up-to-date: /home/kuldip/myroboticarm_ws/install/myroboticarm_remote/share/ament_index/resource_index/packages/myroboticarm_remote
-- Up-to-date: /home/kuldip/myroboticarm_ws/install/myroboticarm_remote/share/myroboticarm_remote/cmake/myroboticarm_remoteConfig.cmake
-- Up-to-date: /home/kuldip/myroboticarm_ws/install/myroboticarm_remote/share/myroboticarm_remote/cmake/myroboticarm_remoteConfig-version.cmake
-- Installing: /home/kuldip/myroboticarm_ws/install/myroboticarm_remote/share/myroboticarm_remote/package.xml
