-- Install configuration: ""
-- Up-to-date: /home/kuldip/myroboticarm_ws/install/myroboticarm_moveit/share/myroboticarm_moveit/launch
-- Up-to-date: /home/kuldip/myroboticarm_ws/install/myroboticarm_moveit/share/myroboticarm_moveit/launch/moveit.launch.py
-- Up-to-date: /home/kuldip/myroboticarm_ws/install/myroboticarm_moveit/share/myroboticarm_moveit/config
-- Installing: /home/kuldip/myroboticarm_ws/install/myroboticarm_moveit/share/myroboticarm_moveit/config/initial_positions.yaml
-- Up-to-date: /home/kuldip/myroboticarm_ws/install/myroboticarm_moveit/share/myroboticarm_moveit/config/myroboticarm.srdf
-- Up-to-date: /home/kuldip/myroboticarm_ws/install/myroboticarm_moveit/share/myroboticarm_moveit/config/joint_limits.yaml
-- Up-to-date: /home/kuldip/myroboticarm_ws/install/myroboticarm_moveit/share/myroboticarm_moveit/config/moveit_controllers.yaml
-- Up-to-date: /home/kuldip/myroboticarm_ws/install/myroboticarm_moveit/share/myroboticarm_moveit/config/kinematics.yaml
-- Up-to-date: /home/kuldip/myroboticarm_ws/install/myroboticarm_moveit/share/myroboticarm_moveit/config/pilz_cartesian_limits.yaml
-- Up-to-date: /home/kuldip/myroboticarm_ws/install/myroboticarm_moveit/share/ament_index/resource_index/package_run_dependencies/myroboticarm_moveit
-- Up-to-date: /home/kuldip/myroboticarm_ws/install/myroboticarm_moveit/share/ament_index/resource_index/parent_prefix_path/myroboticarm_moveit
-- Up-to-date: /home/kuldip/myroboticarm_ws/install/myroboticarm_moveit/share/myroboticarm_moveit/environment/ament_prefix_path.sh
-- Up-to-date: /home/kuldip/myroboticarm_ws/install/myroboticarm_moveit/share/myroboticarm_moveit/environment/ament_prefix_path.dsv
-- Up-to-date: /home/kuldip/myroboticarm_ws/install/myroboticarm_moveit/share/myroboticarm_moveit/environment/path.sh
-- Up-to-date: /home/kuldip/myroboticarm_ws/install/myroboticarm_moveit/share/myroboticarm_moveit/environment/path.dsv
-- Up-to-date: /home/kuldip/myroboticarm_ws/install/myroboticarm_moveit/share/myroboticarm_moveit/local_setup.bash
-- Up-to-date: /home/kuldip/myroboticarm_ws/install/myroboticarm_moveit/share/myroboticarm_moveit/local_setup.sh
-- Up-to-date: /home/kuldip/myroboticarm_ws/install/myroboticarm_moveit/share/myroboticarm_moveit/local_setup.zsh
-- Up-to-date: /home/kuldip/myroboticarm_ws/install/myroboticarm_moveit/share/myroboticarm_moveit/local_setup.dsv
-- Installing: /home/kuldip/myroboticarm_ws/install/myroboticarm_moveit/share/myroboticarm_moveit/package.dsv
-- Up-to-date: /home/kuldip/myroboticarm_ws/install/myroboticarm_moveit/share/ament_index/resource_index/packages/myroboticarm_moveit
-- Up-to-date: /home/kuldip/myroboticarm_ws/install/myroboticarm_moveit/share/myroboticarm_moveit/cmake/myroboticarm_moveitConfig.cmake
-- Up-to-date: /home/kuldip/myroboticarm_ws/install/myroboticarm_moveit/share/myroboticarm_moveit/cmake/myroboticarm_moveitConfig-version.cmake
-- Up-to-date: /home/kuldip/myroboticarm_ws/install/myroboticarm_moveit/share/myroboticarm_moveit/package.xml
