[0.140s] Invoking command in '/home/kuldip/myroboticarm_ws/build/myroboticarm_msgs': CMAKE_PREFIX_PATH=${CMAKE_PREFIX_PATH}:/home/kuldip/myroboticarm_ws/src/install/myroboticarm:/home/kuldip/myroboticarm_ws/install/myroboticarm_description:/home/kuldip/myroboticarm_ws/install/myroboticarm:/home/kuldip/arduinobot_ws/install/arduinobot_py_examples:/opt/ros/jazzy DEBUGINFOD_URLS=https://debuginfod.ubuntu.com /usr/bin/cmake --build /home/kuldip/myroboticarm_ws/build/myroboticarm_msgs -- -j12 -l12
[0.172s] Invoked command in '/home/kuldip/myroboticarm_ws/build/myroboticarm_msgs' returned '0': CMAKE_PREFIX_PATH=${CMAKE_PREFIX_PATH}:/home/kuldip/myroboticarm_ws/src/install/myroboticarm:/home/kuldip/myroboticarm_ws/install/myroboticarm_description:/home/kuldip/myroboticarm_ws/install/myroboticarm:/home/kuldip/arduinobot_ws/install/arduinobot_py_examples:/opt/ros/jazzy DEBUGINFOD_URLS=https://debuginfod.ubuntu.com /usr/bin/cmake --build /home/kuldip/myroboticarm_ws/build/myroboticarm_msgs -- -j12 -l12
[0.173s] Invoking command in '/home/kuldip/myroboticarm_ws/build/myroboticarm_msgs': CMAKE_PREFIX_PATH=${CMAKE_PREFIX_PATH}:/home/kuldip/myroboticarm_ws/src/install/myroboticarm:/home/kuldip/myroboticarm_ws/install/myroboticarm_description:/home/kuldip/myroboticarm_ws/install/myroboticarm:/home/kuldip/arduinobot_ws/install/arduinobot_py_examples:/opt/ros/jazzy DEBUGINFOD_URLS=https://debuginfod.ubuntu.com /usr/bin/cmake --install /home/kuldip/myroboticarm_ws/build/myroboticarm_msgs
[0.182s] -- Install configuration: ""
[0.182s] -- Installing: /home/kuldip/myroboticarm_ws/install/myroboticarm_msgs/share/ament_index/resource_index/package_run_dependencies/myroboticarm_msgs
[0.182s] -- Installing: /home/kuldip/myroboticarm_ws/install/myroboticarm_msgs/share/ament_index/resource_index/parent_prefix_path/myroboticarm_msgs
[0.183s] -- Installing: /home/kuldip/myroboticarm_ws/install/myroboticarm_msgs/share/myroboticarm_msgs/environment/ament_prefix_path.sh
[0.183s] -- Installing: /home/kuldip/myroboticarm_ws/install/myroboticarm_msgs/share/myroboticarm_msgs/environment/ament_prefix_path.dsv
[0.183s] -- Installing: /home/kuldip/myroboticarm_ws/install/myroboticarm_msgs/share/myroboticarm_msgs/environment/path.sh
[0.183s] -- Installing: /home/kuldip/myroboticarm_ws/install/myroboticarm_msgs/share/myroboticarm_msgs/environment/path.dsv
[0.183s] -- Installing: /home/kuldip/myroboticarm_ws/install/myroboticarm_msgs/share/myroboticarm_msgs/local_setup.bash
[0.183s] -- Installing: /home/kuldip/myroboticarm_ws/install/myroboticarm_msgs/share/myroboticarm_msgs/local_setup.sh
[0.183s] -- Installing: /home/kuldip/myroboticarm_ws/install/myroboticarm_msgs/share/myroboticarm_msgs/local_setup.zsh
[0.184s] -- Installing: /home/kuldip/myroboticarm_ws/install/myroboticarm_msgs/share/myroboticarm_msgs/local_setup.dsv
[0.184s] -- Installing: /home/kuldip/myroboticarm_ws/install/myroboticarm_msgs/share/myroboticarm_msgs/package.dsv
[0.184s] -- Installing: /home/kuldip/myroboticarm_ws/install/myroboticarm_msgs/share/ament_index/resource_index/packages/myroboticarm_msgs
[0.184s] -- Installing: /home/kuldip/myroboticarm_ws/install/myroboticarm_msgs/share/myroboticarm_msgs/cmake/myroboticarm_msgsConfig.cmake
[0.184s] -- Installing: /home/kuldip/myroboticarm_ws/install/myroboticarm_msgs/share/myroboticarm_msgs/cmake/myroboticarm_msgsConfig-version.cmake
[0.184s] -- Installing: /home/kuldip/myroboticarm_ws/install/myroboticarm_msgs/share/myroboticarm_msgs/package.xml
[0.193s] Invoked command in '/home/kuldip/myroboticarm_ws/build/myroboticarm_msgs' returned '0': CMAKE_PREFIX_PATH=${CMAKE_PREFIX_PATH}:/home/kuldip/myroboticarm_ws/src/install/myroboticarm:/home/kuldip/myroboticarm_ws/install/myroboticarm_description:/home/kuldip/myroboticarm_ws/install/myroboticarm:/home/kuldip/arduinobot_ws/install/arduinobot_py_examples:/opt/ros/jazzy DEBUGINFOD_URLS=https://debuginfod.ubuntu.com /usr/bin/cmake --install /home/kuldip/myroboticarm_ws/build/myroboticarm_msgs
