-- Found ament_cmake: 1.3.11 (/opt/ros/humble/share/ament_cmake/cmake)
-- Found ament_lint_auto: 0.12.12 (/opt/ros/humble/share/ament_lint_auto/cmake)
-- Added test 'lint_cmake' to check CMake code style
-- Added test 'xmllint' to check XML markup files
-- Configuring done
-- Generating done
-- Build files have been written to: /home/kuldip/myroboticarm_ws/build/myroboticarm_cpp
-- Install configuration: ""
-- Up-to-date: /home/kuldip/myroboticarm_ws/install/myroboticarm_cpp/share/ament_index/resource_index/package_run_dependencies/myroboticarm_cpp
-- Installing: /home/kuldip/myroboticarm_ws/install/myroboticarm_cpp/share/ament_index/resource_index/parent_prefix_path/myroboticarm_cpp
-- Up-to-date: /home/kuldip/myroboticarm_ws/install/myroboticarm_cpp/share/myroboticarm_cpp/environment/ament_prefix_path.sh
-- Installing: /home/kuldip/myroboticarm_ws/install/myroboticarm_cpp/share/myroboticarm_cpp/environment/ament_prefix_path.dsv
-- Up-to-date: /home/kuldip/myroboticarm_ws/install/myroboticarm_cpp/share/myroboticarm_cpp/environment/path.sh
-- Installing: /home/kuldip/myroboticarm_ws/install/myroboticarm_cpp/share/myroboticarm_cpp/environment/path.dsv
-- Up-to-date: /home/kuldip/myroboticarm_ws/install/myroboticarm_cpp/share/myroboticarm_cpp/local_setup.bash
-- Up-to-date: /home/kuldip/myroboticarm_ws/install/myroboticarm_cpp/share/myroboticarm_cpp/local_setup.sh
-- Up-to-date: /home/kuldip/myroboticarm_ws/install/myroboticarm_cpp/share/myroboticarm_cpp/local_setup.zsh
-- Installing: /home/kuldip/myroboticarm_ws/install/myroboticarm_cpp/share/myroboticarm_cpp/local_setup.dsv
-- Installing: /home/kuldip/myroboticarm_ws/install/myroboticarm_cpp/share/myroboticarm_cpp/package.dsv
-- Up-to-date: /home/kuldip/myroboticarm_ws/install/myroboticarm_cpp/share/ament_index/resource_index/packages/myroboticarm_cpp
-- Up-to-date: /home/kuldip/myroboticarm_ws/install/myroboticarm_cpp/share/myroboticarm_cpp/cmake/myroboticarm_cppConfig.cmake
-- Up-to-date: /home/kuldip/myroboticarm_ws/install/myroboticarm_cpp/share/myroboticarm_cpp/cmake/myroboticarm_cppConfig-version.cmake
-- Up-to-date: /home/kuldip/myroboticarm_ws/install/myroboticarm_cpp/share/myroboticarm_cpp/package.xml
