[0.149s] Invoking command in '/home/kuldip/myroboticarm_ws/build/myroboticarm_cpp': CMAKE_PREFIX_PATH=${CMAKE_PREFIX_PATH}:/home/kuldip/myroboticarm_ws/install/myroboticarm_description:/home/kuldip/myroboticarm_ws/install/myroboticarm:/home/kuldip/ros2_ws/install/my_robot_controller:/opt/ros/humble /usr/bin/cmake --build /home/kuldip/myroboticarm_ws/build/myroboticarm_cpp -- -j12 -l12
[0.174s] -- Found ament_cmake: 1.3.11 (/opt/ros/humble/share/ament_cmake/cmake)
[0.255s] -- Found ament_lint_auto: 0.12.12 (/opt/ros/humble/share/ament_lint_auto/cmake)
[0.298s] -- Added test 'lint_cmake' to check CMake code style
[0.298s] -- Added test 'xmllint' to check XML markup files
[0.299s] -- Configuring done
[0.301s] -- Generating done
[0.302s] -- Build files have been written to: /home/kuldip/myroboticarm_ws/build/myroboticarm_cpp
[0.317s] Invoked command in '/home/kuldip/myroboticarm_ws/build/myroboticarm_cpp' returned '0': CMAKE_PREFIX_PATH=${CMAKE_PREFIX_PATH}:/home/kuldip/myroboticarm_ws/install/myroboticarm_description:/home/kuldip/myroboticarm_ws/install/myroboticarm:/home/kuldip/ros2_ws/install/my_robot_controller:/opt/ros/humble /usr/bin/cmake --build /home/kuldip/myroboticarm_ws/build/myroboticarm_cpp -- -j12 -l12
[0.318s] Invoking command in '/home/kuldip/myroboticarm_ws/build/myroboticarm_cpp': CMAKE_PREFIX_PATH=${CMAKE_PREFIX_PATH}:/home/kuldip/myroboticarm_ws/install/myroboticarm_description:/home/kuldip/myroboticarm_ws/install/myroboticarm:/home/kuldip/ros2_ws/install/my_robot_controller:/opt/ros/humble /usr/bin/cmake --install /home/kuldip/myroboticarm_ws/build/myroboticarm_cpp
[0.325s] -- Install configuration: ""
[0.325s] -- Up-to-date: /home/kuldip/myroboticarm_ws/install/myroboticarm_cpp/share/ament_index/resource_index/package_run_dependencies/myroboticarm_cpp
[0.325s] -- Installing: /home/kuldip/myroboticarm_ws/install/myroboticarm_cpp/share/ament_index/resource_index/parent_prefix_path/myroboticarm_cpp
[0.325s] -- Up-to-date: /home/kuldip/myroboticarm_ws/install/myroboticarm_cpp/share/myroboticarm_cpp/environment/ament_prefix_path.sh
[0.325s] -- Installing: /home/kuldip/myroboticarm_ws/install/myroboticarm_cpp/share/myroboticarm_cpp/environment/ament_prefix_path.dsv
[0.325s] -- Up-to-date: /home/kuldip/myroboticarm_ws/install/myroboticarm_cpp/share/myroboticarm_cpp/environment/path.sh
[0.325s] -- Installing: /home/kuldip/myroboticarm_ws/install/myroboticarm_cpp/share/myroboticarm_cpp/environment/path.dsv
[0.325s] -- Up-to-date: /home/kuldip/myroboticarm_ws/install/myroboticarm_cpp/share/myroboticarm_cpp/local_setup.bash
[0.325s] -- Up-to-date: /home/kuldip/myroboticarm_ws/install/myroboticarm_cpp/share/myroboticarm_cpp/local_setup.sh
[0.325s] -- Up-to-date: /home/kuldip/myroboticarm_ws/install/myroboticarm_cpp/share/myroboticarm_cpp/local_setup.zsh
[0.326s] -- Installing: /home/kuldip/myroboticarm_ws/install/myroboticarm_cpp/share/myroboticarm_cpp/local_setup.dsv
[0.326s] -- Installing: /home/kuldip/myroboticarm_ws/install/myroboticarm_cpp/share/myroboticarm_cpp/package.dsv
[0.326s] -- Up-to-date: /home/kuldip/myroboticarm_ws/install/myroboticarm_cpp/share/ament_index/resource_index/packages/myroboticarm_cpp
[0.326s] -- Up-to-date: /home/kuldip/myroboticarm_ws/install/myroboticarm_cpp/share/myroboticarm_cpp/cmake/myroboticarm_cppConfig.cmake
[0.326s] -- Up-to-date: /home/kuldip/myroboticarm_ws/install/myroboticarm_cpp/share/myroboticarm_cpp/cmake/myroboticarm_cppConfig-version.cmake
[0.326s] -- Up-to-date: /home/kuldip/myroboticarm_ws/install/myroboticarm_cpp/share/myroboticarm_cpp/package.xml
[0.328s] Invoked command in '/home/kuldip/myroboticarm_ws/build/myroboticarm_cpp' returned '0': CMAKE_PREFIX_PATH=${CMAKE_PREFIX_PATH}:/home/kuldip/myroboticarm_ws/install/myroboticarm_description:/home/kuldip/myroboticarm_ws/install/myroboticarm:/home/kuldip/ros2_ws/install/my_robot_controller:/opt/ros/humble /usr/bin/cmake --install /home/kuldip/myroboticarm_ws/build/myroboticarm_cpp
