running egg_info
writing ../build/myroboticarm/myroboticarm.egg-info/PKG-INFO
writing dependency_links to ../build/myroboticarm/myroboticarm.egg-info/dependency_links.txt
writing entry points to ../build/myroboticarm/myroboticarm.egg-info/entry_points.txt
writing requirements to ../build/myroboticarm/myroboticarm.egg-info/requires.txt
writing top-level names to ../build/myroboticarm/myroboticarm.egg-info/top_level.txt
reading manifest file '../build/myroboticarm/myroboticarm.egg-info/SOURCES.txt'
writing manifest file '../build/myroboticarm/myroboticarm.egg-info/SOURCES.txt'
running build
running build_py
copying myroboticarm/simple_service_server.py -> /home/kuldip/myroboticarm_ws/src/build/myroboticarm/build/lib/myroboticarm
copying myroboticarm/simple_service_client.py -> /home/kuldip/myroboticarm_ws/src/build/myroboticarm/build/lib/myroboticarm
copying myroboticarm/simple_parameter.py -> /home/kuldip/myroboticarm_ws/src/build/myroboticarm/build/lib/myroboticarm
running install
running install_lib
creating /home/kuldip/myroboticarm_ws/src/install/myroboticarm/lib/python3.12/site-packages/myroboticarm
copying /home/kuldip/myroboticarm_ws/src/build/myroboticarm/build/lib/myroboticarm/simple_service_server.py -> /home/kuldip/myroboticarm_ws/src/install/myroboticarm/lib/python3.12/site-packages/myroboticarm
copying /home/kuldip/myroboticarm_ws/src/build/myroboticarm/build/lib/myroboticarm/__init__.py -> /home/kuldip/myroboticarm_ws/src/install/myroboticarm/lib/python3.12/site-packages/myroboticarm
copying /home/kuldip/myroboticarm_ws/src/build/myroboticarm/build/lib/myroboticarm/simple_service_client.py -> /home/kuldip/myroboticarm_ws/src/install/myroboticarm/lib/python3.12/site-packages/myroboticarm
copying /home/kuldip/myroboticarm_ws/src/build/myroboticarm/build/lib/myroboticarm/simple_parameter.py -> /home/kuldip/myroboticarm_ws/src/install/myroboticarm/lib/python3.12/site-packages/myroboticarm
copying /home/kuldip/myroboticarm_ws/src/build/myroboticarm/build/lib/myroboticarm/simple_publisher.py -> /home/kuldip/myroboticarm_ws/src/install/myroboticarm/lib/python3.12/site-packages/myroboticarm
copying /home/kuldip/myroboticarm_ws/src/build/myroboticarm/build/lib/myroboticarm/simple_subscriber.py -> /home/kuldip/myroboticarm_ws/src/install/myroboticarm/lib/python3.12/site-packages/myroboticarm
byte-compiling /home/kuldip/myroboticarm_ws/src/install/myroboticarm/lib/python3.12/site-packages/myroboticarm/simple_service_server.py to simple_service_server.cpython-312.pyc
byte-compiling /home/kuldip/myroboticarm_ws/src/install/myroboticarm/lib/python3.12/site-packages/myroboticarm/__init__.py to __init__.cpython-312.pyc
byte-compiling /home/kuldip/myroboticarm_ws/src/install/myroboticarm/lib/python3.12/site-packages/myroboticarm/simple_service_client.py to simple_service_client.cpython-312.pyc
byte-compiling /home/kuldip/myroboticarm_ws/src/install/myroboticarm/lib/python3.12/site-packages/myroboticarm/simple_parameter.py to simple_parameter.cpython-312.pyc
byte-compiling /home/kuldip/myroboticarm_ws/src/install/myroboticarm/lib/python3.12/site-packages/myroboticarm/simple_publisher.py to simple_publisher.cpython-312.pyc
byte-compiling /home/kuldip/myroboticarm_ws/src/install/myroboticarm/lib/python3.12/site-packages/myroboticarm/simple_subscriber.py to simple_subscriber.cpython-312.pyc
running install_data
copying package.xml -> /home/kuldip/myroboticarm_ws/src/install/myroboticarm/share/myroboticarm
running install_egg_info
Copying ../build/myroboticarm/myroboticarm.egg-info to /home/kuldip/myroboticarm_ws/src/install/myroboticarm/lib/python3.12/site-packages/myroboticarm-0.0.0-py3.12.egg-info
running install_scripts
Installing simple_parameter script to /home/kuldip/myroboticarm_ws/src/install/myroboticarm/lib/myroboticarm
Installing simple_publisher script to /home/kuldip/myroboticarm_ws/src/install/myroboticarm/lib/myroboticarm
Installing simple_service_client script to /home/kuldip/myroboticarm_ws/src/install/myroboticarm/lib/myroboticarm
Installing simple_service_server script to /home/kuldip/myroboticarm_ws/src/install/myroboticarm/lib/myroboticarm
Installing simple_subscriber script to /home/kuldip/myroboticarm_ws/src/install/myroboticarm/lib/myroboticarm
writing list of installed files to '/home/kuldip/myroboticarm_ws/src/build/myroboticarm/install.log'
