[0.579s] Invoking command in '/home/kuldip/myroboticarm_ws/src/myroboticarm': DEBUGINFOD_URLS=https://debuginfod.ubuntu.com PYTHONPATH=/home/kuldip/myroboticarm_ws/src/build/myroboticarm/prefix_override:/usr/lib/python3/dist-packages/colcon_core/task/python/colcon_distutils_commands:/home/kuldip/myroboticarm_ws/src/install/myroboticarm/lib/python3.12/site-packages:${PYTHONPATH} /usr/bin/python3 -W ignore:setup.py install is deprecated -W ignore:easy_install command is deprecated setup.py egg_info --egg-base ../build/myroboticarm build --build-base /home/kuldip/myroboticarm_ws/src/build/myroboticarm/build install --record /home/kuldip/myroboticarm_ws/src/build/myroboticarm/install.log --single-version-externally-managed install_data
[0.762s] running egg_info
[0.775s] writing ../build/myroboticarm/myroboticarm.egg-info/PKG-INFO
[0.775s] writing dependency_links to ../build/myroboticarm/myroboticarm.egg-info/dependency_links.txt
[0.775s] writing entry points to ../build/myroboticarm/myroboticarm.egg-info/entry_points.txt
[0.775s] writing requirements to ../build/myroboticarm/myroboticarm.egg-info/requires.txt
[0.775s] writing top-level names to ../build/myroboticarm/myroboticarm.egg-info/top_level.txt
[0.801s] reading manifest file '../build/myroboticarm/myroboticarm.egg-info/SOURCES.txt'
[0.801s] writing manifest file '../build/myroboticarm/myroboticarm.egg-info/SOURCES.txt'
[0.802s] running build
[0.802s] running build_py
[0.802s] copying myroboticarm/simple_service_server.py -> /home/kuldip/myroboticarm_ws/src/build/myroboticarm/build/lib/myroboticarm
[0.802s] copying myroboticarm/simple_service_client.py -> /home/kuldip/myroboticarm_ws/src/build/myroboticarm/build/lib/myroboticarm
[0.802s] copying myroboticarm/simple_parameter.py -> /home/kuldip/myroboticarm_ws/src/build/myroboticarm/build/lib/myroboticarm
[0.802s] running install
[0.807s] running install_lib
[0.820s] creating /home/kuldip/myroboticarm_ws/src/install/myroboticarm/lib/python3.12/site-packages/myroboticarm
[0.820s] copying /home/kuldip/myroboticarm_ws/src/build/myroboticarm/build/lib/myroboticarm/simple_service_server.py -> /home/kuldip/myroboticarm_ws/src/install/myroboticarm/lib/python3.12/site-packages/myroboticarm
[0.820s] copying /home/kuldip/myroboticarm_ws/src/build/myroboticarm/build/lib/myroboticarm/__init__.py -> /home/kuldip/myroboticarm_ws/src/install/myroboticarm/lib/python3.12/site-packages/myroboticarm
[0.820s] copying /home/kuldip/myroboticarm_ws/src/build/myroboticarm/build/lib/myroboticarm/simple_service_client.py -> /home/kuldip/myroboticarm_ws/src/install/myroboticarm/lib/python3.12/site-packages/myroboticarm
[0.820s] copying /home/kuldip/myroboticarm_ws/src/build/myroboticarm/build/lib/myroboticarm/simple_parameter.py -> /home/kuldip/myroboticarm_ws/src/install/myroboticarm/lib/python3.12/site-packages/myroboticarm
[0.820s] copying /home/kuldip/myroboticarm_ws/src/build/myroboticarm/build/lib/myroboticarm/simple_publisher.py -> /home/kuldip/myroboticarm_ws/src/install/myroboticarm/lib/python3.12/site-packages/myroboticarm
[0.821s] copying /home/kuldip/myroboticarm_ws/src/build/myroboticarm/build/lib/myroboticarm/simple_subscriber.py -> /home/kuldip/myroboticarm_ws/src/install/myroboticarm/lib/python3.12/site-packages/myroboticarm
[0.821s] byte-compiling /home/kuldip/myroboticarm_ws/src/install/myroboticarm/lib/python3.12/site-packages/myroboticarm/simple_service_server.py to simple_service_server.cpython-312.pyc
[0.821s] byte-compiling /home/kuldip/myroboticarm_ws/src/install/myroboticarm/lib/python3.12/site-packages/myroboticarm/__init__.py to __init__.cpython-312.pyc
[0.821s] byte-compiling /home/kuldip/myroboticarm_ws/src/install/myroboticarm/lib/python3.12/site-packages/myroboticarm/simple_service_client.py to simple_service_client.cpython-312.pyc
[0.821s] byte-compiling /home/kuldip/myroboticarm_ws/src/install/myroboticarm/lib/python3.12/site-packages/myroboticarm/simple_parameter.py to simple_parameter.cpython-312.pyc
[0.822s] byte-compiling /home/kuldip/myroboticarm_ws/src/install/myroboticarm/lib/python3.12/site-packages/myroboticarm/simple_publisher.py to simple_publisher.cpython-312.pyc
[0.822s] byte-compiling /home/kuldip/myroboticarm_ws/src/install/myroboticarm/lib/python3.12/site-packages/myroboticarm/simple_subscriber.py to simple_subscriber.cpython-312.pyc
[0.822s] running install_data
[0.822s] copying package.xml -> /home/kuldip/myroboticarm_ws/src/install/myroboticarm/share/myroboticarm
[0.822s] running install_egg_info
[0.837s] Copying ../build/myroboticarm/myroboticarm.egg-info to /home/kuldip/myroboticarm_ws/src/install/myroboticarm/lib/python3.12/site-packages/myroboticarm-0.0.0-py3.12.egg-info
[0.837s] running install_scripts
[0.925s] Installing simple_parameter script to /home/kuldip/myroboticarm_ws/src/install/myroboticarm/lib/myroboticarm
[0.925s] Installing simple_publisher script to /home/kuldip/myroboticarm_ws/src/install/myroboticarm/lib/myroboticarm
[0.925s] Installing simple_service_client script to /home/kuldip/myroboticarm_ws/src/install/myroboticarm/lib/myroboticarm
[0.925s] Installing simple_service_server script to /home/kuldip/myroboticarm_ws/src/install/myroboticarm/lib/myroboticarm
[0.925s] Installing simple_subscriber script to /home/kuldip/myroboticarm_ws/src/install/myroboticarm/lib/myroboticarm
[0.925s] writing list of installed files to '/home/kuldip/myroboticarm_ws/src/build/myroboticarm/install.log'
[0.948s] Invoked command in '/home/kuldip/myroboticarm_ws/src/myroboticarm' returned '0': DEBUGINFOD_URLS=https://debuginfod.ubuntu.com PYTHONPATH=/home/kuldip/myroboticarm_ws/src/build/myroboticarm/prefix_override:/usr/lib/python3/dist-packages/colcon_core/task/python/colcon_distutils_commands:/home/kuldip/myroboticarm_ws/src/install/myroboticarm/lib/python3.12/site-packages:${PYTHONPATH} /usr/bin/python3 -W ignore:setup.py install is deprecated -W ignore:easy_install command is deprecated setup.py egg_info --egg-base ../build/myroboticarm build --build-base /home/kuldip/myroboticarm_ws/src/build/myroboticarm/build install --record /home/kuldip/myroboticarm_ws/src/build/myroboticarm/install.log --single-version-externally-managed install_data
