[0.158s] Invoking command in '/home/kuldip/myroboticarm_ws/build/myroboticarm_controller': CMAKE_PREFIX_PATH=${CMAKE_PREFIX_PATH}:/home/kuldip/myroboticarm_ws/install/myroboticarm_description:/home/kuldip/myroboticarm_ws/install/myroboticarm:/home/kuldip/Robotics-and-ROS-2-Learn-by-Doing-Manipulators/Section5_Control/arduinobot_ws/install/arduinobot_py_examples:/home/kuldip/ros2_ws/install/my_robot_controller:/opt/ros/humble /usr/bin/cmake --build /home/kuldip/myroboticarm_ws/build/myroboticarm_controller -- -j12 -l12
[0.185s] Invoked command in '/home/kuldip/myroboticarm_ws/build/myroboticarm_controller' returned '0': CMAKE_PREFIX_PATH=${CMAKE_PREFIX_PATH}:/home/kuldip/myroboticarm_ws/install/myroboticarm_description:/home/kuldip/myroboticarm_ws/install/myroboticarm:/home/kuldip/Robotics-and-ROS-2-Learn-by-Doing-Manipulators/Section5_Control/arduinobot_ws/install/arduinobot_py_examples:/home/kuldip/ros2_ws/install/my_robot_controller:/opt/ros/humble /usr/bin/cmake --build /home/kuldip/myroboticarm_ws/build/myroboticarm_controller -- -j12 -l12
[0.192s] Invoking command in '/home/kuldip/myroboticarm_ws/build/myroboticarm_controller': CMAKE_PREFIX_PATH=${CMAKE_PREFIX_PATH}:/home/kuldip/myroboticarm_ws/install/myroboticarm_description:/home/kuldip/myroboticarm_ws/install/myroboticarm:/home/kuldip/Robotics-and-ROS-2-Learn-by-Doing-Manipulators/Section5_Control/arduinobot_ws/install/arduinobot_py_examples:/home/kuldip/ros2_ws/install/my_robot_controller:/opt/ros/humble /usr/bin/cmake --install /home/kuldip/myroboticarm_ws/build/myroboticarm_controller
[0.198s] -- Install configuration: ""
[0.198s] -- Up-to-date: /home/kuldip/myroboticarm_ws/install/myroboticarm_controller/share/myroboticarm_controller/config
[0.198s] -- Up-to-date: /home/kuldip/myroboticarm_ws/install/myroboticarm_controller/share/myroboticarm_controller/config/myroboticarm_controller.yaml
[0.198s] -- Up-to-date: /home/kuldip/myroboticarm_ws/install/myroboticarm_controller/share/ament_index/resource_index/package_run_dependencies/myroboticarm_controller
[0.198s] -- Up-to-date: /home/kuldip/myroboticarm_ws/install/myroboticarm_controller/share/ament_index/resource_index/parent_prefix_path/myroboticarm_controller
[0.198s] -- Up-to-date: /home/kuldip/myroboticarm_ws/install/myroboticarm_controller/share/myroboticarm_controller/environment/ament_prefix_path.sh
[0.198s] -- Up-to-date: /home/kuldip/myroboticarm_ws/install/myroboticarm_controller/share/myroboticarm_controller/environment/ament_prefix_path.dsv
[0.198s] -- Up-to-date: /home/kuldip/myroboticarm_ws/install/myroboticarm_controller/share/myroboticarm_controller/environment/path.sh
[0.198s] -- Up-to-date: /home/kuldip/myroboticarm_ws/install/myroboticarm_controller/share/myroboticarm_controller/environment/path.dsv
[0.199s] -- Up-to-date: /home/kuldip/myroboticarm_ws/install/myroboticarm_controller/share/myroboticarm_controller/local_setup.bash
[0.199s] -- Up-to-date: /home/kuldip/myroboticarm_ws/install/myroboticarm_controller/share/myroboticarm_controller/local_setup.sh
[0.199s] -- Up-to-date: /home/kuldip/myroboticarm_ws/install/myroboticarm_controller/share/myroboticarm_controller/local_setup.zsh
[0.199s] -- Up-to-date: /home/kuldip/myroboticarm_ws/install/myroboticarm_controller/share/myroboticarm_controller/local_setup.dsv
[0.199s] -- Installing: /home/kuldip/myroboticarm_ws/install/myroboticarm_controller/share/myroboticarm_controller/package.dsv
[0.199s] -- Up-to-date: /home/kuldip/myroboticarm_ws/install/myroboticarm_controller/share/ament_index/resource_index/packages/myroboticarm_controller
[0.199s] -- Up-to-date: /home/kuldip/myroboticarm_ws/install/myroboticarm_controller/share/myroboticarm_controller/cmake/myroboticarm_controllerConfig.cmake
[0.199s] -- Up-to-date: /home/kuldip/myroboticarm_ws/install/myroboticarm_controller/share/myroboticarm_controller/cmake/myroboticarm_controllerConfig-version.cmake
[0.199s] -- Up-to-date: /home/kuldip/myroboticarm_ws/install/myroboticarm_controller/share/myroboticarm_controller/package.xml
[0.201s] Invoked command in '/home/kuldip/myroboticarm_ws/build/myroboticarm_controller' returned '0': CMAKE_PREFIX_PATH=${CMAKE_PREFIX_PATH}:/home/kuldip/myroboticarm_ws/install/myroboticarm_description:/home/kuldip/myroboticarm_ws/install/myroboticarm:/home/kuldip/Robotics-and-ROS-2-Learn-by-Doing-Manipulators/Section5_Control/arduinobot_ws/install/arduinobot_py_examples:/home/kuldip/ros2_ws/install/my_robot_controller:/opt/ros/humble /usr/bin/cmake --install /home/kuldip/myroboticarm_ws/build/myroboticarm_controller
