[1.193s] Invoking command in '/home/kuldip/myroboticarm_ws/src/myroboticarm': DEBUGINFOD_URLS=https://debuginfod.ubuntu.com PYTHONPATH=/home/kuldip/myroboticarm_ws/build/myroboticarm/prefix_override:/usr/lib/python3/dist-packages/colcon_core/task/python/colcon_distutils_commands:/home/kuldip/myroboticarm_ws/install/myroboticarm/lib/python3.12/site-packages:${PYTHONPATH} /usr/bin/python3 -W ignore:setup.py install is deprecated -W ignore:easy_install command is deprecated setup.py egg_info --egg-base ../../build/myroboticarm build --build-base /home/kuldip/myroboticarm_ws/build/myroboticarm/build install --record /home/kuldip/myroboticarm_ws/build/myroboticarm/install.log --single-version-externally-managed install_data
[1.539s] running egg_info
[1.561s] writing ../../build/myroboticarm/myroboticarm.egg-info/PKG-INFO
[1.561s] writing dependency_links to ../../build/myroboticarm/myroboticarm.egg-info/dependency_links.txt
[1.561s] writing entry points to ../../build/myroboticarm/myroboticarm.egg-info/entry_points.txt
[1.562s] writing requirements to ../../build/myroboticarm/myroboticarm.egg-info/requires.txt
[1.562s] writing top-level names to ../../build/myroboticarm/myroboticarm.egg-info/top_level.txt
[1.612s] reading manifest file '../../build/myroboticarm/myroboticarm.egg-info/SOURCES.txt'
[1.613s] writing manifest file '../../build/myroboticarm/myroboticarm.egg-info/SOURCES.txt'
[1.613s] running build
[1.613s] running build_py
[1.614s] running install
[1.622s] running install_lib
[1.647s] running install_data
[1.647s] copying launch/simple_moveit_interface.launch.py -> /home/kuldip/myroboticarm_ws/install/myroboticarm/share/myroboticarm/launch
[1.647s] running install_egg_info
[1.672s] removing '/home/kuldip/myroboticarm_ws/install/myroboticarm/lib/python3.12/site-packages/myroboticarm-0.0.0-py3.12.egg-info' (and everything under it)
[1.672s] Copying ../../build/myroboticarm/myroboticarm.egg-info to /home/kuldip/myroboticarm_ws/install/myroboticarm/lib/python3.12/site-packages/myroboticarm-0.0.0-py3.12.egg-info
[1.673s] running install_scripts
[1.828s] Installing simple_action_client script to /home/kuldip/myroboticarm_ws/install/myroboticarm/lib/myroboticarm
[1.829s] Installing simple_action_server script to /home/kuldip/myroboticarm_ws/install/myroboticarm/lib/myroboticarm
[1.829s] Installing simple_moveit_interface script to /home/kuldip/myroboticarm_ws/install/myroboticarm/lib/myroboticarm
[1.829s] Installing simple_parameter script to /home/kuldip/myroboticarm_ws/install/myroboticarm/lib/myroboticarm
[1.829s] Installing simple_publisher script to /home/kuldip/myroboticarm_ws/install/myroboticarm/lib/myroboticarm
[1.829s] Installing simple_service_client script to /home/kuldip/myroboticarm_ws/install/myroboticarm/lib/myroboticarm
[1.829s] Installing simple_service_server script to /home/kuldip/myroboticarm_ws/install/myroboticarm/lib/myroboticarm
[1.830s] Installing simple_subscriber script to /home/kuldip/myroboticarm_ws/install/myroboticarm/lib/myroboticarm
[1.830s] writing list of installed files to '/home/kuldip/myroboticarm_ws/build/myroboticarm/install.log'
[1.869s] Invoked command in '/home/kuldip/myroboticarm_ws/src/myroboticarm' returned '0': DEBUGINFOD_URLS=https://debuginfod.ubuntu.com PYTHONPATH=/home/kuldip/myroboticarm_ws/build/myroboticarm/prefix_override:/usr/lib/python3/dist-packages/colcon_core/task/python/colcon_distutils_commands:/home/kuldip/myroboticarm_ws/install/myroboticarm/lib/python3.12/site-packages:${PYTHONPATH} /usr/bin/python3 -W ignore:setup.py install is deprecated -W ignore:easy_install command is deprecated setup.py egg_info --egg-base ../../build/myroboticarm build --build-base /home/kuldip/myroboticarm_ws/build/myroboticarm/build install --record /home/kuldip/myroboticarm_ws/build/myroboticarm/install.log --single-version-externally-managed install_data
