[0.176s] Invoking command in '/home/kuldip/myroboticarm_ws/build/myroboticarm_moveit': CMAKE_PREFIX_PATH=${CMAKE_PREFIX_PATH}:/home/kuldip/myroboticarm_ws/install/myroboticarm_description:/home/kuldip/myroboticarm_ws/install/myroboticarm:/home/kuldip/arduinobot_ws/install/arduinobot_py_examples:/home/kuldip/myroboticarm_ws/src/install/myroboticarm:/opt/ros/jazzy DEBUGINFOD_URLS=https://debuginfod.ubuntu.com /usr/bin/cmake --build /home/kuldip/myroboticarm_ws/build/myroboticarm_moveit -- -j12 -l12
[0.208s] Invoked command in '/home/kuldip/myroboticarm_ws/build/myroboticarm_moveit' returned '0': CMAKE_PREFIX_PATH=${CMAKE_PREFIX_PATH}:/home/kuldip/myroboticarm_ws/install/myroboticarm_description:/home/kuldip/myroboticarm_ws/install/myroboticarm:/home/kuldip/arduinobot_ws/install/arduinobot_py_examples:/home/kuldip/myroboticarm_ws/src/install/myroboticarm:/opt/ros/jazzy DEBUGINFOD_URLS=https://debuginfod.ubuntu.com /usr/bin/cmake --build /home/kuldip/myroboticarm_ws/build/myroboticarm_moveit -- -j12 -l12
[0.208s] Invoking command in '/home/kuldip/myroboticarm_ws/build/myroboticarm_moveit': CMAKE_PREFIX_PATH=${CMAKE_PREFIX_PATH}:/home/kuldip/myroboticarm_ws/install/myroboticarm_description:/home/kuldip/myroboticarm_ws/install/myroboticarm:/home/kuldip/arduinobot_ws/install/arduinobot_py_examples:/home/kuldip/myroboticarm_ws/src/install/myroboticarm:/opt/ros/jazzy DEBUGINFOD_URLS=https://debuginfod.ubuntu.com /usr/bin/cmake --install /home/kuldip/myroboticarm_ws/build/myroboticarm_moveit
[0.215s] -- Install configuration: ""
[0.215s] -- Up-to-date: /home/kuldip/myroboticarm_ws/install/myroboticarm_moveit/share/myroboticarm_moveit/launch
[0.215s] -- Up-to-date: /home/kuldip/myroboticarm_ws/install/myroboticarm_moveit/share/myroboticarm_moveit/launch/moveit.launch.py
[0.216s] -- Up-to-date: /home/kuldip/myroboticarm_ws/install/myroboticarm_moveit/share/myroboticarm_moveit/config
[0.216s] -- Up-to-date: /home/kuldip/myroboticarm_ws/install/myroboticarm_moveit/share/myroboticarm_moveit/config/initial_positions.yaml
[0.216s] -- Up-to-date: /home/kuldip/myroboticarm_ws/install/myroboticarm_moveit/share/myroboticarm_moveit/config/myroboticarm.srdf
[0.216s] -- Up-to-date: /home/kuldip/myroboticarm_ws/install/myroboticarm_moveit/share/myroboticarm_moveit/config/joint_limits.yaml
[0.216s] -- Up-to-date: /home/kuldip/myroboticarm_ws/install/myroboticarm_moveit/share/myroboticarm_moveit/config/moveit_controllers.yaml
[0.216s] -- Up-to-date: /home/kuldip/myroboticarm_ws/install/myroboticarm_moveit/share/myroboticarm_moveit/config/kinematics.yaml
[0.217s] -- Up-to-date: /home/kuldip/myroboticarm_ws/install/myroboticarm_moveit/share/myroboticarm_moveit/config/pilz_cartesian_limits.yaml
[0.217s] -- Up-to-date: /home/kuldip/myroboticarm_ws/install/myroboticarm_moveit/share/ament_index/resource_index/package_run_dependencies/myroboticarm_moveit
[0.217s] -- Up-to-date: /home/kuldip/myroboticarm_ws/install/myroboticarm_moveit/share/ament_index/resource_index/parent_prefix_path/myroboticarm_moveit
[0.218s] -- Up-to-date: /home/kuldip/myroboticarm_ws/install/myroboticarm_moveit/share/myroboticarm_moveit/environment/ament_prefix_path.sh
[0.218s] -- Up-to-date: /home/kuldip/myroboticarm_ws/install/myroboticarm_moveit/share/myroboticarm_moveit/environment/ament_prefix_path.dsv
[0.218s] -- Up-to-date: /home/kuldip/myroboticarm_ws/install/myroboticarm_moveit/share/myroboticarm_moveit/environment/path.sh
[0.218s] -- Up-to-date: /home/kuldip/myroboticarm_ws/install/myroboticarm_moveit/share/myroboticarm_moveit/environment/path.dsv
[0.219s] -- Up-to-date: /home/kuldip/myroboticarm_ws/install/myroboticarm_moveit/share/myroboticarm_moveit/local_setup.bash
[0.219s] -- Up-to-date: /home/kuldip/myroboticarm_ws/install/myroboticarm_moveit/share/myroboticarm_moveit/local_setup.sh
[0.220s] -- Up-to-date: /home/kuldip/myroboticarm_ws/install/myroboticarm_moveit/share/myroboticarm_moveit/local_setup.zsh
[0.220s] -- Up-to-date: /home/kuldip/myroboticarm_ws/install/myroboticarm_moveit/share/myroboticarm_moveit/local_setup.dsv
[0.220s] -- Installing: /home/kuldip/myroboticarm_ws/install/myroboticarm_moveit/share/myroboticarm_moveit/package.dsv
[0.220s] -- Up-to-date: /home/kuldip/myroboticarm_ws/install/myroboticarm_moveit/share/ament_index/resource_index/packages/myroboticarm_moveit
[0.230s] -- Up-to-date: /home/kuldip/myroboticarm_ws/install/myroboticarm_moveit/share/myroboticarm_moveit/cmake/myroboticarm_moveitConfig.cmake
[0.231s] -- Up-to-date: /home/kuldip/myroboticarm_ws/install/myroboticarm_moveit/share/myroboticarm_moveit/cmake/myroboticarm_moveitConfig-version.cmake
[0.231s] -- Up-to-date: /home/kuldip/myroboticarm_ws/install/myroboticarm_moveit/share/myroboticarm_moveit/package.xml
[0.238s] Invoked command in '/home/kuldip/myroboticarm_ws/build/myroboticarm_moveit' returned '0': CMAKE_PREFIX_PATH=${CMAKE_PREFIX_PATH}:/home/kuldip/myroboticarm_ws/install/myroboticarm_description:/home/kuldip/myroboticarm_ws/install/myroboticarm:/home/kuldip/arduinobot_ws/install/arduinobot_py_examples:/home/kuldip/myroboticarm_ws/src/install/myroboticarm:/opt/ros/jazzy DEBUGINFOD_URLS=https://debuginfod.ubuntu.com /usr/bin/cmake --install /home/kuldip/myroboticarm_ws/build/myroboticarm_moveit
