-- Install configuration: ""
-- Up-to-date: /home/kuldip/myroboticarm_ws/install/myroboticarm_description_cpp/share/myroboticarm_description_cpp/urdf
-- Up-to-date: /home/kuldip/myroboticarm_ws/install/myroboticarm_description_cpp/share/myroboticarm_description_cpp/urdf/myroboticarm_ros2_control.xacro
-- Installing: /home/kuldip/myroboticarm_ws/install/myroboticarm_description_cpp/share/myroboticarm_description_cpp/urdf/myroboticarm.urdf.xacro
-- Up-to-date: /home/kuldip/myroboticarm_ws/install/myroboticarm_description_cpp/share/myroboticarm_description_cpp/urdf/myroboticarm_gazebo.xacro
-- Up-to-date: /home/kuldip/myroboticarm_ws/install/myroboticarm_description_cpp/share/myroboticarm_description_cpp/meshes
-- Up-to-date: /home/kuldip/myroboticarm_ws/install/myroboticarm_description_cpp/share/myroboticarm_description_cpp/meshes/horizontal_arm.STL
-- Installing: /home/kuldip/myroboticarm_ws/install/myroboticarm_description_cpp/share/myroboticarm_description_cpp/meshes/forward_drive_arm.dae
-- Installing: /home/kuldip/myroboticarm_ws/install/myroboticarm_description_cpp/share/myroboticarm_description_cpp/meshes/plate.dae
-- Installing: /home/kuldip/myroboticarm_ws/install/myroboticarm_description_cpp/share/myroboticarm_description_cpp/meshes/vertical_drive_arm.dae
-- Up-to-date: /home/kuldip/myroboticarm_ws/install/myroboticarm_description_cpp/share/myroboticarm_description_cpp/meshes/round_plate.STL
-- Installing: /home/kuldip/myroboticarm_ws/install/myroboticarm_description_cpp/share/myroboticarm_description_cpp/meshes/right_finger.dae
-- Up-to-date: /home/kuldip/myroboticarm_ws/install/myroboticarm_description_cpp/share/myroboticarm_description_cpp/meshes/servo_plate.STL
-- Installing: /home/kuldip/myroboticarm_ws/install/myroboticarm_description_cpp/share/myroboticarm_description_cpp/meshes/round_plate.dae
-- Installing: /home/kuldip/myroboticarm_ws/install/myroboticarm_description_cpp/share/myroboticarm_description_cpp/meshes/link.dae
-- Up-to-date: /home/kuldip/myroboticarm_ws/install/myroboticarm_description_cpp/share/myroboticarm_description_cpp/meshes/plate.STL
-- Up-to-date: /home/kuldip/myroboticarm_ws/install/myroboticarm_description_cpp/share/myroboticarm_description_cpp/meshes/pi_camera.STL
-- Up-to-date: /home/kuldip/myroboticarm_ws/install/myroboticarm_description_cpp/share/myroboticarm_description_cpp/meshes/right_finger.STL
-- Up-to-date: /home/kuldip/myroboticarm_ws/install/myroboticarm_description_cpp/share/myroboticarm_description_cpp/meshes/claw_support.STL
-- Installing: /home/kuldip/myroboticarm_ws/install/myroboticarm_description_cpp/share/myroboticarm_description_cpp/meshes/servo_plate.dae
-- Up-to-date: /home/kuldip/myroboticarm_ws/install/myroboticarm_description_cpp/share/myroboticarm_description_cpp/meshes/vertical_drive_arm.STL
-- Up-to-date: /home/kuldip/myroboticarm_ws/install/myroboticarm_description_cpp/share/myroboticarm_description_cpp/meshes/triangular_link.STL
-- Installing: /home/kuldip/myroboticarm_ws/install/myroboticarm_description_cpp/share/myroboticarm_description_cpp/meshes/basement.dae
-- Up-to-date: /home/kuldip/myroboticarm_ws/install/myroboticarm_description_cpp/share/myroboticarm_description_cpp/meshes/forward_drive_arm.STL
-- Up-to-date: /home/kuldip/myroboticarm_ws/install/myroboticarm_description_cpp/share/myroboticarm_description_cpp/meshes/basement.STL
-- Installing: /home/kuldip/myroboticarm_ws/install/myroboticarm_description_cpp/share/myroboticarm_description_cpp/meshes/left_finger.dae
-- Installing: /home/kuldip/myroboticarm_ws/install/myroboticarm_description_cpp/share/myroboticarm_description_cpp/meshes/claw_support.dae
-- Installing: /home/kuldip/myroboticarm_ws/install/myroboticarm_description_cpp/share/myroboticarm_description_cpp/meshes/triangular_link.dae
-- Installing: /home/kuldip/myroboticarm_ws/install/myroboticarm_description_cpp/share/myroboticarm_description_cpp/meshes/base_plate.dae
-- Installing: /home/kuldip/myroboticarm_ws/install/myroboticarm_description_cpp/share/myroboticarm_description_cpp/meshes/horizontal_arm.dae
-- Installing: /home/kuldip/myroboticarm_ws/install/myroboticarm_description_cpp/share/myroboticarm_description_cpp/meshes/pi_camera.dae
-- Up-to-date: /home/kuldip/myroboticarm_ws/install/myroboticarm_description_cpp/share/myroboticarm_description_cpp/meshes/left_finger.STL
-- Up-to-date: /home/kuldip/myroboticarm_ws/install/myroboticarm_description_cpp/share/myroboticarm_description_cpp/meshes/link.STL
-- Up-to-date: /home/kuldip/myroboticarm_ws/install/myroboticarm_description_cpp/share/myroboticarm_description_cpp/meshes/base_plate.STL
-- Up-to-date: /home/kuldip/myroboticarm_ws/install/myroboticarm_description_cpp/share/myroboticarm_description_cpp/launch
-- Up-to-date: /home/kuldip/myroboticarm_ws/install/myroboticarm_description_cpp/share/myroboticarm_description_cpp/launch/display.launch.py
-- Up-to-date: /home/kuldip/myroboticarm_ws/install/myroboticarm_description_cpp/share/myroboticarm_description_cpp/launch/gazebo.launch.py
-- Up-to-date: /home/kuldip/myroboticarm_ws/install/myroboticarm_description_cpp/share/myroboticarm_description_cpp/rviz
-- Up-to-date: /home/kuldip/myroboticarm_ws/install/myroboticarm_description_cpp/share/myroboticarm_description_cpp/rviz/display2.rviz
-- Up-to-date: /home/kuldip/myroboticarm_ws/install/myroboticarm_description_cpp/share/myroboticarm_description_cpp/rviz/display.rviz
-- Up-to-date: /home/kuldip/myroboticarm_ws/install/myroboticarm_description_cpp/share/ament_index/resource_index/package_run_dependencies/myroboticarm_description_cpp
-- Up-to-date: /home/kuldip/myroboticarm_ws/install/myroboticarm_description_cpp/share/ament_index/resource_index/parent_prefix_path/myroboticarm_description_cpp
-- Up-to-date: /home/kuldip/myroboticarm_ws/install/myroboticarm_description_cpp/share/myroboticarm_description_cpp/environment/ament_prefix_path.sh
-- Up-to-date: /home/kuldip/myroboticarm_ws/install/myroboticarm_description_cpp/share/myroboticarm_description_cpp/environment/ament_prefix_path.dsv
-- Up-to-date: /home/kuldip/myroboticarm_ws/install/myroboticarm_description_cpp/share/myroboticarm_description_cpp/environment/path.sh
-- Up-to-date: /home/kuldip/myroboticarm_ws/install/myroboticarm_description_cpp/share/myroboticarm_description_cpp/environment/path.dsv
-- Up-to-date: /home/kuldip/myroboticarm_ws/install/myroboticarm_description_cpp/share/myroboticarm_description_cpp/local_setup.bash
-- Up-to-date: /home/kuldip/myroboticarm_ws/install/myroboticarm_description_cpp/share/myroboticarm_description_cpp/local_setup.sh
-- Up-to-date: /home/kuldip/myroboticarm_ws/install/myroboticarm_description_cpp/share/myroboticarm_description_cpp/local_setup.zsh
-- Up-to-date: /home/kuldip/myroboticarm_ws/install/myroboticarm_description_cpp/share/myroboticarm_description_cpp/local_setup.dsv
-- Installing: /home/kuldip/myroboticarm_ws/install/myroboticarm_description_cpp/share/myroboticarm_description_cpp/package.dsv
-- Up-to-date: /home/kuldip/myroboticarm_ws/install/myroboticarm_description_cpp/share/ament_index/resource_index/packages/myroboticarm_description_cpp
-- Up-to-date: /home/kuldip/myroboticarm_ws/install/myroboticarm_description_cpp/share/myroboticarm_description_cpp/cmake/myroboticarm_description_cppConfig.cmake
-- Up-to-date: /home/kuldip/myroboticarm_ws/install/myroboticarm_description_cpp/share/myroboticarm_description_cpp/cmake/myroboticarm_description_cppConfig-version.cmake
-- Up-to-date: /home/kuldip/myroboticarm_ws/install/myroboticarm_description_cpp/share/myroboticarm_description_cpp/package.xml
