[0.172s] Invoking command in '/home/kuldip/myroboticarm_ws/build/myroboticarm_remote': CMAKE_PREFIX_PATH=${CMAKE_PREFIX_PATH}:/home/kuldip/myroboticarm_ws/install/myroboticarm_description:/home/kuldip/myroboticarm_ws/install/myroboticarm:/home/kuldip/arduinobot_ws/install/arduinobot_py_examples:/home/kuldip/myroboticarm_ws/src/install/myroboticarm:/opt/ros/jazzy DEBUGINFOD_URLS=https://debuginfod.ubuntu.com /usr/bin/cmake /home/kuldip/myroboticarm_ws/src/myroboticarm_remote -DCMAKE_INSTALL_PREFIX=/home/kuldip/myroboticarm_ws/install/myroboticarm_remote
[0.258s] -- The C compiler identification is GNU 13.3.0
[0.325s] -- The CXX compiler identification is GNU 13.3.0
[0.341s] -- Detecting C compiler ABI info
[0.417s] -- Detecting C compiler ABI info - done
[0.423s] -- Check for working C compiler: /usr/bin/cc - skipped
[0.423s] -- Detecting C compile features
[0.424s] -- Detecting C compile features - done
[0.433s] -- Detecting CXX compiler ABI info
[0.517s] -- Detecting CXX compiler ABI info - done
[0.523s] -- Check for working CXX compiler: /usr/bin/c++ - skipped
[0.523s] -- Detecting CXX compile features
[0.523s] -- Detecting CXX compile features - done
[0.532s] -- Found ament_cmake: 2.5.4 (/opt/ros/jazzy/share/ament_cmake/cmake)
[0.664s] -- Found Python3: /usr/bin/python3 (found version "3.12.3") found components: Interpreter 
[0.764s] -- Found ament_lint_auto: 0.17.2 (/opt/ros/jazzy/share/ament_lint_auto/cmake)
[0.864s] -- Added test 'flake8' to check Python code syntax and style conventions
[0.864s] -- Configured 'flake8' exclude dirs and/or files: 
[0.865s] -- Added test 'lint_cmake' to check CMake code style
[0.866s] -- Added test 'pep257' to check Python code against some of the docstring style conventions in PEP 257
[0.867s] -- Added test 'xmllint' to check XML markup files
[0.868s] -- Configuring done (0.7s)
[0.870s] -- Generating done (0.0s)
[0.871s] -- Build files have been written to: /home/kuldip/myroboticarm_ws/build/myroboticarm_remote
[0.875s] Invoked command in '/home/kuldip/myroboticarm_ws/build/myroboticarm_remote' returned '0': CMAKE_PREFIX_PATH=${CMAKE_PREFIX_PATH}:/home/kuldip/myroboticarm_ws/install/myroboticarm_description:/home/kuldip/myroboticarm_ws/install/myroboticarm:/home/kuldip/arduinobot_ws/install/arduinobot_py_examples:/home/kuldip/myroboticarm_ws/src/install/myroboticarm:/opt/ros/jazzy DEBUGINFOD_URLS=https://debuginfod.ubuntu.com /usr/bin/cmake /home/kuldip/myroboticarm_ws/src/myroboticarm_remote -DCMAKE_INSTALL_PREFIX=/home/kuldip/myroboticarm_ws/install/myroboticarm_remote
[0.875s] Invoking command in '/home/kuldip/myroboticarm_ws/build/myroboticarm_remote': CMAKE_PREFIX_PATH=${CMAKE_PREFIX_PATH}:/home/kuldip/myroboticarm_ws/install/myroboticarm_description:/home/kuldip/myroboticarm_ws/install/myroboticarm:/home/kuldip/arduinobot_ws/install/arduinobot_py_examples:/home/kuldip/myroboticarm_ws/src/install/myroboticarm:/opt/ros/jazzy DEBUGINFOD_URLS=https://debuginfod.ubuntu.com /usr/bin/cmake --build /home/kuldip/myroboticarm_ws/build/myroboticarm_remote -- -j12 -l12
[0.912s] Invoked command in '/home/kuldip/myroboticarm_ws/build/myroboticarm_remote' returned '0': CMAKE_PREFIX_PATH=${CMAKE_PREFIX_PATH}:/home/kuldip/myroboticarm_ws/install/myroboticarm_description:/home/kuldip/myroboticarm_ws/install/myroboticarm:/home/kuldip/arduinobot_ws/install/arduinobot_py_examples:/home/kuldip/myroboticarm_ws/src/install/myroboticarm:/opt/ros/jazzy DEBUGINFOD_URLS=https://debuginfod.ubuntu.com /usr/bin/cmake --build /home/kuldip/myroboticarm_ws/build/myroboticarm_remote -- -j12 -l12
[0.912s] Invoking command in '/home/kuldip/myroboticarm_ws/build/myroboticarm_remote': CMAKE_PREFIX_PATH=${CMAKE_PREFIX_PATH}:/home/kuldip/myroboticarm_ws/install/myroboticarm_description:/home/kuldip/myroboticarm_ws/install/myroboticarm:/home/kuldip/arduinobot_ws/install/arduinobot_py_examples:/home/kuldip/myroboticarm_ws/src/install/myroboticarm:/opt/ros/jazzy DEBUGINFOD_URLS=https://debuginfod.ubuntu.com /usr/bin/cmake --install /home/kuldip/myroboticarm_ws/build/myroboticarm_remote
[0.919s] -- Install configuration: ""
[0.919s] -- Installing: /home/kuldip/myroboticarm_ws/install/myroboticarm_remote/share/ament_index/resource_index/package_run_dependencies/myroboticarm_remote
[0.919s] -- Installing: /home/kuldip/myroboticarm_ws/install/myroboticarm_remote/share/ament_index/resource_index/parent_prefix_path/myroboticarm_remote
[0.919s] -- Installing: /home/kuldip/myroboticarm_ws/install/myroboticarm_remote/share/myroboticarm_remote/environment/ament_prefix_path.sh
[0.919s] -- Installing: /home/kuldip/myroboticarm_ws/install/myroboticarm_remote/share/myroboticarm_remote/environment/ament_prefix_path.dsv
[0.920s] -- Installing: /home/kuldip/myroboticarm_ws/install/myroboticarm_remote/share/myroboticarm_remote/environment/path.sh
[0.920s] -- Installing: /home/kuldip/myroboticarm_ws/install/myroboticarm_remote/share/myroboticarm_remote/environment/path.dsv
[0.920s] -- Installing: /home/kuldip/myroboticarm_ws/install/myroboticarm_remote/share/myroboticarm_remote/local_setup.bash
[0.920s] -- Installing: /home/kuldip/myroboticarm_ws/install/myroboticarm_remote/share/myroboticarm_remote/local_setup.sh
[0.920s] -- Installing: /home/kuldip/myroboticarm_ws/install/myroboticarm_remote/share/myroboticarm_remote/local_setup.zsh
[0.920s] -- Installing: /home/kuldip/myroboticarm_ws/install/myroboticarm_remote/share/myroboticarm_remote/local_setup.dsv
[0.920s] -- Installing: /home/kuldip/myroboticarm_ws/install/myroboticarm_remote/share/myroboticarm_remote/package.dsv
[0.920s] -- Installing: /home/kuldip/myroboticarm_ws/install/myroboticarm_remote/share/ament_index/resource_index/packages/myroboticarm_remote
[0.920s] -- Installing: /home/kuldip/myroboticarm_ws/install/myroboticarm_remote/share/myroboticarm_remote/cmake/myroboticarm_remoteConfig.cmake
[0.921s] -- Installing: /home/kuldip/myroboticarm_ws/install/myroboticarm_remote/share/myroboticarm_remote/cmake/myroboticarm_remoteConfig-version.cmake
[0.921s] -- Installing: /home/kuldip/myroboticarm_ws/install/myroboticarm_remote/share/myroboticarm_remote/package.xml
[0.923s] Invoked command in '/home/kuldip/myroboticarm_ws/build/myroboticarm_remote' returned '0': CMAKE_PREFIX_PATH=${CMAKE_PREFIX_PATH}:/home/kuldip/myroboticarm_ws/install/myroboticarm_description:/home/kuldip/myroboticarm_ws/install/myroboticarm:/home/kuldip/arduinobot_ws/install/arduinobot_py_examples:/home/kuldip/myroboticarm_ws/src/install/myroboticarm:/opt/ros/jazzy DEBUGINFOD_URLS=https://debuginfod.ubuntu.com /usr/bin/cmake --install /home/kuldip/myroboticarm_ws/build/myroboticarm_remote
