[0.143s] Invoking command in '/home/kuldip/myroboticarm_ws/build/myroboticarm_msgs': CMAKE_PREFIX_PATH=${CMAKE_PREFIX_PATH}:/home/kuldip/myroboticarm_ws/src/install/myroboticarm:/home/kuldip/myroboticarm_ws/install/myroboticarm_description:/home/kuldip/myroboticarm_ws/install/myroboticarm:/home/kuldip/arduinobot_ws/install/arduinobot_py_examples:/opt/ros/jazzy DEBUGINFOD_URLS=https://debuginfod.ubuntu.com /usr/bin/cmake /home/kuldip/myroboticarm_ws/src/myroboticarm_msgs -DCMAKE_INSTALL_PREFIX=/home/kuldip/myroboticarm_ws/install/myroboticarm_msgs
[0.213s] -- The C compiler identification is GNU 13.3.0
[0.278s] -- The CXX compiler identification is GNU 13.3.0
[0.292s] -- Detecting C compiler ABI info
[0.366s] -- Detecting C compiler ABI info - done
[0.371s] -- Check for working C compiler: /usr/bin/cc - skipped
[0.372s] -- Detecting C compile features
[0.372s] -- Detecting C compile features - done
[0.379s] -- Detecting CXX compiler ABI info
[0.458s] -- Detecting CXX compiler ABI info - done
[0.464s] -- Check for working CXX compiler: /usr/bin/c++ - skipped
[0.464s] -- Detecting CXX compile features
[0.464s] -- Detecting CXX compile features - done
[0.467s] -- Found ament_cmake: 2.5.4 (/opt/ros/jazzy/share/ament_cmake/cmake)
[0.587s] -- Found Python3: /usr/bin/python3 (found version "3.12.3") found components: Interpreter 
[0.676s] -- Found ament_lint_auto: 0.17.2 (/opt/ros/jazzy/share/ament_lint_auto/cmake)
[0.751s] -- Added test 'lint_cmake' to check CMake code style
[0.752s] -- Added test 'xmllint' to check XML markup files
[0.753s] -- Configuring done (0.6s)
[0.755s] -- Generating done (0.0s)
[0.755s] -- Build files have been written to: /home/kuldip/myroboticarm_ws/build/myroboticarm_msgs
