[0.025s] Invoking command in '/home/kuldip/myroboticarm_ws/build/myroboticarm_msgs': CMAKE_PREFIX_PATH=${CMAKE_PREFIX_PATH}:/home/kuldip/myroboticarm_ws/install/myroboticarm_description:/home/kuldip/myroboticarm_ws/install/myroboticarm:/home/kuldip/arduinobot_ws/install/arduinobot_py_examples:/home/kuldip/myroboticarm_ws/src/install/myroboticarm:/opt/ros/jazzy DEBUGINFOD_URLS=https://debuginfod.ubuntu.com /usr/bin/cmake --build /home/kuldip/myroboticarm_ws/build/myroboticarm_msgs -- -j12 -l12
[0.178s] -- Found ament_cmake: 2.5.4 (/opt/ros/jazzy/share/ament_cmake/cmake)
[0.178s] -- Found Python3: /usr/bin/python3 (found version "3.12.3") found components: Interpreter 
[0.190s] -- Found std_msgs: 5.3.6 (/opt/ros/jazzy/share/std_msgs/cmake)
[0.190s] -- Found rosidl_generator_c: 4.6.5 (/opt/ros/jazzy/share/rosidl_generator_c/cmake)
[0.190s] -- Found rosidl_generator_cpp: 4.6.5 (/opt/ros/jazzy/share/rosidl_generator_cpp/cmake)
[0.198s] -- Using all available rosidl_typesupport_c: rosidl_typesupport_fastrtps_c;rosidl_typesupport_introspection_c
[0.217s] -- Using all available rosidl_typesupport_cpp: rosidl_typesupport_fastrtps_cpp;rosidl_typesupport_introspection_cpp
[0.243s] -- Found rosidl_default_generators: 1.6.0 (/opt/ros/jazzy/share/rosidl_default_generators/cmake)
[0.252s] -- Found rosidl_adapter: 4.6.5 (/opt/ros/jazzy/share/rosidl_adapter/cmake)
[0.510s] -- Found ament_cmake_ros: 0.12.0 (/opt/ros/jazzy/share/ament_cmake_ros/cmake)
[0.644s] -- Using all available rosidl_typesupport_c: rosidl_typesupport_fastrtps_c;rosidl_typesupport_introspection_c
[0.694s] -- Using all available rosidl_typesupport_cpp: rosidl_typesupport_fastrtps_cpp;rosidl_typesupport_introspection_cpp
[0.696s] -- Found python_cmake_module: 0.11.1 (/opt/ros/jazzy/share/python_cmake_module/cmake)
[0.938s] -- Found Python3: /usr/bin/python3 (found version "3.12.3") found components: Interpreter Development NumPy Development.Module Development.Embed 
[0.948s] -- Found ament_lint_auto: 0.17.2 (/opt/ros/jazzy/share/ament_lint_auto/cmake)
[0.956s] -- Added test 'lint_cmake' to check CMake code style
[0.956s] -- Added test 'xmllint' to check XML markup files
[0.958s] -- Configuring done (0.9s)
[0.991s] -- Generating done (0.0s)
[1.000s] -- Build files have been written to: /home/kuldip/myroboticarm_ws/build/myroboticarm_msgs
[1.031s] [  1%] [34m[1mGenerating type hashes for ROS interfaces[0m
[1.040s] [  1%] Built target ament_cmake_python_copy_myroboticarm_msgs
[1.197s] running egg_info
[1.221s] writing myroboticarm_msgs.egg-info/PKG-INFO
[1.222s] writing dependency_links to myroboticarm_msgs.egg-info/dependency_links.txt
[1.222s] writing top-level names to myroboticarm_msgs.egg-info/top_level.txt
[1.261s] reading manifest file 'myroboticarm_msgs.egg-info/SOURCES.txt'
[1.261s] writing manifest file 'myroboticarm_msgs.egg-info/SOURCES.txt'
[1.287s] [  1%] Built target ament_cmake_python_build_myroboticarm_msgs_egg
[1.303s] [  1%] Built target myroboticarm_msgs__rosidl_generator_type_description
[1.311s] [  2%] [34m[1mGenerating C code for ROS interfaces[0m
[1.322s] [  4%] [34m[1mGenerating C++ code for ROS interfaces[0m
[1.923s] [  4%] Built target myroboticarm_msgs__cpp
[2.025s] [  5%] [32mBuilding C object CMakeFiles/myroboticarm_msgs__rosidl_generator_c.dir/rosidl_generator_c/myroboticarm_msgs/srv/detail/add_twoints__functions.c.o[0m
[2.025s] [  6%] [32mBuilding C object CMakeFiles/myroboticarm_msgs__rosidl_generator_c.dir/rosidl_generator_c/myroboticarm_msgs/srv/detail/eu_to_quater__functions.c.o[0m
[2.025s] [  8%] [32mBuilding C object CMakeFiles/myroboticarm_msgs__rosidl_generator_c.dir/rosidl_generator_c/myroboticarm_msgs/srv/detail/eu_to_quater__description.c.o[0m
[2.025s] [  9%] [32mBuilding C object CMakeFiles/myroboticarm_msgs__rosidl_generator_c.dir/rosidl_generator_c/myroboticarm_msgs/srv/detail/quater_to_eu__description.c.o[0m
[2.026s] [ 10%] [32mBuilding C object CMakeFiles/myroboticarm_msgs__rosidl_generator_c.dir/rosidl_generator_c/myroboticarm_msgs/srv/detail/quater_to_eu__type_support.c.o[0m
[2.026s] [ 14%] [32mBuilding C object CMakeFiles/myroboticarm_msgs__rosidl_generator_c.dir/rosidl_generator_c/myroboticarm_msgs/srv/detail/add_twoints__type_support.c.o[0m
[2.026s] [ 16%] [32mBuilding C object CMakeFiles/myroboticarm_msgs__rosidl_generator_c.dir/rosidl_generator_c/myroboticarm_msgs/srv/detail/add_twoints__description.c.o[0m
[2.026s] [ 16%] [32mBuilding C object CMakeFiles/myroboticarm_msgs__rosidl_generator_c.dir/rosidl_generator_c/myroboticarm_msgs/srv/detail/eu_to_quater__type_support.c.o[0m
[2.026s] [ 16%] [32mBuilding C object CMakeFiles/myroboticarm_msgs__rosidl_generator_c.dir/rosidl_generator_c/myroboticarm_msgs/action/detail/fibonacci__functions.c.o[0m
[2.027s] [ 17%] [32mBuilding C object CMakeFiles/myroboticarm_msgs__rosidl_generator_c.dir/rosidl_generator_c/myroboticarm_msgs/srv/detail/quater_to_eu__functions.c.o[0m
[2.029s] [ 18%] [32mBuilding C object CMakeFiles/myroboticarm_msgs__rosidl_generator_c.dir/rosidl_generator_c/myroboticarm_msgs/action/detail/fibonacci__description.c.o[0m
[2.029s] [ 20%] [32mBuilding C object CMakeFiles/myroboticarm_msgs__rosidl_generator_c.dir/rosidl_generator_c/myroboticarm_msgs/action/detail/fibonacci__type_support.c.o[0m
[2.069s] [ 21%] [32mBuilding C object CMakeFiles/myroboticarm_msgs__rosidl_generator_c.dir/rosidl_generator_c/myroboticarm_msgs/action/detail/myroboticarm_task__description.c.o[0m
[2.070s] [ 22%] [32mBuilding C object CMakeFiles/myroboticarm_msgs__rosidl_generator_c.dir/rosidl_generator_c/myroboticarm_msgs/action/detail/myroboticarm_task__functions.c.o[0m
[2.071s] [ 24%] [32mBuilding C object CMakeFiles/myroboticarm_msgs__rosidl_generator_c.dir/rosidl_generator_c/myroboticarm_msgs/action/detail/myroboticarm_task__type_support.c.o[0m
[2.178s] [ 25%] [32m[1mLinking C shared library libmyroboticarm_msgs__rosidl_generator_c.so[0m
[2.212s] [ 25%] Built target myroboticarm_msgs__rosidl_generator_c
[2.228s] [ 27%] [34m[1mGenerating C introspection for ROS interfaces[0m
[2.229s] [ 28%] [34m[1mGenerating C++ type support dispatch for ROS interfaces[0m
[2.229s] [ 31%] [34m[1mGenerating C++ type support for eProsima Fast-RTPS[0m
[2.230s] [ 31%] [34m[1mGenerating C type support for eProsima Fast-RTPS[0m
[2.233s] [ 32%] [34m[1mGenerating C type support dispatch for ROS interfaces[0m
[2.236s] [ 33%] [34m[1mGenerating C++ introspection for ROS interfaces[0m
[2.601s] [ 35%] [32mBuilding CXX object CMakeFiles/myroboticarm_msgs__rosidl_typesupport_cpp.dir/rosidl_typesupport_cpp/myroboticarm_msgs/srv/add_twoints__type_support.cpp.o[0m
[2.601s] [ 36%] [32mBuilding CXX object CMakeFiles/myroboticarm_msgs__rosidl_typesupport_cpp.dir/rosidl_typesupport_cpp/myroboticarm_msgs/srv/quater_to_eu__type_support.cpp.o[0m
[2.601s] [ 37%] [32mBuilding CXX object CMakeFiles/myroboticarm_msgs__rosidl_typesupport_cpp.dir/rosidl_typesupport_cpp/myroboticarm_msgs/srv/eu_to_quater__type_support.cpp.o[0m
[2.601s] [ 40%] [32mBuilding CXX object CMakeFiles/myroboticarm_msgs__rosidl_typesupport_cpp.dir/rosidl_typesupport_cpp/myroboticarm_msgs/action/myroboticarm_task__type_support.cpp.o[0m
[2.601s] [ 40%] [32mBuilding CXX object CMakeFiles/myroboticarm_msgs__rosidl_typesupport_cpp.dir/rosidl_typesupport_cpp/myroboticarm_msgs/action/fibonacci__type_support.cpp.o[0m
[2.837s] [ 41%] [32mBuilding CXX object CMakeFiles/myroboticarm_msgs__rosidl_typesupport_c.dir/rosidl_typesupport_c/myroboticarm_msgs/srv/add_twoints__type_support.cpp.o[0m
[2.848s] [ 43%] [32mBuilding CXX object CMakeFiles/myroboticarm_msgs__rosidl_typesupport_c.dir/rosidl_typesupport_c/myroboticarm_msgs/srv/eu_to_quater__type_support.cpp.o[0m
[2.853s] [ 44%] [32mBuilding CXX object CMakeFiles/myroboticarm_msgs__rosidl_typesupport_c.dir/rosidl_typesupport_c/myroboticarm_msgs/srv/quater_to_eu__type_support.cpp.o[0m
[2.889s] [ 45%] [32mBuilding C object CMakeFiles/myroboticarm_msgs__rosidl_typesupport_introspection_c.dir/rosidl_typesupport_introspection_c/myroboticarm_msgs/srv/detail/add_twoints__type_support.c.o[0m
[2.904s] [ 47%] [32mBuilding C object CMakeFiles/myroboticarm_msgs__rosidl_typesupport_introspection_c.dir/rosidl_typesupport_introspection_c/myroboticarm_msgs/srv/detail/eu_to_quater__type_support.c.o[0m
[2.905s] [ 48%] [32mBuilding CXX object CMakeFiles/myroboticarm_msgs__rosidl_typesupport_c.dir/rosidl_typesupport_c/myroboticarm_msgs/action/fibonacci__type_support.cpp.o[0m
[2.922s] [ 50%] [32mBuilding CXX object CMakeFiles/myroboticarm_msgs__rosidl_typesupport_c.dir/rosidl_typesupport_c/myroboticarm_msgs/action/myroboticarm_task__type_support.cpp.o[0m
[2.946s] [ 51%] [32mBuilding C object CMakeFiles/myroboticarm_msgs__rosidl_typesupport_introspection_c.dir/rosidl_typesupport_introspection_c/myroboticarm_msgs/srv/detail/quater_to_eu__type_support.c.o[0m
[2.958s] [ 52%] [32mBuilding CXX object CMakeFiles/myroboticarm_msgs__rosidl_typesupport_introspection_cpp.dir/rosidl_typesupport_introspection_cpp/myroboticarm_msgs/srv/detail/add_twoints__type_support.cpp.o[0m
[2.969s] [ 54%] [32mBuilding C object CMakeFiles/myroboticarm_msgs__rosidl_typesupport_introspection_c.dir/rosidl_typesupport_introspection_c/myroboticarm_msgs/action/detail/fibonacci__type_support.c.o[0m
[2.979s] [ 55%] [32mBuilding CXX object CMakeFiles/myroboticarm_msgs__rosidl_typesupport_introspection_cpp.dir/rosidl_typesupport_introspection_cpp/myroboticarm_msgs/srv/detail/eu_to_quater__type_support.cpp.o[0m
[2.982s] [ 56%] [32m[1mLinking CXX shared library libmyroboticarm_msgs__rosidl_typesupport_c.so[0m
[2.999s] [ 58%] [32mBuilding CXX object CMakeFiles/myroboticarm_msgs__rosidl_typesupport_introspection_cpp.dir/rosidl_typesupport_introspection_cpp/myroboticarm_msgs/srv/detail/quater_to_eu__type_support.cpp.o[0m
[3.031s] [ 58%] Built target myroboticarm_msgs__rosidl_typesupport_c
[3.037s] [ 59%] [32mBuilding C object CMakeFiles/myroboticarm_msgs__rosidl_typesupport_introspection_c.dir/rosidl_typesupport_introspection_c/myroboticarm_msgs/action/detail/myroboticarm_task__type_support.c.o[0m
[3.043s] [ 60%] [32mBuilding CXX object CMakeFiles/myroboticarm_msgs__rosidl_typesupport_introspection_cpp.dir/rosidl_typesupport_introspection_cpp/myroboticarm_msgs/action/detail/fibonacci__type_support.cpp.o[0m
[3.047s] [ 62%] [32mBuilding CXX object CMakeFiles/myroboticarm_msgs__rosidl_typesupport_introspection_cpp.dir/rosidl_typesupport_introspection_cpp/myroboticarm_msgs/action/detail/myroboticarm_task__type_support.cpp.o[0m
[3.092s] [ 63%] [32m[1mLinking C shared library libmyroboticarm_msgs__rosidl_typesupport_introspection_c.so[0m
[3.133s] [ 63%] Built target myroboticarm_msgs__rosidl_typesupport_introspection_c
[3.164s] [ 67%] [32mBuilding CXX object CMakeFiles/myroboticarm_msgs__rosidl_typesupport_fastrtps_cpp.dir/rosidl_typesupport_fastrtps_cpp/myroboticarm_msgs/srv/detail/dds_fastrtps/quater_to_eu__type_support.cpp.o[0m
[3.164s] [ 67%] [32mBuilding CXX object CMakeFiles/myroboticarm_msgs__rosidl_typesupport_fastrtps_cpp.dir/rosidl_typesupport_fastrtps_cpp/myroboticarm_msgs/action/detail/dds_fastrtps/fibonacci__type_support.cpp.o[0m
[3.166s] [ 67%] [32mBuilding CXX object CMakeFiles/myroboticarm_msgs__rosidl_typesupport_fastrtps_cpp.dir/rosidl_typesupport_fastrtps_cpp/myroboticarm_msgs/srv/detail/dds_fastrtps/add_twoints__type_support.cpp.o[0m
[3.167s] [ 68%] [32mBuilding CXX object CMakeFiles/myroboticarm_msgs__rosidl_typesupport_fastrtps_cpp.dir/rosidl_typesupport_fastrtps_cpp/myroboticarm_msgs/srv/detail/dds_fastrtps/eu_to_quater__type_support.cpp.o[0m
[3.330s] [ 70%] [32mBuilding CXX object CMakeFiles/myroboticarm_msgs__rosidl_typesupport_fastrtps_c.dir/rosidl_typesupport_fastrtps_c/myroboticarm_msgs/srv/detail/add_twoints__type_support_c.cpp.o[0m
[3.404s] [ 71%] [32mBuilding CXX object CMakeFiles/myroboticarm_msgs__rosidl_typesupport_fastrtps_c.dir/rosidl_typesupport_fastrtps_c/myroboticarm_msgs/srv/detail/eu_to_quater__type_support_c.cpp.o[0m
[3.411s] [ 72%] [32mBuilding CXX object CMakeFiles/myroboticarm_msgs__rosidl_typesupport_fastrtps_c.dir/rosidl_typesupport_fastrtps_c/myroboticarm_msgs/srv/detail/quater_to_eu__type_support_c.cpp.o[0m
[3.436s] [ 74%] [32mBuilding CXX object CMakeFiles/myroboticarm_msgs__rosidl_typesupport_fastrtps_c.dir/rosidl_typesupport_fastrtps_c/myroboticarm_msgs/action/detail/fibonacci__type_support_c.cpp.o[0m
[3.442s] [ 75%] [32mBuilding CXX object CMakeFiles/myroboticarm_msgs__rosidl_typesupport_fastrtps_cpp.dir/rosidl_typesupport_fastrtps_cpp/myroboticarm_msgs/action/detail/dds_fastrtps/myroboticarm_task__type_support.cpp.o[0m
[3.498s] [ 77%] [32m[1mLinking CXX shared library libmyroboticarm_msgs__rosidl_typesupport_cpp.so[0m
[3.612s] [ 77%] Built target myroboticarm_msgs__rosidl_typesupport_cpp
[3.624s] [ 78%] [32mBuilding CXX object CMakeFiles/myroboticarm_msgs__rosidl_typesupport_fastrtps_c.dir/rosidl_typesupport_fastrtps_c/myroboticarm_msgs/action/detail/myroboticarm_task__type_support_c.cpp.o[0m
[4.051s] [ 79%] [32m[1mLinking CXX shared library libmyroboticarm_msgs__rosidl_typesupport_introspection_cpp.so[0m
[4.123s] [ 79%] Built target myroboticarm_msgs__rosidl_typesupport_introspection_cpp
[4.143s] [ 81%] [32m[1mLinking CXX shared library libmyroboticarm_msgs__rosidl_typesupport_fastrtps_c.so[0m
[4.184s] [ 81%] Built target myroboticarm_msgs__rosidl_typesupport_fastrtps_c
[4.357s] [ 82%] [32m[1mLinking CXX shared library libmyroboticarm_msgs__rosidl_typesupport_fastrtps_cpp.so[0m
[4.432s] [ 82%] Built target myroboticarm_msgs__rosidl_typesupport_fastrtps_cpp
[4.451s] [ 82%] Built target myroboticarm_msgs
[4.471s] [ 83%] [34m[1mGenerating Python code for ROS interfaces[0m
[5.496s] [ 83%] Built target myroboticarm_msgs__py
[5.524s] [ 86%] [32mBuilding C object CMakeFiles/myroboticarm_msgs__rosidl_generator_py.dir/rosidl_generator_py/myroboticarm_msgs/srv/_add_twoints_s.c.o[0m
[5.524s] [ 86%] [32mBuilding C object CMakeFiles/myroboticarm_msgs__rosidl_generator_py.dir/rosidl_generator_py/myroboticarm_msgs/srv/_quater_to_eu_s.c.o[0m
[5.524s] [ 87%] [32mBuilding C object CMakeFiles/myroboticarm_msgs__rosidl_generator_py.dir/rosidl_generator_py/myroboticarm_msgs/action/_myroboticarm_task_s.c.o[0m
[5.529s] [ 89%] [32mBuilding C object CMakeFiles/myroboticarm_msgs__rosidl_generator_py.dir/rosidl_generator_py/myroboticarm_msgs/srv/_eu_to_quater_s.c.o[0m
[5.530s] [ 90%] [32mBuilding C object CMakeFiles/myroboticarm_msgs__rosidl_generator_py.dir/rosidl_generator_py/myroboticarm_msgs/action/_fibonacci_s.c.o[0m
[5.687s] [ 91%] [32m[1mLinking C shared library libmyroboticarm_msgs__rosidl_generator_py.so[0m
[5.722s] [ 91%] Built target myroboticarm_msgs__rosidl_generator_py
[5.740s] [ 93%] [32mBuilding C object CMakeFiles/myroboticarm_msgs_s__rosidl_typesupport_c.dir/rosidl_generator_py/myroboticarm_msgs/_myroboticarm_msgs_s.ep.rosidl_typesupport_c.c.o[0m
[5.741s] [ 94%] [32mBuilding C object CMakeFiles/myroboticarm_msgs_s__rosidl_typesupport_fastrtps_c.dir/rosidl_generator_py/myroboticarm_msgs/_myroboticarm_msgs_s.ep.rosidl_typesupport_fastrtps_c.c.o[0m
[5.742s] [ 95%] [32mBuilding C object CMakeFiles/myroboticarm_msgs_s__rosidl_typesupport_introspection_c.dir/rosidl_generator_py/myroboticarm_msgs/_myroboticarm_msgs_s.ep.rosidl_typesupport_introspection_c.c.o[0m
[5.863s] [ 97%] [32m[1mLinking C shared module rosidl_generator_py/myroboticarm_msgs/myroboticarm_msgs_s__rosidl_typesupport_fastrtps_c.so[0m
[5.870s] [ 98%] [32m[1mLinking C shared module rosidl_generator_py/myroboticarm_msgs/myroboticarm_msgs_s__rosidl_typesupport_c.so[0m
[5.879s] [100%] [32m[1mLinking C shared module rosidl_generator_py/myroboticarm_msgs/myroboticarm_msgs_s__rosidl_typesupport_introspection_c.so[0m
[5.892s] [100%] Built target myroboticarm_msgs_s__rosidl_typesupport_fastrtps_c
[5.893s] [100%] Built target myroboticarm_msgs_s__rosidl_typesupport_c
[5.903s] [100%] Built target myroboticarm_msgs_s__rosidl_typesupport_introspection_c
[5.915s] Invoked command in '/home/kuldip/myroboticarm_ws/build/myroboticarm_msgs' returned '0': CMAKE_PREFIX_PATH=${CMAKE_PREFIX_PATH}:/home/kuldip/myroboticarm_ws/install/myroboticarm_description:/home/kuldip/myroboticarm_ws/install/myroboticarm:/home/kuldip/arduinobot_ws/install/arduinobot_py_examples:/home/kuldip/myroboticarm_ws/src/install/myroboticarm:/opt/ros/jazzy DEBUGINFOD_URLS=https://debuginfod.ubuntu.com /usr/bin/cmake --build /home/kuldip/myroboticarm_ws/build/myroboticarm_msgs -- -j12 -l12
[5.917s] Invoking command in '/home/kuldip/myroboticarm_ws/build/myroboticarm_msgs': CMAKE_PREFIX_PATH=${CMAKE_PREFIX_PATH}:/home/kuldip/myroboticarm_ws/install/myroboticarm_description:/home/kuldip/myroboticarm_ws/install/myroboticarm:/home/kuldip/arduinobot_ws/install/arduinobot_py_examples:/home/kuldip/myroboticarm_ws/src/install/myroboticarm:/opt/ros/jazzy DEBUGINFOD_URLS=https://debuginfod.ubuntu.com /usr/bin/cmake --install /home/kuldip/myroboticarm_ws/build/myroboticarm_msgs
[5.923s] -- Install configuration: ""
[5.923s] -- Installing: /home/kuldip/myroboticarm_ws/install/myroboticarm_msgs/share/ament_index/resource_index/rosidl_interfaces/myroboticarm_msgs
[5.923s] -- Installing: /home/kuldip/myroboticarm_ws/install/myroboticarm_msgs/share/myroboticarm_msgs/srv/AddTwoints.json
[5.923s] -- Installing: /home/kuldip/myroboticarm_ws/install/myroboticarm_msgs/share/myroboticarm_msgs/srv/EuToQuater.json
[5.923s] -- Installing: /home/kuldip/myroboticarm_ws/install/myroboticarm_msgs/share/myroboticarm_msgs/srv/QuaterToEu.json
[5.923s] -- Installing: /home/kuldip/myroboticarm_ws/install/myroboticarm_msgs/share/myroboticarm_msgs/action/Fibonacci.json
[5.923s] -- Installing: /home/kuldip/myroboticarm_ws/install/myroboticarm_msgs/share/myroboticarm_msgs/action/MyroboticarmTask.json
[5.924s] -- Up-to-date: /home/kuldip/myroboticarm_ws/install/myroboticarm_msgs/include/myroboticarm_msgs/myroboticarm_msgs
[5.924s] -- Up-to-date: /home/kuldip/myroboticarm_ws/install/myroboticarm_msgs/include/myroboticarm_msgs/myroboticarm_msgs/msg
[5.924s] -- Up-to-date: /home/kuldip/myroboticarm_ws/install/myroboticarm_msgs/include/myroboticarm_msgs/myroboticarm_msgs/msg/rosidl_generator_c__visibility_control.h
[5.924s] -- Up-to-date: /home/kuldip/myroboticarm_ws/install/myroboticarm_msgs/include/myroboticarm_msgs/myroboticarm_msgs/action
[5.924s] -- Up-to-date: /home/kuldip/myroboticarm_ws/install/myroboticarm_msgs/include/myroboticarm_msgs/myroboticarm_msgs/action/detail
[5.924s] -- Installing: /home/kuldip/myroboticarm_ws/install/myroboticarm_msgs/include/myroboticarm_msgs/myroboticarm_msgs/action/detail/myroboticarm_task__struct.h
[5.924s] -- Installing: /home/kuldip/myroboticarm_ws/install/myroboticarm_msgs/include/myroboticarm_msgs/myroboticarm_msgs/action/detail/myroboticarm_task__description.c
[5.924s] -- Installing: /home/kuldip/myroboticarm_ws/install/myroboticarm_msgs/include/myroboticarm_msgs/myroboticarm_msgs/action/detail/myroboticarm_task__functions.h
[5.924s] -- Installing: /home/kuldip/myroboticarm_ws/install/myroboticarm_msgs/include/myroboticarm_msgs/myroboticarm_msgs/action/detail/fibonacci__functions.h
[5.924s] -- Installing: /home/kuldip/myroboticarm_ws/install/myroboticarm_msgs/include/myroboticarm_msgs/myroboticarm_msgs/action/detail/fibonacci__struct.h
[5.925s] -- Installing: /home/kuldip/myroboticarm_ws/install/myroboticarm_msgs/include/myroboticarm_msgs/myroboticarm_msgs/action/detail/fibonacci__type_support.h
[5.925s] -- Installing: /home/kuldip/myroboticarm_ws/install/myroboticarm_msgs/include/myroboticarm_msgs/myroboticarm_msgs/action/detail/myroboticarm_task__type_support.c
[5.925s] -- Installing: /home/kuldip/myroboticarm_ws/install/myroboticarm_msgs/include/myroboticarm_msgs/myroboticarm_msgs/action/detail/fibonacci__type_support.c
[5.925s] -- Installing: /home/kuldip/myroboticarm_ws/install/myroboticarm_msgs/include/myroboticarm_msgs/myroboticarm_msgs/action/detail/myroboticarm_task__functions.c
[5.925s] -- Installing: /home/kuldip/myroboticarm_ws/install/myroboticarm_msgs/include/myroboticarm_msgs/myroboticarm_msgs/action/detail/fibonacci__functions.c
[5.925s] -- Installing: /home/kuldip/myroboticarm_ws/install/myroboticarm_msgs/include/myroboticarm_msgs/myroboticarm_msgs/action/detail/fibonacci__description.c
[5.925s] -- Installing: /home/kuldip/myroboticarm_ws/install/myroboticarm_msgs/include/myroboticarm_msgs/myroboticarm_msgs/action/detail/myroboticarm_task__type_support.h
[5.925s] -- Installing: /home/kuldip/myroboticarm_ws/install/myroboticarm_msgs/include/myroboticarm_msgs/myroboticarm_msgs/action/myroboticarm_task.h
[5.925s] -- Installing: /home/kuldip/myroboticarm_ws/install/myroboticarm_msgs/include/myroboticarm_msgs/myroboticarm_msgs/action/fibonacci.h
[5.925s] -- Up-to-date: /home/kuldip/myroboticarm_ws/install/myroboticarm_msgs/include/myroboticarm_msgs/myroboticarm_msgs/srv
[5.925s] -- Up-to-date: /home/kuldip/myroboticarm_ws/install/myroboticarm_msgs/include/myroboticarm_msgs/myroboticarm_msgs/srv/detail
[5.925s] -- Installing: /home/kuldip/myroboticarm_ws/install/myroboticarm_msgs/include/myroboticarm_msgs/myroboticarm_msgs/srv/detail/quater_to_eu__functions.h
[5.925s] -- Installing: /home/kuldip/myroboticarm_ws/install/myroboticarm_msgs/include/myroboticarm_msgs/myroboticarm_msgs/srv/detail/eu_to_quater__functions.c
[5.925s] -- Installing: /home/kuldip/myroboticarm_ws/install/myroboticarm_msgs/include/myroboticarm_msgs/myroboticarm_msgs/srv/detail/quater_to_eu__type_support.h
[5.925s] -- Installing: /home/kuldip/myroboticarm_ws/install/myroboticarm_msgs/include/myroboticarm_msgs/myroboticarm_msgs/srv/detail/add_twoints__type_support.c
[5.925s] -- Installing: /home/kuldip/myroboticarm_ws/install/myroboticarm_msgs/include/myroboticarm_msgs/myroboticarm_msgs/srv/detail/add_twoints__description.c
[5.925s] -- Installing: /home/kuldip/myroboticarm_ws/install/myroboticarm_msgs/include/myroboticarm_msgs/myroboticarm_msgs/srv/detail/add_twoints__functions.c
[5.925s] -- Installing: /home/kuldip/myroboticarm_ws/install/myroboticarm_msgs/include/myroboticarm_msgs/myroboticarm_msgs/srv/detail/eu_to_quater__functions.h
[5.925s] -- Installing: /home/kuldip/myroboticarm_ws/install/myroboticarm_msgs/include/myroboticarm_msgs/myroboticarm_msgs/srv/detail/quater_to_eu__description.c
[5.925s] -- Installing: /home/kuldip/myroboticarm_ws/install/myroboticarm_msgs/include/myroboticarm_msgs/myroboticarm_msgs/srv/detail/quater_to_eu__functions.c
[5.925s] -- Installing: /home/kuldip/myroboticarm_ws/install/myroboticarm_msgs/include/myroboticarm_msgs/myroboticarm_msgs/srv/detail/eu_to_quater__description.c
[5.925s] -- Installing: /home/kuldip/myroboticarm_ws/install/myroboticarm_msgs/include/myroboticarm_msgs/myroboticarm_msgs/srv/detail/add_twoints__type_support.h
[5.925s] -- Installing: /home/kuldip/myroboticarm_ws/install/myroboticarm_msgs/include/myroboticarm_msgs/myroboticarm_msgs/srv/detail/quater_to_eu__struct.h
[5.925s] -- Installing: /home/kuldip/myroboticarm_ws/install/myroboticarm_msgs/include/myroboticarm_msgs/myroboticarm_msgs/srv/detail/eu_to_quater__type_support.c
[5.925s] -- Installing: /home/kuldip/myroboticarm_ws/install/myroboticarm_msgs/include/myroboticarm_msgs/myroboticarm_msgs/srv/detail/eu_to_quater__type_support.h
[5.926s] -- Installing: /home/kuldip/myroboticarm_ws/install/myroboticarm_msgs/include/myroboticarm_msgs/myroboticarm_msgs/srv/detail/add_twoints__struct.h
[5.926s] -- Installing: /home/kuldip/myroboticarm_ws/install/myroboticarm_msgs/include/myroboticarm_msgs/myroboticarm_msgs/srv/detail/quater_to_eu__type_support.c
[5.926s] -- Installing: /home/kuldip/myroboticarm_ws/install/myroboticarm_msgs/include/myroboticarm_msgs/myroboticarm_msgs/srv/detail/eu_to_quater__struct.h
[5.926s] -- Installing: /home/kuldip/myroboticarm_ws/install/myroboticarm_msgs/include/myroboticarm_msgs/myroboticarm_msgs/srv/detail/add_twoints__functions.h
[5.926s] -- Installing: /home/kuldip/myroboticarm_ws/install/myroboticarm_msgs/include/myroboticarm_msgs/myroboticarm_msgs/srv/add_twoints.h
[5.926s] -- Installing: /home/kuldip/myroboticarm_ws/install/myroboticarm_msgs/include/myroboticarm_msgs/myroboticarm_msgs/srv/eu_to_quater.h
[5.926s] -- Installing: /home/kuldip/myroboticarm_ws/install/myroboticarm_msgs/include/myroboticarm_msgs/myroboticarm_msgs/srv/quater_to_eu.h
[5.926s] -- Up-to-date: /home/kuldip/myroboticarm_ws/install/myroboticarm_msgs/share/myroboticarm_msgs/environment/library_path.sh
[5.926s] -- Up-to-date: /home/kuldip/myroboticarm_ws/install/myroboticarm_msgs/share/myroboticarm_msgs/environment/library_path.dsv
[5.927s] -- Installing: /home/kuldip/myroboticarm_ws/install/myroboticarm_msgs/lib/libmyroboticarm_msgs__rosidl_generator_c.so
[5.927s] -- Set non-toolchain portion of runtime path of "/home/kuldip/myroboticarm_ws/install/myroboticarm_msgs/lib/libmyroboticarm_msgs__rosidl_generator_c.so" to ""
[5.928s] -- Up-to-date: /home/kuldip/myroboticarm_ws/install/myroboticarm_msgs/include/myroboticarm_msgs/myroboticarm_msgs
[5.928s] -- Up-to-date: /home/kuldip/myroboticarm_ws/install/myroboticarm_msgs/include/myroboticarm_msgs/myroboticarm_msgs/msg
[5.928s] -- Up-to-date: /home/kuldip/myroboticarm_ws/install/myroboticarm_msgs/include/myroboticarm_msgs/myroboticarm_msgs/msg/rosidl_typesupport_fastrtps_c__visibility_control.h
[5.928s] -- Up-to-date: /home/kuldip/myroboticarm_ws/install/myroboticarm_msgs/include/myroboticarm_msgs/myroboticarm_msgs/action
[5.928s] -- Up-to-date: /home/kuldip/myroboticarm_ws/install/myroboticarm_msgs/include/myroboticarm_msgs/myroboticarm_msgs/action/detail
[5.928s] -- Installing: /home/kuldip/myroboticarm_ws/install/myroboticarm_msgs/include/myroboticarm_msgs/myroboticarm_msgs/action/detail/myroboticarm_task__rosidl_typesupport_fastrtps_c.h
[5.928s] -- Installing: /home/kuldip/myroboticarm_ws/install/myroboticarm_msgs/include/myroboticarm_msgs/myroboticarm_msgs/action/detail/fibonacci__rosidl_typesupport_fastrtps_c.h
[5.928s] -- Up-to-date: /home/kuldip/myroboticarm_ws/install/myroboticarm_msgs/include/myroboticarm_msgs/myroboticarm_msgs/srv
[5.928s] -- Up-to-date: /home/kuldip/myroboticarm_ws/install/myroboticarm_msgs/include/myroboticarm_msgs/myroboticarm_msgs/srv/detail
[5.928s] -- Installing: /home/kuldip/myroboticarm_ws/install/myroboticarm_msgs/include/myroboticarm_msgs/myroboticarm_msgs/srv/detail/quater_to_eu__rosidl_typesupport_fastrtps_c.h
[5.928s] -- Installing: /home/kuldip/myroboticarm_ws/install/myroboticarm_msgs/include/myroboticarm_msgs/myroboticarm_msgs/srv/detail/add_twoints__rosidl_typesupport_fastrtps_c.h
[5.928s] -- Installing: /home/kuldip/myroboticarm_ws/install/myroboticarm_msgs/include/myroboticarm_msgs/myroboticarm_msgs/srv/detail/eu_to_quater__rosidl_typesupport_fastrtps_c.h
[5.929s] -- Installing: /home/kuldip/myroboticarm_ws/install/myroboticarm_msgs/lib/libmyroboticarm_msgs__rosidl_typesupport_fastrtps_c.so
[5.929s] -- Set non-toolchain portion of runtime path of "/home/kuldip/myroboticarm_ws/install/myroboticarm_msgs/lib/libmyroboticarm_msgs__rosidl_typesupport_fastrtps_c.so" to ""
[5.930s] -- Up-to-date: /home/kuldip/myroboticarm_ws/install/myroboticarm_msgs/include/myroboticarm_msgs/myroboticarm_msgs
[5.930s] -- Up-to-date: /home/kuldip/myroboticarm_ws/install/myroboticarm_msgs/include/myroboticarm_msgs/myroboticarm_msgs/msg
[5.930s] -- Installing: /home/kuldip/myroboticarm_ws/install/myroboticarm_msgs/include/myroboticarm_msgs/myroboticarm_msgs/msg/rosidl_generator_cpp__visibility_control.hpp
[5.930s] -- Up-to-date: /home/kuldip/myroboticarm_ws/install/myroboticarm_msgs/include/myroboticarm_msgs/myroboticarm_msgs/action
[5.930s] -- Up-to-date: /home/kuldip/myroboticarm_ws/install/myroboticarm_msgs/include/myroboticarm_msgs/myroboticarm_msgs/action/detail
[5.930s] -- Installing: /home/kuldip/myroboticarm_ws/install/myroboticarm_msgs/include/myroboticarm_msgs/myroboticarm_msgs/action/detail/fibonacci__traits.hpp
[5.930s] -- Installing: /home/kuldip/myroboticarm_ws/install/myroboticarm_msgs/include/myroboticarm_msgs/myroboticarm_msgs/action/detail/myroboticarm_task__type_support.hpp
[5.930s] -- Installing: /home/kuldip/myroboticarm_ws/install/myroboticarm_msgs/include/myroboticarm_msgs/myroboticarm_msgs/action/detail/fibonacci__struct.hpp
[5.930s] -- Installing: /home/kuldip/myroboticarm_ws/install/myroboticarm_msgs/include/myroboticarm_msgs/myroboticarm_msgs/action/detail/myroboticarm_task__struct.hpp
[5.930s] -- Installing: /home/kuldip/myroboticarm_ws/install/myroboticarm_msgs/include/myroboticarm_msgs/myroboticarm_msgs/action/detail/myroboticarm_task__traits.hpp
[5.931s] -- Installing: /home/kuldip/myroboticarm_ws/install/myroboticarm_msgs/include/myroboticarm_msgs/myroboticarm_msgs/action/detail/fibonacci__builder.hpp
[5.931s] -- Installing: /home/kuldip/myroboticarm_ws/install/myroboticarm_msgs/include/myroboticarm_msgs/myroboticarm_msgs/action/detail/fibonacci__type_support.hpp
[5.931s] -- Installing: /home/kuldip/myroboticarm_ws/install/myroboticarm_msgs/include/myroboticarm_msgs/myroboticarm_msgs/action/detail/myroboticarm_task__builder.hpp
[5.931s] -- Installing: /home/kuldip/myroboticarm_ws/install/myroboticarm_msgs/include/myroboticarm_msgs/myroboticarm_msgs/action/fibonacci.hpp
[5.931s] -- Installing: /home/kuldip/myroboticarm_ws/install/myroboticarm_msgs/include/myroboticarm_msgs/myroboticarm_msgs/action/myroboticarm_task.hpp
[5.931s] -- Up-to-date: /home/kuldip/myroboticarm_ws/install/myroboticarm_msgs/include/myroboticarm_msgs/myroboticarm_msgs/srv
[5.931s] -- Up-to-date: /home/kuldip/myroboticarm_ws/install/myroboticarm_msgs/include/myroboticarm_msgs/myroboticarm_msgs/srv/detail
[5.931s] -- Installing: /home/kuldip/myroboticarm_ws/install/myroboticarm_msgs/include/myroboticarm_msgs/myroboticarm_msgs/srv/detail/eu_to_quater__builder.hpp
[5.931s] -- Installing: /home/kuldip/myroboticarm_ws/install/myroboticarm_msgs/include/myroboticarm_msgs/myroboticarm_msgs/srv/detail/add_twoints__traits.hpp
[5.931s] -- Installing: /home/kuldip/myroboticarm_ws/install/myroboticarm_msgs/include/myroboticarm_msgs/myroboticarm_msgs/srv/detail/eu_to_quater__type_support.hpp
[5.931s] -- Installing: /home/kuldip/myroboticarm_ws/install/myroboticarm_msgs/include/myroboticarm_msgs/myroboticarm_msgs/srv/detail/add_twoints__type_support.hpp
[5.931s] -- Installing: /home/kuldip/myroboticarm_ws/install/myroboticarm_msgs/include/myroboticarm_msgs/myroboticarm_msgs/srv/detail/quater_to_eu__struct.hpp
[5.931s] -- Installing: /home/kuldip/myroboticarm_ws/install/myroboticarm_msgs/include/myroboticarm_msgs/myroboticarm_msgs/srv/detail/quater_to_eu__type_support.hpp
[5.931s] -- Installing: /home/kuldip/myroboticarm_ws/install/myroboticarm_msgs/include/myroboticarm_msgs/myroboticarm_msgs/srv/detail/add_twoints__builder.hpp
[5.931s] -- Installing: /home/kuldip/myroboticarm_ws/install/myroboticarm_msgs/include/myroboticarm_msgs/myroboticarm_msgs/srv/detail/eu_to_quater__struct.hpp
[5.931s] -- Installing: /home/kuldip/myroboticarm_ws/install/myroboticarm_msgs/include/myroboticarm_msgs/myroboticarm_msgs/srv/detail/quater_to_eu__traits.hpp
[5.931s] -- Installing: /home/kuldip/myroboticarm_ws/install/myroboticarm_msgs/include/myroboticarm_msgs/myroboticarm_msgs/srv/detail/add_twoints__struct.hpp
[5.931s] -- Installing: /home/kuldip/myroboticarm_ws/install/myroboticarm_msgs/include/myroboticarm_msgs/myroboticarm_msgs/srv/detail/quater_to_eu__builder.hpp
[5.931s] -- Installing: /home/kuldip/myroboticarm_ws/install/myroboticarm_msgs/include/myroboticarm_msgs/myroboticarm_msgs/srv/detail/eu_to_quater__traits.hpp
[5.931s] -- Installing: /home/kuldip/myroboticarm_ws/install/myroboticarm_msgs/include/myroboticarm_msgs/myroboticarm_msgs/srv/quater_to_eu.hpp
[5.931s] -- Installing: /home/kuldip/myroboticarm_ws/install/myroboticarm_msgs/include/myroboticarm_msgs/myroboticarm_msgs/srv/add_twoints.hpp
[5.931s] -- Installing: /home/kuldip/myroboticarm_ws/install/myroboticarm_msgs/include/myroboticarm_msgs/myroboticarm_msgs/srv/eu_to_quater.hpp
[5.931s] -- Up-to-date: /home/kuldip/myroboticarm_ws/install/myroboticarm_msgs/include/myroboticarm_msgs/myroboticarm_msgs
[5.931s] -- Up-to-date: /home/kuldip/myroboticarm_ws/install/myroboticarm_msgs/include/myroboticarm_msgs/myroboticarm_msgs/msg
[5.932s] -- Up-to-date: /home/kuldip/myroboticarm_ws/install/myroboticarm_msgs/include/myroboticarm_msgs/myroboticarm_msgs/msg/rosidl_typesupport_fastrtps_cpp__visibility_control.h
[5.932s] -- Up-to-date: /home/kuldip/myroboticarm_ws/install/myroboticarm_msgs/include/myroboticarm_msgs/myroboticarm_msgs/action
[5.932s] -- Up-to-date: /home/kuldip/myroboticarm_ws/install/myroboticarm_msgs/include/myroboticarm_msgs/myroboticarm_msgs/action/detail
[5.932s] -- Installing: /home/kuldip/myroboticarm_ws/install/myroboticarm_msgs/include/myroboticarm_msgs/myroboticarm_msgs/action/detail/fibonacci__rosidl_typesupport_fastrtps_cpp.hpp
[5.932s] -- Up-to-date: /home/kuldip/myroboticarm_ws/install/myroboticarm_msgs/include/myroboticarm_msgs/myroboticarm_msgs/action/detail/dds_fastrtps
[5.932s] -- Installing: /home/kuldip/myroboticarm_ws/install/myroboticarm_msgs/include/myroboticarm_msgs/myroboticarm_msgs/action/detail/myroboticarm_task__rosidl_typesupport_fastrtps_cpp.hpp
[5.932s] -- Up-to-date: /home/kuldip/myroboticarm_ws/install/myroboticarm_msgs/include/myroboticarm_msgs/myroboticarm_msgs/srv
[5.932s] -- Up-to-date: /home/kuldip/myroboticarm_ws/install/myroboticarm_msgs/include/myroboticarm_msgs/myroboticarm_msgs/srv/detail
[5.932s] -- Installing: /home/kuldip/myroboticarm_ws/install/myroboticarm_msgs/include/myroboticarm_msgs/myroboticarm_msgs/srv/detail/eu_to_quater__rosidl_typesupport_fastrtps_cpp.hpp
[5.932s] -- Installing: /home/kuldip/myroboticarm_ws/install/myroboticarm_msgs/include/myroboticarm_msgs/myroboticarm_msgs/srv/detail/quater_to_eu__rosidl_typesupport_fastrtps_cpp.hpp
[5.932s] -- Installing: /home/kuldip/myroboticarm_ws/install/myroboticarm_msgs/include/myroboticarm_msgs/myroboticarm_msgs/srv/detail/add_twoints__rosidl_typesupport_fastrtps_cpp.hpp
[5.932s] -- Up-to-date: /home/kuldip/myroboticarm_ws/install/myroboticarm_msgs/include/myroboticarm_msgs/myroboticarm_msgs/srv/detail/dds_fastrtps
[5.933s] -- Installing: /home/kuldip/myroboticarm_ws/install/myroboticarm_msgs/lib/libmyroboticarm_msgs__rosidl_typesupport_fastrtps_cpp.so
[5.933s] -- Set non-toolchain portion of runtime path of "/home/kuldip/myroboticarm_ws/install/myroboticarm_msgs/lib/libmyroboticarm_msgs__rosidl_typesupport_fastrtps_cpp.so" to ""
[5.933s] -- Up-to-date: /home/kuldip/myroboticarm_ws/install/myroboticarm_msgs/include/myroboticarm_msgs/myroboticarm_msgs
[5.933s] -- Up-to-date: /home/kuldip/myroboticarm_ws/install/myroboticarm_msgs/include/myroboticarm_msgs/myroboticarm_msgs/msg
[5.933s] -- Up-to-date: /home/kuldip/myroboticarm_ws/install/myroboticarm_msgs/include/myroboticarm_msgs/myroboticarm_msgs/msg/rosidl_typesupport_introspection_c__visibility_control.h
[5.933s] -- Up-to-date: /home/kuldip/myroboticarm_ws/install/myroboticarm_msgs/include/myroboticarm_msgs/myroboticarm_msgs/action
[5.933s] -- Up-to-date: /home/kuldip/myroboticarm_ws/install/myroboticarm_msgs/include/myroboticarm_msgs/myroboticarm_msgs/action/detail
[5.933s] -- Installing: /home/kuldip/myroboticarm_ws/install/myroboticarm_msgs/include/myroboticarm_msgs/myroboticarm_msgs/action/detail/myroboticarm_task__rosidl_typesupport_introspection_c.h
[5.933s] -- Installing: /home/kuldip/myroboticarm_ws/install/myroboticarm_msgs/include/myroboticarm_msgs/myroboticarm_msgs/action/detail/myroboticarm_task__type_support.c
[5.934s] -- Installing: /home/kuldip/myroboticarm_ws/install/myroboticarm_msgs/include/myroboticarm_msgs/myroboticarm_msgs/action/detail/fibonacci__type_support.c
[5.934s] -- Installing: /home/kuldip/myroboticarm_ws/install/myroboticarm_msgs/include/myroboticarm_msgs/myroboticarm_msgs/action/detail/fibonacci__rosidl_typesupport_introspection_c.h
[5.934s] -- Up-to-date: /home/kuldip/myroboticarm_ws/install/myroboticarm_msgs/include/myroboticarm_msgs/myroboticarm_msgs/srv
[5.934s] -- Up-to-date: /home/kuldip/myroboticarm_ws/install/myroboticarm_msgs/include/myroboticarm_msgs/myroboticarm_msgs/srv/detail
[5.934s] -- Installing: /home/kuldip/myroboticarm_ws/install/myroboticarm_msgs/include/myroboticarm_msgs/myroboticarm_msgs/srv/detail/add_twoints__type_support.c
[5.934s] -- Installing: /home/kuldip/myroboticarm_ws/install/myroboticarm_msgs/include/myroboticarm_msgs/myroboticarm_msgs/srv/detail/add_twoints__rosidl_typesupport_introspection_c.h
[5.934s] -- Installing: /home/kuldip/myroboticarm_ws/install/myroboticarm_msgs/include/myroboticarm_msgs/myroboticarm_msgs/srv/detail/eu_to_quater__rosidl_typesupport_introspection_c.h
[5.934s] -- Installing: /home/kuldip/myroboticarm_ws/install/myroboticarm_msgs/include/myroboticarm_msgs/myroboticarm_msgs/srv/detail/quater_to_eu__rosidl_typesupport_introspection_c.h
[5.934s] -- Installing: /home/kuldip/myroboticarm_ws/install/myroboticarm_msgs/include/myroboticarm_msgs/myroboticarm_msgs/srv/detail/eu_to_quater__type_support.c
[5.934s] -- Installing: /home/kuldip/myroboticarm_ws/install/myroboticarm_msgs/include/myroboticarm_msgs/myroboticarm_msgs/srv/detail/quater_to_eu__type_support.c
[5.934s] -- Installing: /home/kuldip/myroboticarm_ws/install/myroboticarm_msgs/lib/libmyroboticarm_msgs__rosidl_typesupport_introspection_c.so
[5.934s] -- Set non-toolchain portion of runtime path of "/home/kuldip/myroboticarm_ws/install/myroboticarm_msgs/lib/libmyroboticarm_msgs__rosidl_typesupport_introspection_c.so" to ""
[5.934s] -- Installing: /home/kuldip/myroboticarm_ws/install/myroboticarm_msgs/lib/libmyroboticarm_msgs__rosidl_typesupport_c.so
[5.935s] -- Set non-toolchain portion of runtime path of "/home/kuldip/myroboticarm_ws/install/myroboticarm_msgs/lib/libmyroboticarm_msgs__rosidl_typesupport_c.so" to ""
[5.935s] -- Up-to-date: /home/kuldip/myroboticarm_ws/install/myroboticarm_msgs/include/myroboticarm_msgs/myroboticarm_msgs
[5.935s] -- Up-to-date: /home/kuldip/myroboticarm_ws/install/myroboticarm_msgs/include/myroboticarm_msgs/myroboticarm_msgs/action
[5.935s] -- Up-to-date: /home/kuldip/myroboticarm_ws/install/myroboticarm_msgs/include/myroboticarm_msgs/myroboticarm_msgs/action/detail
[5.935s] -- Installing: /home/kuldip/myroboticarm_ws/install/myroboticarm_msgs/include/myroboticarm_msgs/myroboticarm_msgs/action/detail/fibonacci__type_support.cpp
[5.935s] -- Installing: /home/kuldip/myroboticarm_ws/install/myroboticarm_msgs/include/myroboticarm_msgs/myroboticarm_msgs/action/detail/myroboticarm_task__type_support.cpp
[5.935s] -- Installing: /home/kuldip/myroboticarm_ws/install/myroboticarm_msgs/include/myroboticarm_msgs/myroboticarm_msgs/action/detail/fibonacci__rosidl_typesupport_introspection_cpp.hpp
[5.935s] -- Installing: /home/kuldip/myroboticarm_ws/install/myroboticarm_msgs/include/myroboticarm_msgs/myroboticarm_msgs/action/detail/myroboticarm_task__rosidl_typesupport_introspection_cpp.hpp
[5.935s] -- Up-to-date: /home/kuldip/myroboticarm_ws/install/myroboticarm_msgs/include/myroboticarm_msgs/myroboticarm_msgs/srv
[5.935s] -- Up-to-date: /home/kuldip/myroboticarm_ws/install/myroboticarm_msgs/include/myroboticarm_msgs/myroboticarm_msgs/srv/detail
[5.935s] -- Installing: /home/kuldip/myroboticarm_ws/install/myroboticarm_msgs/include/myroboticarm_msgs/myroboticarm_msgs/srv/detail/quater_to_eu__rosidl_typesupport_introspection_cpp.hpp
[5.935s] -- Installing: /home/kuldip/myroboticarm_ws/install/myroboticarm_msgs/include/myroboticarm_msgs/myroboticarm_msgs/srv/detail/add_twoints__type_support.cpp
[5.935s] -- Installing: /home/kuldip/myroboticarm_ws/install/myroboticarm_msgs/include/myroboticarm_msgs/myroboticarm_msgs/srv/detail/quater_to_eu__type_support.cpp
[5.935s] -- Installing: /home/kuldip/myroboticarm_ws/install/myroboticarm_msgs/include/myroboticarm_msgs/myroboticarm_msgs/srv/detail/eu_to_quater__rosidl_typesupport_introspection_cpp.hpp
[5.935s] -- Installing: /home/kuldip/myroboticarm_ws/install/myroboticarm_msgs/include/myroboticarm_msgs/myroboticarm_msgs/srv/detail/eu_to_quater__type_support.cpp
[5.935s] -- Installing: /home/kuldip/myroboticarm_ws/install/myroboticarm_msgs/include/myroboticarm_msgs/myroboticarm_msgs/srv/detail/add_twoints__rosidl_typesupport_introspection_cpp.hpp
[5.936s] -- Installing: /home/kuldip/myroboticarm_ws/install/myroboticarm_msgs/lib/libmyroboticarm_msgs__rosidl_typesupport_introspection_cpp.so
[5.936s] -- Set non-toolchain portion of runtime path of "/home/kuldip/myroboticarm_ws/install/myroboticarm_msgs/lib/libmyroboticarm_msgs__rosidl_typesupport_introspection_cpp.so" to ""
[5.936s] -- Installing: /home/kuldip/myroboticarm_ws/install/myroboticarm_msgs/lib/libmyroboticarm_msgs__rosidl_typesupport_cpp.so
[5.937s] -- Set non-toolchain portion of runtime path of "/home/kuldip/myroboticarm_ws/install/myroboticarm_msgs/lib/libmyroboticarm_msgs__rosidl_typesupport_cpp.so" to ""
[5.937s] -- Up-to-date: /home/kuldip/myroboticarm_ws/install/myroboticarm_msgs/share/myroboticarm_msgs/environment/pythonpath.sh
[5.937s] -- Up-to-date: /home/kuldip/myroboticarm_ws/install/myroboticarm_msgs/share/myroboticarm_msgs/environment/pythonpath.dsv
[5.937s] -- Up-to-date: /home/kuldip/myroboticarm_ws/install/myroboticarm_msgs/lib/python3.12/site-packages/myroboticarm_msgs-0.0.0-py3.12.egg-info
[5.937s] -- Installing: /home/kuldip/myroboticarm_ws/install/myroboticarm_msgs/lib/python3.12/site-packages/myroboticarm_msgs-0.0.0-py3.12.egg-info/SOURCES.txt
[5.937s] -- Installing: /home/kuldip/myroboticarm_ws/install/myroboticarm_msgs/lib/python3.12/site-packages/myroboticarm_msgs-0.0.0-py3.12.egg-info/PKG-INFO
[5.937s] -- Installing: /home/kuldip/myroboticarm_ws/install/myroboticarm_msgs/lib/python3.12/site-packages/myroboticarm_msgs-0.0.0-py3.12.egg-info/top_level.txt
[5.937s] -- Installing: /home/kuldip/myroboticarm_ws/install/myroboticarm_msgs/lib/python3.12/site-packages/myroboticarm_msgs-0.0.0-py3.12.egg-info/dependency_links.txt
[5.937s] -- Up-to-date: /home/kuldip/myroboticarm_ws/install/myroboticarm_msgs/lib/python3.12/site-packages/myroboticarm_msgs
[5.937s] -- Installing: /home/kuldip/myroboticarm_ws/install/myroboticarm_msgs/lib/python3.12/site-packages/myroboticarm_msgs/myroboticarm_msgs_s__rosidl_typesupport_introspection_c.so
[5.937s] -- Installing: /home/kuldip/myroboticarm_ws/install/myroboticarm_msgs/lib/python3.12/site-packages/myroboticarm_msgs/__init__.py
[5.937s] -- Up-to-date: /home/kuldip/myroboticarm_ws/install/myroboticarm_msgs/lib/python3.12/site-packages/myroboticarm_msgs/action
[5.937s] -- Installing: /home/kuldip/myroboticarm_ws/install/myroboticarm_msgs/lib/python3.12/site-packages/myroboticarm_msgs/action/_fibonacci.py
[5.937s] -- Installing: /home/kuldip/myroboticarm_ws/install/myroboticarm_msgs/lib/python3.12/site-packages/myroboticarm_msgs/action/__init__.py
[5.937s] -- Installing: /home/kuldip/myroboticarm_ws/install/myroboticarm_msgs/lib/python3.12/site-packages/myroboticarm_msgs/action/_fibonacci_s.c
[5.937s] -- Installing: /home/kuldip/myroboticarm_ws/install/myroboticarm_msgs/lib/python3.12/site-packages/myroboticarm_msgs/action/_myroboticarm_task.py
[5.937s] -- Installing: /home/kuldip/myroboticarm_ws/install/myroboticarm_msgs/lib/python3.12/site-packages/myroboticarm_msgs/action/_myroboticarm_task_s.c
[5.938s] -- Installing: /home/kuldip/myroboticarm_ws/install/myroboticarm_msgs/lib/python3.12/site-packages/myroboticarm_msgs/_myroboticarm_msgs_s.ep.rosidl_typesupport_fastrtps_c.c
[5.938s] -- Installing: /home/kuldip/myroboticarm_ws/install/myroboticarm_msgs/lib/python3.12/site-packages/myroboticarm_msgs/_myroboticarm_msgs_s.ep.rosidl_typesupport_c.c
[5.938s] -- Installing: /home/kuldip/myroboticarm_ws/install/myroboticarm_msgs/lib/python3.12/site-packages/myroboticarm_msgs/myroboticarm_msgs_s__rosidl_typesupport_c.so
[5.938s] -- Installing: /home/kuldip/myroboticarm_ws/install/myroboticarm_msgs/lib/python3.12/site-packages/myroboticarm_msgs/_myroboticarm_msgs_s.ep.rosidl_typesupport_introspection_c.c
[5.938s] -- Up-to-date: /home/kuldip/myroboticarm_ws/install/myroboticarm_msgs/lib/python3.12/site-packages/myroboticarm_msgs/srv
[5.938s] -- Installing: /home/kuldip/myroboticarm_ws/install/myroboticarm_msgs/lib/python3.12/site-packages/myroboticarm_msgs/srv/_quater_to_eu.py
[5.938s] -- Installing: /home/kuldip/myroboticarm_ws/install/myroboticarm_msgs/lib/python3.12/site-packages/myroboticarm_msgs/srv/__init__.py
[5.938s] -- Installing: /home/kuldip/myroboticarm_ws/install/myroboticarm_msgs/lib/python3.12/site-packages/myroboticarm_msgs/srv/_add_twoints_s.c
[5.938s] -- Installing: /home/kuldip/myroboticarm_ws/install/myroboticarm_msgs/lib/python3.12/site-packages/myroboticarm_msgs/srv/_eu_to_quater_s.c
[5.938s] -- Installing: /home/kuldip/myroboticarm_ws/install/myroboticarm_msgs/lib/python3.12/site-packages/myroboticarm_msgs/srv/_quater_to_eu_s.c
[5.938s] -- Installing: /home/kuldip/myroboticarm_ws/install/myroboticarm_msgs/lib/python3.12/site-packages/myroboticarm_msgs/srv/_add_twoints.py
[5.938s] -- Installing: /home/kuldip/myroboticarm_ws/install/myroboticarm_msgs/lib/python3.12/site-packages/myroboticarm_msgs/srv/_eu_to_quater.py
[5.938s] -- Installing: /home/kuldip/myroboticarm_ws/install/myroboticarm_msgs/lib/python3.12/site-packages/myroboticarm_msgs/myroboticarm_msgs_s__rosidl_typesupport_fastrtps_c.so
[5.988s] Listing '/home/kuldip/myroboticarm_ws/install/myroboticarm_msgs/lib/python3.12/site-packages/myroboticarm_msgs'...
[5.988s] Compiling '/home/kuldip/myroboticarm_ws/install/myroboticarm_msgs/lib/python3.12/site-packages/myroboticarm_msgs/__init__.py'...
[5.988s] Listing '/home/kuldip/myroboticarm_ws/install/myroboticarm_msgs/lib/python3.12/site-packages/myroboticarm_msgs/action'...
[5.988s] Compiling '/home/kuldip/myroboticarm_ws/install/myroboticarm_msgs/lib/python3.12/site-packages/myroboticarm_msgs/action/__init__.py'...
[5.988s] Compiling '/home/kuldip/myroboticarm_ws/install/myroboticarm_msgs/lib/python3.12/site-packages/myroboticarm_msgs/action/_fibonacci.py'...
[5.988s] Compiling '/home/kuldip/myroboticarm_ws/install/myroboticarm_msgs/lib/python3.12/site-packages/myroboticarm_msgs/action/_myroboticarm_task.py'...
[5.988s] Listing '/home/kuldip/myroboticarm_ws/install/myroboticarm_msgs/lib/python3.12/site-packages/myroboticarm_msgs/srv'...
[5.988s] Compiling '/home/kuldip/myroboticarm_ws/install/myroboticarm_msgs/lib/python3.12/site-packages/myroboticarm_msgs/srv/__init__.py'...
[5.988s] Compiling '/home/kuldip/myroboticarm_ws/install/myroboticarm_msgs/lib/python3.12/site-packages/myroboticarm_msgs/srv/_add_twoints.py'...
[5.988s] Compiling '/home/kuldip/myroboticarm_ws/install/myroboticarm_msgs/lib/python3.12/site-packages/myroboticarm_msgs/srv/_eu_to_quater.py'...
[5.988s] Compiling '/home/kuldip/myroboticarm_ws/install/myroboticarm_msgs/lib/python3.12/site-packages/myroboticarm_msgs/srv/_quater_to_eu.py'...
[5.992s] -- Installing: /home/kuldip/myroboticarm_ws/install/myroboticarm_msgs/lib/python3.12/site-packages/myroboticarm_msgs/myroboticarm_msgs_s__rosidl_typesupport_fastrtps_c.so
[5.992s] -- Set non-toolchain portion of runtime path of "/home/kuldip/myroboticarm_ws/install/myroboticarm_msgs/lib/python3.12/site-packages/myroboticarm_msgs/myroboticarm_msgs_s__rosidl_typesupport_fastrtps_c.so" to ""
[5.992s] -- Installing: /home/kuldip/myroboticarm_ws/install/myroboticarm_msgs/lib/python3.12/site-packages/myroboticarm_msgs/myroboticarm_msgs_s__rosidl_typesupport_introspection_c.so
[5.992s] -- Set non-toolchain portion of runtime path of "/home/kuldip/myroboticarm_ws/install/myroboticarm_msgs/lib/python3.12/site-packages/myroboticarm_msgs/myroboticarm_msgs_s__rosidl_typesupport_introspection_c.so" to ""
[5.993s] -- Installing: /home/kuldip/myroboticarm_ws/install/myroboticarm_msgs/lib/python3.12/site-packages/myroboticarm_msgs/myroboticarm_msgs_s__rosidl_typesupport_c.so
[5.993s] -- Set non-toolchain portion of runtime path of "/home/kuldip/myroboticarm_ws/install/myroboticarm_msgs/lib/python3.12/site-packages/myroboticarm_msgs/myroboticarm_msgs_s__rosidl_typesupport_c.so" to ""
[5.993s] -- Installing: /home/kuldip/myroboticarm_ws/install/myroboticarm_msgs/lib/libmyroboticarm_msgs__rosidl_generator_py.so
[5.993s] -- Set non-toolchain portion of runtime path of "/home/kuldip/myroboticarm_ws/install/myroboticarm_msgs/lib/libmyroboticarm_msgs__rosidl_generator_py.so" to ""
[5.993s] -- Up-to-date: /home/kuldip/myroboticarm_ws/install/myroboticarm_msgs/share/myroboticarm_msgs/srv/AddTwoints.idl
[5.993s] -- Up-to-date: /home/kuldip/myroboticarm_ws/install/myroboticarm_msgs/share/myroboticarm_msgs/srv/EuToQuater.idl
[5.994s] -- Up-to-date: /home/kuldip/myroboticarm_ws/install/myroboticarm_msgs/share/myroboticarm_msgs/srv/QuaterToEu.idl
[5.994s] -- Up-to-date: /home/kuldip/myroboticarm_ws/install/myroboticarm_msgs/share/myroboticarm_msgs/action/Fibonacci.idl
[5.994s] -- Installing: /home/kuldip/myroboticarm_ws/install/myroboticarm_msgs/share/myroboticarm_msgs/action/MyroboticarmTask.idl
[5.994s] -- Up-to-date: /home/kuldip/myroboticarm_ws/install/myroboticarm_msgs/share/myroboticarm_msgs/srv/AddTwoints.srv
[5.994s] -- Up-to-date: /home/kuldip/myroboticarm_ws/install/myroboticarm_msgs/share/myroboticarm_msgs/srv/EuToQuater.srv
[5.994s] -- Up-to-date: /home/kuldip/myroboticarm_ws/install/myroboticarm_msgs/share/myroboticarm_msgs/srv/QuaterToEu.srv
[5.994s] -- Up-to-date: /home/kuldip/myroboticarm_ws/install/myroboticarm_msgs/share/myroboticarm_msgs/action/Fibonacci.action
[5.994s] -- Installing: /home/kuldip/myroboticarm_ws/install/myroboticarm_msgs/share/myroboticarm_msgs/action/MyroboticarmTask.action
[5.994s] -- Up-to-date: /home/kuldip/myroboticarm_ws/install/myroboticarm_msgs/share/ament_index/resource_index/package_run_dependencies/myroboticarm_msgs
[5.995s] -- Up-to-date: /home/kuldip/myroboticarm_ws/install/myroboticarm_msgs/share/ament_index/resource_index/parent_prefix_path/myroboticarm_msgs
[5.995s] -- Up-to-date: /home/kuldip/myroboticarm_ws/install/myroboticarm_msgs/share/myroboticarm_msgs/environment/ament_prefix_path.sh
[5.995s] -- Up-to-date: /home/kuldip/myroboticarm_ws/install/myroboticarm_msgs/share/myroboticarm_msgs/environment/ament_prefix_path.dsv
[5.995s] -- Up-to-date: /home/kuldip/myroboticarm_ws/install/myroboticarm_msgs/share/myroboticarm_msgs/environment/path.sh
[5.995s] -- Up-to-date: /home/kuldip/myroboticarm_ws/install/myroboticarm_msgs/share/myroboticarm_msgs/environment/path.dsv
[5.995s] -- Up-to-date: /home/kuldip/myroboticarm_ws/install/myroboticarm_msgs/share/myroboticarm_msgs/local_setup.bash
[5.995s] -- Up-to-date: /home/kuldip/myroboticarm_ws/install/myroboticarm_msgs/share/myroboticarm_msgs/local_setup.sh
[5.995s] -- Up-to-date: /home/kuldip/myroboticarm_ws/install/myroboticarm_msgs/share/myroboticarm_msgs/local_setup.zsh
[5.995s] -- Up-to-date: /home/kuldip/myroboticarm_ws/install/myroboticarm_msgs/share/myroboticarm_msgs/local_setup.dsv
[5.995s] -- Installing: /home/kuldip/myroboticarm_ws/install/myroboticarm_msgs/share/myroboticarm_msgs/package.dsv
[5.995s] -- Up-to-date: /home/kuldip/myroboticarm_ws/install/myroboticarm_msgs/share/ament_index/resource_index/packages/myroboticarm_msgs
[5.995s] -- Up-to-date: /home/kuldip/myroboticarm_ws/install/myroboticarm_msgs/share/myroboticarm_msgs/cmake/export_myroboticarm_msgs__rosidl_generator_cExport.cmake
[5.995s] -- Up-to-date: /home/kuldip/myroboticarm_ws/install/myroboticarm_msgs/share/myroboticarm_msgs/cmake/export_myroboticarm_msgs__rosidl_generator_cExport-noconfig.cmake
[5.995s] -- Up-to-date: /home/kuldip/myroboticarm_ws/install/myroboticarm_msgs/share/myroboticarm_msgs/cmake/export_myroboticarm_msgs__rosidl_typesupport_fastrtps_cExport.cmake
[5.996s] -- Up-to-date: /home/kuldip/myroboticarm_ws/install/myroboticarm_msgs/share/myroboticarm_msgs/cmake/export_myroboticarm_msgs__rosidl_typesupport_fastrtps_cExport-noconfig.cmake
[5.996s] -- Up-to-date: /home/kuldip/myroboticarm_ws/install/myroboticarm_msgs/share/myroboticarm_msgs/cmake/export_myroboticarm_msgs__rosidl_generator_cppExport.cmake
[5.996s] -- Up-to-date: /home/kuldip/myroboticarm_ws/install/myroboticarm_msgs/share/myroboticarm_msgs/cmake/export_myroboticarm_msgs__rosidl_typesupport_fastrtps_cppExport.cmake
[5.996s] -- Up-to-date: /home/kuldip/myroboticarm_ws/install/myroboticarm_msgs/share/myroboticarm_msgs/cmake/export_myroboticarm_msgs__rosidl_typesupport_fastrtps_cppExport-noconfig.cmake
[5.996s] -- Up-to-date: /home/kuldip/myroboticarm_ws/install/myroboticarm_msgs/share/myroboticarm_msgs/cmake/myroboticarm_msgs__rosidl_typesupport_introspection_cExport.cmake
[5.996s] -- Up-to-date: /home/kuldip/myroboticarm_ws/install/myroboticarm_msgs/share/myroboticarm_msgs/cmake/myroboticarm_msgs__rosidl_typesupport_introspection_cExport-noconfig.cmake
[5.996s] -- Up-to-date: /home/kuldip/myroboticarm_ws/install/myroboticarm_msgs/share/myroboticarm_msgs/cmake/myroboticarm_msgs__rosidl_typesupport_cExport.cmake
[5.997s] -- Up-to-date: /home/kuldip/myroboticarm_ws/install/myroboticarm_msgs/share/myroboticarm_msgs/cmake/myroboticarm_msgs__rosidl_typesupport_cExport-noconfig.cmake
[5.997s] -- Up-to-date: /home/kuldip/myroboticarm_ws/install/myroboticarm_msgs/share/myroboticarm_msgs/cmake/myroboticarm_msgs__rosidl_typesupport_introspection_cppExport.cmake
[5.997s] -- Up-to-date: /home/kuldip/myroboticarm_ws/install/myroboticarm_msgs/share/myroboticarm_msgs/cmake/myroboticarm_msgs__rosidl_typesupport_introspection_cppExport-noconfig.cmake
[5.997s] -- Up-to-date: /home/kuldip/myroboticarm_ws/install/myroboticarm_msgs/share/myroboticarm_msgs/cmake/myroboticarm_msgs__rosidl_typesupport_cppExport.cmake
[5.998s] -- Up-to-date: /home/kuldip/myroboticarm_ws/install/myroboticarm_msgs/share/myroboticarm_msgs/cmake/myroboticarm_msgs__rosidl_typesupport_cppExport-noconfig.cmake
[5.998s] -- Up-to-date: /home/kuldip/myroboticarm_ws/install/myroboticarm_msgs/share/myroboticarm_msgs/cmake/export_myroboticarm_msgs__rosidl_generator_pyExport.cmake
[5.998s] -- Up-to-date: /home/kuldip/myroboticarm_ws/install/myroboticarm_msgs/share/myroboticarm_msgs/cmake/export_myroboticarm_msgs__rosidl_generator_pyExport-noconfig.cmake
[5.998s] -- Installing: /home/kuldip/myroboticarm_ws/install/myroboticarm_msgs/share/myroboticarm_msgs/cmake/rosidl_cmake-extras.cmake
[5.998s] -- Up-to-date: /home/kuldip/myroboticarm_ws/install/myroboticarm_msgs/share/myroboticarm_msgs/cmake/ament_cmake_export_dependencies-extras.cmake
[5.999s] -- Up-to-date: /home/kuldip/myroboticarm_ws/install/myroboticarm_msgs/share/myroboticarm_msgs/cmake/ament_cmake_export_include_directories-extras.cmake
[5.999s] -- Up-to-date: /home/kuldip/myroboticarm_ws/install/myroboticarm_msgs/share/myroboticarm_msgs/cmake/ament_cmake_export_libraries-extras.cmake
[5.999s] -- Up-to-date: /home/kuldip/myroboticarm_ws/install/myroboticarm_msgs/share/myroboticarm_msgs/cmake/ament_cmake_export_targets-extras.cmake
[5.999s] -- Up-to-date: /home/kuldip/myroboticarm_ws/install/myroboticarm_msgs/share/myroboticarm_msgs/cmake/rosidl_cmake_export_typesupport_targets-extras.cmake
[5.999s] -- Up-to-date: /home/kuldip/myroboticarm_ws/install/myroboticarm_msgs/share/myroboticarm_msgs/cmake/rosidl_cmake_export_typesupport_libraries-extras.cmake
[5.999s] -- Up-to-date: /home/kuldip/myroboticarm_ws/install/myroboticarm_msgs/share/myroboticarm_msgs/cmake/myroboticarm_msgsConfig.cmake
[5.999s] -- Up-to-date: /home/kuldip/myroboticarm_ws/install/myroboticarm_msgs/share/myroboticarm_msgs/cmake/myroboticarm_msgsConfig-version.cmake
[5.999s] -- Up-to-date: /home/kuldip/myroboticarm_ws/install/myroboticarm_msgs/share/myroboticarm_msgs/package.xml
[5.999s] Invoked command in '/home/kuldip/myroboticarm_ws/build/myroboticarm_msgs' returned '0': CMAKE_PREFIX_PATH=${CMAKE_PREFIX_PATH}:/home/kuldip/myroboticarm_ws/install/myroboticarm_description:/home/kuldip/myroboticarm_ws/install/myroboticarm:/home/kuldip/arduinobot_ws/install/arduinobot_py_examples:/home/kuldip/myroboticarm_ws/src/install/myroboticarm:/opt/ros/jazzy DEBUGINFOD_URLS=https://debuginfod.ubuntu.com /usr/bin/cmake --install /home/kuldip/myroboticarm_ws/build/myroboticarm_msgs
