[0.152s] Invoking command in '/home/kuldip/myroboticarm_ws/build/myroboticarm_controller': CMAKE_PREFIX_PATH=${CMAKE_PREFIX_PATH}:/home/kuldip/myroboticarm_ws/install/myroboticarm_description:/home/kuldip/myroboticarm_ws/install/myroboticarm:/home/kuldip/ros2_ws/install/my_robot_controller:/opt/ros/humble /usr/bin/cmake --build /home/kuldip/myroboticarm_ws/build/myroboticarm_controller -- -j12 -l12
[0.168s] -- Found ament_cmake: 1.3.11 (/opt/ros/humble/share/ament_cmake/cmake)
[0.252s] -- Found ament_lint_auto: 0.12.12 (/opt/ros/humble/share/ament_lint_auto/cmake)
[0.298s] -- Added test 'lint_cmake' to check CMake code style
[0.298s] -- Added test 'xmllint' to check XML markup files
[0.299s] -- Configuring done
[0.300s] -- Generating done
[0.301s] -- Build files have been written to: /home/kuldip/myroboticarm_ws/build/myroboticarm_controller
[0.316s] Invoked command in '/home/kuldip/myroboticarm_ws/build/myroboticarm_controller' returned '0': CMAKE_PREFIX_PATH=${CMAKE_PREFIX_PATH}:/home/kuldip/myroboticarm_ws/install/myroboticarm_description:/home/kuldip/myroboticarm_ws/install/myroboticarm:/home/kuldip/ros2_ws/install/my_robot_controller:/opt/ros/humble /usr/bin/cmake --build /home/kuldip/myroboticarm_ws/build/myroboticarm_controller -- -j12 -l12
[0.317s] Invoking command in '/home/kuldip/myroboticarm_ws/build/myroboticarm_controller': CMAKE_PREFIX_PATH=${CMAKE_PREFIX_PATH}:/home/kuldip/myroboticarm_ws/install/myroboticarm_description:/home/kuldip/myroboticarm_ws/install/myroboticarm:/home/kuldip/ros2_ws/install/my_robot_controller:/opt/ros/humble /usr/bin/cmake --install /home/kuldip/myroboticarm_ws/build/myroboticarm_controller
[0.322s] -- Install configuration: ""
[0.322s] -- Up-to-date: /home/kuldip/myroboticarm_ws/install/myroboticarm_controller/share/myroboticarm_controller/config
[0.322s] -- Up-to-date: /home/kuldip/myroboticarm_ws/install/myroboticarm_controller/share/myroboticarm_controller/config/myroboticarm_controller.yaml
[0.322s] -- Up-to-date: /home/kuldip/myroboticarm_ws/install/myroboticarm_controller/share/ament_index/resource_index/package_run_dependencies/myroboticarm_controller
[0.322s] -- Up-to-date: /home/kuldip/myroboticarm_ws/install/myroboticarm_controller/share/ament_index/resource_index/parent_prefix_path/myroboticarm_controller
[0.323s] -- Up-to-date: /home/kuldip/myroboticarm_ws/install/myroboticarm_controller/share/myroboticarm_controller/environment/ament_prefix_path.sh
[0.323s] -- Installing: /home/kuldip/myroboticarm_ws/install/myroboticarm_controller/share/myroboticarm_controller/environment/ament_prefix_path.dsv
[0.323s] -- Up-to-date: /home/kuldip/myroboticarm_ws/install/myroboticarm_controller/share/myroboticarm_controller/environment/path.sh
[0.323s] -- Installing: /home/kuldip/myroboticarm_ws/install/myroboticarm_controller/share/myroboticarm_controller/environment/path.dsv
[0.323s] -- Up-to-date: /home/kuldip/myroboticarm_ws/install/myroboticarm_controller/share/myroboticarm_controller/local_setup.bash
[0.323s] -- Up-to-date: /home/kuldip/myroboticarm_ws/install/myroboticarm_controller/share/myroboticarm_controller/local_setup.sh
[0.323s] -- Up-to-date: /home/kuldip/myroboticarm_ws/install/myroboticarm_controller/share/myroboticarm_controller/local_setup.zsh
[0.323s] -- Installing: /home/kuldip/myroboticarm_ws/install/myroboticarm_controller/share/myroboticarm_controller/local_setup.dsv
[0.323s] -- Installing: /home/kuldip/myroboticarm_ws/install/myroboticarm_controller/share/myroboticarm_controller/package.dsv
[0.323s] -- Up-to-date: /home/kuldip/myroboticarm_ws/install/myroboticarm_controller/share/ament_index/resource_index/packages/myroboticarm_controller
[0.324s] -- Up-to-date: /home/kuldip/myroboticarm_ws/install/myroboticarm_controller/share/myroboticarm_controller/cmake/myroboticarm_controllerConfig.cmake
[0.324s] -- Up-to-date: /home/kuldip/myroboticarm_ws/install/myroboticarm_controller/share/myroboticarm_controller/cmake/myroboticarm_controllerConfig-version.cmake
[0.324s] -- Up-to-date: /home/kuldip/myroboticarm_ws/install/myroboticarm_controller/share/myroboticarm_controller/package.xml
[0.324s] Invoked command in '/home/kuldip/myroboticarm_ws/build/myroboticarm_controller' returned '0': CMAKE_PREFIX_PATH=${CMAKE_PREFIX_PATH}:/home/kuldip/myroboticarm_ws/install/myroboticarm_description:/home/kuldip/myroboticarm_ws/install/myroboticarm:/home/kuldip/ros2_ws/install/my_robot_controller:/opt/ros/humble /usr/bin/cmake --install /home/kuldip/myroboticarm_ws/build/myroboticarm_controller
