[0.115s] DEBUG:colcon:Command line arguments: ['/usr/bin/colcon', 'build']
[0.115s] DEBUG:colcon:Parsed command line arguments: Namespace(log_base=None, log_level=None, verb_name='build', build_base='build', install_base='install', merge_install=False, symlink_install=False, test_result_base=None, continue_on_error=False, executor='parallel', parallel_workers=12, event_handlers=None, ignore_user_meta=False, metas=['./colcon.meta'], base_paths=['.'], packages_ignore=None, packages_ignore_regex=None, paths=None, packages_up_to=None, packages_up_to_regex=None, packages_above=None, packages_above_and_dependencies=None, packages_above_depth=None, packages_select_by_dep=None, packages_skip_by_dep=None, packages_skip_up_to=None, packages_select_build_failed=False, packages_skip_build_finished=False, packages_select_test_failures=False, packages_skip_test_passed=False, packages_select=None, packages_skip=None, packages_select_regex=None, packages_skip_regex=None, packages_start=None, packages_end=None, allow_overriding=[], cmake_args=None, cmake_target=None, cmake_target_skip_unavailable=False, cmake_clean_cache=False, cmake_clean_first=False, cmake_force_configure=False, ament_cmake_args=None, catkin_cmake_args=None, catkin_skip_building_tests=False, mixin_files=None, mixin=None, verb_parser=<colcon_mixin.mixin.mixin_argument.MixinArgumentDecorator object at 0x74e3573a6210>, verb_extension=<colcon_core.verb.build.BuildVerb object at 0x74e3573a5eb0>, main=<bound method BuildVerb.main of <colcon_core.verb.build.BuildVerb object at 0x74e3573a5eb0>>, mixin_verb=('build',))
[0.141s] Level 1:colcon.colcon_core.package_discovery:discover_packages(colcon_meta) check parameters
[0.141s] Level 1:colcon.colcon_core.package_discovery:discover_packages(recursive) check parameters
[0.141s] Level 1:colcon.colcon_core.package_discovery:discover_packages(ignore) check parameters
[0.141s] Level 1:colcon.colcon_core.package_discovery:discover_packages(path) check parameters
[0.141s] Level 1:colcon.colcon_core.package_discovery:discover_packages(colcon_meta) discover
[0.141s] Level 1:colcon.colcon_core.package_discovery:discover_packages(recursive) discover
[0.141s] INFO:colcon.colcon_core.package_discovery:Crawling recursively for packages in '/home/kuldip/myroboticarm_ws'
[0.141s] Level 1:colcon.colcon_core.package_identification:_identify(.) by extensions ['ignore', 'ignore_ament_install']
[0.141s] Level 1:colcon.colcon_core.package_identification:_identify(.) by extension 'ignore'
[0.141s] Level 1:colcon.colcon_core.package_identification:_identify(.) by extension 'ignore_ament_install'
[0.141s] Level 1:colcon.colcon_core.package_identification:_identify(.) by extensions ['colcon_pkg']
[0.141s] Level 1:colcon.colcon_core.package_identification:_identify(.) by extension 'colcon_pkg'
[0.141s] Level 1:colcon.colcon_core.package_identification:_identify(.) by extensions ['colcon_meta']
[0.141s] Level 1:colcon.colcon_core.package_identification:_identify(.) by extension 'colcon_meta'
[0.142s] Level 1:colcon.colcon_core.package_identification:_identify(.) by extensions ['ros']
[0.142s] Level 1:colcon.colcon_core.package_identification:_identify(.) by extension 'ros'
[0.159s] Level 1:colcon.colcon_core.package_identification:_identify(.) by extensions ['cmake', 'python']
[0.159s] Level 1:colcon.colcon_core.package_identification:_identify(.) by extension 'cmake'
[0.159s] Level 1:colcon.colcon_core.package_identification:_identify(.) by extension 'python'
[0.159s] Level 1:colcon.colcon_core.package_identification:_identify(.) by extensions ['python_setup_py']
[0.159s] Level 1:colcon.colcon_core.package_identification:_identify(.) by extension 'python_setup_py'
[0.159s] Level 1:colcon.colcon_core.package_identification:_identify(build) by extensions ['ignore', 'ignore_ament_install']
[0.159s] Level 1:colcon.colcon_core.package_identification:_identify(build) by extension 'ignore'
[0.159s] Level 1:colcon.colcon_core.package_identification:_identify(build) ignored
[0.159s] Level 1:colcon.colcon_core.package_identification:_identify(install) by extensions ['ignore', 'ignore_ament_install']
[0.159s] Level 1:colcon.colcon_core.package_identification:_identify(install) by extension 'ignore'
[0.159s] Level 1:colcon.colcon_core.package_identification:_identify(install) ignored
[0.159s] Level 1:colcon.colcon_core.package_identification:_identify(log) by extensions ['ignore', 'ignore_ament_install']
[0.160s] Level 1:colcon.colcon_core.package_identification:_identify(log) by extension 'ignore'
[0.160s] Level 1:colcon.colcon_core.package_identification:_identify(log) ignored
[0.160s] Level 1:colcon.colcon_core.package_identification:_identify(src) by extensions ['ignore', 'ignore_ament_install']
[0.160s] Level 1:colcon.colcon_core.package_identification:_identify(src) by extension 'ignore'
[0.160s] Level 1:colcon.colcon_core.package_identification:_identify(src) by extension 'ignore_ament_install'
[0.160s] Level 1:colcon.colcon_core.package_identification:_identify(src) by extensions ['colcon_pkg']
[0.160s] Level 1:colcon.colcon_core.package_identification:_identify(src) by extension 'colcon_pkg'
[0.160s] Level 1:colcon.colcon_core.package_identification:_identify(src) by extensions ['colcon_meta']
[0.160s] Level 1:colcon.colcon_core.package_identification:_identify(src) by extension 'colcon_meta'
[0.160s] Level 1:colcon.colcon_core.package_identification:_identify(src) by extensions ['ros']
[0.160s] Level 1:colcon.colcon_core.package_identification:_identify(src) by extension 'ros'
[0.160s] Level 1:colcon.colcon_core.package_identification:_identify(src) by extensions ['cmake', 'python']
[0.160s] Level 1:colcon.colcon_core.package_identification:_identify(src) by extension 'cmake'
[0.160s] Level 1:colcon.colcon_core.package_identification:_identify(src) by extension 'python'
[0.160s] Level 1:colcon.colcon_core.package_identification:_identify(src) by extensions ['python_setup_py']
[0.160s] Level 1:colcon.colcon_core.package_identification:_identify(src) by extension 'python_setup_py'
[0.160s] Level 1:colcon.colcon_core.package_identification:_identify(src/build) by extensions ['ignore', 'ignore_ament_install']
[0.160s] Level 1:colcon.colcon_core.package_identification:_identify(src/build) by extension 'ignore'
[0.160s] Level 1:colcon.colcon_core.package_identification:_identify(src/build) ignored
[0.160s] Level 1:colcon.colcon_core.package_identification:_identify(src/install) by extensions ['ignore', 'ignore_ament_install']
[0.160s] Level 1:colcon.colcon_core.package_identification:_identify(src/install) by extension 'ignore'
[0.160s] Level 1:colcon.colcon_core.package_identification:_identify(src/install) ignored
[0.160s] Level 1:colcon.colcon_core.package_identification:_identify(src/log) by extensions ['ignore', 'ignore_ament_install']
[0.160s] Level 1:colcon.colcon_core.package_identification:_identify(src/log) by extension 'ignore'
[0.160s] Level 1:colcon.colcon_core.package_identification:_identify(src/log) ignored
[0.160s] Level 1:colcon.colcon_core.package_identification:_identify(src/myroboticarm) by extensions ['ignore', 'ignore_ament_install']
[0.160s] Level 1:colcon.colcon_core.package_identification:_identify(src/myroboticarm) by extension 'ignore'
[0.160s] Level 1:colcon.colcon_core.package_identification:_identify(src/myroboticarm) by extension 'ignore_ament_install'
[0.160s] Level 1:colcon.colcon_core.package_identification:_identify(src/myroboticarm) by extensions ['colcon_pkg']
[0.160s] Level 1:colcon.colcon_core.package_identification:_identify(src/myroboticarm) by extension 'colcon_pkg'
[0.160s] Level 1:colcon.colcon_core.package_identification:_identify(src/myroboticarm) by extensions ['colcon_meta']
[0.160s] Level 1:colcon.colcon_core.package_identification:_identify(src/myroboticarm) by extension 'colcon_meta'
[0.160s] Level 1:colcon.colcon_core.package_identification:_identify(src/myroboticarm) by extensions ['ros']
[0.160s] Level 1:colcon.colcon_core.package_identification:_identify(src/myroboticarm) by extension 'ros'
[0.162s] DEBUG:colcon.colcon_core.package_identification:Package 'src/myroboticarm' with type 'ros.ament_python' and name 'myroboticarm'
[0.162s] Level 1:colcon.colcon_core.package_identification:_identify(src/myroboticarm_controller) by extensions ['ignore', 'ignore_ament_install']
[0.162s] Level 1:colcon.colcon_core.package_identification:_identify(src/myroboticarm_controller) by extension 'ignore'
[0.162s] Level 1:colcon.colcon_core.package_identification:_identify(src/myroboticarm_controller) by extension 'ignore_ament_install'
[0.162s] Level 1:colcon.colcon_core.package_identification:_identify(src/myroboticarm_controller) by extensions ['colcon_pkg']
[0.162s] Level 1:colcon.colcon_core.package_identification:_identify(src/myroboticarm_controller) by extension 'colcon_pkg'
[0.162s] Level 1:colcon.colcon_core.package_identification:_identify(src/myroboticarm_controller) by extensions ['colcon_meta']
[0.162s] Level 1:colcon.colcon_core.package_identification:_identify(src/myroboticarm_controller) by extension 'colcon_meta'
[0.163s] Level 1:colcon.colcon_core.package_identification:_identify(src/myroboticarm_controller) by extensions ['ros']
[0.163s] Level 1:colcon.colcon_core.package_identification:_identify(src/myroboticarm_controller) by extension 'ros'
[0.163s] DEBUG:colcon.colcon_core.package_identification:Package 'src/myroboticarm_controller' with type 'ros.ament_cmake' and name 'myroboticarm_controller'
[0.163s] Level 1:colcon.colcon_core.package_identification:_identify(src/myroboticarm_description_cpp) by extensions ['ignore', 'ignore_ament_install']
[0.163s] Level 1:colcon.colcon_core.package_identification:_identify(src/myroboticarm_description_cpp) by extension 'ignore'
[0.163s] Level 1:colcon.colcon_core.package_identification:_identify(src/myroboticarm_description_cpp) by extension 'ignore_ament_install'
[0.163s] Level 1:colcon.colcon_core.package_identification:_identify(src/myroboticarm_description_cpp) by extensions ['colcon_pkg']
[0.163s] Level 1:colcon.colcon_core.package_identification:_identify(src/myroboticarm_description_cpp) by extension 'colcon_pkg'
[0.163s] Level 1:colcon.colcon_core.package_identification:_identify(src/myroboticarm_description_cpp) by extensions ['colcon_meta']
[0.163s] Level 1:colcon.colcon_core.package_identification:_identify(src/myroboticarm_description_cpp) by extension 'colcon_meta'
[0.163s] Level 1:colcon.colcon_core.package_identification:_identify(src/myroboticarm_description_cpp) by extensions ['ros']
[0.163s] Level 1:colcon.colcon_core.package_identification:_identify(src/myroboticarm_description_cpp) by extension 'ros'
[0.165s] DEBUG:colcon.colcon_core.package_identification:Package 'src/myroboticarm_description_cpp' with type 'ros.ament_cmake' and name 'myroboticarm_description_cpp'
[0.165s] Level 1:colcon.colcon_core.package_identification:_identify(src/myroboticarm_moveit) by extensions ['ignore', 'ignore_ament_install']
[0.165s] Level 1:colcon.colcon_core.package_identification:_identify(src/myroboticarm_moveit) by extension 'ignore'
[0.165s] Level 1:colcon.colcon_core.package_identification:_identify(src/myroboticarm_moveit) by extension 'ignore_ament_install'
[0.165s] Level 1:colcon.colcon_core.package_identification:_identify(src/myroboticarm_moveit) by extensions ['colcon_pkg']
[0.165s] Level 1:colcon.colcon_core.package_identification:_identify(src/myroboticarm_moveit) by extension 'colcon_pkg'
[0.165s] Level 1:colcon.colcon_core.package_identification:_identify(src/myroboticarm_moveit) by extensions ['colcon_meta']
[0.165s] Level 1:colcon.colcon_core.package_identification:_identify(src/myroboticarm_moveit) by extension 'colcon_meta'
[0.165s] Level 1:colcon.colcon_core.package_identification:_identify(src/myroboticarm_moveit) by extensions ['ros']
[0.165s] Level 1:colcon.colcon_core.package_identification:_identify(src/myroboticarm_moveit) by extension 'ros'
[0.166s] DEBUG:colcon.colcon_core.package_identification:Package 'src/myroboticarm_moveit' with type 'ros.ament_cmake' and name 'myroboticarm_moveit'
[0.166s] Level 1:colcon.colcon_core.package_identification:_identify(src/myroboticarm_msgs) by extensions ['ignore', 'ignore_ament_install']
[0.166s] Level 1:colcon.colcon_core.package_identification:_identify(src/myroboticarm_msgs) by extension 'ignore'
[0.166s] Level 1:colcon.colcon_core.package_identification:_identify(src/myroboticarm_msgs) by extension 'ignore_ament_install'
[0.166s] Level 1:colcon.colcon_core.package_identification:_identify(src/myroboticarm_msgs) by extensions ['colcon_pkg']
[0.166s] Level 1:colcon.colcon_core.package_identification:_identify(src/myroboticarm_msgs) by extension 'colcon_pkg'
[0.166s] Level 1:colcon.colcon_core.package_identification:_identify(src/myroboticarm_msgs) by extensions ['colcon_meta']
[0.166s] Level 1:colcon.colcon_core.package_identification:_identify(src/myroboticarm_msgs) by extension 'colcon_meta'
[0.166s] Level 1:colcon.colcon_core.package_identification:_identify(src/myroboticarm_msgs) by extensions ['ros']
[0.166s] Level 1:colcon.colcon_core.package_identification:_identify(src/myroboticarm_msgs) by extension 'ros'
[0.166s] DEBUG:colcon.colcon_core.package_identification:Package 'src/myroboticarm_msgs' with type 'ros.ament_cmake' and name 'myroboticarm_msgs'
[0.166s] Level 1:colcon.colcon_core.package_identification:_identify(src/myroboticarm_utils) by extensions ['ignore', 'ignore_ament_install']
[0.166s] Level 1:colcon.colcon_core.package_identification:_identify(src/myroboticarm_utils) by extension 'ignore'
[0.166s] Level 1:colcon.colcon_core.package_identification:_identify(src/myroboticarm_utils) by extension 'ignore_ament_install'
[0.166s] Level 1:colcon.colcon_core.package_identification:_identify(src/myroboticarm_utils) by extensions ['colcon_pkg']
[0.167s] Level 1:colcon.colcon_core.package_identification:_identify(src/myroboticarm_utils) by extension 'colcon_pkg'
[0.167s] Level 1:colcon.colcon_core.package_identification:_identify(src/myroboticarm_utils) by extensions ['colcon_meta']
[0.167s] Level 1:colcon.colcon_core.package_identification:_identify(src/myroboticarm_utils) by extension 'colcon_meta'
[0.167s] Level 1:colcon.colcon_core.package_identification:_identify(src/myroboticarm_utils) by extensions ['ros']
[0.167s] Level 1:colcon.colcon_core.package_identification:_identify(src/myroboticarm_utils) by extension 'ros'
[0.167s] DEBUG:colcon.colcon_core.package_identification:Package 'src/myroboticarm_utils' with type 'ros.ament_cmake' and name 'myroboticarm_utils'
[0.167s] Level 1:colcon.colcon_core.package_discovery:discover_packages(recursive) using defaults
[0.167s] Level 1:colcon.colcon_core.package_discovery:discover_packages(ignore) discover
[0.167s] Level 1:colcon.colcon_core.package_discovery:discover_packages(ignore) using defaults
[0.167s] Level 1:colcon.colcon_core.package_discovery:discover_packages(path) discover
[0.167s] Level 1:colcon.colcon_core.package_discovery:discover_packages(path) using defaults
[0.181s] Level 1:colcon.colcon_core.package_discovery:discover_packages(prefix_path) check parameters
[0.181s] Level 1:colcon.colcon_core.package_discovery:discover_packages(prefix_path) discover
[0.182s] DEBUG:colcon.colcon_installed_package_information.package_discovery:Found 8 installed packages in /home/kuldip/myroboticarm_ws/install
[0.183s] DEBUG:colcon.colcon_installed_package_information.package_discovery:Found 4 installed packages in /home/kuldip/arduinobot_ws/install
[0.183s] DEBUG:colcon.colcon_installed_package_information.package_discovery:Found 7 installed packages in /home/kuldip/myroboticarm_ws/src/install
[0.184s] DEBUG:colcon.colcon_installed_package_information.package_discovery:Found 413 installed packages in /opt/ros/jazzy
[0.185s] Level 1:colcon.colcon_core.package_discovery:discover_packages(prefix_path) using defaults
[0.214s] Level 5:colcon.colcon_core.verb:set package 'myroboticarm' build argument 'cmake_args' from command line to 'None'
[0.214s] Level 5:colcon.colcon_core.verb:set package 'myroboticarm' build argument 'cmake_target' from command line to 'None'
[0.214s] Level 5:colcon.colcon_core.verb:set package 'myroboticarm' build argument 'cmake_target_skip_unavailable' from command line to 'False'
[0.214s] Level 5:colcon.colcon_core.verb:set package 'myroboticarm' build argument 'cmake_clean_cache' from command line to 'False'
[0.214s] Level 5:colcon.colcon_core.verb:set package 'myroboticarm' build argument 'cmake_clean_first' from command line to 'False'
[0.214s] Level 5:colcon.colcon_core.verb:set package 'myroboticarm' build argument 'cmake_force_configure' from command line to 'False'
[0.214s] Level 5:colcon.colcon_core.verb:set package 'myroboticarm' build argument 'ament_cmake_args' from command line to 'None'
[0.214s] Level 5:colcon.colcon_core.verb:set package 'myroboticarm' build argument 'catkin_cmake_args' from command line to 'None'
[0.214s] Level 5:colcon.colcon_core.verb:set package 'myroboticarm' build argument 'catkin_skip_building_tests' from command line to 'False'
[0.214s] DEBUG:colcon.colcon_core.verb:Building package 'myroboticarm' with the following arguments: {'ament_cmake_args': None, 'build_base': '/home/kuldip/myroboticarm_ws/build/myroboticarm', 'catkin_cmake_args': None, 'catkin_skip_building_tests': False, 'cmake_args': None, 'cmake_clean_cache': False, 'cmake_clean_first': False, 'cmake_force_configure': False, 'cmake_target': None, 'cmake_target_skip_unavailable': False, 'install_base': '/home/kuldip/myroboticarm_ws/install/myroboticarm', 'merge_install': False, 'path': '/home/kuldip/myroboticarm_ws/src/myroboticarm', 'symlink_install': False, 'test_result_base': None}
[0.214s] Level 5:colcon.colcon_core.verb:set package 'myroboticarm_controller' build argument 'cmake_args' from command line to 'None'
[0.215s] Level 5:colcon.colcon_core.verb:set package 'myroboticarm_controller' build argument 'cmake_target' from command line to 'None'
[0.215s] Level 5:colcon.colcon_core.verb:set package 'myroboticarm_controller' build argument 'cmake_target_skip_unavailable' from command line to 'False'
[0.215s] Level 5:colcon.colcon_core.verb:set package 'myroboticarm_controller' build argument 'cmake_clean_cache' from command line to 'False'
[0.215s] Level 5:colcon.colcon_core.verb:set package 'myroboticarm_controller' build argument 'cmake_clean_first' from command line to 'False'
[0.215s] Level 5:colcon.colcon_core.verb:set package 'myroboticarm_controller' build argument 'cmake_force_configure' from command line to 'False'
[0.215s] Level 5:colcon.colcon_core.verb:set package 'myroboticarm_controller' build argument 'ament_cmake_args' from command line to 'None'
[0.215s] Level 5:colcon.colcon_core.verb:set package 'myroboticarm_controller' build argument 'catkin_cmake_args' from command line to 'None'
[0.215s] Level 5:colcon.colcon_core.verb:set package 'myroboticarm_controller' build argument 'catkin_skip_building_tests' from command line to 'False'
[0.215s] DEBUG:colcon.colcon_core.verb:Building package 'myroboticarm_controller' with the following arguments: {'ament_cmake_args': None, 'build_base': '/home/kuldip/myroboticarm_ws/build/myroboticarm_controller', 'catkin_cmake_args': None, 'catkin_skip_building_tests': False, 'cmake_args': None, 'cmake_clean_cache': False, 'cmake_clean_first': False, 'cmake_force_configure': False, 'cmake_target': None, 'cmake_target_skip_unavailable': False, 'install_base': '/home/kuldip/myroboticarm_ws/install/myroboticarm_controller', 'merge_install': False, 'path': '/home/kuldip/myroboticarm_ws/src/myroboticarm_controller', 'symlink_install': False, 'test_result_base': None}
[0.215s] Level 5:colcon.colcon_core.verb:set package 'myroboticarm_description_cpp' build argument 'cmake_args' from command line to 'None'
[0.215s] Level 5:colcon.colcon_core.verb:set package 'myroboticarm_description_cpp' build argument 'cmake_target' from command line to 'None'
[0.215s] Level 5:colcon.colcon_core.verb:set package 'myroboticarm_description_cpp' build argument 'cmake_target_skip_unavailable' from command line to 'False'
[0.215s] Level 5:colcon.colcon_core.verb:set package 'myroboticarm_description_cpp' build argument 'cmake_clean_cache' from command line to 'False'
[0.215s] Level 5:colcon.colcon_core.verb:set package 'myroboticarm_description_cpp' build argument 'cmake_clean_first' from command line to 'False'
[0.215s] Level 5:colcon.colcon_core.verb:set package 'myroboticarm_description_cpp' build argument 'cmake_force_configure' from command line to 'False'
[0.215s] Level 5:colcon.colcon_core.verb:set package 'myroboticarm_description_cpp' build argument 'ament_cmake_args' from command line to 'None'
[0.215s] Level 5:colcon.colcon_core.verb:set package 'myroboticarm_description_cpp' build argument 'catkin_cmake_args' from command line to 'None'
[0.215s] Level 5:colcon.colcon_core.verb:set package 'myroboticarm_description_cpp' build argument 'catkin_skip_building_tests' from command line to 'False'
[0.215s] DEBUG:colcon.colcon_core.verb:Building package 'myroboticarm_description_cpp' with the following arguments: {'ament_cmake_args': None, 'build_base': '/home/kuldip/myroboticarm_ws/build/myroboticarm_description_cpp', 'catkin_cmake_args': None, 'catkin_skip_building_tests': False, 'cmake_args': None, 'cmake_clean_cache': False, 'cmake_clean_first': False, 'cmake_force_configure': False, 'cmake_target': None, 'cmake_target_skip_unavailable': False, 'install_base': '/home/kuldip/myroboticarm_ws/install/myroboticarm_description_cpp', 'merge_install': False, 'path': '/home/kuldip/myroboticarm_ws/src/myroboticarm_description_cpp', 'symlink_install': False, 'test_result_base': None}
[0.215s] Level 5:colcon.colcon_core.verb:set package 'myroboticarm_moveit' build argument 'cmake_args' from command line to 'None'
[0.215s] Level 5:colcon.colcon_core.verb:set package 'myroboticarm_moveit' build argument 'cmake_target' from command line to 'None'
[0.215s] Level 5:colcon.colcon_core.verb:set package 'myroboticarm_moveit' build argument 'cmake_target_skip_unavailable' from command line to 'False'
[0.215s] Level 5:colcon.colcon_core.verb:set package 'myroboticarm_moveit' build argument 'cmake_clean_cache' from command line to 'False'
[0.215s] Level 5:colcon.colcon_core.verb:set package 'myroboticarm_moveit' build argument 'cmake_clean_first' from command line to 'False'
[0.215s] Level 5:colcon.colcon_core.verb:set package 'myroboticarm_moveit' build argument 'cmake_force_configure' from command line to 'False'
[0.215s] Level 5:colcon.colcon_core.verb:set package 'myroboticarm_moveit' build argument 'ament_cmake_args' from command line to 'None'
[0.215s] Level 5:colcon.colcon_core.verb:set package 'myroboticarm_moveit' build argument 'catkin_cmake_args' from command line to 'None'
[0.215s] Level 5:colcon.colcon_core.verb:set package 'myroboticarm_moveit' build argument 'catkin_skip_building_tests' from command line to 'False'
[0.215s] DEBUG:colcon.colcon_core.verb:Building package 'myroboticarm_moveit' with the following arguments: {'ament_cmake_args': None, 'build_base': '/home/kuldip/myroboticarm_ws/build/myroboticarm_moveit', 'catkin_cmake_args': None, 'catkin_skip_building_tests': False, 'cmake_args': None, 'cmake_clean_cache': False, 'cmake_clean_first': False, 'cmake_force_configure': False, 'cmake_target': None, 'cmake_target_skip_unavailable': False, 'install_base': '/home/kuldip/myroboticarm_ws/install/myroboticarm_moveit', 'merge_install': False, 'path': '/home/kuldip/myroboticarm_ws/src/myroboticarm_moveit', 'symlink_install': False, 'test_result_base': None}
[0.215s] Level 5:colcon.colcon_core.verb:set package 'myroboticarm_msgs' build argument 'cmake_args' from command line to 'None'
[0.215s] Level 5:colcon.colcon_core.verb:set package 'myroboticarm_msgs' build argument 'cmake_target' from command line to 'None'
[0.215s] Level 5:colcon.colcon_core.verb:set package 'myroboticarm_msgs' build argument 'cmake_target_skip_unavailable' from command line to 'False'
[0.215s] Level 5:colcon.colcon_core.verb:set package 'myroboticarm_msgs' build argument 'cmake_clean_cache' from command line to 'False'
[0.215s] Level 5:colcon.colcon_core.verb:set package 'myroboticarm_msgs' build argument 'cmake_clean_first' from command line to 'False'
[0.215s] Level 5:colcon.colcon_core.verb:set package 'myroboticarm_msgs' build argument 'cmake_force_configure' from command line to 'False'
[0.215s] Level 5:colcon.colcon_core.verb:set package 'myroboticarm_msgs' build argument 'ament_cmake_args' from command line to 'None'
[0.215s] Level 5:colcon.colcon_core.verb:set package 'myroboticarm_msgs' build argument 'catkin_cmake_args' from command line to 'None'
[0.215s] Level 5:colcon.colcon_core.verb:set package 'myroboticarm_msgs' build argument 'catkin_skip_building_tests' from command line to 'False'
[0.215s] DEBUG:colcon.colcon_core.verb:Building package 'myroboticarm_msgs' with the following arguments: {'ament_cmake_args': None, 'build_base': '/home/kuldip/myroboticarm_ws/build/myroboticarm_msgs', 'catkin_cmake_args': None, 'catkin_skip_building_tests': False, 'cmake_args': None, 'cmake_clean_cache': False, 'cmake_clean_first': False, 'cmake_force_configure': False, 'cmake_target': None, 'cmake_target_skip_unavailable': False, 'install_base': '/home/kuldip/myroboticarm_ws/install/myroboticarm_msgs', 'merge_install': False, 'path': '/home/kuldip/myroboticarm_ws/src/myroboticarm_msgs', 'symlink_install': False, 'test_result_base': None}
[0.215s] Level 5:colcon.colcon_core.verb:set package 'myroboticarm_utils' build argument 'cmake_args' from command line to 'None'
[0.215s] Level 5:colcon.colcon_core.verb:set package 'myroboticarm_utils' build argument 'cmake_target' from command line to 'None'
[0.215s] Level 5:colcon.colcon_core.verb:set package 'myroboticarm_utils' build argument 'cmake_target_skip_unavailable' from command line to 'False'
[0.215s] Level 5:colcon.colcon_core.verb:set package 'myroboticarm_utils' build argument 'cmake_clean_cache' from command line to 'False'
[0.215s] Level 5:colcon.colcon_core.verb:set package 'myroboticarm_utils' build argument 'cmake_clean_first' from command line to 'False'
[0.215s] Level 5:colcon.colcon_core.verb:set package 'myroboticarm_utils' build argument 'cmake_force_configure' from command line to 'False'
[0.215s] Level 5:colcon.colcon_core.verb:set package 'myroboticarm_utils' build argument 'ament_cmake_args' from command line to 'None'
[0.215s] Level 5:colcon.colcon_core.verb:set package 'myroboticarm_utils' build argument 'catkin_cmake_args' from command line to 'None'
[0.215s] Level 5:colcon.colcon_core.verb:set package 'myroboticarm_utils' build argument 'catkin_skip_building_tests' from command line to 'False'
[0.215s] DEBUG:colcon.colcon_core.verb:Building package 'myroboticarm_utils' with the following arguments: {'ament_cmake_args': None, 'build_base': '/home/kuldip/myroboticarm_ws/build/myroboticarm_utils', 'catkin_cmake_args': None, 'catkin_skip_building_tests': False, 'cmake_args': None, 'cmake_clean_cache': False, 'cmake_clean_first': False, 'cmake_force_configure': False, 'cmake_target': None, 'cmake_target_skip_unavailable': False, 'install_base': '/home/kuldip/myroboticarm_ws/install/myroboticarm_utils', 'merge_install': False, 'path': '/home/kuldip/myroboticarm_ws/src/myroboticarm_utils', 'symlink_install': False, 'test_result_base': None}
[0.216s] INFO:colcon.colcon_core.executor:Executing jobs using 'parallel' executor
[0.216s] DEBUG:colcon.colcon_parallel_executor.executor.parallel:run_until_complete
[0.216s] INFO:colcon.colcon_ros.task.ament_cmake.build:Building ROS package in '/home/kuldip/myroboticarm_ws/src/myroboticarm_msgs' with build type 'ament_cmake'
[0.217s] INFO:colcon.colcon_cmake.task.cmake.build:Building CMake package in '/home/kuldip/myroboticarm_ws/src/myroboticarm_msgs'
[0.218s] INFO:colcon.colcon_core.plugin_system:Skipping extension 'colcon_core.shell.bat': Not used on non-Windows systems
[0.218s] INFO:colcon.colcon_core.shell:Skip shell extension 'powershell' for command environment: Not usable outside of PowerShell
[0.218s] DEBUG:colcon.colcon_core.shell:Skip shell extension 'dsv' for command environment
[0.221s] INFO:colcon.colcon_ros.task.ament_python.build:Building ROS package in '/home/kuldip/myroboticarm_ws/src/myroboticarm' with build type 'ament_python'
[0.222s] Level 1:colcon.colcon_core.shell:create_environment_hook('myroboticarm', 'ament_prefix_path')
[0.222s] INFO:colcon.colcon_core.shell:Creating environment hook '/home/kuldip/myroboticarm_ws/install/myroboticarm/share/myroboticarm/hook/ament_prefix_path.ps1'
[0.222s] INFO:colcon.colcon_core.shell:Creating environment descriptor '/home/kuldip/myroboticarm_ws/install/myroboticarm/share/myroboticarm/hook/ament_prefix_path.dsv'
[0.222s] INFO:colcon.colcon_core.shell:Creating environment hook '/home/kuldip/myroboticarm_ws/install/myroboticarm/share/myroboticarm/hook/ament_prefix_path.sh'
[0.223s] INFO:colcon.colcon_core.shell:Skip shell extension 'powershell' for command environment: Not usable outside of PowerShell
[0.223s] DEBUG:colcon.colcon_core.shell:Skip shell extension 'dsv' for command environment
[0.225s] INFO:colcon.colcon_ros.task.ament_cmake.build:Building ROS package in '/home/kuldip/myroboticarm_ws/src/myroboticarm_controller' with build type 'ament_cmake'
[0.225s] INFO:colcon.colcon_cmake.task.cmake.build:Building CMake package in '/home/kuldip/myroboticarm_ws/src/myroboticarm_controller'
[0.225s] INFO:colcon.colcon_core.shell:Skip shell extension 'powershell' for command environment: Not usable outside of PowerShell
[0.225s] DEBUG:colcon.colcon_core.shell:Skip shell extension 'dsv' for command environment
[0.228s] INFO:colcon.colcon_ros.task.ament_cmake.build:Building ROS package in '/home/kuldip/myroboticarm_ws/src/myroboticarm_description_cpp' with build type 'ament_cmake'
[0.228s] INFO:colcon.colcon_cmake.task.cmake.build:Building CMake package in '/home/kuldip/myroboticarm_ws/src/myroboticarm_description_cpp'
[0.228s] INFO:colcon.colcon_core.shell:Skip shell extension 'powershell' for command environment: Not usable outside of PowerShell
[0.228s] DEBUG:colcon.colcon_core.shell:Skip shell extension 'dsv' for command environment
[0.231s] INFO:colcon.colcon_ros.task.ament_cmake.build:Building ROS package in '/home/kuldip/myroboticarm_ws/src/myroboticarm_moveit' with build type 'ament_cmake'
[0.231s] INFO:colcon.colcon_cmake.task.cmake.build:Building CMake package in '/home/kuldip/myroboticarm_ws/src/myroboticarm_moveit'
[0.232s] INFO:colcon.colcon_core.shell:Skip shell extension 'powershell' for command environment: Not usable outside of PowerShell
[0.232s] DEBUG:colcon.colcon_core.shell:Skip shell extension 'dsv' for command environment
[0.238s] DEBUG:colcon.colcon_core.event_handler.log_command:Invoking command in '/home/kuldip/myroboticarm_ws/build/myroboticarm_msgs': CMAKE_PREFIX_PATH=${CMAKE_PREFIX_PATH}:/home/kuldip/myroboticarm_ws/install/myroboticarm_description:/home/kuldip/myroboticarm_ws/install/myroboticarm:/home/kuldip/arduinobot_ws/install/arduinobot_py_examples:/home/kuldip/myroboticarm_ws/src/install/myroboticarm:/opt/ros/jazzy DEBUGINFOD_URLS=https://debuginfod.ubuntu.com /usr/bin/cmake --build /home/kuldip/myroboticarm_ws/build/myroboticarm_msgs -- -j12 -l12
[0.387s] INFO:colcon.colcon_core.task.python.build:Building Python package in '/home/kuldip/myroboticarm_ws/src/myroboticarm'
[0.387s] INFO:colcon.colcon_core.shell:Skip shell extension 'powershell' for command environment: Not usable outside of PowerShell
[0.387s] DEBUG:colcon.colcon_core.shell:Skip shell extension 'dsv' for command environment
[0.392s] DEBUG:colcon.colcon_core.event_handler.log_command:Invoking command in '/home/kuldip/myroboticarm_ws/build/myroboticarm_controller': CMAKE_PREFIX_PATH=${CMAKE_PREFIX_PATH}:/home/kuldip/myroboticarm_ws/install/myroboticarm_description:/home/kuldip/myroboticarm_ws/install/myroboticarm:/home/kuldip/arduinobot_ws/install/arduinobot_py_examples:/home/kuldip/myroboticarm_ws/src/install/myroboticarm:/opt/ros/jazzy DEBUGINFOD_URLS=https://debuginfod.ubuntu.com /usr/bin/cmake --build /home/kuldip/myroboticarm_ws/build/myroboticarm_controller -- -j12 -l12
[0.393s] DEBUG:colcon.colcon_core.event_handler.log_command:Invoking command in '/home/kuldip/myroboticarm_ws/build/myroboticarm_description_cpp': CMAKE_PREFIX_PATH=${CMAKE_PREFIX_PATH}:/home/kuldip/myroboticarm_ws/install/myroboticarm_description:/home/kuldip/myroboticarm_ws/install/myroboticarm:/home/kuldip/arduinobot_ws/install/arduinobot_py_examples:/home/kuldip/myroboticarm_ws/src/install/myroboticarm:/opt/ros/jazzy DEBUGINFOD_URLS=https://debuginfod.ubuntu.com /usr/bin/cmake --build /home/kuldip/myroboticarm_ws/build/myroboticarm_description_cpp -- -j12 -l12
[0.399s] DEBUG:colcon.colcon_core.event_handler.log_command:Invoking command in '/home/kuldip/myroboticarm_ws/build/myroboticarm_moveit': CMAKE_PREFIX_PATH=${CMAKE_PREFIX_PATH}:/home/kuldip/myroboticarm_ws/install/myroboticarm_description:/home/kuldip/myroboticarm_ws/install/myroboticarm:/home/kuldip/arduinobot_ws/install/arduinobot_py_examples:/home/kuldip/myroboticarm_ws/src/install/myroboticarm:/opt/ros/jazzy DEBUGINFOD_URLS=https://debuginfod.ubuntu.com /usr/bin/cmake --build /home/kuldip/myroboticarm_ws/build/myroboticarm_moveit -- -j12 -l12
[0.431s] DEBUG:colcon.colcon_core.event_handler.log_command:Invoked command in '/home/kuldip/myroboticarm_ws/build/myroboticarm_description_cpp' returned '0': CMAKE_PREFIX_PATH=${CMAKE_PREFIX_PATH}:/home/kuldip/myroboticarm_ws/install/myroboticarm_description:/home/kuldip/myroboticarm_ws/install/myroboticarm:/home/kuldip/arduinobot_ws/install/arduinobot_py_examples:/home/kuldip/myroboticarm_ws/src/install/myroboticarm:/opt/ros/jazzy DEBUGINFOD_URLS=https://debuginfod.ubuntu.com /usr/bin/cmake --build /home/kuldip/myroboticarm_ws/build/myroboticarm_description_cpp -- -j12 -l12
[0.439s] DEBUG:colcon.colcon_core.event_handler.log_command:Invoking command in '/home/kuldip/myroboticarm_ws/build/myroboticarm_description_cpp': CMAKE_PREFIX_PATH=${CMAKE_PREFIX_PATH}:/home/kuldip/myroboticarm_ws/install/myroboticarm_description:/home/kuldip/myroboticarm_ws/install/myroboticarm:/home/kuldip/arduinobot_ws/install/arduinobot_py_examples:/home/kuldip/myroboticarm_ws/src/install/myroboticarm:/opt/ros/jazzy DEBUGINFOD_URLS=https://debuginfod.ubuntu.com /usr/bin/cmake --install /home/kuldip/myroboticarm_ws/build/myroboticarm_description_cpp
[0.440s] DEBUG:colcon.colcon_core.event_handler.log_command:Invoked command in '/home/kuldip/myroboticarm_ws/build/myroboticarm_moveit' returned '0': CMAKE_PREFIX_PATH=${CMAKE_PREFIX_PATH}:/home/kuldip/myroboticarm_ws/install/myroboticarm_description:/home/kuldip/myroboticarm_ws/install/myroboticarm:/home/kuldip/arduinobot_ws/install/arduinobot_py_examples:/home/kuldip/myroboticarm_ws/src/install/myroboticarm:/opt/ros/jazzy DEBUGINFOD_URLS=https://debuginfod.ubuntu.com /usr/bin/cmake --build /home/kuldip/myroboticarm_ws/build/myroboticarm_moveit -- -j12 -l12
[0.441s] DEBUG:colcon.colcon_core.event_handler.log_command:Invoking command in '/home/kuldip/myroboticarm_ws/build/myroboticarm_moveit': CMAKE_PREFIX_PATH=${CMAKE_PREFIX_PATH}:/home/kuldip/myroboticarm_ws/install/myroboticarm_description:/home/kuldip/myroboticarm_ws/install/myroboticarm:/home/kuldip/arduinobot_ws/install/arduinobot_py_examples:/home/kuldip/myroboticarm_ws/src/install/myroboticarm:/opt/ros/jazzy DEBUGINFOD_URLS=https://debuginfod.ubuntu.com /usr/bin/cmake --install /home/kuldip/myroboticarm_ws/build/myroboticarm_moveit
[0.442s] DEBUG:colcon.colcon_core.event_handler.log_command:Invoked command in '/home/kuldip/myroboticarm_ws/build/myroboticarm_controller' returned '0': CMAKE_PREFIX_PATH=${CMAKE_PREFIX_PATH}:/home/kuldip/myroboticarm_ws/install/myroboticarm_description:/home/kuldip/myroboticarm_ws/install/myroboticarm:/home/kuldip/arduinobot_ws/install/arduinobot_py_examples:/home/kuldip/myroboticarm_ws/src/install/myroboticarm:/opt/ros/jazzy DEBUGINFOD_URLS=https://debuginfod.ubuntu.com /usr/bin/cmake --build /home/kuldip/myroboticarm_ws/build/myroboticarm_controller -- -j12 -l12
[0.443s] DEBUG:colcon.colcon_core.event_handler.log_command:Invoking command in '/home/kuldip/myroboticarm_ws/build/myroboticarm_controller': CMAKE_PREFIX_PATH=${CMAKE_PREFIX_PATH}:/home/kuldip/myroboticarm_ws/install/myroboticarm_description:/home/kuldip/myroboticarm_ws/install/myroboticarm:/home/kuldip/arduinobot_ws/install/arduinobot_py_examples:/home/kuldip/myroboticarm_ws/src/install/myroboticarm:/opt/ros/jazzy DEBUGINFOD_URLS=https://debuginfod.ubuntu.com /usr/bin/cmake --install /home/kuldip/myroboticarm_ws/build/myroboticarm_controller
[0.453s] Level 1:colcon.colcon_core.environment:create_environment_scripts_only(myroboticarm_moveit)
[0.457s] DEBUG:colcon.colcon_core.event_handler.log_command:Invoked command in '/home/kuldip/myroboticarm_ws/build/myroboticarm_moveit' returned '0': CMAKE_PREFIX_PATH=${CMAKE_PREFIX_PATH}:/home/kuldip/myroboticarm_ws/install/myroboticarm_description:/home/kuldip/myroboticarm_ws/install/myroboticarm:/home/kuldip/arduinobot_ws/install/arduinobot_py_examples:/home/kuldip/myroboticarm_ws/src/install/myroboticarm:/opt/ros/jazzy DEBUGINFOD_URLS=https://debuginfod.ubuntu.com /usr/bin/cmake --install /home/kuldip/myroboticarm_ws/build/myroboticarm_moveit
[0.459s] Level 1:colcon.colcon_core.environment:checking '/home/kuldip/myroboticarm_ws/install/myroboticarm_moveit' for CMake module files
[0.460s] Level 1:colcon.colcon_core.environment:checking '/home/kuldip/myroboticarm_ws/install/myroboticarm_moveit' for CMake config files
[0.460s] Level 1:colcon.colcon_core.shell:create_environment_hook('myroboticarm_moveit', 'cmake_prefix_path')
[0.460s] INFO:colcon.colcon_core.shell:Creating environment hook '/home/kuldip/myroboticarm_ws/install/myroboticarm_moveit/share/myroboticarm_moveit/hook/cmake_prefix_path.ps1'
[0.461s] INFO:colcon.colcon_core.shell:Creating environment descriptor '/home/kuldip/myroboticarm_ws/install/myroboticarm_moveit/share/myroboticarm_moveit/hook/cmake_prefix_path.dsv'
[0.461s] INFO:colcon.colcon_core.shell:Creating environment hook '/home/kuldip/myroboticarm_ws/install/myroboticarm_moveit/share/myroboticarm_moveit/hook/cmake_prefix_path.sh'
[0.462s] Level 1:colcon.colcon_core.environment:checking '/home/kuldip/myroboticarm_ws/install/myroboticarm_moveit/bin'
[0.462s] Level 1:colcon.colcon_core.environment:checking '/home/kuldip/myroboticarm_ws/install/myroboticarm_moveit/lib/pkgconfig/myroboticarm_moveit.pc'
[0.462s] Level 1:colcon.colcon_core.environment:checking '/home/kuldip/myroboticarm_ws/install/myroboticarm_moveit/lib/python3.12/site-packages'
[0.462s] Level 1:colcon.colcon_core.environment:checking '/home/kuldip/myroboticarm_ws/install/myroboticarm_moveit/bin'
[0.462s] INFO:colcon.colcon_core.shell:Creating package script '/home/kuldip/myroboticarm_ws/install/myroboticarm_moveit/share/myroboticarm_moveit/package.ps1'
[0.463s] INFO:colcon.colcon_core.shell:Creating package descriptor '/home/kuldip/myroboticarm_ws/install/myroboticarm_moveit/share/myroboticarm_moveit/package.dsv'
[0.464s] INFO:colcon.colcon_core.shell:Creating package script '/home/kuldip/myroboticarm_ws/install/myroboticarm_moveit/share/myroboticarm_moveit/package.sh'
[0.464s] INFO:colcon.colcon_core.shell:Creating package script '/home/kuldip/myroboticarm_ws/install/myroboticarm_moveit/share/myroboticarm_moveit/package.bash'
[0.465s] INFO:colcon.colcon_core.shell:Creating package script '/home/kuldip/myroboticarm_ws/install/myroboticarm_moveit/share/myroboticarm_moveit/package.zsh'
[0.465s] Level 1:colcon.colcon_core.environment:create_file_with_runtime_dependencies(/home/kuldip/myroboticarm_ws/install/myroboticarm_moveit/share/colcon-core/packages/myroboticarm_moveit)
[0.466s] Level 1:colcon.colcon_core.environment:create_environment_scripts_only(myroboticarm_moveit)
[0.466s] Level 1:colcon.colcon_core.environment:checking '/home/kuldip/myroboticarm_ws/install/myroboticarm_moveit' for CMake module files
[0.466s] Level 1:colcon.colcon_core.environment:checking '/home/kuldip/myroboticarm_ws/install/myroboticarm_moveit' for CMake config files
[0.467s] Level 1:colcon.colcon_core.shell:create_environment_hook('myroboticarm_moveit', 'cmake_prefix_path')
[0.467s] INFO:colcon.colcon_core.shell:Creating environment hook '/home/kuldip/myroboticarm_ws/install/myroboticarm_moveit/share/myroboticarm_moveit/hook/cmake_prefix_path.ps1'
[0.467s] INFO:colcon.colcon_core.shell:Creating environment descriptor '/home/kuldip/myroboticarm_ws/install/myroboticarm_moveit/share/myroboticarm_moveit/hook/cmake_prefix_path.dsv'
[0.467s] INFO:colcon.colcon_core.shell:Creating environment hook '/home/kuldip/myroboticarm_ws/install/myroboticarm_moveit/share/myroboticarm_moveit/hook/cmake_prefix_path.sh'
[0.468s] Level 1:colcon.colcon_core.environment:checking '/home/kuldip/myroboticarm_ws/install/myroboticarm_moveit/bin'
[0.468s] Level 1:colcon.colcon_core.environment:checking '/home/kuldip/myroboticarm_ws/install/myroboticarm_moveit/lib/pkgconfig/myroboticarm_moveit.pc'
[0.468s] Level 1:colcon.colcon_core.environment:checking '/home/kuldip/myroboticarm_ws/install/myroboticarm_moveit/lib/python3.12/site-packages'
[0.468s] Level 1:colcon.colcon_core.environment:checking '/home/kuldip/myroboticarm_ws/install/myroboticarm_moveit/bin'
[0.469s] INFO:colcon.colcon_core.shell:Creating package script '/home/kuldip/myroboticarm_ws/install/myroboticarm_moveit/share/myroboticarm_moveit/package.ps1'
[0.469s] INFO:colcon.colcon_core.shell:Creating package descriptor '/home/kuldip/myroboticarm_ws/install/myroboticarm_moveit/share/myroboticarm_moveit/package.dsv'
[0.470s] INFO:colcon.colcon_core.shell:Creating package script '/home/kuldip/myroboticarm_ws/install/myroboticarm_moveit/share/myroboticarm_moveit/package.sh'
[0.470s] INFO:colcon.colcon_core.shell:Creating package script '/home/kuldip/myroboticarm_ws/install/myroboticarm_moveit/share/myroboticarm_moveit/package.bash'
[0.470s] INFO:colcon.colcon_core.shell:Creating package script '/home/kuldip/myroboticarm_ws/install/myroboticarm_moveit/share/myroboticarm_moveit/package.zsh'
[0.471s] Level 1:colcon.colcon_core.environment:create_file_with_runtime_dependencies(/home/kuldip/myroboticarm_ws/install/myroboticarm_moveit/share/colcon-core/packages/myroboticarm_moveit)
[0.471s] Level 1:colcon.colcon_core.environment:create_environment_scripts_only(myroboticarm_description_cpp)
[0.472s] Level 1:colcon.colcon_core.environment:checking '/home/kuldip/myroboticarm_ws/install/myroboticarm_description_cpp' for CMake module files
[0.473s] Level 1:colcon.colcon_core.environment:checking '/home/kuldip/myroboticarm_ws/install/myroboticarm_description_cpp' for CMake config files
[0.473s] DEBUG:colcon.colcon_core.event_handler.log_command:Invoked command in '/home/kuldip/myroboticarm_ws/build/myroboticarm_description_cpp' returned '0': CMAKE_PREFIX_PATH=${CMAKE_PREFIX_PATH}:/home/kuldip/myroboticarm_ws/install/myroboticarm_description:/home/kuldip/myroboticarm_ws/install/myroboticarm:/home/kuldip/arduinobot_ws/install/arduinobot_py_examples:/home/kuldip/myroboticarm_ws/src/install/myroboticarm:/opt/ros/jazzy DEBUGINFOD_URLS=https://debuginfod.ubuntu.com /usr/bin/cmake --install /home/kuldip/myroboticarm_ws/build/myroboticarm_description_cpp
[0.473s] Level 1:colcon.colcon_core.shell:create_environment_hook('myroboticarm_description_cpp', 'cmake_prefix_path')
[0.474s] INFO:colcon.colcon_core.shell:Creating environment hook '/home/kuldip/myroboticarm_ws/install/myroboticarm_description_cpp/share/myroboticarm_description_cpp/hook/cmake_prefix_path.ps1'
[0.474s] INFO:colcon.colcon_core.shell:Creating environment descriptor '/home/kuldip/myroboticarm_ws/install/myroboticarm_description_cpp/share/myroboticarm_description_cpp/hook/cmake_prefix_path.dsv'
[0.474s] INFO:colcon.colcon_core.shell:Creating environment hook '/home/kuldip/myroboticarm_ws/install/myroboticarm_description_cpp/share/myroboticarm_description_cpp/hook/cmake_prefix_path.sh'
[0.474s] Level 1:colcon.colcon_core.environment:checking '/home/kuldip/myroboticarm_ws/install/myroboticarm_description_cpp/bin'
[0.475s] Level 1:colcon.colcon_core.environment:checking '/home/kuldip/myroboticarm_ws/install/myroboticarm_description_cpp/lib/pkgconfig/myroboticarm_description_cpp.pc'
[0.475s] Level 1:colcon.colcon_core.environment:checking '/home/kuldip/myroboticarm_ws/install/myroboticarm_description_cpp/lib/python3.12/site-packages'
[0.475s] Level 1:colcon.colcon_core.environment:checking '/home/kuldip/myroboticarm_ws/install/myroboticarm_description_cpp/bin'
[0.475s] INFO:colcon.colcon_core.shell:Creating package script '/home/kuldip/myroboticarm_ws/install/myroboticarm_description_cpp/share/myroboticarm_description_cpp/package.ps1'
[0.475s] INFO:colcon.colcon_core.shell:Creating package descriptor '/home/kuldip/myroboticarm_ws/install/myroboticarm_description_cpp/share/myroboticarm_description_cpp/package.dsv'
[0.476s] INFO:colcon.colcon_core.shell:Creating package script '/home/kuldip/myroboticarm_ws/install/myroboticarm_description_cpp/share/myroboticarm_description_cpp/package.sh'
[0.476s] INFO:colcon.colcon_core.shell:Creating package script '/home/kuldip/myroboticarm_ws/install/myroboticarm_description_cpp/share/myroboticarm_description_cpp/package.bash'
[0.476s] INFO:colcon.colcon_core.shell:Creating package script '/home/kuldip/myroboticarm_ws/install/myroboticarm_description_cpp/share/myroboticarm_description_cpp/package.zsh'
[0.476s] Level 1:colcon.colcon_core.environment:create_file_with_runtime_dependencies(/home/kuldip/myroboticarm_ws/install/myroboticarm_description_cpp/share/colcon-core/packages/myroboticarm_description_cpp)
[0.477s] Level 1:colcon.colcon_core.environment:create_environment_scripts_only(myroboticarm_description_cpp)
[0.477s] Level 1:colcon.colcon_core.environment:checking '/home/kuldip/myroboticarm_ws/install/myroboticarm_description_cpp' for CMake module files
[0.477s] Level 1:colcon.colcon_core.environment:checking '/home/kuldip/myroboticarm_ws/install/myroboticarm_description_cpp' for CMake config files
[0.477s] Level 1:colcon.colcon_core.shell:create_environment_hook('myroboticarm_description_cpp', 'cmake_prefix_path')
[0.477s] INFO:colcon.colcon_core.shell:Creating environment hook '/home/kuldip/myroboticarm_ws/install/myroboticarm_description_cpp/share/myroboticarm_description_cpp/hook/cmake_prefix_path.ps1'
[0.477s] INFO:colcon.colcon_core.shell:Creating environment descriptor '/home/kuldip/myroboticarm_ws/install/myroboticarm_description_cpp/share/myroboticarm_description_cpp/hook/cmake_prefix_path.dsv'
[0.478s] INFO:colcon.colcon_core.shell:Creating environment hook '/home/kuldip/myroboticarm_ws/install/myroboticarm_description_cpp/share/myroboticarm_description_cpp/hook/cmake_prefix_path.sh'
[0.478s] Level 1:colcon.colcon_core.environment:checking '/home/kuldip/myroboticarm_ws/install/myroboticarm_description_cpp/bin'
[0.478s] Level 1:colcon.colcon_core.environment:checking '/home/kuldip/myroboticarm_ws/install/myroboticarm_description_cpp/lib/pkgconfig/myroboticarm_description_cpp.pc'
[0.478s] Level 1:colcon.colcon_core.environment:checking '/home/kuldip/myroboticarm_ws/install/myroboticarm_description_cpp/lib/python3.12/site-packages'
[0.478s] Level 1:colcon.colcon_core.environment:checking '/home/kuldip/myroboticarm_ws/install/myroboticarm_description_cpp/bin'
[0.478s] INFO:colcon.colcon_core.shell:Creating package script '/home/kuldip/myroboticarm_ws/install/myroboticarm_description_cpp/share/myroboticarm_description_cpp/package.ps1'
[0.479s] INFO:colcon.colcon_core.shell:Creating package descriptor '/home/kuldip/myroboticarm_ws/install/myroboticarm_description_cpp/share/myroboticarm_description_cpp/package.dsv'
[0.479s] INFO:colcon.colcon_core.shell:Creating package script '/home/kuldip/myroboticarm_ws/install/myroboticarm_description_cpp/share/myroboticarm_description_cpp/package.sh'
[0.480s] INFO:colcon.colcon_core.shell:Creating package script '/home/kuldip/myroboticarm_ws/install/myroboticarm_description_cpp/share/myroboticarm_description_cpp/package.bash'
[0.480s] INFO:colcon.colcon_core.shell:Creating package script '/home/kuldip/myroboticarm_ws/install/myroboticarm_description_cpp/share/myroboticarm_description_cpp/package.zsh'
[0.480s] Level 1:colcon.colcon_core.environment:create_file_with_runtime_dependencies(/home/kuldip/myroboticarm_ws/install/myroboticarm_description_cpp/share/colcon-core/packages/myroboticarm_description_cpp)
[0.481s] Level 1:colcon.colcon_core.environment:create_environment_scripts_only(myroboticarm_controller)
[0.481s] Level 1:colcon.colcon_core.environment:checking '/home/kuldip/myroboticarm_ws/install/myroboticarm_controller' for CMake module files
[0.482s] Level 1:colcon.colcon_core.environment:checking '/home/kuldip/myroboticarm_ws/install/myroboticarm_controller' for CMake config files
[0.482s] DEBUG:colcon.colcon_core.event_handler.log_command:Invoked command in '/home/kuldip/myroboticarm_ws/build/myroboticarm_controller' returned '0': CMAKE_PREFIX_PATH=${CMAKE_PREFIX_PATH}:/home/kuldip/myroboticarm_ws/install/myroboticarm_description:/home/kuldip/myroboticarm_ws/install/myroboticarm:/home/kuldip/arduinobot_ws/install/arduinobot_py_examples:/home/kuldip/myroboticarm_ws/src/install/myroboticarm:/opt/ros/jazzy DEBUGINFOD_URLS=https://debuginfod.ubuntu.com /usr/bin/cmake --install /home/kuldip/myroboticarm_ws/build/myroboticarm_controller
[0.482s] Level 1:colcon.colcon_core.shell:create_environment_hook('myroboticarm_controller', 'cmake_prefix_path')
[0.482s] INFO:colcon.colcon_core.shell:Creating environment hook '/home/kuldip/myroboticarm_ws/install/myroboticarm_controller/share/myroboticarm_controller/hook/cmake_prefix_path.ps1'
[0.483s] INFO:colcon.colcon_core.shell:Creating environment descriptor '/home/kuldip/myroboticarm_ws/install/myroboticarm_controller/share/myroboticarm_controller/hook/cmake_prefix_path.dsv'
[0.483s] INFO:colcon.colcon_core.shell:Creating environment hook '/home/kuldip/myroboticarm_ws/install/myroboticarm_controller/share/myroboticarm_controller/hook/cmake_prefix_path.sh'
[0.483s] Level 1:colcon.colcon_core.environment:checking '/home/kuldip/myroboticarm_ws/install/myroboticarm_controller/lib'
[0.483s] Level 1:colcon.colcon_core.environment:checking '/home/kuldip/myroboticarm_ws/install/myroboticarm_controller/bin'
[0.483s] Level 1:colcon.colcon_core.environment:checking '/home/kuldip/myroboticarm_ws/install/myroboticarm_controller/lib/pkgconfig/myroboticarm_controller.pc'
[0.483s] Level 1:colcon.colcon_core.environment:checking '/home/kuldip/myroboticarm_ws/install/myroboticarm_controller/lib/python3.12/site-packages'
[0.483s] Level 1:colcon.colcon_core.environment:checking '/home/kuldip/myroboticarm_ws/install/myroboticarm_controller/bin'
[0.484s] INFO:colcon.colcon_core.shell:Creating package script '/home/kuldip/myroboticarm_ws/install/myroboticarm_controller/share/myroboticarm_controller/package.ps1'
[0.484s] INFO:colcon.colcon_core.shell:Creating package descriptor '/home/kuldip/myroboticarm_ws/install/myroboticarm_controller/share/myroboticarm_controller/package.dsv'
[0.484s] INFO:colcon.colcon_core.shell:Creating package script '/home/kuldip/myroboticarm_ws/install/myroboticarm_controller/share/myroboticarm_controller/package.sh'
[0.484s] INFO:colcon.colcon_core.shell:Creating package script '/home/kuldip/myroboticarm_ws/install/myroboticarm_controller/share/myroboticarm_controller/package.bash'
[0.484s] INFO:colcon.colcon_core.shell:Creating package script '/home/kuldip/myroboticarm_ws/install/myroboticarm_controller/share/myroboticarm_controller/package.zsh'
[0.485s] Level 1:colcon.colcon_core.environment:create_file_with_runtime_dependencies(/home/kuldip/myroboticarm_ws/install/myroboticarm_controller/share/colcon-core/packages/myroboticarm_controller)
[0.485s] Level 1:colcon.colcon_core.environment:create_environment_scripts_only(myroboticarm_controller)
[0.485s] Level 1:colcon.colcon_core.environment:checking '/home/kuldip/myroboticarm_ws/install/myroboticarm_controller' for CMake module files
[0.485s] Level 1:colcon.colcon_core.environment:checking '/home/kuldip/myroboticarm_ws/install/myroboticarm_controller' for CMake config files
[0.485s] Level 1:colcon.colcon_core.shell:create_environment_hook('myroboticarm_controller', 'cmake_prefix_path')
[0.485s] INFO:colcon.colcon_core.shell:Creating environment hook '/home/kuldip/myroboticarm_ws/install/myroboticarm_controller/share/myroboticarm_controller/hook/cmake_prefix_path.ps1'
[0.486s] INFO:colcon.colcon_core.shell:Creating environment descriptor '/home/kuldip/myroboticarm_ws/install/myroboticarm_controller/share/myroboticarm_controller/hook/cmake_prefix_path.dsv'
[0.486s] INFO:colcon.colcon_core.shell:Creating environment hook '/home/kuldip/myroboticarm_ws/install/myroboticarm_controller/share/myroboticarm_controller/hook/cmake_prefix_path.sh'
[0.486s] Level 1:colcon.colcon_core.environment:checking '/home/kuldip/myroboticarm_ws/install/myroboticarm_controller/lib'
[0.486s] Level 1:colcon.colcon_core.environment:checking '/home/kuldip/myroboticarm_ws/install/myroboticarm_controller/bin'
[0.487s] Level 1:colcon.colcon_core.environment:checking '/home/kuldip/myroboticarm_ws/install/myroboticarm_controller/lib/pkgconfig/myroboticarm_controller.pc'
[0.487s] Level 1:colcon.colcon_core.environment:checking '/home/kuldip/myroboticarm_ws/install/myroboticarm_controller/lib/python3.12/site-packages'
[0.487s] Level 1:colcon.colcon_core.environment:checking '/home/kuldip/myroboticarm_ws/install/myroboticarm_controller/bin'
[0.487s] INFO:colcon.colcon_core.shell:Creating package script '/home/kuldip/myroboticarm_ws/install/myroboticarm_controller/share/myroboticarm_controller/package.ps1'
[0.487s] INFO:colcon.colcon_core.shell:Creating package descriptor '/home/kuldip/myroboticarm_ws/install/myroboticarm_controller/share/myroboticarm_controller/package.dsv'
[0.487s] INFO:colcon.colcon_core.shell:Creating package script '/home/kuldip/myroboticarm_ws/install/myroboticarm_controller/share/myroboticarm_controller/package.sh'
[0.488s] INFO:colcon.colcon_core.shell:Creating package script '/home/kuldip/myroboticarm_ws/install/myroboticarm_controller/share/myroboticarm_controller/package.bash'
[0.488s] INFO:colcon.colcon_core.shell:Creating package script '/home/kuldip/myroboticarm_ws/install/myroboticarm_controller/share/myroboticarm_controller/package.zsh'
[0.488s] Level 1:colcon.colcon_core.environment:create_file_with_runtime_dependencies(/home/kuldip/myroboticarm_ws/install/myroboticarm_controller/share/colcon-core/packages/myroboticarm_controller)
[0.541s] DEBUG:colcon.colcon_core.event_handler.log_command:Invoked command in '/home/kuldip/myroboticarm_ws/build/myroboticarm_msgs' returned '0': CMAKE_PREFIX_PATH=${CMAKE_PREFIX_PATH}:/home/kuldip/myroboticarm_ws/install/myroboticarm_description:/home/kuldip/myroboticarm_ws/install/myroboticarm:/home/kuldip/arduinobot_ws/install/arduinobot_py_examples:/home/kuldip/myroboticarm_ws/src/install/myroboticarm:/opt/ros/jazzy DEBUGINFOD_URLS=https://debuginfod.ubuntu.com /usr/bin/cmake --build /home/kuldip/myroboticarm_ws/build/myroboticarm_msgs -- -j12 -l12
[0.541s] DEBUG:colcon.colcon_core.event_handler.log_command:Invoking command in '/home/kuldip/myroboticarm_ws/build/myroboticarm_msgs': CMAKE_PREFIX_PATH=${CMAKE_PREFIX_PATH}:/home/kuldip/myroboticarm_ws/install/myroboticarm_description:/home/kuldip/myroboticarm_ws/install/myroboticarm:/home/kuldip/arduinobot_ws/install/arduinobot_py_examples:/home/kuldip/myroboticarm_ws/src/install/myroboticarm:/opt/ros/jazzy DEBUGINFOD_URLS=https://debuginfod.ubuntu.com /usr/bin/cmake --install /home/kuldip/myroboticarm_ws/build/myroboticarm_msgs
[0.586s] Level 1:colcon.colcon_core.environment:create_environment_scripts_only(myroboticarm_msgs)
[0.587s] Level 1:colcon.colcon_core.environment:checking '/home/kuldip/myroboticarm_ws/install/myroboticarm_msgs' for CMake module files
[0.587s] DEBUG:colcon.colcon_core.event_handler.log_command:Invoked command in '/home/kuldip/myroboticarm_ws/build/myroboticarm_msgs' returned '0': CMAKE_PREFIX_PATH=${CMAKE_PREFIX_PATH}:/home/kuldip/myroboticarm_ws/install/myroboticarm_description:/home/kuldip/myroboticarm_ws/install/myroboticarm:/home/kuldip/arduinobot_ws/install/arduinobot_py_examples:/home/kuldip/myroboticarm_ws/src/install/myroboticarm:/opt/ros/jazzy DEBUGINFOD_URLS=https://debuginfod.ubuntu.com /usr/bin/cmake --install /home/kuldip/myroboticarm_ws/build/myroboticarm_msgs
[0.587s] Level 1:colcon.colcon_core.environment:checking '/home/kuldip/myroboticarm_ws/install/myroboticarm_msgs' for CMake config files
[0.587s] Level 1:colcon.colcon_core.shell:create_environment_hook('myroboticarm_msgs', 'cmake_prefix_path')
[0.588s] INFO:colcon.colcon_core.shell:Creating environment hook '/home/kuldip/myroboticarm_ws/install/myroboticarm_msgs/share/myroboticarm_msgs/hook/cmake_prefix_path.ps1'
[0.588s] INFO:colcon.colcon_core.shell:Creating environment descriptor '/home/kuldip/myroboticarm_ws/install/myroboticarm_msgs/share/myroboticarm_msgs/hook/cmake_prefix_path.dsv'
[0.588s] INFO:colcon.colcon_core.shell:Creating environment hook '/home/kuldip/myroboticarm_ws/install/myroboticarm_msgs/share/myroboticarm_msgs/hook/cmake_prefix_path.sh'
[0.588s] Level 1:colcon.colcon_core.environment:checking '/home/kuldip/myroboticarm_ws/install/myroboticarm_msgs/lib'
[0.588s] Level 1:colcon.colcon_core.shell:create_environment_hook('myroboticarm_msgs', 'ld_library_path_lib')
[0.589s] INFO:colcon.colcon_core.shell:Creating environment hook '/home/kuldip/myroboticarm_ws/install/myroboticarm_msgs/share/myroboticarm_msgs/hook/ld_library_path_lib.ps1'
[0.589s] INFO:colcon.colcon_core.shell:Creating environment descriptor '/home/kuldip/myroboticarm_ws/install/myroboticarm_msgs/share/myroboticarm_msgs/hook/ld_library_path_lib.dsv'
[0.589s] INFO:colcon.colcon_core.shell:Creating environment hook '/home/kuldip/myroboticarm_ws/install/myroboticarm_msgs/share/myroboticarm_msgs/hook/ld_library_path_lib.sh'
[0.589s] Level 1:colcon.colcon_core.environment:checking '/home/kuldip/myroboticarm_ws/install/myroboticarm_msgs/bin'
[0.589s] Level 1:colcon.colcon_core.environment:checking '/home/kuldip/myroboticarm_ws/install/myroboticarm_msgs/lib/pkgconfig/myroboticarm_msgs.pc'
[0.589s] Level 1:colcon.colcon_core.environment:checking '/home/kuldip/myroboticarm_ws/install/myroboticarm_msgs/lib/python3.12/site-packages'
[0.589s] Level 1:colcon.colcon_core.shell:create_environment_hook('myroboticarm_msgs', 'pythonpath')
[0.589s] INFO:colcon.colcon_core.shell:Creating environment hook '/home/kuldip/myroboticarm_ws/install/myroboticarm_msgs/share/myroboticarm_msgs/hook/pythonpath.ps1'
[0.590s] INFO:colcon.colcon_core.shell:Creating environment descriptor '/home/kuldip/myroboticarm_ws/install/myroboticarm_msgs/share/myroboticarm_msgs/hook/pythonpath.dsv'
[0.590s] INFO:colcon.colcon_core.shell:Creating environment hook '/home/kuldip/myroboticarm_ws/install/myroboticarm_msgs/share/myroboticarm_msgs/hook/pythonpath.sh'
[0.590s] Level 1:colcon.colcon_core.environment:checking '/home/kuldip/myroboticarm_ws/install/myroboticarm_msgs/bin'
[0.590s] INFO:colcon.colcon_core.shell:Creating package script '/home/kuldip/myroboticarm_ws/install/myroboticarm_msgs/share/myroboticarm_msgs/package.ps1'
[0.590s] INFO:colcon.colcon_core.shell:Creating package descriptor '/home/kuldip/myroboticarm_ws/install/myroboticarm_msgs/share/myroboticarm_msgs/package.dsv'
[0.591s] INFO:colcon.colcon_core.shell:Creating package script '/home/kuldip/myroboticarm_ws/install/myroboticarm_msgs/share/myroboticarm_msgs/package.sh'
[0.591s] INFO:colcon.colcon_core.shell:Creating package script '/home/kuldip/myroboticarm_ws/install/myroboticarm_msgs/share/myroboticarm_msgs/package.bash'
[0.591s] INFO:colcon.colcon_core.shell:Creating package script '/home/kuldip/myroboticarm_ws/install/myroboticarm_msgs/share/myroboticarm_msgs/package.zsh'
[0.591s] Level 1:colcon.colcon_core.environment:create_file_with_runtime_dependencies(/home/kuldip/myroboticarm_ws/install/myroboticarm_msgs/share/colcon-core/packages/myroboticarm_msgs)
[0.592s] Level 1:colcon.colcon_core.environment:create_environment_scripts_only(myroboticarm_msgs)
[0.592s] Level 1:colcon.colcon_core.environment:checking '/home/kuldip/myroboticarm_ws/install/myroboticarm_msgs' for CMake module files
[0.592s] Level 1:colcon.colcon_core.environment:checking '/home/kuldip/myroboticarm_ws/install/myroboticarm_msgs' for CMake config files
[0.592s] Level 1:colcon.colcon_core.shell:create_environment_hook('myroboticarm_msgs', 'cmake_prefix_path')
[0.592s] INFO:colcon.colcon_core.shell:Creating environment hook '/home/kuldip/myroboticarm_ws/install/myroboticarm_msgs/share/myroboticarm_msgs/hook/cmake_prefix_path.ps1'
[0.593s] INFO:colcon.colcon_core.shell:Creating environment descriptor '/home/kuldip/myroboticarm_ws/install/myroboticarm_msgs/share/myroboticarm_msgs/hook/cmake_prefix_path.dsv'
[0.593s] INFO:colcon.colcon_core.shell:Creating environment hook '/home/kuldip/myroboticarm_ws/install/myroboticarm_msgs/share/myroboticarm_msgs/hook/cmake_prefix_path.sh'
[0.593s] Level 1:colcon.colcon_core.environment:checking '/home/kuldip/myroboticarm_ws/install/myroboticarm_msgs/lib'
[0.593s] Level 1:colcon.colcon_core.shell:create_environment_hook('myroboticarm_msgs', 'ld_library_path_lib')
[0.593s] INFO:colcon.colcon_core.shell:Creating environment hook '/home/kuldip/myroboticarm_ws/install/myroboticarm_msgs/share/myroboticarm_msgs/hook/ld_library_path_lib.ps1'
[0.593s] INFO:colcon.colcon_core.shell:Creating environment descriptor '/home/kuldip/myroboticarm_ws/install/myroboticarm_msgs/share/myroboticarm_msgs/hook/ld_library_path_lib.dsv'
[0.593s] INFO:colcon.colcon_core.shell:Creating environment hook '/home/kuldip/myroboticarm_ws/install/myroboticarm_msgs/share/myroboticarm_msgs/hook/ld_library_path_lib.sh'
[0.594s] Level 1:colcon.colcon_core.environment:checking '/home/kuldip/myroboticarm_ws/install/myroboticarm_msgs/bin'
[0.594s] Level 1:colcon.colcon_core.environment:checking '/home/kuldip/myroboticarm_ws/install/myroboticarm_msgs/lib/pkgconfig/myroboticarm_msgs.pc'
[0.594s] Level 1:colcon.colcon_core.environment:checking '/home/kuldip/myroboticarm_ws/install/myroboticarm_msgs/lib/python3.12/site-packages'
[0.594s] Level 1:colcon.colcon_core.shell:create_environment_hook('myroboticarm_msgs', 'pythonpath')
[0.594s] INFO:colcon.colcon_core.shell:Creating environment hook '/home/kuldip/myroboticarm_ws/install/myroboticarm_msgs/share/myroboticarm_msgs/hook/pythonpath.ps1'
[0.594s] INFO:colcon.colcon_core.shell:Creating environment descriptor '/home/kuldip/myroboticarm_ws/install/myroboticarm_msgs/share/myroboticarm_msgs/hook/pythonpath.dsv'
[0.594s] INFO:colcon.colcon_core.shell:Creating environment hook '/home/kuldip/myroboticarm_ws/install/myroboticarm_msgs/share/myroboticarm_msgs/hook/pythonpath.sh'
[0.595s] Level 1:colcon.colcon_core.environment:checking '/home/kuldip/myroboticarm_ws/install/myroboticarm_msgs/bin'
[0.595s] INFO:colcon.colcon_core.shell:Creating package script '/home/kuldip/myroboticarm_ws/install/myroboticarm_msgs/share/myroboticarm_msgs/package.ps1'
[0.595s] INFO:colcon.colcon_core.shell:Creating package descriptor '/home/kuldip/myroboticarm_ws/install/myroboticarm_msgs/share/myroboticarm_msgs/package.dsv'
[0.596s] INFO:colcon.colcon_core.shell:Creating package script '/home/kuldip/myroboticarm_ws/install/myroboticarm_msgs/share/myroboticarm_msgs/package.sh'
[0.596s] INFO:colcon.colcon_core.shell:Creating package script '/home/kuldip/myroboticarm_ws/install/myroboticarm_msgs/share/myroboticarm_msgs/package.bash'
[0.596s] INFO:colcon.colcon_core.shell:Creating package script '/home/kuldip/myroboticarm_ws/install/myroboticarm_msgs/share/myroboticarm_msgs/package.zsh'
[0.596s] Level 1:colcon.colcon_core.environment:create_file_with_runtime_dependencies(/home/kuldip/myroboticarm_ws/install/myroboticarm_msgs/share/colcon-core/packages/myroboticarm_msgs)
[0.596s] INFO:colcon.colcon_ros.task.ament_cmake.build:Building ROS package in '/home/kuldip/myroboticarm_ws/src/myroboticarm_utils' with build type 'ament_cmake'
[0.596s] INFO:colcon.colcon_cmake.task.cmake.build:Building CMake package in '/home/kuldip/myroboticarm_ws/src/myroboticarm_utils'
[0.596s] INFO:colcon.colcon_core.shell:Skip shell extension 'powershell' for command environment: Not usable outside of PowerShell
[0.596s] DEBUG:colcon.colcon_core.shell:Skip shell extension 'dsv' for command environment
[0.605s] DEBUG:colcon.colcon_core.event_handler.log_command:Invoking command in '/home/kuldip/myroboticarm_ws/build/myroboticarm_utils': CMAKE_PREFIX_PATH=/home/kuldip/myroboticarm_ws/install/myroboticarm_msgs:/home/kuldip/myroboticarm_ws/install/myroboticarm_utils:/home/kuldip/myroboticarm_ws/install/myroboticarm_moveit:/home/kuldip/myroboticarm_ws/install/myroboticarm_description_cpp:/home/kuldip/myroboticarm_ws/install/myroboticarm_cpp:/home/kuldip/myroboticarm_ws/install/myroboticarm_controller:/home/kuldip/arduinobot_ws/install/arduinobot_controller:/home/kuldip/arduinobot_ws/install/arduinobot_description:/home/kuldip/arduinobot_ws/install/arduinobot_cpp_examples:/home/kuldip/myroboticarm_ws/src/install/myroboticarm_utils:/home/kuldip/myroboticarm_ws/src/install/myroboticarm_msgs:/home/kuldip/myroboticarm_ws/src/install/myroboticarm_moveit:/home/kuldip/myroboticarm_ws/src/install/myroboticarm_description_cpp:/home/kuldip/myroboticarm_ws/src/install/myroboticarm_cpp:/home/kuldip/myroboticarm_ws/src/install/myroboticarm_controller:/opt/ros/jazzy/opt/gz_launch_vendor:/opt/ros/jazzy/opt/gz_sim_vendor:/opt/ros/jazzy/opt/gz_sensors_vendor:/opt/ros/jazzy/opt/gz_physics_vendor:/opt/ros/jazzy/opt/sdformat_vendor:/opt/ros/jazzy/opt/gz_gui_vendor:/opt/ros/jazzy/opt/gz_transport_vendor:/opt/ros/jazzy/opt/gz_rendering_vendor:/opt/ros/jazzy/opt/gz_plugin_vendor:/opt/ros/jazzy/opt/gz_fuel_tools_vendor:/opt/ros/jazzy/opt/gz_msgs_vendor:/opt/ros/jazzy/opt/gz_common_vendor:/opt/ros/jazzy/opt/gz_math_vendor:/opt/ros/jazzy/opt/gz_utils_vendor:/opt/ros/jazzy/opt/gz_tools_vendor:/opt/ros/jazzy/opt/gz_ogre_next_vendor:/opt/ros/jazzy/opt/gz_dartsim_vendor:/opt/ros/jazzy/opt/gz_cmake_vendor:/home/kuldip/myroboticarm_ws/install/myroboticarm_description:/home/kuldip/myroboticarm_ws/install/myroboticarm:/home/kuldip/arduinobot_ws/install/arduinobot_py_examples:/home/kuldip/myroboticarm_ws/src/install/myroboticarm:/opt/ros/jazzy DEBUGINFOD_URLS=https://debuginfod.ubuntu.com PYTHONPATH=/home/kuldip/myroboticarm_ws/install/myroboticarm_msgs/lib/python3.12/site-packages:/home/kuldip/myroboticarm_ws/install/myroboticarm_utils/lib/python3.12/site-packages:/home/kuldip/myroboticarm_ws/install/myroboticarm_description/lib/python3.10/site-packages:/home/kuldip/myroboticarm_ws/install/myroboticarm/lib/python3.12/site-packages:/home/kuldip/arduinobot_ws/install/arduinobot_py_examples/lib/python3.12/site-packages:/home/kuldip/arduinobot_ws/install/arduinobot_controller/lib/python3.12/site-packages:/home/kuldip/myroboticarm_ws/src/install/myroboticarm_utils/lib/python3.12/site-packages:/home/kuldip/myroboticarm_ws/src/install/myroboticarm_msgs/lib/python3.12/site-packages:/home/kuldip/myroboticarm_ws/src/install/myroboticarm/lib/python3.12/site-packages:/opt/ros/jazzy/lib/python3.12/site-packages /usr/bin/cmake --build /home/kuldip/myroboticarm_ws/build/myroboticarm_utils -- -j12 -l12
[0.844s] DEBUG:colcon.colcon_core.event_handler.log_command:Invoking command in '/home/kuldip/myroboticarm_ws/src/myroboticarm': DEBUGINFOD_URLS=https://debuginfod.ubuntu.com PYTHONPATH=/home/kuldip/myroboticarm_ws/build/myroboticarm/prefix_override:/usr/lib/python3/dist-packages/colcon_core/task/python/colcon_distutils_commands:/home/kuldip/myroboticarm_ws/install/myroboticarm/lib/python3.12/site-packages:${PYTHONPATH} /usr/bin/python3 -W ignore:setup.py install is deprecated -W ignore:easy_install command is deprecated setup.py egg_info --egg-base ../../build/myroboticarm build --build-base /home/kuldip/myroboticarm_ws/build/myroboticarm/build install --record /home/kuldip/myroboticarm_ws/build/myroboticarm/install.log --single-version-externally-managed install_data
[0.872s] DEBUG:colcon.colcon_core.event_handler.log_command:Invoked command in '/home/kuldip/myroboticarm_ws/build/myroboticarm_utils' returned '0': CMAKE_PREFIX_PATH=/home/kuldip/myroboticarm_ws/install/myroboticarm_msgs:/home/kuldip/myroboticarm_ws/install/myroboticarm_utils:/home/kuldip/myroboticarm_ws/install/myroboticarm_moveit:/home/kuldip/myroboticarm_ws/install/myroboticarm_description_cpp:/home/kuldip/myroboticarm_ws/install/myroboticarm_cpp:/home/kuldip/myroboticarm_ws/install/myroboticarm_controller:/home/kuldip/arduinobot_ws/install/arduinobot_controller:/home/kuldip/arduinobot_ws/install/arduinobot_description:/home/kuldip/arduinobot_ws/install/arduinobot_cpp_examples:/home/kuldip/myroboticarm_ws/src/install/myroboticarm_utils:/home/kuldip/myroboticarm_ws/src/install/myroboticarm_msgs:/home/kuldip/myroboticarm_ws/src/install/myroboticarm_moveit:/home/kuldip/myroboticarm_ws/src/install/myroboticarm_description_cpp:/home/kuldip/myroboticarm_ws/src/install/myroboticarm_cpp:/home/kuldip/myroboticarm_ws/src/install/myroboticarm_controller:/opt/ros/jazzy/opt/gz_launch_vendor:/opt/ros/jazzy/opt/gz_sim_vendor:/opt/ros/jazzy/opt/gz_sensors_vendor:/opt/ros/jazzy/opt/gz_physics_vendor:/opt/ros/jazzy/opt/sdformat_vendor:/opt/ros/jazzy/opt/gz_gui_vendor:/opt/ros/jazzy/opt/gz_transport_vendor:/opt/ros/jazzy/opt/gz_rendering_vendor:/opt/ros/jazzy/opt/gz_plugin_vendor:/opt/ros/jazzy/opt/gz_fuel_tools_vendor:/opt/ros/jazzy/opt/gz_msgs_vendor:/opt/ros/jazzy/opt/gz_common_vendor:/opt/ros/jazzy/opt/gz_math_vendor:/opt/ros/jazzy/opt/gz_utils_vendor:/opt/ros/jazzy/opt/gz_tools_vendor:/opt/ros/jazzy/opt/gz_ogre_next_vendor:/opt/ros/jazzy/opt/gz_dartsim_vendor:/opt/ros/jazzy/opt/gz_cmake_vendor:/home/kuldip/myroboticarm_ws/install/myroboticarm_description:/home/kuldip/myroboticarm_ws/install/myroboticarm:/home/kuldip/arduinobot_ws/install/arduinobot_py_examples:/home/kuldip/myroboticarm_ws/src/install/myroboticarm:/opt/ros/jazzy DEBUGINFOD_URLS=https://debuginfod.ubuntu.com PYTHONPATH=/home/kuldip/myroboticarm_ws/install/myroboticarm_msgs/lib/python3.12/site-packages:/home/kuldip/myroboticarm_ws/install/myroboticarm_utils/lib/python3.12/site-packages:/home/kuldip/myroboticarm_ws/install/myroboticarm_description/lib/python3.10/site-packages:/home/kuldip/myroboticarm_ws/install/myroboticarm/lib/python3.12/site-packages:/home/kuldip/arduinobot_ws/install/arduinobot_py_examples/lib/python3.12/site-packages:/home/kuldip/arduinobot_ws/install/arduinobot_controller/lib/python3.12/site-packages:/home/kuldip/myroboticarm_ws/src/install/myroboticarm_utils/lib/python3.12/site-packages:/home/kuldip/myroboticarm_ws/src/install/myroboticarm_msgs/lib/python3.12/site-packages:/home/kuldip/myroboticarm_ws/src/install/myroboticarm/lib/python3.12/site-packages:/opt/ros/jazzy/lib/python3.12/site-packages /usr/bin/cmake --build /home/kuldip/myroboticarm_ws/build/myroboticarm_utils -- -j12 -l12
[0.873s] DEBUG:colcon.colcon_core.event_handler.log_command:Invoking command in '/home/kuldip/myroboticarm_ws/build/myroboticarm_utils': CMAKE_PREFIX_PATH=/home/kuldip/myroboticarm_ws/install/myroboticarm_msgs:/home/kuldip/myroboticarm_ws/install/myroboticarm_utils:/home/kuldip/myroboticarm_ws/install/myroboticarm_moveit:/home/kuldip/myroboticarm_ws/install/myroboticarm_description_cpp:/home/kuldip/myroboticarm_ws/install/myroboticarm_cpp:/home/kuldip/myroboticarm_ws/install/myroboticarm_controller:/home/kuldip/arduinobot_ws/install/arduinobot_controller:/home/kuldip/arduinobot_ws/install/arduinobot_description:/home/kuldip/arduinobot_ws/install/arduinobot_cpp_examples:/home/kuldip/myroboticarm_ws/src/install/myroboticarm_utils:/home/kuldip/myroboticarm_ws/src/install/myroboticarm_msgs:/home/kuldip/myroboticarm_ws/src/install/myroboticarm_moveit:/home/kuldip/myroboticarm_ws/src/install/myroboticarm_description_cpp:/home/kuldip/myroboticarm_ws/src/install/myroboticarm_cpp:/home/kuldip/myroboticarm_ws/src/install/myroboticarm_controller:/opt/ros/jazzy/opt/gz_launch_vendor:/opt/ros/jazzy/opt/gz_sim_vendor:/opt/ros/jazzy/opt/gz_sensors_vendor:/opt/ros/jazzy/opt/gz_physics_vendor:/opt/ros/jazzy/opt/sdformat_vendor:/opt/ros/jazzy/opt/gz_gui_vendor:/opt/ros/jazzy/opt/gz_transport_vendor:/opt/ros/jazzy/opt/gz_rendering_vendor:/opt/ros/jazzy/opt/gz_plugin_vendor:/opt/ros/jazzy/opt/gz_fuel_tools_vendor:/opt/ros/jazzy/opt/gz_msgs_vendor:/opt/ros/jazzy/opt/gz_common_vendor:/opt/ros/jazzy/opt/gz_math_vendor:/opt/ros/jazzy/opt/gz_utils_vendor:/opt/ros/jazzy/opt/gz_tools_vendor:/opt/ros/jazzy/opt/gz_ogre_next_vendor:/opt/ros/jazzy/opt/gz_dartsim_vendor:/opt/ros/jazzy/opt/gz_cmake_vendor:/home/kuldip/myroboticarm_ws/install/myroboticarm_description:/home/kuldip/myroboticarm_ws/install/myroboticarm:/home/kuldip/arduinobot_ws/install/arduinobot_py_examples:/home/kuldip/myroboticarm_ws/src/install/myroboticarm:/opt/ros/jazzy DEBUGINFOD_URLS=https://debuginfod.ubuntu.com PYTHONPATH=/home/kuldip/myroboticarm_ws/install/myroboticarm_msgs/lib/python3.12/site-packages:/home/kuldip/myroboticarm_ws/install/myroboticarm_utils/lib/python3.12/site-packages:/home/kuldip/myroboticarm_ws/install/myroboticarm_description/lib/python3.10/site-packages:/home/kuldip/myroboticarm_ws/install/myroboticarm/lib/python3.12/site-packages:/home/kuldip/arduinobot_ws/install/arduinobot_py_examples/lib/python3.12/site-packages:/home/kuldip/arduinobot_ws/install/arduinobot_controller/lib/python3.12/site-packages:/home/kuldip/myroboticarm_ws/src/install/myroboticarm_utils/lib/python3.12/site-packages:/home/kuldip/myroboticarm_ws/src/install/myroboticarm_msgs/lib/python3.12/site-packages:/home/kuldip/myroboticarm_ws/src/install/myroboticarm/lib/python3.12/site-packages:/opt/ros/jazzy/lib/python3.12/site-packages /usr/bin/cmake --install /home/kuldip/myroboticarm_ws/build/myroboticarm_utils
[0.912s] Level 1:colcon.colcon_core.environment:create_environment_scripts_only(myroboticarm_utils)
[0.912s] Level 1:colcon.colcon_core.environment:checking '/home/kuldip/myroboticarm_ws/install/myroboticarm_utils' for CMake module files
[0.913s] DEBUG:colcon.colcon_core.event_handler.log_command:Invoked command in '/home/kuldip/myroboticarm_ws/build/myroboticarm_utils' returned '0': CMAKE_PREFIX_PATH=/home/kuldip/myroboticarm_ws/install/myroboticarm_msgs:/home/kuldip/myroboticarm_ws/install/myroboticarm_utils:/home/kuldip/myroboticarm_ws/install/myroboticarm_moveit:/home/kuldip/myroboticarm_ws/install/myroboticarm_description_cpp:/home/kuldip/myroboticarm_ws/install/myroboticarm_cpp:/home/kuldip/myroboticarm_ws/install/myroboticarm_controller:/home/kuldip/arduinobot_ws/install/arduinobot_controller:/home/kuldip/arduinobot_ws/install/arduinobot_description:/home/kuldip/arduinobot_ws/install/arduinobot_cpp_examples:/home/kuldip/myroboticarm_ws/src/install/myroboticarm_utils:/home/kuldip/myroboticarm_ws/src/install/myroboticarm_msgs:/home/kuldip/myroboticarm_ws/src/install/myroboticarm_moveit:/home/kuldip/myroboticarm_ws/src/install/myroboticarm_description_cpp:/home/kuldip/myroboticarm_ws/src/install/myroboticarm_cpp:/home/kuldip/myroboticarm_ws/src/install/myroboticarm_controller:/opt/ros/jazzy/opt/gz_launch_vendor:/opt/ros/jazzy/opt/gz_sim_vendor:/opt/ros/jazzy/opt/gz_sensors_vendor:/opt/ros/jazzy/opt/gz_physics_vendor:/opt/ros/jazzy/opt/sdformat_vendor:/opt/ros/jazzy/opt/gz_gui_vendor:/opt/ros/jazzy/opt/gz_transport_vendor:/opt/ros/jazzy/opt/gz_rendering_vendor:/opt/ros/jazzy/opt/gz_plugin_vendor:/opt/ros/jazzy/opt/gz_fuel_tools_vendor:/opt/ros/jazzy/opt/gz_msgs_vendor:/opt/ros/jazzy/opt/gz_common_vendor:/opt/ros/jazzy/opt/gz_math_vendor:/opt/ros/jazzy/opt/gz_utils_vendor:/opt/ros/jazzy/opt/gz_tools_vendor:/opt/ros/jazzy/opt/gz_ogre_next_vendor:/opt/ros/jazzy/opt/gz_dartsim_vendor:/opt/ros/jazzy/opt/gz_cmake_vendor:/home/kuldip/myroboticarm_ws/install/myroboticarm_description:/home/kuldip/myroboticarm_ws/install/myroboticarm:/home/kuldip/arduinobot_ws/install/arduinobot_py_examples:/home/kuldip/myroboticarm_ws/src/install/myroboticarm:/opt/ros/jazzy DEBUGINFOD_URLS=https://debuginfod.ubuntu.com PYTHONPATH=/home/kuldip/myroboticarm_ws/install/myroboticarm_msgs/lib/python3.12/site-packages:/home/kuldip/myroboticarm_ws/install/myroboticarm_utils/lib/python3.12/site-packages:/home/kuldip/myroboticarm_ws/install/myroboticarm_description/lib/python3.10/site-packages:/home/kuldip/myroboticarm_ws/install/myroboticarm/lib/python3.12/site-packages:/home/kuldip/arduinobot_ws/install/arduinobot_py_examples/lib/python3.12/site-packages:/home/kuldip/arduinobot_ws/install/arduinobot_controller/lib/python3.12/site-packages:/home/kuldip/myroboticarm_ws/src/install/myroboticarm_utils/lib/python3.12/site-packages:/home/kuldip/myroboticarm_ws/src/install/myroboticarm_msgs/lib/python3.12/site-packages:/home/kuldip/myroboticarm_ws/src/install/myroboticarm/lib/python3.12/site-packages:/opt/ros/jazzy/lib/python3.12/site-packages /usr/bin/cmake --install /home/kuldip/myroboticarm_ws/build/myroboticarm_utils
[0.913s] Level 1:colcon.colcon_core.environment:checking '/home/kuldip/myroboticarm_ws/install/myroboticarm_utils' for CMake config files
[0.913s] Level 1:colcon.colcon_core.shell:create_environment_hook('myroboticarm_utils', 'cmake_prefix_path')
[0.913s] INFO:colcon.colcon_core.shell:Creating environment hook '/home/kuldip/myroboticarm_ws/install/myroboticarm_utils/share/myroboticarm_utils/hook/cmake_prefix_path.ps1'
[0.914s] INFO:colcon.colcon_core.shell:Creating environment descriptor '/home/kuldip/myroboticarm_ws/install/myroboticarm_utils/share/myroboticarm_utils/hook/cmake_prefix_path.dsv'
[0.914s] INFO:colcon.colcon_core.shell:Creating environment hook '/home/kuldip/myroboticarm_ws/install/myroboticarm_utils/share/myroboticarm_utils/hook/cmake_prefix_path.sh'
[0.914s] Level 1:colcon.colcon_core.environment:checking '/home/kuldip/myroboticarm_ws/install/myroboticarm_utils/lib'
[0.914s] Level 1:colcon.colcon_core.environment:checking '/home/kuldip/myroboticarm_ws/install/myroboticarm_utils/bin'
[0.914s] Level 1:colcon.colcon_core.environment:checking '/home/kuldip/myroboticarm_ws/install/myroboticarm_utils/lib/pkgconfig/myroboticarm_utils.pc'
[0.914s] Level 1:colcon.colcon_core.environment:checking '/home/kuldip/myroboticarm_ws/install/myroboticarm_utils/lib/python3.12/site-packages'
[0.914s] Level 1:colcon.colcon_core.shell:create_environment_hook('myroboticarm_utils', 'pythonpath')
[0.915s] INFO:colcon.colcon_core.shell:Creating environment hook '/home/kuldip/myroboticarm_ws/install/myroboticarm_utils/share/myroboticarm_utils/hook/pythonpath.ps1'
[0.915s] INFO:colcon.colcon_core.shell:Creating environment descriptor '/home/kuldip/myroboticarm_ws/install/myroboticarm_utils/share/myroboticarm_utils/hook/pythonpath.dsv'
[0.915s] INFO:colcon.colcon_core.shell:Creating environment hook '/home/kuldip/myroboticarm_ws/install/myroboticarm_utils/share/myroboticarm_utils/hook/pythonpath.sh'
[0.915s] Level 1:colcon.colcon_core.environment:checking '/home/kuldip/myroboticarm_ws/install/myroboticarm_utils/bin'
[0.915s] INFO:colcon.colcon_core.shell:Creating package script '/home/kuldip/myroboticarm_ws/install/myroboticarm_utils/share/myroboticarm_utils/package.ps1'
[0.916s] INFO:colcon.colcon_core.shell:Creating package descriptor '/home/kuldip/myroboticarm_ws/install/myroboticarm_utils/share/myroboticarm_utils/package.dsv'
[0.916s] INFO:colcon.colcon_core.shell:Creating package script '/home/kuldip/myroboticarm_ws/install/myroboticarm_utils/share/myroboticarm_utils/package.sh'
[0.916s] INFO:colcon.colcon_core.shell:Creating package script '/home/kuldip/myroboticarm_ws/install/myroboticarm_utils/share/myroboticarm_utils/package.bash'
[0.916s] INFO:colcon.colcon_core.shell:Creating package script '/home/kuldip/myroboticarm_ws/install/myroboticarm_utils/share/myroboticarm_utils/package.zsh'
[0.917s] Level 1:colcon.colcon_core.environment:create_file_with_runtime_dependencies(/home/kuldip/myroboticarm_ws/install/myroboticarm_utils/share/colcon-core/packages/myroboticarm_utils)
[0.917s] Level 1:colcon.colcon_core.environment:create_environment_scripts_only(myroboticarm_utils)
[0.917s] Level 1:colcon.colcon_core.environment:checking '/home/kuldip/myroboticarm_ws/install/myroboticarm_utils' for CMake module files
[0.917s] Level 1:colcon.colcon_core.environment:checking '/home/kuldip/myroboticarm_ws/install/myroboticarm_utils' for CMake config files
[0.918s] Level 1:colcon.colcon_core.shell:create_environment_hook('myroboticarm_utils', 'cmake_prefix_path')
[0.918s] INFO:colcon.colcon_core.shell:Creating environment hook '/home/kuldip/myroboticarm_ws/install/myroboticarm_utils/share/myroboticarm_utils/hook/cmake_prefix_path.ps1'
[0.918s] INFO:colcon.colcon_core.shell:Creating environment descriptor '/home/kuldip/myroboticarm_ws/install/myroboticarm_utils/share/myroboticarm_utils/hook/cmake_prefix_path.dsv'
[0.918s] INFO:colcon.colcon_core.shell:Creating environment hook '/home/kuldip/myroboticarm_ws/install/myroboticarm_utils/share/myroboticarm_utils/hook/cmake_prefix_path.sh'
[0.918s] Level 1:colcon.colcon_core.environment:checking '/home/kuldip/myroboticarm_ws/install/myroboticarm_utils/lib'
[0.919s] Level 1:colcon.colcon_core.environment:checking '/home/kuldip/myroboticarm_ws/install/myroboticarm_utils/bin'
[0.919s] Level 1:colcon.colcon_core.environment:checking '/home/kuldip/myroboticarm_ws/install/myroboticarm_utils/lib/pkgconfig/myroboticarm_utils.pc'
[0.919s] Level 1:colcon.colcon_core.environment:checking '/home/kuldip/myroboticarm_ws/install/myroboticarm_utils/lib/python3.12/site-packages'
[0.919s] Level 1:colcon.colcon_core.shell:create_environment_hook('myroboticarm_utils', 'pythonpath')
[0.919s] INFO:colcon.colcon_core.shell:Creating environment hook '/home/kuldip/myroboticarm_ws/install/myroboticarm_utils/share/myroboticarm_utils/hook/pythonpath.ps1'
[0.919s] INFO:colcon.colcon_core.shell:Creating environment descriptor '/home/kuldip/myroboticarm_ws/install/myroboticarm_utils/share/myroboticarm_utils/hook/pythonpath.dsv'
[0.919s] INFO:colcon.colcon_core.shell:Creating environment hook '/home/kuldip/myroboticarm_ws/install/myroboticarm_utils/share/myroboticarm_utils/hook/pythonpath.sh'
[0.920s] Level 1:colcon.colcon_core.environment:checking '/home/kuldip/myroboticarm_ws/install/myroboticarm_utils/bin'
[0.920s] INFO:colcon.colcon_core.shell:Creating package script '/home/kuldip/myroboticarm_ws/install/myroboticarm_utils/share/myroboticarm_utils/package.ps1'
[0.920s] INFO:colcon.colcon_core.shell:Creating package descriptor '/home/kuldip/myroboticarm_ws/install/myroboticarm_utils/share/myroboticarm_utils/package.dsv'
[0.920s] INFO:colcon.colcon_core.shell:Creating package script '/home/kuldip/myroboticarm_ws/install/myroboticarm_utils/share/myroboticarm_utils/package.sh'
[0.921s] INFO:colcon.colcon_core.shell:Creating package script '/home/kuldip/myroboticarm_ws/install/myroboticarm_utils/share/myroboticarm_utils/package.bash'
[0.921s] INFO:colcon.colcon_core.shell:Creating package script '/home/kuldip/myroboticarm_ws/install/myroboticarm_utils/share/myroboticarm_utils/package.zsh'
[0.921s] Level 1:colcon.colcon_core.environment:create_file_with_runtime_dependencies(/home/kuldip/myroboticarm_ws/install/myroboticarm_utils/share/colcon-core/packages/myroboticarm_utils)
[1.168s] Level 1:colcon.colcon_core.environment:checking '/home/kuldip/myroboticarm_ws/install/myroboticarm' for CMake module files
[1.169s] DEBUG:colcon.colcon_core.event_handler.log_command:Invoked command in '/home/kuldip/myroboticarm_ws/src/myroboticarm' returned '0': DEBUGINFOD_URLS=https://debuginfod.ubuntu.com PYTHONPATH=/home/kuldip/myroboticarm_ws/build/myroboticarm/prefix_override:/usr/lib/python3/dist-packages/colcon_core/task/python/colcon_distutils_commands:/home/kuldip/myroboticarm_ws/install/myroboticarm/lib/python3.12/site-packages:${PYTHONPATH} /usr/bin/python3 -W ignore:setup.py install is deprecated -W ignore:easy_install command is deprecated setup.py egg_info --egg-base ../../build/myroboticarm build --build-base /home/kuldip/myroboticarm_ws/build/myroboticarm/build install --record /home/kuldip/myroboticarm_ws/build/myroboticarm/install.log --single-version-externally-managed install_data
[1.169s] Level 1:colcon.colcon_core.environment:checking '/home/kuldip/myroboticarm_ws/install/myroboticarm' for CMake config files
[1.169s] Level 1:colcon.colcon_core.environment:checking '/home/kuldip/myroboticarm_ws/install/myroboticarm/lib'
[1.170s] Level 1:colcon.colcon_core.environment:checking '/home/kuldip/myroboticarm_ws/install/myroboticarm/bin'
[1.170s] Level 1:colcon.colcon_core.environment:checking '/home/kuldip/myroboticarm_ws/install/myroboticarm/lib/pkgconfig/myroboticarm.pc'
[1.170s] Level 1:colcon.colcon_core.environment:checking '/home/kuldip/myroboticarm_ws/install/myroboticarm/lib/python3.12/site-packages'
[1.170s] Level 1:colcon.colcon_core.shell:create_environment_hook('myroboticarm', 'pythonpath')
[1.170s] INFO:colcon.colcon_core.shell:Creating environment hook '/home/kuldip/myroboticarm_ws/install/myroboticarm/share/myroboticarm/hook/pythonpath.ps1'
[1.170s] INFO:colcon.colcon_core.shell:Creating environment descriptor '/home/kuldip/myroboticarm_ws/install/myroboticarm/share/myroboticarm/hook/pythonpath.dsv'
[1.170s] INFO:colcon.colcon_core.shell:Creating environment hook '/home/kuldip/myroboticarm_ws/install/myroboticarm/share/myroboticarm/hook/pythonpath.sh'
[1.171s] Level 1:colcon.colcon_core.environment:checking '/home/kuldip/myroboticarm_ws/install/myroboticarm/bin'
[1.171s] Level 1:colcon.colcon_core.environment:create_environment_scripts_only(myroboticarm)
[1.171s] INFO:colcon.colcon_core.shell:Creating package script '/home/kuldip/myroboticarm_ws/install/myroboticarm/share/myroboticarm/package.ps1'
[1.171s] INFO:colcon.colcon_core.shell:Creating package descriptor '/home/kuldip/myroboticarm_ws/install/myroboticarm/share/myroboticarm/package.dsv'
[1.171s] INFO:colcon.colcon_core.shell:Creating package script '/home/kuldip/myroboticarm_ws/install/myroboticarm/share/myroboticarm/package.sh'
[1.172s] INFO:colcon.colcon_core.shell:Creating package script '/home/kuldip/myroboticarm_ws/install/myroboticarm/share/myroboticarm/package.bash'
[1.172s] INFO:colcon.colcon_core.shell:Creating package script '/home/kuldip/myroboticarm_ws/install/myroboticarm/share/myroboticarm/package.zsh'
[1.172s] Level 1:colcon.colcon_core.environment:create_file_with_runtime_dependencies(/home/kuldip/myroboticarm_ws/install/myroboticarm/share/colcon-core/packages/myroboticarm)
[1.172s] DEBUG:colcon.colcon_parallel_executor.executor.parallel:closing loop
[1.172s] DEBUG:colcon.colcon_parallel_executor.executor.parallel:loop closed
[1.172s] DEBUG:colcon.colcon_parallel_executor.executor.parallel:run_until_complete finished with '0'
[1.172s] DEBUG:colcon.colcon_core.event_reactor:joining thread
[1.176s] INFO:colcon.colcon_core.plugin_system:Skipping extension 'colcon_notification.desktop_notification.terminal_notifier': Not used on non-Darwin systems
[1.176s] INFO:colcon.colcon_core.plugin_system:Skipping extension 'colcon_notification.desktop_notification.win32': Not used on non-Windows systems
[1.177s] INFO:colcon.colcon_notification.desktop_notification:Sending desktop notification using 'notify2'
[1.187s] DEBUG:colcon.colcon_core.event_reactor:joined thread
[1.187s] INFO:colcon.colcon_core.shell:Creating prefix script '/home/kuldip/myroboticarm_ws/install/local_setup.ps1'
[1.188s] INFO:colcon.colcon_core.shell:Creating prefix util module '/home/kuldip/myroboticarm_ws/install/_local_setup_util_ps1.py'
[1.189s] INFO:colcon.colcon_core.shell:Creating prefix chain script '/home/kuldip/myroboticarm_ws/install/setup.ps1'
[1.191s] INFO:colcon.colcon_core.shell:Creating prefix script '/home/kuldip/myroboticarm_ws/install/local_setup.sh'
[1.191s] INFO:colcon.colcon_core.shell:Creating prefix util module '/home/kuldip/myroboticarm_ws/install/_local_setup_util_sh.py'
[1.192s] INFO:colcon.colcon_core.shell:Creating prefix chain script '/home/kuldip/myroboticarm_ws/install/setup.sh'
[1.193s] INFO:colcon.colcon_core.shell:Creating prefix script '/home/kuldip/myroboticarm_ws/install/local_setup.bash'
[1.194s] INFO:colcon.colcon_core.shell:Creating prefix chain script '/home/kuldip/myroboticarm_ws/install/setup.bash'
[1.195s] INFO:colcon.colcon_core.shell:Creating prefix script '/home/kuldip/myroboticarm_ws/install/local_setup.zsh'
[1.195s] INFO:colcon.colcon_core.shell:Creating prefix chain script '/home/kuldip/myroboticarm_ws/install/setup.zsh'
