[0.104s] DEBUG:colcon:Command line arguments: ['/usr/bin/colcon', 'build']
[0.104s] DEBUG:colcon:Parsed command line arguments: Namespace(log_base=None, log_level=None, verb_name='build', build_base='build', install_base='install', merge_install=False, symlink_install=False, test_result_base=None, continue_on_error=False, executor='parallel', parallel_workers=12, event_handlers=None, ignore_user_meta=False, metas=['./colcon.meta'], base_paths=['.'], packages_ignore=None, packages_ignore_regex=None, paths=None, packages_up_to=None, packages_up_to_regex=None, packages_above=None, packages_above_and_dependencies=None, packages_above_depth=None, packages_select_by_dep=None, packages_skip_by_dep=None, packages_skip_up_to=None, packages_select_build_failed=False, packages_skip_build_finished=False, packages_select_test_failures=False, packages_skip_test_passed=False, packages_select=None, packages_skip=None, packages_select_regex=None, packages_skip_regex=None, packages_start=None, packages_end=None, allow_overriding=[], cmake_args=None, cmake_target=None, cmake_target_skip_unavailable=False, cmake_clean_cache=False, cmake_clean_first=False, cmake_force_configure=False, ament_cmake_args=None, catkin_cmake_args=None, catkin_skip_building_tests=False, mixin_files=None, mixin=None, verb_parser=<colcon_mixin.mixin.mixin_argument.MixinArgumentDecorator object at 0x785f79d3f3a0>, verb_extension=<colcon_core.verb.build.BuildVerb object at 0x785f79d3ee00>, main=<bound method BuildVerb.main of <colcon_core.verb.build.BuildVerb object at 0x785f79d3ee00>>, mixin_verb=('build',))
[0.196s] Level 1:colcon.colcon_core.package_discovery:discover_packages(colcon_meta) check parameters
[0.197s] Level 1:colcon.colcon_core.package_discovery:discover_packages(recursive) check parameters
[0.197s] Level 1:colcon.colcon_core.package_discovery:discover_packages(ignore) check parameters
[0.197s] Level 1:colcon.colcon_core.package_discovery:discover_packages(path) check parameters
[0.197s] Level 1:colcon.colcon_core.package_discovery:discover_packages(colcon_meta) discover
[0.197s] Level 1:colcon.colcon_core.package_discovery:discover_packages(recursive) discover
[0.197s] INFO:colcon.colcon_core.package_discovery:Crawling recursively for packages in '/home/kuldip/myroboticarm_ws/src'
[0.197s] Level 1:colcon.colcon_core.package_identification:_identify(.) by extensions ['ignore', 'ignore_ament_install']
[0.197s] Level 1:colcon.colcon_core.package_identification:_identify(.) by extension 'ignore'
[0.197s] Level 1:colcon.colcon_core.package_identification:_identify(.) by extension 'ignore_ament_install'
[0.197s] Level 1:colcon.colcon_core.package_identification:_identify(.) by extensions ['colcon_pkg']
[0.197s] Level 1:colcon.colcon_core.package_identification:_identify(.) by extension 'colcon_pkg'
[0.197s] Level 1:colcon.colcon_core.package_identification:_identify(.) by extensions ['colcon_meta']
[0.197s] Level 1:colcon.colcon_core.package_identification:_identify(.) by extension 'colcon_meta'
[0.197s] Level 1:colcon.colcon_core.package_identification:_identify(.) by extensions ['ros']
[0.197s] Level 1:colcon.colcon_core.package_identification:_identify(.) by extension 'ros'
[0.209s] Level 1:colcon.colcon_core.package_identification:_identify(.) by extensions ['cmake', 'python']
[0.209s] Level 1:colcon.colcon_core.package_identification:_identify(.) by extension 'cmake'
[0.209s] Level 1:colcon.colcon_core.package_identification:_identify(.) by extension 'python'
[0.209s] Level 1:colcon.colcon_core.package_identification:_identify(.) by extensions ['python_setup_py']
[0.209s] Level 1:colcon.colcon_core.package_identification:_identify(.) by extension 'python_setup_py'
[0.209s] Level 1:colcon.colcon_core.package_identification:_identify(build) by extensions ['ignore', 'ignore_ament_install']
[0.209s] Level 1:colcon.colcon_core.package_identification:_identify(build) by extension 'ignore'
[0.209s] Level 1:colcon.colcon_core.package_identification:_identify(build) ignored
[0.210s] Level 1:colcon.colcon_core.package_identification:_identify(install) by extensions ['ignore', 'ignore_ament_install']
[0.210s] Level 1:colcon.colcon_core.package_identification:_identify(install) by extension 'ignore'
[0.210s] Level 1:colcon.colcon_core.package_identification:_identify(install) ignored
[0.210s] Level 1:colcon.colcon_core.package_identification:_identify(log) by extensions ['ignore', 'ignore_ament_install']
[0.210s] Level 1:colcon.colcon_core.package_identification:_identify(log) by extension 'ignore'
[0.210s] Level 1:colcon.colcon_core.package_identification:_identify(log) ignored
[0.210s] Level 1:colcon.colcon_core.package_identification:_identify(myroboticarm) by extensions ['ignore', 'ignore_ament_install']
[0.210s] Level 1:colcon.colcon_core.package_identification:_identify(myroboticarm) by extension 'ignore'
[0.210s] Level 1:colcon.colcon_core.package_identification:_identify(myroboticarm) by extension 'ignore_ament_install'
[0.210s] Level 1:colcon.colcon_core.package_identification:_identify(myroboticarm) by extensions ['colcon_pkg']
[0.210s] Level 1:colcon.colcon_core.package_identification:_identify(myroboticarm) by extension 'colcon_pkg'
[0.210s] Level 1:colcon.colcon_core.package_identification:_identify(myroboticarm) by extensions ['colcon_meta']
[0.210s] Level 1:colcon.colcon_core.package_identification:_identify(myroboticarm) by extension 'colcon_meta'
[0.210s] Level 1:colcon.colcon_core.package_identification:_identify(myroboticarm) by extensions ['ros']
[0.210s] Level 1:colcon.colcon_core.package_identification:_identify(myroboticarm) by extension 'ros'
[0.211s] DEBUG:colcon.colcon_core.package_identification:Package 'myroboticarm' with type 'ros.ament_python' and name 'myroboticarm'
[0.212s] Level 1:colcon.colcon_core.package_identification:_identify(myroboticarm_cpp) by extensions ['ignore', 'ignore_ament_install']
[0.212s] Level 1:colcon.colcon_core.package_identification:_identify(myroboticarm_cpp) by extension 'ignore'
[0.212s] Level 1:colcon.colcon_core.package_identification:_identify(myroboticarm_cpp) by extension 'ignore_ament_install'
[0.212s] Level 1:colcon.colcon_core.package_identification:_identify(myroboticarm_cpp) by extensions ['colcon_pkg']
[0.212s] Level 1:colcon.colcon_core.package_identification:_identify(myroboticarm_cpp) by extension 'colcon_pkg'
[0.212s] Level 1:colcon.colcon_core.package_identification:_identify(myroboticarm_cpp) by extensions ['colcon_meta']
[0.212s] Level 1:colcon.colcon_core.package_identification:_identify(myroboticarm_cpp) by extension 'colcon_meta'
[0.212s] Level 1:colcon.colcon_core.package_identification:_identify(myroboticarm_cpp) by extensions ['ros']
[0.212s] Level 1:colcon.colcon_core.package_identification:_identify(myroboticarm_cpp) by extension 'ros'
[0.212s] DEBUG:colcon.colcon_core.package_identification:Package 'myroboticarm_cpp' with type 'ros.ament_cmake' and name 'myroboticarm_cpp'
[0.212s] Level 1:colcon.colcon_core.package_identification:_identify(myroboticarm_description_cpp) by extensions ['ignore', 'ignore_ament_install']
[0.212s] Level 1:colcon.colcon_core.package_identification:_identify(myroboticarm_description_cpp) by extension 'ignore'
[0.212s] Level 1:colcon.colcon_core.package_identification:_identify(myroboticarm_description_cpp) by extension 'ignore_ament_install'
[0.212s] Level 1:colcon.colcon_core.package_identification:_identify(myroboticarm_description_cpp) by extensions ['colcon_pkg']
[0.212s] Level 1:colcon.colcon_core.package_identification:_identify(myroboticarm_description_cpp) by extension 'colcon_pkg'
[0.212s] Level 1:colcon.colcon_core.package_identification:_identify(myroboticarm_description_cpp) by extensions ['colcon_meta']
[0.212s] Level 1:colcon.colcon_core.package_identification:_identify(myroboticarm_description_cpp) by extension 'colcon_meta'
[0.212s] Level 1:colcon.colcon_core.package_identification:_identify(myroboticarm_description_cpp) by extensions ['ros']
[0.212s] Level 1:colcon.colcon_core.package_identification:_identify(myroboticarm_description_cpp) by extension 'ros'
[0.213s] DEBUG:colcon.colcon_core.package_identification:Package 'myroboticarm_description_cpp' with type 'ros.ament_cmake' and name 'myroboticarm_description_cpp'
[0.213s] Level 1:colcon.colcon_core.package_discovery:discover_packages(recursive) using defaults
[0.213s] Level 1:colcon.colcon_core.package_discovery:discover_packages(ignore) discover
[0.213s] Level 1:colcon.colcon_core.package_discovery:discover_packages(ignore) using defaults
[0.213s] Level 1:colcon.colcon_core.package_discovery:discover_packages(path) discover
[0.213s] Level 1:colcon.colcon_core.package_discovery:discover_packages(path) using defaults
[0.224s] Level 1:colcon.colcon_core.package_discovery:discover_packages(prefix_path) check parameters
[0.224s] Level 1:colcon.colcon_core.package_discovery:discover_packages(prefix_path) discover
[0.226s] DEBUG:colcon.colcon_installed_package_information.package_discovery:Found 4 installed packages in /home/kuldip/myroboticarm_ws/install
[0.226s] DEBUG:colcon.colcon_installed_package_information.package_discovery:Found 1 installed packages in /home/kuldip/ros2_ws/install
[0.227s] DEBUG:colcon.colcon_installed_package_information.package_discovery:Found 276 installed packages in /opt/ros/humble
[0.227s] Level 1:colcon.colcon_core.package_discovery:discover_packages(prefix_path) using defaults
[0.254s] Level 5:colcon.colcon_core.verb:set package 'myroboticarm' build argument 'cmake_args' from command line to 'None'
[0.254s] Level 5:colcon.colcon_core.verb:set package 'myroboticarm' build argument 'cmake_target' from command line to 'None'
[0.254s] Level 5:colcon.colcon_core.verb:set package 'myroboticarm' build argument 'cmake_target_skip_unavailable' from command line to 'False'
[0.254s] Level 5:colcon.colcon_core.verb:set package 'myroboticarm' build argument 'cmake_clean_cache' from command line to 'False'
[0.254s] Level 5:colcon.colcon_core.verb:set package 'myroboticarm' build argument 'cmake_clean_first' from command line to 'False'
[0.254s] Level 5:colcon.colcon_core.verb:set package 'myroboticarm' build argument 'cmake_force_configure' from command line to 'False'
[0.254s] Level 5:colcon.colcon_core.verb:set package 'myroboticarm' build argument 'ament_cmake_args' from command line to 'None'
[0.254s] Level 5:colcon.colcon_core.verb:set package 'myroboticarm' build argument 'catkin_cmake_args' from command line to 'None'
[0.254s] Level 5:colcon.colcon_core.verb:set package 'myroboticarm' build argument 'catkin_skip_building_tests' from command line to 'False'
[0.254s] DEBUG:colcon.colcon_core.verb:Building package 'myroboticarm' with the following arguments: {'ament_cmake_args': None, 'build_base': '/home/kuldip/myroboticarm_ws/src/build/myroboticarm', 'catkin_cmake_args': None, 'catkin_skip_building_tests': False, 'cmake_args': None, 'cmake_clean_cache': False, 'cmake_clean_first': False, 'cmake_force_configure': False, 'cmake_target': None, 'cmake_target_skip_unavailable': False, 'install_base': '/home/kuldip/myroboticarm_ws/src/install/myroboticarm', 'merge_install': False, 'path': '/home/kuldip/myroboticarm_ws/src/myroboticarm', 'symlink_install': False, 'test_result_base': None}
[0.254s] Level 5:colcon.colcon_core.verb:set package 'myroboticarm_cpp' build argument 'cmake_args' from command line to 'None'
[0.254s] Level 5:colcon.colcon_core.verb:set package 'myroboticarm_cpp' build argument 'cmake_target' from command line to 'None'
[0.254s] Level 5:colcon.colcon_core.verb:set package 'myroboticarm_cpp' build argument 'cmake_target_skip_unavailable' from command line to 'False'
[0.254s] Level 5:colcon.colcon_core.verb:set package 'myroboticarm_cpp' build argument 'cmake_clean_cache' from command line to 'False'
[0.254s] Level 5:colcon.colcon_core.verb:set package 'myroboticarm_cpp' build argument 'cmake_clean_first' from command line to 'False'
[0.254s] Level 5:colcon.colcon_core.verb:set package 'myroboticarm_cpp' build argument 'cmake_force_configure' from command line to 'False'
[0.255s] Level 5:colcon.colcon_core.verb:set package 'myroboticarm_cpp' build argument 'ament_cmake_args' from command line to 'None'
[0.255s] Level 5:colcon.colcon_core.verb:set package 'myroboticarm_cpp' build argument 'catkin_cmake_args' from command line to 'None'
[0.255s] Level 5:colcon.colcon_core.verb:set package 'myroboticarm_cpp' build argument 'catkin_skip_building_tests' from command line to 'False'
[0.255s] DEBUG:colcon.colcon_core.verb:Building package 'myroboticarm_cpp' with the following arguments: {'ament_cmake_args': None, 'build_base': '/home/kuldip/myroboticarm_ws/src/build/myroboticarm_cpp', 'catkin_cmake_args': None, 'catkin_skip_building_tests': False, 'cmake_args': None, 'cmake_clean_cache': False, 'cmake_clean_first': False, 'cmake_force_configure': False, 'cmake_target': None, 'cmake_target_skip_unavailable': False, 'install_base': '/home/kuldip/myroboticarm_ws/src/install/myroboticarm_cpp', 'merge_install': False, 'path': '/home/kuldip/myroboticarm_ws/src/myroboticarm_cpp', 'symlink_install': False, 'test_result_base': None}
[0.255s] Level 5:colcon.colcon_core.verb:set package 'myroboticarm_description_cpp' build argument 'cmake_args' from command line to 'None'
[0.255s] Level 5:colcon.colcon_core.verb:set package 'myroboticarm_description_cpp' build argument 'cmake_target' from command line to 'None'
[0.255s] Level 5:colcon.colcon_core.verb:set package 'myroboticarm_description_cpp' build argument 'cmake_target_skip_unavailable' from command line to 'False'
[0.255s] Level 5:colcon.colcon_core.verb:set package 'myroboticarm_description_cpp' build argument 'cmake_clean_cache' from command line to 'False'
[0.255s] Level 5:colcon.colcon_core.verb:set package 'myroboticarm_description_cpp' build argument 'cmake_clean_first' from command line to 'False'
[0.255s] Level 5:colcon.colcon_core.verb:set package 'myroboticarm_description_cpp' build argument 'cmake_force_configure' from command line to 'False'
[0.255s] Level 5:colcon.colcon_core.verb:set package 'myroboticarm_description_cpp' build argument 'ament_cmake_args' from command line to 'None'
[0.255s] Level 5:colcon.colcon_core.verb:set package 'myroboticarm_description_cpp' build argument 'catkin_cmake_args' from command line to 'None'
[0.255s] Level 5:colcon.colcon_core.verb:set package 'myroboticarm_description_cpp' build argument 'catkin_skip_building_tests' from command line to 'False'
[0.255s] DEBUG:colcon.colcon_core.verb:Building package 'myroboticarm_description_cpp' with the following arguments: {'ament_cmake_args': None, 'build_base': '/home/kuldip/myroboticarm_ws/src/build/myroboticarm_description_cpp', 'catkin_cmake_args': None, 'catkin_skip_building_tests': False, 'cmake_args': None, 'cmake_clean_cache': False, 'cmake_clean_first': False, 'cmake_force_configure': False, 'cmake_target': None, 'cmake_target_skip_unavailable': False, 'install_base': '/home/kuldip/myroboticarm_ws/src/install/myroboticarm_description_cpp', 'merge_install': False, 'path': '/home/kuldip/myroboticarm_ws/src/myroboticarm_description_cpp', 'symlink_install': False, 'test_result_base': None}
[0.255s] INFO:colcon.colcon_core.executor:Executing jobs using 'parallel' executor
[0.256s] DEBUG:colcon.colcon_parallel_executor.executor.parallel:run_until_complete
[0.256s] INFO:colcon.colcon_ros.task.ament_python.build:Building ROS package in '/home/kuldip/myroboticarm_ws/src/myroboticarm' with build type 'ament_python'
[0.256s] Level 1:colcon.colcon_core.shell:create_environment_hook('myroboticarm', 'ament_prefix_path')
[0.258s] INFO:colcon.colcon_core.plugin_system:Skipping extension 'colcon_core.shell.bat': Not used on non-Windows systems
[0.258s] INFO:colcon.colcon_core.shell:Creating environment hook '/home/kuldip/myroboticarm_ws/src/install/myroboticarm/share/myroboticarm/hook/ament_prefix_path.ps1'
[0.258s] INFO:colcon.colcon_core.shell:Creating environment descriptor '/home/kuldip/myroboticarm_ws/src/install/myroboticarm/share/myroboticarm/hook/ament_prefix_path.dsv'
[0.259s] INFO:colcon.colcon_core.shell:Creating environment hook '/home/kuldip/myroboticarm_ws/src/install/myroboticarm/share/myroboticarm/hook/ament_prefix_path.sh'
[0.259s] INFO:colcon.colcon_core.shell:Skip shell extension 'powershell' for command environment: Not usable outside of PowerShell
[0.259s] DEBUG:colcon.colcon_core.shell:Skip shell extension 'dsv' for command environment
[0.261s] INFO:colcon.colcon_ros.task.ament_cmake.build:Building ROS package in '/home/kuldip/myroboticarm_ws/src/myroboticarm_cpp' with build type 'ament_cmake'
[0.261s] INFO:colcon.colcon_cmake.task.cmake.build:Building CMake package in '/home/kuldip/myroboticarm_ws/src/myroboticarm_cpp'
[0.261s] INFO:colcon.colcon_core.shell:Skip shell extension 'powershell' for command environment: Not usable outside of PowerShell
[0.262s] DEBUG:colcon.colcon_core.shell:Skip shell extension 'dsv' for command environment
[0.263s] INFO:colcon.colcon_ros.task.ament_cmake.build:Building ROS package in '/home/kuldip/myroboticarm_ws/src/myroboticarm_description_cpp' with build type 'ament_cmake'
[0.263s] INFO:colcon.colcon_cmake.task.cmake.build:Building CMake package in '/home/kuldip/myroboticarm_ws/src/myroboticarm_description_cpp'
[0.264s] INFO:colcon.colcon_core.shell:Skip shell extension 'powershell' for command environment: Not usable outside of PowerShell
[0.264s] DEBUG:colcon.colcon_core.shell:Skip shell extension 'dsv' for command environment
[0.411s] INFO:colcon.colcon_core.task.python.build:Building Python package in '/home/kuldip/myroboticarm_ws/src/myroboticarm'
[0.411s] INFO:colcon.colcon_core.shell:Skip shell extension 'powershell' for command environment: Not usable outside of PowerShell
[0.411s] DEBUG:colcon.colcon_core.shell:Skip shell extension 'dsv' for command environment
[0.416s] DEBUG:colcon.colcon_core.event_handler.log_command:Invoking command in '/home/kuldip/myroboticarm_ws/src/build/myroboticarm_cpp': CMAKE_PREFIX_PATH=${CMAKE_PREFIX_PATH}:/home/kuldip/myroboticarm_ws/install/myroboticarm_description:/home/kuldip/myroboticarm_ws/install/myroboticarm:/home/kuldip/ros2_ws/install/my_robot_controller:/opt/ros/humble /usr/bin/cmake --build /home/kuldip/myroboticarm_ws/src/build/myroboticarm_cpp -- -j12 -l12
[0.423s] DEBUG:colcon.colcon_core.event_handler.log_command:Invoking command in '/home/kuldip/myroboticarm_ws/src/build/myroboticarm_description_cpp': CMAKE_PREFIX_PATH=${CMAKE_PREFIX_PATH}:/home/kuldip/myroboticarm_ws/install/myroboticarm_description:/home/kuldip/myroboticarm_ws/install/myroboticarm:/home/kuldip/ros2_ws/install/my_robot_controller:/opt/ros/humble /usr/bin/cmake /home/kuldip/myroboticarm_ws/src/myroboticarm_description_cpp -DCMAKE_INSTALL_PREFIX=/home/kuldip/myroboticarm_ws/src/install/myroboticarm_description_cpp
[0.465s] DEBUG:colcon.colcon_core.event_handler.log_command:Invoked command in '/home/kuldip/myroboticarm_ws/src/build/myroboticarm_cpp' returned '0': CMAKE_PREFIX_PATH=${CMAKE_PREFIX_PATH}:/home/kuldip/myroboticarm_ws/install/myroboticarm_description:/home/kuldip/myroboticarm_ws/install/myroboticarm:/home/kuldip/ros2_ws/install/my_robot_controller:/opt/ros/humble /usr/bin/cmake --build /home/kuldip/myroboticarm_ws/src/build/myroboticarm_cpp -- -j12 -l12
[0.471s] DEBUG:colcon.colcon_core.event_handler.log_command:Invoking command in '/home/kuldip/myroboticarm_ws/src/build/myroboticarm_cpp': CMAKE_PREFIX_PATH=${CMAKE_PREFIX_PATH}:/home/kuldip/myroboticarm_ws/install/myroboticarm_description:/home/kuldip/myroboticarm_ws/install/myroboticarm:/home/kuldip/ros2_ws/install/my_robot_controller:/opt/ros/humble /usr/bin/cmake --install /home/kuldip/myroboticarm_ws/src/build/myroboticarm_cpp
[0.479s] Level 1:colcon.colcon_core.environment:create_environment_scripts_only(myroboticarm_cpp)
[0.480s] DEBUG:colcon.colcon_core.event_handler.log_command:Invoked command in '/home/kuldip/myroboticarm_ws/src/build/myroboticarm_cpp' returned '0': CMAKE_PREFIX_PATH=${CMAKE_PREFIX_PATH}:/home/kuldip/myroboticarm_ws/install/myroboticarm_description:/home/kuldip/myroboticarm_ws/install/myroboticarm:/home/kuldip/ros2_ws/install/my_robot_controller:/opt/ros/humble /usr/bin/cmake --install /home/kuldip/myroboticarm_ws/src/build/myroboticarm_cpp
[0.483s] Level 1:colcon.colcon_core.environment:checking '/home/kuldip/myroboticarm_ws/src/install/myroboticarm_cpp' for CMake module files
[0.483s] Level 1:colcon.colcon_core.environment:checking '/home/kuldip/myroboticarm_ws/src/install/myroboticarm_cpp' for CMake config files
[0.484s] Level 1:colcon.colcon_core.shell:create_environment_hook('myroboticarm_cpp', 'cmake_prefix_path')
[0.484s] INFO:colcon.colcon_core.shell:Creating environment hook '/home/kuldip/myroboticarm_ws/src/install/myroboticarm_cpp/share/myroboticarm_cpp/hook/cmake_prefix_path.ps1'
[0.484s] INFO:colcon.colcon_core.shell:Creating environment descriptor '/home/kuldip/myroboticarm_ws/src/install/myroboticarm_cpp/share/myroboticarm_cpp/hook/cmake_prefix_path.dsv'
[0.485s] INFO:colcon.colcon_core.shell:Creating environment hook '/home/kuldip/myroboticarm_ws/src/install/myroboticarm_cpp/share/myroboticarm_cpp/hook/cmake_prefix_path.sh'
[0.485s] Level 1:colcon.colcon_core.environment:checking '/home/kuldip/myroboticarm_ws/src/install/myroboticarm_cpp/bin'
[0.486s] Level 1:colcon.colcon_core.environment:checking '/home/kuldip/myroboticarm_ws/src/install/myroboticarm_cpp/lib/pkgconfig/myroboticarm_cpp.pc'
[0.486s] Level 1:colcon.colcon_core.environment:checking '/home/kuldip/myroboticarm_ws/src/install/myroboticarm_cpp/lib/python3.10/site-packages'
[0.486s] Level 1:colcon.colcon_core.environment:checking '/home/kuldip/myroboticarm_ws/src/install/myroboticarm_cpp/bin'
[0.486s] INFO:colcon.colcon_core.shell:Creating package script '/home/kuldip/myroboticarm_ws/src/install/myroboticarm_cpp/share/myroboticarm_cpp/package.ps1'
[0.487s] INFO:colcon.colcon_core.shell:Creating package descriptor '/home/kuldip/myroboticarm_ws/src/install/myroboticarm_cpp/share/myroboticarm_cpp/package.dsv'
[0.487s] INFO:colcon.colcon_core.shell:Creating package script '/home/kuldip/myroboticarm_ws/src/install/myroboticarm_cpp/share/myroboticarm_cpp/package.sh'
[0.488s] INFO:colcon.colcon_core.shell:Creating package script '/home/kuldip/myroboticarm_ws/src/install/myroboticarm_cpp/share/myroboticarm_cpp/package.bash'
[0.488s] INFO:colcon.colcon_core.shell:Creating package script '/home/kuldip/myroboticarm_ws/src/install/myroboticarm_cpp/share/myroboticarm_cpp/package.zsh'
[0.489s] Level 1:colcon.colcon_core.environment:create_file_with_runtime_dependencies(/home/kuldip/myroboticarm_ws/src/install/myroboticarm_cpp/share/colcon-core/packages/myroboticarm_cpp)
[0.489s] Level 1:colcon.colcon_core.environment:create_environment_scripts_only(myroboticarm_cpp)
[0.489s] Level 1:colcon.colcon_core.environment:checking '/home/kuldip/myroboticarm_ws/src/install/myroboticarm_cpp' for CMake module files
[0.489s] Level 1:colcon.colcon_core.environment:checking '/home/kuldip/myroboticarm_ws/src/install/myroboticarm_cpp' for CMake config files
[0.490s] Level 1:colcon.colcon_core.shell:create_environment_hook('myroboticarm_cpp', 'cmake_prefix_path')
[0.490s] INFO:colcon.colcon_core.shell:Creating environment hook '/home/kuldip/myroboticarm_ws/src/install/myroboticarm_cpp/share/myroboticarm_cpp/hook/cmake_prefix_path.ps1'
[0.490s] INFO:colcon.colcon_core.shell:Creating environment descriptor '/home/kuldip/myroboticarm_ws/src/install/myroboticarm_cpp/share/myroboticarm_cpp/hook/cmake_prefix_path.dsv'
[0.490s] INFO:colcon.colcon_core.shell:Creating environment hook '/home/kuldip/myroboticarm_ws/src/install/myroboticarm_cpp/share/myroboticarm_cpp/hook/cmake_prefix_path.sh'
[0.490s] Level 1:colcon.colcon_core.environment:checking '/home/kuldip/myroboticarm_ws/src/install/myroboticarm_cpp/bin'
[0.490s] Level 1:colcon.colcon_core.environment:checking '/home/kuldip/myroboticarm_ws/src/install/myroboticarm_cpp/lib/pkgconfig/myroboticarm_cpp.pc'
[0.491s] Level 1:colcon.colcon_core.environment:checking '/home/kuldip/myroboticarm_ws/src/install/myroboticarm_cpp/lib/python3.10/site-packages'
[0.491s] Level 1:colcon.colcon_core.environment:checking '/home/kuldip/myroboticarm_ws/src/install/myroboticarm_cpp/bin'
[0.491s] INFO:colcon.colcon_core.shell:Creating package script '/home/kuldip/myroboticarm_ws/src/install/myroboticarm_cpp/share/myroboticarm_cpp/package.ps1'
[0.491s] INFO:colcon.colcon_core.shell:Creating package descriptor '/home/kuldip/myroboticarm_ws/src/install/myroboticarm_cpp/share/myroboticarm_cpp/package.dsv'
[0.491s] INFO:colcon.colcon_core.shell:Creating package script '/home/kuldip/myroboticarm_ws/src/install/myroboticarm_cpp/share/myroboticarm_cpp/package.sh'
[0.492s] INFO:colcon.colcon_core.shell:Creating package script '/home/kuldip/myroboticarm_ws/src/install/myroboticarm_cpp/share/myroboticarm_cpp/package.bash'
[0.492s] INFO:colcon.colcon_core.shell:Creating package script '/home/kuldip/myroboticarm_ws/src/install/myroboticarm_cpp/share/myroboticarm_cpp/package.zsh'
[0.492s] Level 1:colcon.colcon_core.environment:create_file_with_runtime_dependencies(/home/kuldip/myroboticarm_ws/src/install/myroboticarm_cpp/share/colcon-core/packages/myroboticarm_cpp)
[0.626s] DEBUG:colcon.colcon_core.event_handler.log_command:Invoking command in '/home/kuldip/myroboticarm_ws/src/myroboticarm': PYTHONPATH=/home/kuldip/myroboticarm_ws/src/build/myroboticarm/prefix_override:/usr/lib/python3/dist-packages/colcon_core/task/python/colcon_distutils_commands:/home/kuldip/myroboticarm_ws/src/install/myroboticarm/lib/python3.10/site-packages:${PYTHONPATH} /usr/bin/python3 -W ignore:setup.py install is deprecated -W ignore:easy_install command is deprecated setup.py egg_info --egg-base ../build/myroboticarm build --build-base /home/kuldip/myroboticarm_ws/src/build/myroboticarm/build install --record /home/kuldip/myroboticarm_ws/src/build/myroboticarm/install.log --single-version-externally-managed install_data
[0.790s] Level 1:colcon.colcon_core.environment:checking '/home/kuldip/myroboticarm_ws/src/install/myroboticarm' for CMake module files
[0.791s] DEBUG:colcon.colcon_core.event_handler.log_command:Invoked command in '/home/kuldip/myroboticarm_ws/src/myroboticarm' returned '0': PYTHONPATH=/home/kuldip/myroboticarm_ws/src/build/myroboticarm/prefix_override:/usr/lib/python3/dist-packages/colcon_core/task/python/colcon_distutils_commands:/home/kuldip/myroboticarm_ws/src/install/myroboticarm/lib/python3.10/site-packages:${PYTHONPATH} /usr/bin/python3 -W ignore:setup.py install is deprecated -W ignore:easy_install command is deprecated setup.py egg_info --egg-base ../build/myroboticarm build --build-base /home/kuldip/myroboticarm_ws/src/build/myroboticarm/build install --record /home/kuldip/myroboticarm_ws/src/build/myroboticarm/install.log --single-version-externally-managed install_data
[0.791s] Level 1:colcon.colcon_core.environment:checking '/home/kuldip/myroboticarm_ws/src/install/myroboticarm' for CMake config files
[0.791s] Level 1:colcon.colcon_core.environment:checking '/home/kuldip/myroboticarm_ws/src/install/myroboticarm/lib'
[0.791s] Level 1:colcon.colcon_core.environment:checking '/home/kuldip/myroboticarm_ws/src/install/myroboticarm/bin'
[0.791s] Level 1:colcon.colcon_core.environment:checking '/home/kuldip/myroboticarm_ws/src/install/myroboticarm/lib/pkgconfig/myroboticarm.pc'
[0.791s] Level 1:colcon.colcon_core.environment:checking '/home/kuldip/myroboticarm_ws/src/install/myroboticarm/lib/python3.10/site-packages'
[0.791s] Level 1:colcon.colcon_core.shell:create_environment_hook('myroboticarm', 'pythonpath')
[0.792s] INFO:colcon.colcon_core.shell:Creating environment hook '/home/kuldip/myroboticarm_ws/src/install/myroboticarm/share/myroboticarm/hook/pythonpath.ps1'
[0.792s] INFO:colcon.colcon_core.shell:Creating environment descriptor '/home/kuldip/myroboticarm_ws/src/install/myroboticarm/share/myroboticarm/hook/pythonpath.dsv'
[0.792s] INFO:colcon.colcon_core.shell:Creating environment hook '/home/kuldip/myroboticarm_ws/src/install/myroboticarm/share/myroboticarm/hook/pythonpath.sh'
[0.792s] Level 1:colcon.colcon_core.environment:checking '/home/kuldip/myroboticarm_ws/src/install/myroboticarm/bin'
[0.792s] Level 1:colcon.colcon_core.environment:create_environment_scripts_only(myroboticarm)
[0.793s] INFO:colcon.colcon_core.shell:Creating package script '/home/kuldip/myroboticarm_ws/src/install/myroboticarm/share/myroboticarm/package.ps1'
[0.793s] INFO:colcon.colcon_core.shell:Creating package descriptor '/home/kuldip/myroboticarm_ws/src/install/myroboticarm/share/myroboticarm/package.dsv'
[0.793s] INFO:colcon.colcon_core.shell:Creating package script '/home/kuldip/myroboticarm_ws/src/install/myroboticarm/share/myroboticarm/package.sh'
[0.793s] INFO:colcon.colcon_core.shell:Creating package script '/home/kuldip/myroboticarm_ws/src/install/myroboticarm/share/myroboticarm/package.bash'
[0.793s] INFO:colcon.colcon_core.shell:Creating package script '/home/kuldip/myroboticarm_ws/src/install/myroboticarm/share/myroboticarm/package.zsh'
[0.794s] Level 1:colcon.colcon_core.environment:create_file_with_runtime_dependencies(/home/kuldip/myroboticarm_ws/src/install/myroboticarm/share/colcon-core/packages/myroboticarm)
[0.897s] DEBUG:colcon.colcon_core.event_handler.log_command:Invoked command in '/home/kuldip/myroboticarm_ws/src/build/myroboticarm_description_cpp' returned '0': CMAKE_PREFIX_PATH=${CMAKE_PREFIX_PATH}:/home/kuldip/myroboticarm_ws/install/myroboticarm_description:/home/kuldip/myroboticarm_ws/install/myroboticarm:/home/kuldip/ros2_ws/install/my_robot_controller:/opt/ros/humble /usr/bin/cmake /home/kuldip/myroboticarm_ws/src/myroboticarm_description_cpp -DCMAKE_INSTALL_PREFIX=/home/kuldip/myroboticarm_ws/src/install/myroboticarm_description_cpp
[0.898s] DEBUG:colcon.colcon_core.event_handler.log_command:Invoking command in '/home/kuldip/myroboticarm_ws/src/build/myroboticarm_description_cpp': CMAKE_PREFIX_PATH=${CMAKE_PREFIX_PATH}:/home/kuldip/myroboticarm_ws/install/myroboticarm_description:/home/kuldip/myroboticarm_ws/install/myroboticarm:/home/kuldip/ros2_ws/install/my_robot_controller:/opt/ros/humble /usr/bin/cmake --build /home/kuldip/myroboticarm_ws/src/build/myroboticarm_description_cpp -- -j12 -l12
[0.921s] DEBUG:colcon.colcon_core.event_handler.log_command:Invoked command in '/home/kuldip/myroboticarm_ws/src/build/myroboticarm_description_cpp' returned '0': CMAKE_PREFIX_PATH=${CMAKE_PREFIX_PATH}:/home/kuldip/myroboticarm_ws/install/myroboticarm_description:/home/kuldip/myroboticarm_ws/install/myroboticarm:/home/kuldip/ros2_ws/install/my_robot_controller:/opt/ros/humble /usr/bin/cmake --build /home/kuldip/myroboticarm_ws/src/build/myroboticarm_description_cpp -- -j12 -l12
[0.922s] DEBUG:colcon.colcon_core.event_handler.log_command:Invoking command in '/home/kuldip/myroboticarm_ws/src/build/myroboticarm_description_cpp': CMAKE_PREFIX_PATH=${CMAKE_PREFIX_PATH}:/home/kuldip/myroboticarm_ws/install/myroboticarm_description:/home/kuldip/myroboticarm_ws/install/myroboticarm:/home/kuldip/ros2_ws/install/my_robot_controller:/opt/ros/humble /usr/bin/cmake --install /home/kuldip/myroboticarm_ws/src/build/myroboticarm_description_cpp
[0.944s] Level 1:colcon.colcon_core.environment:create_environment_scripts_only(myroboticarm_description_cpp)
[0.944s] Level 1:colcon.colcon_core.environment:checking '/home/kuldip/myroboticarm_ws/src/install/myroboticarm_description_cpp' for CMake module files
[0.944s] DEBUG:colcon.colcon_core.event_handler.log_command:Invoked command in '/home/kuldip/myroboticarm_ws/src/build/myroboticarm_description_cpp' returned '0': CMAKE_PREFIX_PATH=${CMAKE_PREFIX_PATH}:/home/kuldip/myroboticarm_ws/install/myroboticarm_description:/home/kuldip/myroboticarm_ws/install/myroboticarm:/home/kuldip/ros2_ws/install/my_robot_controller:/opt/ros/humble /usr/bin/cmake --install /home/kuldip/myroboticarm_ws/src/build/myroboticarm_description_cpp
[0.944s] Level 1:colcon.colcon_core.environment:checking '/home/kuldip/myroboticarm_ws/src/install/myroboticarm_description_cpp' for CMake config files
[0.944s] Level 1:colcon.colcon_core.shell:create_environment_hook('myroboticarm_description_cpp', 'cmake_prefix_path')
[0.945s] INFO:colcon.colcon_core.shell:Creating environment hook '/home/kuldip/myroboticarm_ws/src/install/myroboticarm_description_cpp/share/myroboticarm_description_cpp/hook/cmake_prefix_path.ps1'
[0.945s] INFO:colcon.colcon_core.shell:Creating environment descriptor '/home/kuldip/myroboticarm_ws/src/install/myroboticarm_description_cpp/share/myroboticarm_description_cpp/hook/cmake_prefix_path.dsv'
[0.945s] INFO:colcon.colcon_core.shell:Creating environment hook '/home/kuldip/myroboticarm_ws/src/install/myroboticarm_description_cpp/share/myroboticarm_description_cpp/hook/cmake_prefix_path.sh'
[0.945s] Level 1:colcon.colcon_core.environment:checking '/home/kuldip/myroboticarm_ws/src/install/myroboticarm_description_cpp/bin'
[0.945s] Level 1:colcon.colcon_core.environment:checking '/home/kuldip/myroboticarm_ws/src/install/myroboticarm_description_cpp/lib/pkgconfig/myroboticarm_description_cpp.pc'
[0.945s] Level 1:colcon.colcon_core.environment:checking '/home/kuldip/myroboticarm_ws/src/install/myroboticarm_description_cpp/lib/python3.10/site-packages'
[0.946s] Level 1:colcon.colcon_core.environment:checking '/home/kuldip/myroboticarm_ws/src/install/myroboticarm_description_cpp/bin'
[0.946s] INFO:colcon.colcon_core.shell:Creating package script '/home/kuldip/myroboticarm_ws/src/install/myroboticarm_description_cpp/share/myroboticarm_description_cpp/package.ps1'
[0.946s] INFO:colcon.colcon_core.shell:Creating package descriptor '/home/kuldip/myroboticarm_ws/src/install/myroboticarm_description_cpp/share/myroboticarm_description_cpp/package.dsv'
[0.946s] INFO:colcon.colcon_core.shell:Creating package script '/home/kuldip/myroboticarm_ws/src/install/myroboticarm_description_cpp/share/myroboticarm_description_cpp/package.sh'
[0.946s] INFO:colcon.colcon_core.shell:Creating package script '/home/kuldip/myroboticarm_ws/src/install/myroboticarm_description_cpp/share/myroboticarm_description_cpp/package.bash'
[0.947s] INFO:colcon.colcon_core.shell:Creating package script '/home/kuldip/myroboticarm_ws/src/install/myroboticarm_description_cpp/share/myroboticarm_description_cpp/package.zsh'
[0.947s] Level 1:colcon.colcon_core.environment:create_file_with_runtime_dependencies(/home/kuldip/myroboticarm_ws/src/install/myroboticarm_description_cpp/share/colcon-core/packages/myroboticarm_description_cpp)
[0.947s] Level 1:colcon.colcon_core.environment:create_environment_scripts_only(myroboticarm_description_cpp)
[0.947s] Level 1:colcon.colcon_core.environment:checking '/home/kuldip/myroboticarm_ws/src/install/myroboticarm_description_cpp' for CMake module files
[0.947s] Level 1:colcon.colcon_core.environment:checking '/home/kuldip/myroboticarm_ws/src/install/myroboticarm_description_cpp' for CMake config files
[0.947s] Level 1:colcon.colcon_core.shell:create_environment_hook('myroboticarm_description_cpp', 'cmake_prefix_path')
[0.947s] INFO:colcon.colcon_core.shell:Creating environment hook '/home/kuldip/myroboticarm_ws/src/install/myroboticarm_description_cpp/share/myroboticarm_description_cpp/hook/cmake_prefix_path.ps1'
[0.948s] INFO:colcon.colcon_core.shell:Creating environment descriptor '/home/kuldip/myroboticarm_ws/src/install/myroboticarm_description_cpp/share/myroboticarm_description_cpp/hook/cmake_prefix_path.dsv'
[0.948s] INFO:colcon.colcon_core.shell:Creating environment hook '/home/kuldip/myroboticarm_ws/src/install/myroboticarm_description_cpp/share/myroboticarm_description_cpp/hook/cmake_prefix_path.sh'
[0.948s] Level 1:colcon.colcon_core.environment:checking '/home/kuldip/myroboticarm_ws/src/install/myroboticarm_description_cpp/bin'
[0.948s] Level 1:colcon.colcon_core.environment:checking '/home/kuldip/myroboticarm_ws/src/install/myroboticarm_description_cpp/lib/pkgconfig/myroboticarm_description_cpp.pc'
[0.948s] Level 1:colcon.colcon_core.environment:checking '/home/kuldip/myroboticarm_ws/src/install/myroboticarm_description_cpp/lib/python3.10/site-packages'
[0.948s] Level 1:colcon.colcon_core.environment:checking '/home/kuldip/myroboticarm_ws/src/install/myroboticarm_description_cpp/bin'
[0.949s] INFO:colcon.colcon_core.shell:Creating package script '/home/kuldip/myroboticarm_ws/src/install/myroboticarm_description_cpp/share/myroboticarm_description_cpp/package.ps1'
[0.949s] INFO:colcon.colcon_core.shell:Creating package descriptor '/home/kuldip/myroboticarm_ws/src/install/myroboticarm_description_cpp/share/myroboticarm_description_cpp/package.dsv'
[0.949s] INFO:colcon.colcon_core.shell:Creating package script '/home/kuldip/myroboticarm_ws/src/install/myroboticarm_description_cpp/share/myroboticarm_description_cpp/package.sh'
[0.949s] INFO:colcon.colcon_core.shell:Creating package script '/home/kuldip/myroboticarm_ws/src/install/myroboticarm_description_cpp/share/myroboticarm_description_cpp/package.bash'
[0.949s] INFO:colcon.colcon_core.shell:Creating package script '/home/kuldip/myroboticarm_ws/src/install/myroboticarm_description_cpp/share/myroboticarm_description_cpp/package.zsh'
[0.950s] Level 1:colcon.colcon_core.environment:create_file_with_runtime_dependencies(/home/kuldip/myroboticarm_ws/src/install/myroboticarm_description_cpp/share/colcon-core/packages/myroboticarm_description_cpp)
[0.950s] DEBUG:colcon.colcon_parallel_executor.executor.parallel:closing loop
[0.950s] DEBUG:colcon.colcon_parallel_executor.executor.parallel:loop closed
[0.950s] DEBUG:colcon.colcon_parallel_executor.executor.parallel:run_until_complete finished with '0'
[0.950s] DEBUG:colcon.colcon_core.event_reactor:joining thread
[0.953s] INFO:colcon.colcon_core.plugin_system:Skipping extension 'colcon_notification.desktop_notification.terminal_notifier': Not used on non-Darwin systems
[0.953s] INFO:colcon.colcon_core.plugin_system:Skipping extension 'colcon_notification.desktop_notification.win32': Not used on non-Windows systems
[0.953s] INFO:colcon.colcon_notification.desktop_notification:Sending desktop notification using 'notify2'
[0.964s] DEBUG:colcon.colcon_core.event_reactor:joined thread
[0.964s] INFO:colcon.colcon_core.shell:Creating prefix script '/home/kuldip/myroboticarm_ws/src/install/local_setup.ps1'
[0.965s] INFO:colcon.colcon_core.shell:Creating prefix util module '/home/kuldip/myroboticarm_ws/src/install/_local_setup_util_ps1.py'
[0.966s] INFO:colcon.colcon_core.shell:Creating prefix chain script '/home/kuldip/myroboticarm_ws/src/install/setup.ps1'
[0.966s] INFO:colcon.colcon_core.shell:Creating prefix script '/home/kuldip/myroboticarm_ws/src/install/local_setup.sh'
[0.967s] INFO:colcon.colcon_core.shell:Creating prefix util module '/home/kuldip/myroboticarm_ws/src/install/_local_setup_util_sh.py'
[0.967s] INFO:colcon.colcon_core.shell:Creating prefix chain script '/home/kuldip/myroboticarm_ws/src/install/setup.sh'
[0.967s] INFO:colcon.colcon_core.shell:Creating prefix script '/home/kuldip/myroboticarm_ws/src/install/local_setup.bash'
[0.968s] INFO:colcon.colcon_core.shell:Creating prefix chain script '/home/kuldip/myroboticarm_ws/src/install/setup.bash'
[0.968s] INFO:colcon.colcon_core.shell:Creating prefix script '/home/kuldip/myroboticarm_ws/src/install/local_setup.zsh'
[0.969s] INFO:colcon.colcon_core.shell:Creating prefix chain script '/home/kuldip/myroboticarm_ws/src/install/setup.zsh'
