[0.146s] Invoking command in '/home/kuldip/myroboticarm_ws/build/myroboticarm_utils': CMAKE_PREFIX_PATH=${CMAKE_PREFIX_PATH}:/home/kuldip/myroboticarm_ws/install/myroboticarm_description:/home/kuldip/myroboticarm_ws/install/myroboticarm:/home/kuldip/arduinobot_ws/install/arduinobot_py_examples:/home/kuldip/myroboticarm_ws/src/install/myroboticarm:/opt/ros/jazzy DEBUGINFOD_URLS=https://debuginfod.ubuntu.com /usr/bin/cmake --build /home/kuldip/myroboticarm_ws/build/myroboticarm_utils -- -j12 -l12
[0.178s] Invoked command in '/home/kuldip/myroboticarm_ws/build/myroboticarm_utils' returned '0': CMAKE_PREFIX_PATH=${CMAKE_PREFIX_PATH}:/home/kuldip/myroboticarm_ws/install/myroboticarm_description:/home/kuldip/myroboticarm_ws/install/myroboticarm:/home/kuldip/arduinobot_ws/install/arduinobot_py_examples:/home/kuldip/myroboticarm_ws/src/install/myroboticarm:/opt/ros/jazzy DEBUGINFOD_URLS=https://debuginfod.ubuntu.com /usr/bin/cmake --build /home/kuldip/myroboticarm_ws/build/myroboticarm_utils -- -j12 -l12
[0.178s] Invoking command in '/home/kuldip/myroboticarm_ws/build/myroboticarm_utils': CMAKE_PREFIX_PATH=${CMAKE_PREFIX_PATH}:/home/kuldip/myroboticarm_ws/install/myroboticarm_description:/home/kuldip/myroboticarm_ws/install/myroboticarm:/home/kuldip/arduinobot_ws/install/arduinobot_py_examples:/home/kuldip/myroboticarm_ws/src/install/myroboticarm:/opt/ros/jazzy DEBUGINFOD_URLS=https://debuginfod.ubuntu.com /usr/bin/cmake --install /home/kuldip/myroboticarm_ws/build/myroboticarm_utils
[0.187s] -- Install configuration: ""
[0.187s] -- Up-to-date: /home/kuldip/myroboticarm_ws/install/myroboticarm_utils/share/ament_index/resource_index/package_run_dependencies/myroboticarm_utils
[0.187s] -- Up-to-date: /home/kuldip/myroboticarm_ws/install/myroboticarm_utils/share/ament_index/resource_index/parent_prefix_path/myroboticarm_utils
[0.187s] -- Up-to-date: /home/kuldip/myroboticarm_ws/install/myroboticarm_utils/share/myroboticarm_utils/environment/ament_prefix_path.sh
[0.187s] -- Up-to-date: /home/kuldip/myroboticarm_ws/install/myroboticarm_utils/share/myroboticarm_utils/environment/ament_prefix_path.dsv
[0.187s] -- Up-to-date: /home/kuldip/myroboticarm_ws/install/myroboticarm_utils/share/myroboticarm_utils/environment/path.sh
[0.188s] -- Up-to-date: /home/kuldip/myroboticarm_ws/install/myroboticarm_utils/share/myroboticarm_utils/environment/path.dsv
[0.188s] -- Up-to-date: /home/kuldip/myroboticarm_ws/install/myroboticarm_utils/share/myroboticarm_utils/local_setup.bash
[0.188s] -- Up-to-date: /home/kuldip/myroboticarm_ws/install/myroboticarm_utils/share/myroboticarm_utils/local_setup.sh
[0.188s] -- Up-to-date: /home/kuldip/myroboticarm_ws/install/myroboticarm_utils/share/myroboticarm_utils/local_setup.zsh
[0.188s] -- Up-to-date: /home/kuldip/myroboticarm_ws/install/myroboticarm_utils/share/myroboticarm_utils/local_setup.dsv
[0.188s] -- Installing: /home/kuldip/myroboticarm_ws/install/myroboticarm_utils/share/myroboticarm_utils/package.dsv
[0.188s] -- Up-to-date: /home/kuldip/myroboticarm_ws/install/myroboticarm_utils/share/ament_index/resource_index/packages/myroboticarm_utils
[0.189s] -- Up-to-date: /home/kuldip/myroboticarm_ws/install/myroboticarm_utils/share/myroboticarm_utils/cmake/myroboticarm_utilsConfig.cmake
[0.189s] -- Up-to-date: /home/kuldip/myroboticarm_ws/install/myroboticarm_utils/share/myroboticarm_utils/cmake/myroboticarm_utilsConfig-version.cmake
[0.189s] -- Up-to-date: /home/kuldip/myroboticarm_ws/install/myroboticarm_utils/share/myroboticarm_utils/package.xml
[0.207s] Invoked command in '/home/kuldip/myroboticarm_ws/build/myroboticarm_utils' returned '0': CMAKE_PREFIX_PATH=${CMAKE_PREFIX_PATH}:/home/kuldip/myroboticarm_ws/install/myroboticarm_description:/home/kuldip/myroboticarm_ws/install/myroboticarm:/home/kuldip/arduinobot_ws/install/arduinobot_py_examples:/home/kuldip/myroboticarm_ws/src/install/myroboticarm:/opt/ros/jazzy DEBUGINFOD_URLS=https://debuginfod.ubuntu.com /usr/bin/cmake --install /home/kuldip/myroboticarm_ws/build/myroboticarm_utils
