-- The C compiler identification is GNU 13.3.0
-- The CXX compiler identification is GNU 13.3.0
-- Detecting C compiler ABI info
-- Detecting C compiler ABI info - done
-- Check for working C compiler: /usr/bin/cc - skipped
-- Detecting C compile features
-- Detecting C compile features - done
-- Detecting CXX compiler ABI info
-- Detecting CXX compiler ABI info - done
-- Check for working CXX compiler: /usr/bin/c++ - skipped
-- Detecting CXX compile features
-- Detecting CXX compile features - done
-- Found ament_cmake: 2.5.4 (/opt/ros/jazzy/share/ament_cmake/cmake)
-- Found Python3: /usr/bin/python3 (found version "3.12.3") found components: Interpreter 
-- Found rclpy: 7.1.4 (/opt/ros/jazzy/share/rclpy/cmake)
-- Found myroboticarm_utils: 0.0.0 (/home/kuldip/myroboticarm_ws/install/myroboticarm_utils/share/myroboticarm_utils/cmake)
-- Found ament_lint_auto: 0.17.2 (/opt/ros/jazzy/share/ament_lint_auto/cmake)
-- Added test 'flake8' to check Python code syntax and style conventions
-- Configured 'flake8' exclude dirs and/or files: 
-- Added test 'lint_cmake' to check CMake code style
-- Added test 'pep257' to check Python code against some of the docstring style conventions in PEP 257
-- Added test 'xmllint' to check XML markup files
-- Configuring done (0.6s)
-- Generating done (0.0s)
-- Build files have been written to: /home/kuldip/myroboticarm_ws/src/build/myroboticarm_utils
Built target ament_cmake_python_copy_myroboticarm_utils
running egg_info
creating myroboticarm_utils.egg-info
writing myroboticarm_utils.egg-info/PKG-INFO
writing dependency_links to myroboticarm_utils.egg-info/dependency_links.txt
writing top-level names to myroboticarm_utils.egg-info/top_level.txt
writing manifest file 'myroboticarm_utils.egg-info/SOURCES.txt'
reading manifest file 'myroboticarm_utils.egg-info/SOURCES.txt'
writing manifest file 'myroboticarm_utils.egg-info/SOURCES.txt'
Built target ament_cmake_python_build_myroboticarm_utils_egg
-- Install configuration: ""
-- Installing: /home/kuldip/myroboticarm_ws/src/install/myroboticarm_utils/share/myroboticarm_utils/environment/pythonpath.sh
-- Installing: /home/kuldip/myroboticarm_ws/src/install/myroboticarm_utils/share/myroboticarm_utils/environment/pythonpath.dsv
-- Installing: /home/kuldip/myroboticarm_ws/src/install/myroboticarm_utils/lib/python3.12/site-packages/myroboticarm_utils-0.0.0-py3.12.egg-info
-- Installing: /home/kuldip/myroboticarm_ws/src/install/myroboticarm_utils/lib/python3.12/site-packages/myroboticarm_utils-0.0.0-py3.12.egg-info/SOURCES.txt
-- Installing: /home/kuldip/myroboticarm_ws/src/install/myroboticarm_utils/lib/python3.12/site-packages/myroboticarm_utils-0.0.0-py3.12.egg-info/PKG-INFO
-- Installing: /home/kuldip/myroboticarm_ws/src/install/myroboticarm_utils/lib/python3.12/site-packages/myroboticarm_utils-0.0.0-py3.12.egg-info/top_level.txt
-- Installing: /home/kuldip/myroboticarm_ws/src/install/myroboticarm_utils/lib/python3.12/site-packages/myroboticarm_utils-0.0.0-py3.12.egg-info/dependency_links.txt
-- Installing: /home/kuldip/myroboticarm_ws/src/install/myroboticarm_utils/lib/python3.12/site-packages/myroboticarm_utils
-- Installing: /home/kuldip/myroboticarm_ws/src/install/myroboticarm_utils/lib/python3.12/site-packages/myroboticarm_utils/__init__.py
-- Installing: /home/kuldip/myroboticarm_ws/src/install/myroboticarm_utils/lib/python3.12/site-packages/myroboticarm_utils/angle_conversion.py
Listing '/home/kuldip/myroboticarm_ws/src/install/myroboticarm_utils/lib/python3.12/site-packages/myroboticarm_utils'...
Compiling '/home/kuldip/myroboticarm_ws/src/install/myroboticarm_utils/lib/python3.12/site-packages/myroboticarm_utils/__init__.py'...
Compiling '/home/kuldip/myroboticarm_ws/src/install/myroboticarm_utils/lib/python3.12/site-packages/myroboticarm_utils/angle_conversion.py'...
-- Installing: /home/kuldip/myroboticarm_ws/src/install/myroboticarm_utils/lib/myroboticarm_utils/angle_conversion.py
-- Installing: /home/kuldip/myroboticarm_ws/src/install/myroboticarm_utils/share/ament_index/resource_index/package_run_dependencies/myroboticarm_utils
-- Installing: /home/kuldip/myroboticarm_ws/src/install/myroboticarm_utils/share/ament_index/resource_index/parent_prefix_path/myroboticarm_utils
-- Installing: /home/kuldip/myroboticarm_ws/src/install/myroboticarm_utils/share/myroboticarm_utils/environment/ament_prefix_path.sh
-- Installing: /home/kuldip/myroboticarm_ws/src/install/myroboticarm_utils/share/myroboticarm_utils/environment/ament_prefix_path.dsv
-- Installing: /home/kuldip/myroboticarm_ws/src/install/myroboticarm_utils/share/myroboticarm_utils/environment/path.sh
-- Installing: /home/kuldip/myroboticarm_ws/src/install/myroboticarm_utils/share/myroboticarm_utils/environment/path.dsv
-- Installing: /home/kuldip/myroboticarm_ws/src/install/myroboticarm_utils/share/myroboticarm_utils/local_setup.bash
-- Installing: /home/kuldip/myroboticarm_ws/src/install/myroboticarm_utils/share/myroboticarm_utils/local_setup.sh
-- Installing: /home/kuldip/myroboticarm_ws/src/install/myroboticarm_utils/share/myroboticarm_utils/local_setup.zsh
-- Installing: /home/kuldip/myroboticarm_ws/src/install/myroboticarm_utils/share/myroboticarm_utils/local_setup.dsv
-- Installing: /home/kuldip/myroboticarm_ws/src/install/myroboticarm_utils/share/myroboticarm_utils/package.dsv
-- Installing: /home/kuldip/myroboticarm_ws/src/install/myroboticarm_utils/share/ament_index/resource_index/packages/myroboticarm_utils
-- Installing: /home/kuldip/myroboticarm_ws/src/install/myroboticarm_utils/share/myroboticarm_utils/cmake/myroboticarm_utilsConfig.cmake
-- Installing: /home/kuldip/myroboticarm_ws/src/install/myroboticarm_utils/share/myroboticarm_utils/cmake/myroboticarm_utilsConfig-version.cmake
-- Installing: /home/kuldip/myroboticarm_ws/src/install/myroboticarm_utils/share/myroboticarm_utils/package.xml
