[0.008s] Invoking command in '/home/kuldip/myroboticarm_ws/src/build/myroboticarm_utils': AMENT_PREFIX_PATH=/home/kuldip/myroboticarm_ws/src/install/myroboticarm_msgs:${AMENT_PREFIX_PATH} CMAKE_PREFIX_PATH=/home/kuldip/myroboticarm_ws/src/install/myroboticarm_msgs:/home/kuldip/myroboticarm_ws/install/myroboticarm_utils:/home/kuldip/myroboticarm_ws/install/myroboticarm_msgs:/home/kuldip/myroboticarm_ws/install/myroboticarm_description_cpp:/home/kuldip/myroboticarm_ws/install/myroboticarm_cpp:/home/kuldip/myroboticarm_ws/install/myroboticarm_controller:/home/kuldip/arduinobot_ws/install/arduinobot_controller:/home/kuldip/arduinobot_ws/install/arduinobot_description:/home/kuldip/arduinobot_ws/install/arduinobot_cpp_examples:/home/kuldip/myroboticarm_ws/src/install/myroboticarm_description_cpp:/home/kuldip/myroboticarm_ws/src/install/myroboticarm_cpp:/opt/ros/jazzy/opt/gz_launch_vendor:/opt/ros/jazzy/opt/gz_sim_vendor:/opt/ros/jazzy/opt/gz_sensors_vendor:/opt/ros/jazzy/opt/gz_physics_vendor:/opt/ros/jazzy/opt/sdformat_vendor:/opt/ros/jazzy/opt/gz_gui_vendor:/opt/ros/jazzy/opt/gz_transport_vendor:/opt/ros/jazzy/opt/gz_rendering_vendor:/opt/ros/jazzy/opt/gz_plugin_vendor:/opt/ros/jazzy/opt/gz_fuel_tools_vendor:/opt/ros/jazzy/opt/gz_msgs_vendor:/opt/ros/jazzy/opt/gz_common_vendor:/opt/ros/jazzy/opt/gz_math_vendor:/opt/ros/jazzy/opt/gz_utils_vendor:/opt/ros/jazzy/opt/gz_tools_vendor:/opt/ros/jazzy/opt/gz_ogre_next_vendor:/opt/ros/jazzy/opt/gz_dartsim_vendor:/opt/ros/jazzy/opt/gz_cmake_vendor:/home/kuldip/myroboticarm_ws/install/myroboticarm_description:/home/kuldip/myroboticarm_ws/install/myroboticarm:/home/kuldip/arduinobot_ws/install/arduinobot_py_examples:/home/kuldip/myroboticarm_ws/src/install/myroboticarm:/opt/ros/jazzy DEBUGINFOD_URLS=https://debuginfod.ubuntu.com LD_LIBRARY_PATH=/home/kuldip/myroboticarm_ws/src/install/myroboticarm_msgs/lib:${LD_LIBRARY_PATH} PYTHONPATH=/home/kuldip/myroboticarm_ws/src/install/myroboticarm_msgs/lib/python3.12/site-packages:${PYTHONPATH} /usr/bin/cmake /home/kuldip/myroboticarm_ws/src/myroboticarm_utils -DCMAKE_INSTALL_PREFIX=/home/kuldip/myroboticarm_ws/src/install/myroboticarm_utils
[0.053s] -- The C compiler identification is GNU 13.3.0
[0.093s] -- The CXX compiler identification is GNU 13.3.0
[0.107s] -- Detecting C compiler ABI info
[0.185s] -- Detecting C compiler ABI info - done
[0.191s] -- Check for working C compiler: /usr/bin/cc - skipped
[0.191s] -- Detecting C compile features
[0.191s] -- Detecting C compile features - done
[0.199s] -- Detecting CXX compiler ABI info
[0.273s] -- Detecting CXX compiler ABI info - done
[0.279s] -- Check for working CXX compiler: /usr/bin/c++ - skipped
[0.279s] -- Detecting CXX compile features
[0.279s] -- Detecting CXX compile features - done
[0.282s] -- Found ament_cmake: 2.5.4 (/opt/ros/jazzy/share/ament_cmake/cmake)
[0.396s] -- Found Python3: /usr/bin/python3 (found version "3.12.3") found components: Interpreter 
[0.483s] -- Found rclpy: 7.1.4 (/opt/ros/jazzy/share/rclpy/cmake)
[0.483s] -- Found myroboticarm_utils: 0.0.0 (/home/kuldip/myroboticarm_ws/install/myroboticarm_utils/share/myroboticarm_utils/cmake)
[0.561s] -- Found ament_lint_auto: 0.17.2 (/opt/ros/jazzy/share/ament_lint_auto/cmake)
[0.645s] -- Added test 'flake8' to check Python code syntax and style conventions
[0.646s] -- Configured 'flake8' exclude dirs and/or files: 
[0.646s] -- Added test 'lint_cmake' to check CMake code style
[0.647s] -- Added test 'pep257' to check Python code against some of the docstring style conventions in PEP 257
[0.648s] -- Added test 'xmllint' to check XML markup files
[0.651s] -- Configuring done (0.6s)
[0.655s] -- Generating done (0.0s)
[0.658s] -- Build files have been written to: /home/kuldip/myroboticarm_ws/src/build/myroboticarm_utils
[0.662s] Invoked command in '/home/kuldip/myroboticarm_ws/src/build/myroboticarm_utils' returned '0': AMENT_PREFIX_PATH=/home/kuldip/myroboticarm_ws/src/install/myroboticarm_msgs:${AMENT_PREFIX_PATH} CMAKE_PREFIX_PATH=/home/kuldip/myroboticarm_ws/src/install/myroboticarm_msgs:/home/kuldip/myroboticarm_ws/install/myroboticarm_utils:/home/kuldip/myroboticarm_ws/install/myroboticarm_msgs:/home/kuldip/myroboticarm_ws/install/myroboticarm_description_cpp:/home/kuldip/myroboticarm_ws/install/myroboticarm_cpp:/home/kuldip/myroboticarm_ws/install/myroboticarm_controller:/home/kuldip/arduinobot_ws/install/arduinobot_controller:/home/kuldip/arduinobot_ws/install/arduinobot_description:/home/kuldip/arduinobot_ws/install/arduinobot_cpp_examples:/home/kuldip/myroboticarm_ws/src/install/myroboticarm_description_cpp:/home/kuldip/myroboticarm_ws/src/install/myroboticarm_cpp:/opt/ros/jazzy/opt/gz_launch_vendor:/opt/ros/jazzy/opt/gz_sim_vendor:/opt/ros/jazzy/opt/gz_sensors_vendor:/opt/ros/jazzy/opt/gz_physics_vendor:/opt/ros/jazzy/opt/sdformat_vendor:/opt/ros/jazzy/opt/gz_gui_vendor:/opt/ros/jazzy/opt/gz_transport_vendor:/opt/ros/jazzy/opt/gz_rendering_vendor:/opt/ros/jazzy/opt/gz_plugin_vendor:/opt/ros/jazzy/opt/gz_fuel_tools_vendor:/opt/ros/jazzy/opt/gz_msgs_vendor:/opt/ros/jazzy/opt/gz_common_vendor:/opt/ros/jazzy/opt/gz_math_vendor:/opt/ros/jazzy/opt/gz_utils_vendor:/opt/ros/jazzy/opt/gz_tools_vendor:/opt/ros/jazzy/opt/gz_ogre_next_vendor:/opt/ros/jazzy/opt/gz_dartsim_vendor:/opt/ros/jazzy/opt/gz_cmake_vendor:/home/kuldip/myroboticarm_ws/install/myroboticarm_description:/home/kuldip/myroboticarm_ws/install/myroboticarm:/home/kuldip/arduinobot_ws/install/arduinobot_py_examples:/home/kuldip/myroboticarm_ws/src/install/myroboticarm:/opt/ros/jazzy DEBUGINFOD_URLS=https://debuginfod.ubuntu.com LD_LIBRARY_PATH=/home/kuldip/myroboticarm_ws/src/install/myroboticarm_msgs/lib:${LD_LIBRARY_PATH} PYTHONPATH=/home/kuldip/myroboticarm_ws/src/install/myroboticarm_msgs/lib/python3.12/site-packages:${PYTHONPATH} /usr/bin/cmake /home/kuldip/myroboticarm_ws/src/myroboticarm_utils -DCMAKE_INSTALL_PREFIX=/home/kuldip/myroboticarm_ws/src/install/myroboticarm_utils
[0.663s] Invoking command in '/home/kuldip/myroboticarm_ws/src/build/myroboticarm_utils': AMENT_PREFIX_PATH=/home/kuldip/myroboticarm_ws/src/install/myroboticarm_msgs:${AMENT_PREFIX_PATH} CMAKE_PREFIX_PATH=/home/kuldip/myroboticarm_ws/src/install/myroboticarm_msgs:/home/kuldip/myroboticarm_ws/install/myroboticarm_utils:/home/kuldip/myroboticarm_ws/install/myroboticarm_msgs:/home/kuldip/myroboticarm_ws/install/myroboticarm_description_cpp:/home/kuldip/myroboticarm_ws/install/myroboticarm_cpp:/home/kuldip/myroboticarm_ws/install/myroboticarm_controller:/home/kuldip/arduinobot_ws/install/arduinobot_controller:/home/kuldip/arduinobot_ws/install/arduinobot_description:/home/kuldip/arduinobot_ws/install/arduinobot_cpp_examples:/home/kuldip/myroboticarm_ws/src/install/myroboticarm_description_cpp:/home/kuldip/myroboticarm_ws/src/install/myroboticarm_cpp:/opt/ros/jazzy/opt/gz_launch_vendor:/opt/ros/jazzy/opt/gz_sim_vendor:/opt/ros/jazzy/opt/gz_sensors_vendor:/opt/ros/jazzy/opt/gz_physics_vendor:/opt/ros/jazzy/opt/sdformat_vendor:/opt/ros/jazzy/opt/gz_gui_vendor:/opt/ros/jazzy/opt/gz_transport_vendor:/opt/ros/jazzy/opt/gz_rendering_vendor:/opt/ros/jazzy/opt/gz_plugin_vendor:/opt/ros/jazzy/opt/gz_fuel_tools_vendor:/opt/ros/jazzy/opt/gz_msgs_vendor:/opt/ros/jazzy/opt/gz_common_vendor:/opt/ros/jazzy/opt/gz_math_vendor:/opt/ros/jazzy/opt/gz_utils_vendor:/opt/ros/jazzy/opt/gz_tools_vendor:/opt/ros/jazzy/opt/gz_ogre_next_vendor:/opt/ros/jazzy/opt/gz_dartsim_vendor:/opt/ros/jazzy/opt/gz_cmake_vendor:/home/kuldip/myroboticarm_ws/install/myroboticarm_description:/home/kuldip/myroboticarm_ws/install/myroboticarm:/home/kuldip/arduinobot_ws/install/arduinobot_py_examples:/home/kuldip/myroboticarm_ws/src/install/myroboticarm:/opt/ros/jazzy DEBUGINFOD_URLS=https://debuginfod.ubuntu.com LD_LIBRARY_PATH=/home/kuldip/myroboticarm_ws/src/install/myroboticarm_msgs/lib:${LD_LIBRARY_PATH} PYTHONPATH=/home/kuldip/myroboticarm_ws/src/install/myroboticarm_msgs/lib/python3.12/site-packages:${PYTHONPATH} /usr/bin/cmake --build /home/kuldip/myroboticarm_ws/src/build/myroboticarm_utils -- -j12 -l12
[0.713s] Built target ament_cmake_python_copy_myroboticarm_utils
[0.850s] running egg_info
[0.851s] creating myroboticarm_utils.egg-info
[0.862s] writing myroboticarm_utils.egg-info/PKG-INFO
[0.862s] writing dependency_links to myroboticarm_utils.egg-info/dependency_links.txt
[0.862s] writing top-level names to myroboticarm_utils.egg-info/top_level.txt
[0.863s] writing manifest file 'myroboticarm_utils.egg-info/SOURCES.txt'
[0.897s] reading manifest file 'myroboticarm_utils.egg-info/SOURCES.txt'
[0.897s] writing manifest file 'myroboticarm_utils.egg-info/SOURCES.txt'
[0.918s] Built target ament_cmake_python_build_myroboticarm_utils_egg
[0.928s] Invoked command in '/home/kuldip/myroboticarm_ws/src/build/myroboticarm_utils' returned '0': AMENT_PREFIX_PATH=/home/kuldip/myroboticarm_ws/src/install/myroboticarm_msgs:${AMENT_PREFIX_PATH} CMAKE_PREFIX_PATH=/home/kuldip/myroboticarm_ws/src/install/myroboticarm_msgs:/home/kuldip/myroboticarm_ws/install/myroboticarm_utils:/home/kuldip/myroboticarm_ws/install/myroboticarm_msgs:/home/kuldip/myroboticarm_ws/install/myroboticarm_description_cpp:/home/kuldip/myroboticarm_ws/install/myroboticarm_cpp:/home/kuldip/myroboticarm_ws/install/myroboticarm_controller:/home/kuldip/arduinobot_ws/install/arduinobot_controller:/home/kuldip/arduinobot_ws/install/arduinobot_description:/home/kuldip/arduinobot_ws/install/arduinobot_cpp_examples:/home/kuldip/myroboticarm_ws/src/install/myroboticarm_description_cpp:/home/kuldip/myroboticarm_ws/src/install/myroboticarm_cpp:/opt/ros/jazzy/opt/gz_launch_vendor:/opt/ros/jazzy/opt/gz_sim_vendor:/opt/ros/jazzy/opt/gz_sensors_vendor:/opt/ros/jazzy/opt/gz_physics_vendor:/opt/ros/jazzy/opt/sdformat_vendor:/opt/ros/jazzy/opt/gz_gui_vendor:/opt/ros/jazzy/opt/gz_transport_vendor:/opt/ros/jazzy/opt/gz_rendering_vendor:/opt/ros/jazzy/opt/gz_plugin_vendor:/opt/ros/jazzy/opt/gz_fuel_tools_vendor:/opt/ros/jazzy/opt/gz_msgs_vendor:/opt/ros/jazzy/opt/gz_common_vendor:/opt/ros/jazzy/opt/gz_math_vendor:/opt/ros/jazzy/opt/gz_utils_vendor:/opt/ros/jazzy/opt/gz_tools_vendor:/opt/ros/jazzy/opt/gz_ogre_next_vendor:/opt/ros/jazzy/opt/gz_dartsim_vendor:/opt/ros/jazzy/opt/gz_cmake_vendor:/home/kuldip/myroboticarm_ws/install/myroboticarm_description:/home/kuldip/myroboticarm_ws/install/myroboticarm:/home/kuldip/arduinobot_ws/install/arduinobot_py_examples:/home/kuldip/myroboticarm_ws/src/install/myroboticarm:/opt/ros/jazzy DEBUGINFOD_URLS=https://debuginfod.ubuntu.com LD_LIBRARY_PATH=/home/kuldip/myroboticarm_ws/src/install/myroboticarm_msgs/lib:${LD_LIBRARY_PATH} PYTHONPATH=/home/kuldip/myroboticarm_ws/src/install/myroboticarm_msgs/lib/python3.12/site-packages:${PYTHONPATH} /usr/bin/cmake --build /home/kuldip/myroboticarm_ws/src/build/myroboticarm_utils -- -j12 -l12
[0.929s] Invoking command in '/home/kuldip/myroboticarm_ws/src/build/myroboticarm_utils': AMENT_PREFIX_PATH=/home/kuldip/myroboticarm_ws/src/install/myroboticarm_msgs:${AMENT_PREFIX_PATH} CMAKE_PREFIX_PATH=/home/kuldip/myroboticarm_ws/src/install/myroboticarm_msgs:/home/kuldip/myroboticarm_ws/install/myroboticarm_utils:/home/kuldip/myroboticarm_ws/install/myroboticarm_msgs:/home/kuldip/myroboticarm_ws/install/myroboticarm_description_cpp:/home/kuldip/myroboticarm_ws/install/myroboticarm_cpp:/home/kuldip/myroboticarm_ws/install/myroboticarm_controller:/home/kuldip/arduinobot_ws/install/arduinobot_controller:/home/kuldip/arduinobot_ws/install/arduinobot_description:/home/kuldip/arduinobot_ws/install/arduinobot_cpp_examples:/home/kuldip/myroboticarm_ws/src/install/myroboticarm_description_cpp:/home/kuldip/myroboticarm_ws/src/install/myroboticarm_cpp:/opt/ros/jazzy/opt/gz_launch_vendor:/opt/ros/jazzy/opt/gz_sim_vendor:/opt/ros/jazzy/opt/gz_sensors_vendor:/opt/ros/jazzy/opt/gz_physics_vendor:/opt/ros/jazzy/opt/sdformat_vendor:/opt/ros/jazzy/opt/gz_gui_vendor:/opt/ros/jazzy/opt/gz_transport_vendor:/opt/ros/jazzy/opt/gz_rendering_vendor:/opt/ros/jazzy/opt/gz_plugin_vendor:/opt/ros/jazzy/opt/gz_fuel_tools_vendor:/opt/ros/jazzy/opt/gz_msgs_vendor:/opt/ros/jazzy/opt/gz_common_vendor:/opt/ros/jazzy/opt/gz_math_vendor:/opt/ros/jazzy/opt/gz_utils_vendor:/opt/ros/jazzy/opt/gz_tools_vendor:/opt/ros/jazzy/opt/gz_ogre_next_vendor:/opt/ros/jazzy/opt/gz_dartsim_vendor:/opt/ros/jazzy/opt/gz_cmake_vendor:/home/kuldip/myroboticarm_ws/install/myroboticarm_description:/home/kuldip/myroboticarm_ws/install/myroboticarm:/home/kuldip/arduinobot_ws/install/arduinobot_py_examples:/home/kuldip/myroboticarm_ws/src/install/myroboticarm:/opt/ros/jazzy DEBUGINFOD_URLS=https://debuginfod.ubuntu.com LD_LIBRARY_PATH=/home/kuldip/myroboticarm_ws/src/install/myroboticarm_msgs/lib:${LD_LIBRARY_PATH} PYTHONPATH=/home/kuldip/myroboticarm_ws/src/install/myroboticarm_msgs/lib/python3.12/site-packages:${PYTHONPATH} /usr/bin/cmake --install /home/kuldip/myroboticarm_ws/src/build/myroboticarm_utils
[0.935s] -- Install configuration: ""
[0.935s] -- Installing: /home/kuldip/myroboticarm_ws/src/install/myroboticarm_utils/share/myroboticarm_utils/environment/pythonpath.sh
[0.935s] -- Installing: /home/kuldip/myroboticarm_ws/src/install/myroboticarm_utils/share/myroboticarm_utils/environment/pythonpath.dsv
[0.935s] -- Installing: /home/kuldip/myroboticarm_ws/src/install/myroboticarm_utils/lib/python3.12/site-packages/myroboticarm_utils-0.0.0-py3.12.egg-info
[0.935s] -- Installing: /home/kuldip/myroboticarm_ws/src/install/myroboticarm_utils/lib/python3.12/site-packages/myroboticarm_utils-0.0.0-py3.12.egg-info/SOURCES.txt
[0.935s] -- Installing: /home/kuldip/myroboticarm_ws/src/install/myroboticarm_utils/lib/python3.12/site-packages/myroboticarm_utils-0.0.0-py3.12.egg-info/PKG-INFO
[0.935s] -- Installing: /home/kuldip/myroboticarm_ws/src/install/myroboticarm_utils/lib/python3.12/site-packages/myroboticarm_utils-0.0.0-py3.12.egg-info/top_level.txt
[0.935s] -- Installing: /home/kuldip/myroboticarm_ws/src/install/myroboticarm_utils/lib/python3.12/site-packages/myroboticarm_utils-0.0.0-py3.12.egg-info/dependency_links.txt
[0.935s] -- Installing: /home/kuldip/myroboticarm_ws/src/install/myroboticarm_utils/lib/python3.12/site-packages/myroboticarm_utils
[0.936s] -- Installing: /home/kuldip/myroboticarm_ws/src/install/myroboticarm_utils/lib/python3.12/site-packages/myroboticarm_utils/__init__.py
[0.936s] -- Installing: /home/kuldip/myroboticarm_ws/src/install/myroboticarm_utils/lib/python3.12/site-packages/myroboticarm_utils/angle_conversion.py
[0.961s] Listing '/home/kuldip/myroboticarm_ws/src/install/myroboticarm_utils/lib/python3.12/site-packages/myroboticarm_utils'...
[0.961s] Compiling '/home/kuldip/myroboticarm_ws/src/install/myroboticarm_utils/lib/python3.12/site-packages/myroboticarm_utils/__init__.py'...
[0.961s] Compiling '/home/kuldip/myroboticarm_ws/src/install/myroboticarm_utils/lib/python3.12/site-packages/myroboticarm_utils/angle_conversion.py'...
[0.965s] -- Installing: /home/kuldip/myroboticarm_ws/src/install/myroboticarm_utils/lib/myroboticarm_utils/angle_conversion.py
[0.965s] -- Installing: /home/kuldip/myroboticarm_ws/src/install/myroboticarm_utils/share/ament_index/resource_index/package_run_dependencies/myroboticarm_utils
[0.965s] -- Installing: /home/kuldip/myroboticarm_ws/src/install/myroboticarm_utils/share/ament_index/resource_index/parent_prefix_path/myroboticarm_utils
[0.966s] -- Installing: /home/kuldip/myroboticarm_ws/src/install/myroboticarm_utils/share/myroboticarm_utils/environment/ament_prefix_path.sh
[0.966s] -- Installing: /home/kuldip/myroboticarm_ws/src/install/myroboticarm_utils/share/myroboticarm_utils/environment/ament_prefix_path.dsv
[0.966s] -- Installing: /home/kuldip/myroboticarm_ws/src/install/myroboticarm_utils/share/myroboticarm_utils/environment/path.sh
[0.966s] -- Installing: /home/kuldip/myroboticarm_ws/src/install/myroboticarm_utils/share/myroboticarm_utils/environment/path.dsv
[0.966s] -- Installing: /home/kuldip/myroboticarm_ws/src/install/myroboticarm_utils/share/myroboticarm_utils/local_setup.bash
[0.966s] -- Installing: /home/kuldip/myroboticarm_ws/src/install/myroboticarm_utils/share/myroboticarm_utils/local_setup.sh
[0.966s] -- Installing: /home/kuldip/myroboticarm_ws/src/install/myroboticarm_utils/share/myroboticarm_utils/local_setup.zsh
[0.966s] -- Installing: /home/kuldip/myroboticarm_ws/src/install/myroboticarm_utils/share/myroboticarm_utils/local_setup.dsv
[0.966s] -- Installing: /home/kuldip/myroboticarm_ws/src/install/myroboticarm_utils/share/myroboticarm_utils/package.dsv
[0.966s] -- Installing: /home/kuldip/myroboticarm_ws/src/install/myroboticarm_utils/share/ament_index/resource_index/packages/myroboticarm_utils
[0.966s] -- Installing: /home/kuldip/myroboticarm_ws/src/install/myroboticarm_utils/share/myroboticarm_utils/cmake/myroboticarm_utilsConfig.cmake
[0.966s] -- Installing: /home/kuldip/myroboticarm_ws/src/install/myroboticarm_utils/share/myroboticarm_utils/cmake/myroboticarm_utilsConfig-version.cmake
[0.966s] -- Installing: /home/kuldip/myroboticarm_ws/src/install/myroboticarm_utils/share/myroboticarm_utils/package.xml
[0.967s] Invoked command in '/home/kuldip/myroboticarm_ws/src/build/myroboticarm_utils' returned '0': AMENT_PREFIX_PATH=/home/kuldip/myroboticarm_ws/src/install/myroboticarm_msgs:${AMENT_PREFIX_PATH} CMAKE_PREFIX_PATH=/home/kuldip/myroboticarm_ws/src/install/myroboticarm_msgs:/home/kuldip/myroboticarm_ws/install/myroboticarm_utils:/home/kuldip/myroboticarm_ws/install/myroboticarm_msgs:/home/kuldip/myroboticarm_ws/install/myroboticarm_description_cpp:/home/kuldip/myroboticarm_ws/install/myroboticarm_cpp:/home/kuldip/myroboticarm_ws/install/myroboticarm_controller:/home/kuldip/arduinobot_ws/install/arduinobot_controller:/home/kuldip/arduinobot_ws/install/arduinobot_description:/home/kuldip/arduinobot_ws/install/arduinobot_cpp_examples:/home/kuldip/myroboticarm_ws/src/install/myroboticarm_description_cpp:/home/kuldip/myroboticarm_ws/src/install/myroboticarm_cpp:/opt/ros/jazzy/opt/gz_launch_vendor:/opt/ros/jazzy/opt/gz_sim_vendor:/opt/ros/jazzy/opt/gz_sensors_vendor:/opt/ros/jazzy/opt/gz_physics_vendor:/opt/ros/jazzy/opt/sdformat_vendor:/opt/ros/jazzy/opt/gz_gui_vendor:/opt/ros/jazzy/opt/gz_transport_vendor:/opt/ros/jazzy/opt/gz_rendering_vendor:/opt/ros/jazzy/opt/gz_plugin_vendor:/opt/ros/jazzy/opt/gz_fuel_tools_vendor:/opt/ros/jazzy/opt/gz_msgs_vendor:/opt/ros/jazzy/opt/gz_common_vendor:/opt/ros/jazzy/opt/gz_math_vendor:/opt/ros/jazzy/opt/gz_utils_vendor:/opt/ros/jazzy/opt/gz_tools_vendor:/opt/ros/jazzy/opt/gz_ogre_next_vendor:/opt/ros/jazzy/opt/gz_dartsim_vendor:/opt/ros/jazzy/opt/gz_cmake_vendor:/home/kuldip/myroboticarm_ws/install/myroboticarm_description:/home/kuldip/myroboticarm_ws/install/myroboticarm:/home/kuldip/arduinobot_ws/install/arduinobot_py_examples:/home/kuldip/myroboticarm_ws/src/install/myroboticarm:/opt/ros/jazzy DEBUGINFOD_URLS=https://debuginfod.ubuntu.com LD_LIBRARY_PATH=/home/kuldip/myroboticarm_ws/src/install/myroboticarm_msgs/lib:${LD_LIBRARY_PATH} PYTHONPATH=/home/kuldip/myroboticarm_ws/src/install/myroboticarm_msgs/lib/python3.12/site-packages:${PYTHONPATH} /usr/bin/cmake --install /home/kuldip/myroboticarm_ws/src/build/myroboticarm_utils
