/home/kuldip/myroboticarm_ws/install/myroboticarm/lib/python3.12/site-packages/myroboticarm/simple_service_server.py
/home/kuldip/myroboticarm_ws/install/myroboticarm/lib/python3.12/site-packages/myroboticarm/__init__.py
/home/kuldip/myroboticarm_ws/install/myroboticarm/lib/python3.12/site-packages/myroboticarm/simple_service_client.py
/home/kuldip/myroboticarm_ws/install/myroboticarm/lib/python3.12/site-packages/myroboticarm/simple_parameter.py
/home/kuldip/myroboticarm_ws/install/myroboticarm/lib/python3.12/site-packages/myroboticarm/simple_publisher.py
/home/kuldip/myroboticarm_ws/install/myroboticarm/lib/python3.12/site-packages/myroboticarm/simple_subscriber.py
/home/kuldip/myroboticarm_ws/install/myroboticarm/lib/python3.12/site-packages/myroboticarm/simple_action_client.py
/home/kuldip/myroboticarm_ws/install/myroboticarm/lib/python3.12/site-packages/myroboticarm/simple_action_server.py
/home/kuldip/myroboticarm_ws/install/myroboticarm/lib/python3.12/site-packages/myroboticarm/simple_moveit_interface.py
/home/kuldip/myroboticarm_ws/install/myroboticarm/lib/python3.12/site-packages/myroboticarm/__pycache__/simple_service_server.cpython-312.pyc
/home/kuldip/myroboticarm_ws/install/myroboticarm/lib/python3.12/site-packages/myroboticarm/__pycache__/__init__.cpython-312.pyc
/home/kuldip/myroboticarm_ws/install/myroboticarm/lib/python3.12/site-packages/myroboticarm/__pycache__/simple_service_client.cpython-312.pyc
/home/kuldip/myroboticarm_ws/install/myroboticarm/lib/python3.12/site-packages/myroboticarm/__pycache__/simple_parameter.cpython-312.pyc
/home/kuldip/myroboticarm_ws/install/myroboticarm/lib/python3.12/site-packages/myroboticarm/__pycache__/simple_publisher.cpython-312.pyc
/home/kuldip/myroboticarm_ws/install/myroboticarm/lib/python3.12/site-packages/myroboticarm/__pycache__/simple_subscriber.cpython-312.pyc
/home/kuldip/myroboticarm_ws/install/myroboticarm/lib/python3.12/site-packages/myroboticarm/__pycache__/simple_action_client.cpython-312.pyc
/home/kuldip/myroboticarm_ws/install/myroboticarm/lib/python3.12/site-packages/myroboticarm/__pycache__/simple_action_server.cpython-312.pyc
/home/kuldip/myroboticarm_ws/install/myroboticarm/lib/python3.12/site-packages/myroboticarm/__pycache__/simple_moveit_interface.cpython-312.pyc
/home/kuldip/myroboticarm_ws/install/myroboticarm/share/ament_index/resource_index/packages/myroboticarm
/home/kuldip/myroboticarm_ws/install/myroboticarm/share/myroboticarm/package.xml
/home/kuldip/myroboticarm_ws/install/myroboticarm/share/myroboticarm/launch/simple_moveit_interface.launch.py
/home/kuldip/myroboticarm_ws/install/myroboticarm/lib/python3.12/site-packages/myroboticarm-0.0.0-py3.12.egg-info/SOURCES.txt
/home/kuldip/myroboticarm_ws/install/myroboticarm/lib/python3.12/site-packages/myroboticarm-0.0.0-py3.12.egg-info/requires.txt
/home/kuldip/myroboticarm_ws/install/myroboticarm/lib/python3.12/site-packages/myroboticarm-0.0.0-py3.12.egg-info/PKG-INFO
/home/kuldip/myroboticarm_ws/install/myroboticarm/lib/python3.12/site-packages/myroboticarm-0.0.0-py3.12.egg-info/top_level.txt
/home/kuldip/myroboticarm_ws/install/myroboticarm/lib/python3.12/site-packages/myroboticarm-0.0.0-py3.12.egg-info/entry_points.txt
/home/kuldip/myroboticarm_ws/install/myroboticarm/lib/python3.12/site-packages/myroboticarm-0.0.0-py3.12.egg-info/dependency_links.txt
/home/kuldip/myroboticarm_ws/install/myroboticarm/lib/python3.12/site-packages/myroboticarm-0.0.0-py3.12.egg-info/zip-safe
/home/kuldip/myroboticarm_ws/install/myroboticarm/lib/myroboticarm/simple_action_client
/home/kuldip/myroboticarm_ws/install/myroboticarm/lib/myroboticarm/simple_action_server
/home/kuldip/myroboticarm_ws/install/myroboticarm/lib/myroboticarm/simple_moveit_interface
/home/kuldip/myroboticarm_ws/install/myroboticarm/lib/myroboticarm/simple_parameter
/home/kuldip/myroboticarm_ws/install/myroboticarm/lib/myroboticarm/simple_publisher
/home/kuldip/myroboticarm_ws/install/myroboticarm/lib/myroboticarm/simple_service_client
/home/kuldip/myroboticarm_ws/install/myroboticarm/lib/myroboticarm/simple_service_server
/home/kuldip/myroboticarm_ws/install/myroboticarm/lib/myroboticarm/simple_subscriber
