[0.155s] Invoking command in '/home/kuldip/myroboticarm_ws/src/build/myroboticarm_controller': CMAKE_PREFIX_PATH=${CMAKE_PREFIX_PATH}:/home/kuldip/myroboticarm_ws/install/myroboticarm_description:/home/kuldip/myroboticarm_ws/install/myroboticarm:/home/kuldip/arduinobot_ws/install/arduinobot_py_examples:/home/kuldip/myroboticarm_ws/src/install/myroboticarm:/opt/ros/jazzy DEBUGINFOD_URLS=https://debuginfod.ubuntu.com /usr/bin/cmake /home/kuldip/myroboticarm_ws/src/myroboticarm_controller -DCMAKE_INSTALL_PREFIX=/home/kuldip/myroboticarm_ws/src/install/myroboticarm_controller
[0.198s] -- The C compiler identification is GNU 13.3.0
[0.240s] -- The CXX compiler identification is GNU 13.3.0
[0.252s] -- Detecting C compiler ABI info
[0.326s] -- Detecting C compiler ABI info - done
[0.333s] -- Check for working C compiler: /usr/bin/cc - skipped
[0.333s] -- Detecting C compile features
[0.333s] -- Detecting C compile features - done
[0.340s] -- Detecting CXX compiler ABI info
[0.416s] -- Detecting CXX compiler ABI info - done
[0.423s] -- Check for working CXX compiler: /usr/bin/c++ - skipped
[0.423s] -- Detecting CXX compile features
[0.423s] -- Detecting CXX compile features - done
[0.426s] -- Found ament_cmake: 2.5.4 (/opt/ros/jazzy/share/ament_cmake/cmake)
[0.562s] -- Found Python3: /usr/bin/python3 (found version "3.12.3") found components: Interpreter 
[0.688s] -- Found ament_lint_auto: 0.17.2 (/opt/ros/jazzy/share/ament_lint_auto/cmake)
[0.797s] -- Added test 'flake8' to check Python code syntax and style conventions
[0.797s] -- Configured 'flake8' exclude dirs and/or files: 
[0.797s] -- Added test 'lint_cmake' to check CMake code style
[0.798s] -- Added test 'pep257' to check Python code against some of the docstring style conventions in PEP 257
[0.800s] -- Added test 'xmllint' to check XML markup files
[0.801s] -- Configuring done (0.6s)
[0.803s] -- Generating done (0.0s)
[0.804s] -- Build files have been written to: /home/kuldip/myroboticarm_ws/src/build/myroboticarm_controller
[0.808s] Invoked command in '/home/kuldip/myroboticarm_ws/src/build/myroboticarm_controller' returned '0': CMAKE_PREFIX_PATH=${CMAKE_PREFIX_PATH}:/home/kuldip/myroboticarm_ws/install/myroboticarm_description:/home/kuldip/myroboticarm_ws/install/myroboticarm:/home/kuldip/arduinobot_ws/install/arduinobot_py_examples:/home/kuldip/myroboticarm_ws/src/install/myroboticarm:/opt/ros/jazzy DEBUGINFOD_URLS=https://debuginfod.ubuntu.com /usr/bin/cmake /home/kuldip/myroboticarm_ws/src/myroboticarm_controller -DCMAKE_INSTALL_PREFIX=/home/kuldip/myroboticarm_ws/src/install/myroboticarm_controller
[0.809s] Invoking command in '/home/kuldip/myroboticarm_ws/src/build/myroboticarm_controller': CMAKE_PREFIX_PATH=${CMAKE_PREFIX_PATH}:/home/kuldip/myroboticarm_ws/install/myroboticarm_description:/home/kuldip/myroboticarm_ws/install/myroboticarm:/home/kuldip/arduinobot_ws/install/arduinobot_py_examples:/home/kuldip/myroboticarm_ws/src/install/myroboticarm:/opt/ros/jazzy DEBUGINFOD_URLS=https://debuginfod.ubuntu.com /usr/bin/cmake --build /home/kuldip/myroboticarm_ws/src/build/myroboticarm_controller -- -j12 -l12
[0.847s] Invoked command in '/home/kuldip/myroboticarm_ws/src/build/myroboticarm_controller' returned '0': CMAKE_PREFIX_PATH=${CMAKE_PREFIX_PATH}:/home/kuldip/myroboticarm_ws/install/myroboticarm_description:/home/kuldip/myroboticarm_ws/install/myroboticarm:/home/kuldip/arduinobot_ws/install/arduinobot_py_examples:/home/kuldip/myroboticarm_ws/src/install/myroboticarm:/opt/ros/jazzy DEBUGINFOD_URLS=https://debuginfod.ubuntu.com /usr/bin/cmake --build /home/kuldip/myroboticarm_ws/src/build/myroboticarm_controller -- -j12 -l12
[0.848s] Invoking command in '/home/kuldip/myroboticarm_ws/src/build/myroboticarm_controller': CMAKE_PREFIX_PATH=${CMAKE_PREFIX_PATH}:/home/kuldip/myroboticarm_ws/install/myroboticarm_description:/home/kuldip/myroboticarm_ws/install/myroboticarm:/home/kuldip/arduinobot_ws/install/arduinobot_py_examples:/home/kuldip/myroboticarm_ws/src/install/myroboticarm:/opt/ros/jazzy DEBUGINFOD_URLS=https://debuginfod.ubuntu.com /usr/bin/cmake --install /home/kuldip/myroboticarm_ws/src/build/myroboticarm_controller
[0.854s] -- Install configuration: ""
[0.854s] -- Installing: /home/kuldip/myroboticarm_ws/src/install/myroboticarm_controller/share/myroboticarm_controller/config
[0.854s] -- Installing: /home/kuldip/myroboticarm_ws/src/install/myroboticarm_controller/share/myroboticarm_controller/config/myroboticarm_controller.yaml
[0.854s] -- Installing: /home/kuldip/myroboticarm_ws/src/install/myroboticarm_controller/share/myroboticarm_controller/launch
[0.854s] -- Installing: /home/kuldip/myroboticarm_ws/src/install/myroboticarm_controller/share/myroboticarm_controller/launch/controller.launch.py
[0.854s] -- Installing: /home/kuldip/myroboticarm_ws/src/install/myroboticarm_controller/share/ament_index/resource_index/package_run_dependencies/myroboticarm_controller
[0.855s] -- Installing: /home/kuldip/myroboticarm_ws/src/install/myroboticarm_controller/share/ament_index/resource_index/parent_prefix_path/myroboticarm_controller
[0.855s] -- Installing: /home/kuldip/myroboticarm_ws/src/install/myroboticarm_controller/share/myroboticarm_controller/environment/ament_prefix_path.sh
[0.855s] -- Installing: /home/kuldip/myroboticarm_ws/src/install/myroboticarm_controller/share/myroboticarm_controller/environment/ament_prefix_path.dsv
[0.855s] -- Installing: /home/kuldip/myroboticarm_ws/src/install/myroboticarm_controller/share/myroboticarm_controller/environment/path.sh
[0.855s] -- Installing: /home/kuldip/myroboticarm_ws/src/install/myroboticarm_controller/share/myroboticarm_controller/environment/path.dsv
[0.855s] -- Installing: /home/kuldip/myroboticarm_ws/src/install/myroboticarm_controller/share/myroboticarm_controller/local_setup.bash
[0.855s] -- Installing: /home/kuldip/myroboticarm_ws/src/install/myroboticarm_controller/share/myroboticarm_controller/local_setup.sh
[0.855s] -- Installing: /home/kuldip/myroboticarm_ws/src/install/myroboticarm_controller/share/myroboticarm_controller/local_setup.zsh
[0.855s] -- Installing: /home/kuldip/myroboticarm_ws/src/install/myroboticarm_controller/share/myroboticarm_controller/local_setup.dsv
[0.855s] -- Installing: /home/kuldip/myroboticarm_ws/src/install/myroboticarm_controller/share/myroboticarm_controller/package.dsv
[0.856s] -- Installing: /home/kuldip/myroboticarm_ws/src/install/myroboticarm_controller/share/ament_index/resource_index/packages/myroboticarm_controller
[0.856s] -- Installing: /home/kuldip/myroboticarm_ws/src/install/myroboticarm_controller/share/myroboticarm_controller/cmake/myroboticarm_controllerConfig.cmake
[0.856s] -- Installing: /home/kuldip/myroboticarm_ws/src/install/myroboticarm_controller/share/myroboticarm_controller/cmake/myroboticarm_controllerConfig-version.cmake
[0.856s] -- Installing: /home/kuldip/myroboticarm_ws/src/install/myroboticarm_controller/share/myroboticarm_controller/package.xml
[0.857s] Invoked command in '/home/kuldip/myroboticarm_ws/src/build/myroboticarm_controller' returned '0': CMAKE_PREFIX_PATH=${CMAKE_PREFIX_PATH}:/home/kuldip/myroboticarm_ws/install/myroboticarm_description:/home/kuldip/myroboticarm_ws/install/myroboticarm:/home/kuldip/arduinobot_ws/install/arduinobot_py_examples:/home/kuldip/myroboticarm_ws/src/install/myroboticarm:/opt/ros/jazzy DEBUGINFOD_URLS=https://debuginfod.ubuntu.com /usr/bin/cmake --install /home/kuldip/myroboticarm_ws/src/build/myroboticarm_controller
