-- Install configuration: ""
-- Installing: /home/kuldip/myroboticarm_ws/install/myroboticarm_description_cpp/share/myroboticarm_description_cpp/urdf
-- Installing: /home/kuldip/myroboticarm_ws/install/myroboticarm_description_cpp/share/myroboticarm_description_cpp/urdf/myroboticarm.urdf.xacro
-- Up-to-date: /home/kuldip/myroboticarm_ws/install/myroboticarm_description_cpp/share/myroboticarm_description_cpp/meshes
-- Up-to-date: /home/kuldip/myroboticarm_ws/install/myroboticarm_description_cpp/share/myroboticarm_description_cpp/meshes/horizontal_arm.STL
-- Up-to-date: /home/kuldip/myroboticarm_ws/install/myroboticarm_description_cpp/share/myroboticarm_description_cpp/meshes/right_finger.STL
-- Up-to-date: /home/kuldip/myroboticarm_ws/install/myroboticarm_description_cpp/share/myroboticarm_description_cpp/meshes/left_finger.STL
-- Up-to-date: /home/kuldip/myroboticarm_ws/install/myroboticarm_description_cpp/share/myroboticarm_description_cpp/meshes/claw_support.STL
-- Up-to-date: /home/kuldip/myroboticarm_ws/install/myroboticarm_description_cpp/share/myroboticarm_description_cpp/meshes/plate.STL
-- Up-to-date: /home/kuldip/myroboticarm_ws/install/myroboticarm_description_cpp/share/myroboticarm_description_cpp/meshes/base_plate.STL
-- Up-to-date: /home/kuldip/myroboticarm_ws/install/myroboticarm_description_cpp/share/myroboticarm_description_cpp/meshes/triangular_link.STL
-- Up-to-date: /home/kuldip/myroboticarm_ws/install/myroboticarm_description_cpp/share/myroboticarm_description_cpp/meshes/servo_plate.STL
-- Up-to-date: /home/kuldip/myroboticarm_ws/install/myroboticarm_description_cpp/share/myroboticarm_description_cpp/meshes/vertical_drive_arm.STL
-- Up-to-date: /home/kuldip/myroboticarm_ws/install/myroboticarm_description_cpp/share/myroboticarm_description_cpp/meshes/forward_drive_arm.STL
-- Up-to-date: /home/kuldip/myroboticarm_ws/install/myroboticarm_description_cpp/share/myroboticarm_description_cpp/meshes/round_plate.STL
-- Up-to-date: /home/kuldip/myroboticarm_ws/install/myroboticarm_description_cpp/share/myroboticarm_description_cpp/meshes/basement.STL
-- Up-to-date: /home/kuldip/myroboticarm_ws/install/myroboticarm_description_cpp/share/myroboticarm_description_cpp/meshes/link.STL
-- Installing: /home/kuldip/myroboticarm_ws/install/myroboticarm_description_cpp/share/ament_index/resource_index/package_run_dependencies/myroboticarm_description_cpp
-- Installing: /home/kuldip/myroboticarm_ws/install/myroboticarm_description_cpp/share/ament_index/resource_index/parent_prefix_path/myroboticarm_description_cpp
-- Installing: /home/kuldip/myroboticarm_ws/install/myroboticarm_description_cpp/share/myroboticarm_description_cpp/environment/ament_prefix_path.sh
-- Installing: /home/kuldip/myroboticarm_ws/install/myroboticarm_description_cpp/share/myroboticarm_description_cpp/environment/ament_prefix_path.dsv
-- Installing: /home/kuldip/myroboticarm_ws/install/myroboticarm_description_cpp/share/myroboticarm_description_cpp/environment/path.sh
-- Installing: /home/kuldip/myroboticarm_ws/install/myroboticarm_description_cpp/share/myroboticarm_description_cpp/environment/path.dsv
-- Installing: /home/kuldip/myroboticarm_ws/install/myroboticarm_description_cpp/share/myroboticarm_description_cpp/local_setup.bash
-- Installing: /home/kuldip/myroboticarm_ws/install/myroboticarm_description_cpp/share/myroboticarm_description_cpp/local_setup.sh
-- Installing: /home/kuldip/myroboticarm_ws/install/myroboticarm_description_cpp/share/myroboticarm_description_cpp/local_setup.zsh
-- Installing: /home/kuldip/myroboticarm_ws/install/myroboticarm_description_cpp/share/myroboticarm_description_cpp/local_setup.dsv
-- Installing: /home/kuldip/myroboticarm_ws/install/myroboticarm_description_cpp/share/myroboticarm_description_cpp/package.dsv
-- Installing: /home/kuldip/myroboticarm_ws/install/myroboticarm_description_cpp/share/ament_index/resource_index/packages/myroboticarm_description_cpp
-- Installing: /home/kuldip/myroboticarm_ws/install/myroboticarm_description_cpp/share/myroboticarm_description_cpp/cmake/myroboticarm_description_cppConfig.cmake
-- Installing: /home/kuldip/myroboticarm_ws/install/myroboticarm_description_cpp/share/myroboticarm_description_cpp/cmake/myroboticarm_description_cppConfig-version.cmake
-- Installing: /home/kuldip/myroboticarm_ws/install/myroboticarm_description_cpp/share/myroboticarm_description_cpp/package.xml
