[0.196s] Invoking command in '/home/kuldip/myroboticarm_ws/build/myroboticarm_description_cpp': CMAKE_PREFIX_PATH=${CMAKE_PREFIX_PATH}:/home/kuldip/myroboticarm_ws/install/myroboticarm_description:/home/kuldip/myroboticarm_ws/install/myroboticarm:/home/kuldip/arduinobot_ws/install/arduinobot_py_examples:/home/kuldip/myroboticarm_ws/src/install/myroboticarm:/opt/ros/jazzy DEBUGINFOD_URLS=https://debuginfod.ubuntu.com /usr/bin/cmake --build /home/kuldip/myroboticarm_ws/build/myroboticarm_description_cpp -- -j12 -l12
[0.223s] Invoked command in '/home/kuldip/myroboticarm_ws/build/myroboticarm_description_cpp' returned '0': CMAKE_PREFIX_PATH=${CMAKE_PREFIX_PATH}:/home/kuldip/myroboticarm_ws/install/myroboticarm_description:/home/kuldip/myroboticarm_ws/install/myroboticarm:/home/kuldip/arduinobot_ws/install/arduinobot_py_examples:/home/kuldip/myroboticarm_ws/src/install/myroboticarm:/opt/ros/jazzy DEBUGINFOD_URLS=https://debuginfod.ubuntu.com /usr/bin/cmake --build /home/kuldip/myroboticarm_ws/build/myroboticarm_description_cpp -- -j12 -l12
[0.232s] Invoking command in '/home/kuldip/myroboticarm_ws/build/myroboticarm_description_cpp': CMAKE_PREFIX_PATH=${CMAKE_PREFIX_PATH}:/home/kuldip/myroboticarm_ws/install/myroboticarm_description:/home/kuldip/myroboticarm_ws/install/myroboticarm:/home/kuldip/arduinobot_ws/install/arduinobot_py_examples:/home/kuldip/myroboticarm_ws/src/install/myroboticarm:/opt/ros/jazzy DEBUGINFOD_URLS=https://debuginfod.ubuntu.com /usr/bin/cmake --install /home/kuldip/myroboticarm_ws/build/myroboticarm_description_cpp
[0.238s] -- Install configuration: ""
[0.238s] -- Up-to-date: /home/kuldip/myroboticarm_ws/install/myroboticarm_description_cpp/share/myroboticarm_description_cpp/urdf
[0.238s] -- Up-to-date: /home/kuldip/myroboticarm_ws/install/myroboticarm_description_cpp/share/myroboticarm_description_cpp/urdf/myroboticarm_ros2_control.xacro
[0.239s] -- Up-to-date: /home/kuldip/myroboticarm_ws/install/myroboticarm_description_cpp/share/myroboticarm_description_cpp/urdf/myroboticarm.urdf.xacro
[0.239s] -- Up-to-date: /home/kuldip/myroboticarm_ws/install/myroboticarm_description_cpp/share/myroboticarm_description_cpp/urdf/myroboticarm_gazebo.xacro
[0.239s] -- Up-to-date: /home/kuldip/myroboticarm_ws/install/myroboticarm_description_cpp/share/myroboticarm_description_cpp/meshes
[0.239s] -- Up-to-date: /home/kuldip/myroboticarm_ws/install/myroboticarm_description_cpp/share/myroboticarm_description_cpp/meshes/horizontal_arm.STL
[0.239s] -- Up-to-date: /home/kuldip/myroboticarm_ws/install/myroboticarm_description_cpp/share/myroboticarm_description_cpp/meshes/forward_drive_arm.dae
[0.239s] -- Up-to-date: /home/kuldip/myroboticarm_ws/install/myroboticarm_description_cpp/share/myroboticarm_description_cpp/meshes/plate.dae
[0.239s] -- Up-to-date: /home/kuldip/myroboticarm_ws/install/myroboticarm_description_cpp/share/myroboticarm_description_cpp/meshes/right_finger.obj
[0.239s] -- Up-to-date: /home/kuldip/myroboticarm_ws/install/myroboticarm_description_cpp/share/myroboticarm_description_cpp/meshes/left_finger.obj
[0.239s] -- Up-to-date: /home/kuldip/myroboticarm_ws/install/myroboticarm_description_cpp/share/myroboticarm_description_cpp/meshes/vertical_drive_arm.dae
[0.239s] -- Up-to-date: /home/kuldip/myroboticarm_ws/install/myroboticarm_description_cpp/share/myroboticarm_description_cpp/meshes/round_plate.STL
[0.239s] -- Up-to-date: /home/kuldip/myroboticarm_ws/install/myroboticarm_description_cpp/share/myroboticarm_description_cpp/meshes/right_finger.dae
[0.239s] -- Up-to-date: /home/kuldip/myroboticarm_ws/install/myroboticarm_description_cpp/share/myroboticarm_description_cpp/meshes/servo_plate.STL
[0.240s] -- Up-to-date: /home/kuldip/myroboticarm_ws/install/myroboticarm_description_cpp/share/myroboticarm_description_cpp/meshes/round_plate.dae
[0.240s] -- Up-to-date: /home/kuldip/myroboticarm_ws/install/myroboticarm_description_cpp/share/myroboticarm_description_cpp/meshes/servo_plate.obj
[0.240s] -- Up-to-date: /home/kuldip/myroboticarm_ws/install/myroboticarm_description_cpp/share/myroboticarm_description_cpp/meshes/link.dae
[0.240s] -- Up-to-date: /home/kuldip/myroboticarm_ws/install/myroboticarm_description_cpp/share/myroboticarm_description_cpp/meshes/link.obj
[0.240s] -- Up-to-date: /home/kuldip/myroboticarm_ws/install/myroboticarm_description_cpp/share/myroboticarm_description_cpp/meshes/plate.STL
[0.240s] -- Up-to-date: /home/kuldip/myroboticarm_ws/install/myroboticarm_description_cpp/share/myroboticarm_description_cpp/meshes/horizontal_arm.obj
[0.240s] -- Up-to-date: /home/kuldip/myroboticarm_ws/install/myroboticarm_description_cpp/share/myroboticarm_description_cpp/meshes/basement.obj
[0.241s] -- Up-to-date: /home/kuldip/myroboticarm_ws/install/myroboticarm_description_cpp/share/myroboticarm_description_cpp/meshes/pi_camera.STL
[0.241s] -- Up-to-date: /home/kuldip/myroboticarm_ws/install/myroboticarm_description_cpp/share/myroboticarm_description_cpp/meshes/claw_support.obj
[0.241s] -- Up-to-date: /home/kuldip/myroboticarm_ws/install/myroboticarm_description_cpp/share/myroboticarm_description_cpp/meshes/plate.obj
[0.241s] -- Up-to-date: /home/kuldip/myroboticarm_ws/install/myroboticarm_description_cpp/share/myroboticarm_description_cpp/meshes/right_finger.STL
[0.241s] -- Up-to-date: /home/kuldip/myroboticarm_ws/install/myroboticarm_description_cpp/share/myroboticarm_description_cpp/meshes/round_plate.obj
[0.241s] -- Up-to-date: /home/kuldip/myroboticarm_ws/install/myroboticarm_description_cpp/share/myroboticarm_description_cpp/meshes/pi_camera.obj
[0.241s] -- Up-to-date: /home/kuldip/myroboticarm_ws/install/myroboticarm_description_cpp/share/myroboticarm_description_cpp/meshes/claw_support.STL
[0.241s] -- Up-to-date: /home/kuldip/myroboticarm_ws/install/myroboticarm_description_cpp/share/myroboticarm_description_cpp/meshes/servo_plate.dae
[0.242s] -- Up-to-date: /home/kuldip/myroboticarm_ws/install/myroboticarm_description_cpp/share/myroboticarm_description_cpp/meshes/vertical_drive_arm.STL
[0.242s] -- Up-to-date: /home/kuldip/myroboticarm_ws/install/myroboticarm_description_cpp/share/myroboticarm_description_cpp/meshes/triangular_link.STL
[0.242s] -- Up-to-date: /home/kuldip/myroboticarm_ws/install/myroboticarm_description_cpp/share/myroboticarm_description_cpp/meshes/basement.dae
[0.242s] -- Up-to-date: /home/kuldip/myroboticarm_ws/install/myroboticarm_description_cpp/share/myroboticarm_description_cpp/meshes/forward_drive_arm.STL
[0.242s] -- Up-to-date: /home/kuldip/myroboticarm_ws/install/myroboticarm_description_cpp/share/myroboticarm_description_cpp/meshes/basement.STL
[0.243s] -- Up-to-date: /home/kuldip/myroboticarm_ws/install/myroboticarm_description_cpp/share/myroboticarm_description_cpp/meshes/forward_drive_arm.obj
[0.243s] -- Up-to-date: /home/kuldip/myroboticarm_ws/install/myroboticarm_description_cpp/share/myroboticarm_description_cpp/meshes/left_finger.dae
[0.243s] -- Up-to-date: /home/kuldip/myroboticarm_ws/install/myroboticarm_description_cpp/share/myroboticarm_description_cpp/meshes/claw_support.dae
[0.243s] -- Up-to-date: /home/kuldip/myroboticarm_ws/install/myroboticarm_description_cpp/share/myroboticarm_description_cpp/meshes/triangular_link.dae
[0.243s] -- Up-to-date: /home/kuldip/myroboticarm_ws/install/myroboticarm_description_cpp/share/myroboticarm_description_cpp/meshes/base_plate.dae
[0.243s] -- Up-to-date: /home/kuldip/myroboticarm_ws/install/myroboticarm_description_cpp/share/myroboticarm_description_cpp/meshes/horizontal_arm.dae
[0.243s] -- Up-to-date: /home/kuldip/myroboticarm_ws/install/myroboticarm_description_cpp/share/myroboticarm_description_cpp/meshes/pi_camera.dae
[0.243s] -- Up-to-date: /home/kuldip/myroboticarm_ws/install/myroboticarm_description_cpp/share/myroboticarm_description_cpp/meshes/left_finger.STL
[0.243s] -- Up-to-date: /home/kuldip/myroboticarm_ws/install/myroboticarm_description_cpp/share/myroboticarm_description_cpp/meshes/base_plate.obj
[0.243s] -- Up-to-date: /home/kuldip/myroboticarm_ws/install/myroboticarm_description_cpp/share/myroboticarm_description_cpp/meshes/link.STL
[0.243s] -- Up-to-date: /home/kuldip/myroboticarm_ws/install/myroboticarm_description_cpp/share/myroboticarm_description_cpp/meshes/base_plate.STL
[0.243s] -- Up-to-date: /home/kuldip/myroboticarm_ws/install/myroboticarm_description_cpp/share/myroboticarm_description_cpp/launch
[0.244s] -- Up-to-date: /home/kuldip/myroboticarm_ws/install/myroboticarm_description_cpp/share/myroboticarm_description_cpp/launch/display.launch.py
[0.244s] -- Up-to-date: /home/kuldip/myroboticarm_ws/install/myroboticarm_description_cpp/share/myroboticarm_description_cpp/launch/gazebo.launch.py
[0.244s] -- Up-to-date: /home/kuldip/myroboticarm_ws/install/myroboticarm_description_cpp/share/myroboticarm_description_cpp/rviz
[0.244s] -- Up-to-date: /home/kuldip/myroboticarm_ws/install/myroboticarm_description_cpp/share/myroboticarm_description_cpp/rviz/display2.rviz
[0.244s] -- Up-to-date: /home/kuldip/myroboticarm_ws/install/myroboticarm_description_cpp/share/myroboticarm_description_cpp/rviz/display.rviz
[0.244s] -- Up-to-date: /home/kuldip/myroboticarm_ws/install/myroboticarm_description_cpp/share/ament_index/resource_index/package_run_dependencies/myroboticarm_description_cpp
[0.244s] -- Up-to-date: /home/kuldip/myroboticarm_ws/install/myroboticarm_description_cpp/share/ament_index/resource_index/parent_prefix_path/myroboticarm_description_cpp
[0.244s] -- Up-to-date: /home/kuldip/myroboticarm_ws/install/myroboticarm_description_cpp/share/myroboticarm_description_cpp/environment/ament_prefix_path.sh
[0.244s] -- Up-to-date: /home/kuldip/myroboticarm_ws/install/myroboticarm_description_cpp/share/myroboticarm_description_cpp/environment/ament_prefix_path.dsv
[0.244s] -- Up-to-date: /home/kuldip/myroboticarm_ws/install/myroboticarm_description_cpp/share/myroboticarm_description_cpp/environment/path.sh
[0.244s] -- Up-to-date: /home/kuldip/myroboticarm_ws/install/myroboticarm_description_cpp/share/myroboticarm_description_cpp/environment/path.dsv
[0.244s] -- Up-to-date: /home/kuldip/myroboticarm_ws/install/myroboticarm_description_cpp/share/myroboticarm_description_cpp/local_setup.bash
[0.245s] -- Up-to-date: /home/kuldip/myroboticarm_ws/install/myroboticarm_description_cpp/share/myroboticarm_description_cpp/local_setup.sh
[0.245s] -- Up-to-date: /home/kuldip/myroboticarm_ws/install/myroboticarm_description_cpp/share/myroboticarm_description_cpp/local_setup.zsh
[0.245s] -- Up-to-date: /home/kuldip/myroboticarm_ws/install/myroboticarm_description_cpp/share/myroboticarm_description_cpp/local_setup.dsv
[0.245s] -- Installing: /home/kuldip/myroboticarm_ws/install/myroboticarm_description_cpp/share/myroboticarm_description_cpp/package.dsv
[0.245s] -- Up-to-date: /home/kuldip/myroboticarm_ws/install/myroboticarm_description_cpp/share/ament_index/resource_index/packages/myroboticarm_description_cpp
[0.245s] -- Up-to-date: /home/kuldip/myroboticarm_ws/install/myroboticarm_description_cpp/share/myroboticarm_description_cpp/cmake/myroboticarm_description_cppConfig.cmake
[0.245s] -- Up-to-date: /home/kuldip/myroboticarm_ws/install/myroboticarm_description_cpp/share/myroboticarm_description_cpp/cmake/myroboticarm_description_cppConfig-version.cmake
[0.245s] -- Up-to-date: /home/kuldip/myroboticarm_ws/install/myroboticarm_description_cpp/share/myroboticarm_description_cpp/package.xml
[0.246s] Invoked command in '/home/kuldip/myroboticarm_ws/build/myroboticarm_description_cpp' returned '0': CMAKE_PREFIX_PATH=${CMAKE_PREFIX_PATH}:/home/kuldip/myroboticarm_ws/install/myroboticarm_description:/home/kuldip/myroboticarm_ws/install/myroboticarm:/home/kuldip/arduinobot_ws/install/arduinobot_py_examples:/home/kuldip/myroboticarm_ws/src/install/myroboticarm:/opt/ros/jazzy DEBUGINFOD_URLS=https://debuginfod.ubuntu.com /usr/bin/cmake --install /home/kuldip/myroboticarm_ws/build/myroboticarm_description_cpp
