[1.001s] Invoking command in '/home/kuldip/myroboticarm_ws/src/myroboticarm': DEBUGINFOD_URLS=https://debuginfod.ubuntu.com PYTHONPATH=/home/kuldip/myroboticarm_ws/build/myroboticarm/prefix_override:/usr/lib/python3/dist-packages/colcon_core/task/python/colcon_distutils_commands:/home/kuldip/myroboticarm_ws/install/myroboticarm/lib/python3.12/site-packages:${PYTHONPATH} /usr/bin/python3 -W ignore:setup.py install is deprecated -W ignore:easy_install command is deprecated setup.py egg_info --egg-base ../../build/myroboticarm build --build-base /home/kuldip/myroboticarm_ws/build/myroboticarm/build install --record /home/kuldip/myroboticarm_ws/build/myroboticarm/install.log --single-version-externally-managed install_data
[1.401s] running egg_info
[1.424s] writing ../../build/myroboticarm/myroboticarm.egg-info/PKG-INFO
[1.424s] writing dependency_links to ../../build/myroboticarm/myroboticarm.egg-info/dependency_links.txt
[1.424s] writing entry points to ../../build/myroboticarm/myroboticarm.egg-info/entry_points.txt
[1.424s] writing requirements to ../../build/myroboticarm/myroboticarm.egg-info/requires.txt
[1.425s] writing top-level names to ../../build/myroboticarm/myroboticarm.egg-info/top_level.txt
[1.468s] reading manifest file '../../build/myroboticarm/myroboticarm.egg-info/SOURCES.txt'
[1.469s] writing manifest file '../../build/myroboticarm/myroboticarm.egg-info/SOURCES.txt'
[1.469s] running build
[1.469s] running build_py
[1.470s] running install
[1.477s] running install_lib
[1.499s] running install_data
[1.499s] running install_egg_info
[1.522s] removing '/home/kuldip/myroboticarm_ws/install/myroboticarm/lib/python3.12/site-packages/myroboticarm-0.0.0-py3.12.egg-info' (and everything under it)
[1.522s] Copying ../../build/myroboticarm/myroboticarm.egg-info to /home/kuldip/myroboticarm_ws/install/myroboticarm/lib/python3.12/site-packages/myroboticarm-0.0.0-py3.12.egg-info
[1.523s] running install_scripts
[1.670s] Installing simple_parameter script to /home/kuldip/myroboticarm_ws/install/myroboticarm/lib/myroboticarm
[1.670s] Installing simple_publisher script to /home/kuldip/myroboticarm_ws/install/myroboticarm/lib/myroboticarm
[1.670s] Installing simple_subscriber script to /home/kuldip/myroboticarm_ws/install/myroboticarm/lib/myroboticarm
[1.670s] writing list of installed files to '/home/kuldip/myroboticarm_ws/build/myroboticarm/install.log'
[1.710s] Invoked command in '/home/kuldip/myroboticarm_ws/src/myroboticarm' returned '0': DEBUGINFOD_URLS=https://debuginfod.ubuntu.com PYTHONPATH=/home/kuldip/myroboticarm_ws/build/myroboticarm/prefix_override:/usr/lib/python3/dist-packages/colcon_core/task/python/colcon_distutils_commands:/home/kuldip/myroboticarm_ws/install/myroboticarm/lib/python3.12/site-packages:${PYTHONPATH} /usr/bin/python3 -W ignore:setup.py install is deprecated -W ignore:easy_install command is deprecated setup.py egg_info --egg-base ../../build/myroboticarm build --build-base /home/kuldip/myroboticarm_ws/build/myroboticarm/build install --record /home/kuldip/myroboticarm_ws/build/myroboticarm/install.log --single-version-externally-managed install_data
