-- The C compiler identification is GNU 11.4.0
-- The CXX compiler identification is GNU 11.4.0
-- Detecting C compiler ABI info
-- Detecting C compiler ABI info - done
-- Check for working C compiler: /usr/bin/cc - skipped
-- Detecting C compile features
-- Detecting C compile features - done
-- Detecting CXX compiler ABI info
-- Detecting CXX compiler ABI info - done
-- Check for working CXX compiler: /usr/bin/c++ - skipped
-- Detecting CXX compile features
-- Detecting CXX compile features - done
-- Found ament_cmake: 1.3.11 (/opt/ros/humble/share/ament_cmake/cmake)
-- Found Python3: /usr/bin/python3 (found version "3.10.12") found components: Interpreter 
-- Found ament_lint_auto: 0.12.12 (/opt/ros/humble/share/ament_lint_auto/cmake)
-- Added test 'lint_cmake' to check CMake code style
-- Added test 'xmllint' to check XML markup files
-- Configuring done
-- Generating done
-- Build files have been written to: /home/kuldip/myroboticarm_ws/src/build/myroboticarm_cpp
-- Install configuration: ""
-- Installing: /home/kuldip/myroboticarm_ws/src/install/myroboticarm_cpp/share/ament_index/resource_index/package_run_dependencies/myroboticarm_cpp
-- Installing: /home/kuldip/myroboticarm_ws/src/install/myroboticarm_cpp/share/ament_index/resource_index/parent_prefix_path/myroboticarm_cpp
-- Installing: /home/kuldip/myroboticarm_ws/src/install/myroboticarm_cpp/share/myroboticarm_cpp/environment/ament_prefix_path.sh
-- Installing: /home/kuldip/myroboticarm_ws/src/install/myroboticarm_cpp/share/myroboticarm_cpp/environment/ament_prefix_path.dsv
-- Installing: /home/kuldip/myroboticarm_ws/src/install/myroboticarm_cpp/share/myroboticarm_cpp/environment/path.sh
-- Installing: /home/kuldip/myroboticarm_ws/src/install/myroboticarm_cpp/share/myroboticarm_cpp/environment/path.dsv
-- Installing: /home/kuldip/myroboticarm_ws/src/install/myroboticarm_cpp/share/myroboticarm_cpp/local_setup.bash
-- Installing: /home/kuldip/myroboticarm_ws/src/install/myroboticarm_cpp/share/myroboticarm_cpp/local_setup.sh
-- Installing: /home/kuldip/myroboticarm_ws/src/install/myroboticarm_cpp/share/myroboticarm_cpp/local_setup.zsh
-- Installing: /home/kuldip/myroboticarm_ws/src/install/myroboticarm_cpp/share/myroboticarm_cpp/local_setup.dsv
-- Installing: /home/kuldip/myroboticarm_ws/src/install/myroboticarm_cpp/share/myroboticarm_cpp/package.dsv
-- Installing: /home/kuldip/myroboticarm_ws/src/install/myroboticarm_cpp/share/ament_index/resource_index/packages/myroboticarm_cpp
-- Installing: /home/kuldip/myroboticarm_ws/src/install/myroboticarm_cpp/share/myroboticarm_cpp/cmake/myroboticarm_cppConfig.cmake
-- Installing: /home/kuldip/myroboticarm_ws/src/install/myroboticarm_cpp/share/myroboticarm_cpp/cmake/myroboticarm_cppConfig-version.cmake
-- Installing: /home/kuldip/myroboticarm_ws/src/install/myroboticarm_cpp/share/myroboticarm_cpp/package.xml
