[  1%] Built target myroboticarm_msgs__rosidl_generator_type_description
[  1%] Built target ament_cmake_python_copy_myroboticarm_msgs
[  3%] Built target myroboticarm_msgs__cpp
[ 25%] Built target myroboticarm_msgs__rosidl_generator_c
[ 34%] Built target myroboticarm_msgs__rosidl_typesupport_cpp
[ 59%] Built target myroboticarm_msgs__rosidl_typesupport_fastrtps_cpp
[ 62%] Built target myroboticarm_msgs__rosidl_typesupport_fastrtps_c
[ 62%] Built target myroboticarm_msgs__rosidl_typesupport_c
[ 78%] Built target myroboticarm_msgs__rosidl_typesupport_introspection_cpp
[ 81%] Built target myroboticarm_msgs__rosidl_typesupport_introspection_c
[ 81%] Built target myroboticarm_msgs
[ 82%] Built target myroboticarm_msgs__py
[ 90%] Built target myroboticarm_msgs__rosidl_generator_py
[ 96%] Built target myroboticarm_msgs_s__rosidl_typesupport_c
[ 96%] Built target myroboticarm_msgs_s__rosidl_typesupport_fastrtps_c
[100%] Built target myroboticarm_msgs_s__rosidl_typesupport_introspection_c
running egg_info
writing myroboticarm_msgs.egg-info/PKG-INFO
writing dependency_links to myroboticarm_msgs.egg-info/dependency_links.txt
writing top-level names to myroboticarm_msgs.egg-info/top_level.txt
reading manifest file 'myroboticarm_msgs.egg-info/SOURCES.txt'
writing manifest file 'myroboticarm_msgs.egg-info/SOURCES.txt'
[100%] Built target ament_cmake_python_build_myroboticarm_msgs_egg
-- Install configuration: ""
-- Up-to-date: /home/kuldip/myroboticarm_ws/install/myroboticarm_msgs/share/ament_index/resource_index/rosidl_interfaces/myroboticarm_msgs
-- Up-to-date: /home/kuldip/myroboticarm_ws/install/myroboticarm_msgs/share/myroboticarm_msgs/srv/AddTwoints.json
-- Up-to-date: /home/kuldip/myroboticarm_ws/install/myroboticarm_msgs/share/myroboticarm_msgs/srv/EuToQuater.json
-- Up-to-date: /home/kuldip/myroboticarm_ws/install/myroboticarm_msgs/share/myroboticarm_msgs/srv/QuaterToEu.json
-- Up-to-date: /home/kuldip/myroboticarm_ws/install/myroboticarm_msgs/share/myroboticarm_msgs/action/Fibonacci.json
-- Up-to-date: /home/kuldip/myroboticarm_ws/install/myroboticarm_msgs/include/myroboticarm_msgs/myroboticarm_msgs
-- Up-to-date: /home/kuldip/myroboticarm_ws/install/myroboticarm_msgs/include/myroboticarm_msgs/myroboticarm_msgs/msg
-- Up-to-date: /home/kuldip/myroboticarm_ws/install/myroboticarm_msgs/include/myroboticarm_msgs/myroboticarm_msgs/msg/rosidl_generator_c__visibility_control.h
-- Up-to-date: /home/kuldip/myroboticarm_ws/install/myroboticarm_msgs/include/myroboticarm_msgs/myroboticarm_msgs/action
-- Up-to-date: /home/kuldip/myroboticarm_ws/install/myroboticarm_msgs/include/myroboticarm_msgs/myroboticarm_msgs/action/detail
-- Up-to-date: /home/kuldip/myroboticarm_ws/install/myroboticarm_msgs/include/myroboticarm_msgs/myroboticarm_msgs/action/detail/fibonacci__functions.h
-- Up-to-date: /home/kuldip/myroboticarm_ws/install/myroboticarm_msgs/include/myroboticarm_msgs/myroboticarm_msgs/action/detail/fibonacci__struct.h
-- Up-to-date: /home/kuldip/myroboticarm_ws/install/myroboticarm_msgs/include/myroboticarm_msgs/myroboticarm_msgs/action/detail/fibonacci__type_support.h
-- Up-to-date: /home/kuldip/myroboticarm_ws/install/myroboticarm_msgs/include/myroboticarm_msgs/myroboticarm_msgs/action/detail/fibonacci__type_support.c
-- Up-to-date: /home/kuldip/myroboticarm_ws/install/myroboticarm_msgs/include/myroboticarm_msgs/myroboticarm_msgs/action/detail/fibonacci__functions.c
-- Up-to-date: /home/kuldip/myroboticarm_ws/install/myroboticarm_msgs/include/myroboticarm_msgs/myroboticarm_msgs/action/detail/fibonacci__description.c
-- Up-to-date: /home/kuldip/myroboticarm_ws/install/myroboticarm_msgs/include/myroboticarm_msgs/myroboticarm_msgs/action/fibonacci.h
-- Up-to-date: /home/kuldip/myroboticarm_ws/install/myroboticarm_msgs/include/myroboticarm_msgs/myroboticarm_msgs/srv
-- Up-to-date: /home/kuldip/myroboticarm_ws/install/myroboticarm_msgs/include/myroboticarm_msgs/myroboticarm_msgs/srv/detail
-- Up-to-date: /home/kuldip/myroboticarm_ws/install/myroboticarm_msgs/include/myroboticarm_msgs/myroboticarm_msgs/srv/detail/quater_to_eu__functions.h
-- Up-to-date: /home/kuldip/myroboticarm_ws/install/myroboticarm_msgs/include/myroboticarm_msgs/myroboticarm_msgs/srv/detail/eu_to_quater__functions.c
-- Up-to-date: /home/kuldip/myroboticarm_ws/install/myroboticarm_msgs/include/myroboticarm_msgs/myroboticarm_msgs/srv/detail/quater_to_eu__type_support.h
-- Up-to-date: /home/kuldip/myroboticarm_ws/install/myroboticarm_msgs/include/myroboticarm_msgs/myroboticarm_msgs/srv/detail/add_twoints__type_support.c
-- Up-to-date: /home/kuldip/myroboticarm_ws/install/myroboticarm_msgs/include/myroboticarm_msgs/myroboticarm_msgs/srv/detail/add_twoints__description.c
-- Up-to-date: /home/kuldip/myroboticarm_ws/install/myroboticarm_msgs/include/myroboticarm_msgs/myroboticarm_msgs/srv/detail/add_twoints__functions.c
-- Up-to-date: /home/kuldip/myroboticarm_ws/install/myroboticarm_msgs/include/myroboticarm_msgs/myroboticarm_msgs/srv/detail/eu_to_quater__functions.h
-- Up-to-date: /home/kuldip/myroboticarm_ws/install/myroboticarm_msgs/include/myroboticarm_msgs/myroboticarm_msgs/srv/detail/quater_to_eu__description.c
-- Up-to-date: /home/kuldip/myroboticarm_ws/install/myroboticarm_msgs/include/myroboticarm_msgs/myroboticarm_msgs/srv/detail/quater_to_eu__functions.c
-- Up-to-date: /home/kuldip/myroboticarm_ws/install/myroboticarm_msgs/include/myroboticarm_msgs/myroboticarm_msgs/srv/detail/eu_to_quater__description.c
-- Up-to-date: /home/kuldip/myroboticarm_ws/install/myroboticarm_msgs/include/myroboticarm_msgs/myroboticarm_msgs/srv/detail/add_twoints__type_support.h
-- Up-to-date: /home/kuldip/myroboticarm_ws/install/myroboticarm_msgs/include/myroboticarm_msgs/myroboticarm_msgs/srv/detail/quater_to_eu__struct.h
-- Up-to-date: /home/kuldip/myroboticarm_ws/install/myroboticarm_msgs/include/myroboticarm_msgs/myroboticarm_msgs/srv/detail/eu_to_quater__type_support.c
-- Up-to-date: /home/kuldip/myroboticarm_ws/install/myroboticarm_msgs/include/myroboticarm_msgs/myroboticarm_msgs/srv/detail/eu_to_quater__type_support.h
-- Up-to-date: /home/kuldip/myroboticarm_ws/install/myroboticarm_msgs/include/myroboticarm_msgs/myroboticarm_msgs/srv/detail/add_twoints__struct.h
-- Up-to-date: /home/kuldip/myroboticarm_ws/install/myroboticarm_msgs/include/myroboticarm_msgs/myroboticarm_msgs/srv/detail/quater_to_eu__type_support.c
-- Up-to-date: /home/kuldip/myroboticarm_ws/install/myroboticarm_msgs/include/myroboticarm_msgs/myroboticarm_msgs/srv/detail/eu_to_quater__struct.h
-- Up-to-date: /home/kuldip/myroboticarm_ws/install/myroboticarm_msgs/include/myroboticarm_msgs/myroboticarm_msgs/srv/detail/add_twoints__functions.h
-- Up-to-date: /home/kuldip/myroboticarm_ws/install/myroboticarm_msgs/include/myroboticarm_msgs/myroboticarm_msgs/srv/add_twoints.h
-- Up-to-date: /home/kuldip/myroboticarm_ws/install/myroboticarm_msgs/include/myroboticarm_msgs/myroboticarm_msgs/srv/eu_to_quater.h
-- Up-to-date: /home/kuldip/myroboticarm_ws/install/myroboticarm_msgs/include/myroboticarm_msgs/myroboticarm_msgs/srv/quater_to_eu.h
-- Up-to-date: /home/kuldip/myroboticarm_ws/install/myroboticarm_msgs/share/myroboticarm_msgs/environment/library_path.sh
-- Up-to-date: /home/kuldip/myroboticarm_ws/install/myroboticarm_msgs/share/myroboticarm_msgs/environment/library_path.dsv
-- Up-to-date: /home/kuldip/myroboticarm_ws/install/myroboticarm_msgs/lib/libmyroboticarm_msgs__rosidl_generator_c.so
-- Up-to-date: /home/kuldip/myroboticarm_ws/install/myroboticarm_msgs/include/myroboticarm_msgs/myroboticarm_msgs
-- Up-to-date: /home/kuldip/myroboticarm_ws/install/myroboticarm_msgs/include/myroboticarm_msgs/myroboticarm_msgs/msg
-- Up-to-date: /home/kuldip/myroboticarm_ws/install/myroboticarm_msgs/include/myroboticarm_msgs/myroboticarm_msgs/msg/rosidl_typesupport_fastrtps_c__visibility_control.h
-- Up-to-date: /home/kuldip/myroboticarm_ws/install/myroboticarm_msgs/include/myroboticarm_msgs/myroboticarm_msgs/action
-- Up-to-date: /home/kuldip/myroboticarm_ws/install/myroboticarm_msgs/include/myroboticarm_msgs/myroboticarm_msgs/action/detail
-- Up-to-date: /home/kuldip/myroboticarm_ws/install/myroboticarm_msgs/include/myroboticarm_msgs/myroboticarm_msgs/action/detail/fibonacci__rosidl_typesupport_fastrtps_c.h
-- Up-to-date: /home/kuldip/myroboticarm_ws/install/myroboticarm_msgs/include/myroboticarm_msgs/myroboticarm_msgs/srv
-- Up-to-date: /home/kuldip/myroboticarm_ws/install/myroboticarm_msgs/include/myroboticarm_msgs/myroboticarm_msgs/srv/detail
-- Up-to-date: /home/kuldip/myroboticarm_ws/install/myroboticarm_msgs/include/myroboticarm_msgs/myroboticarm_msgs/srv/detail/quater_to_eu__rosidl_typesupport_fastrtps_c.h
-- Up-to-date: /home/kuldip/myroboticarm_ws/install/myroboticarm_msgs/include/myroboticarm_msgs/myroboticarm_msgs/srv/detail/add_twoints__rosidl_typesupport_fastrtps_c.h
-- Up-to-date: /home/kuldip/myroboticarm_ws/install/myroboticarm_msgs/include/myroboticarm_msgs/myroboticarm_msgs/srv/detail/eu_to_quater__rosidl_typesupport_fastrtps_c.h
-- Up-to-date: /home/kuldip/myroboticarm_ws/install/myroboticarm_msgs/lib/libmyroboticarm_msgs__rosidl_typesupport_fastrtps_c.so
-- Up-to-date: /home/kuldip/myroboticarm_ws/install/myroboticarm_msgs/include/myroboticarm_msgs/myroboticarm_msgs
-- Up-to-date: /home/kuldip/myroboticarm_ws/install/myroboticarm_msgs/include/myroboticarm_msgs/myroboticarm_msgs/msg
-- Up-to-date: /home/kuldip/myroboticarm_ws/install/myroboticarm_msgs/include/myroboticarm_msgs/myroboticarm_msgs/msg/rosidl_generator_cpp__visibility_control.hpp
-- Up-to-date: /home/kuldip/myroboticarm_ws/install/myroboticarm_msgs/include/myroboticarm_msgs/myroboticarm_msgs/action
-- Up-to-date: /home/kuldip/myroboticarm_ws/install/myroboticarm_msgs/include/myroboticarm_msgs/myroboticarm_msgs/action/detail
-- Up-to-date: /home/kuldip/myroboticarm_ws/install/myroboticarm_msgs/include/myroboticarm_msgs/myroboticarm_msgs/action/detail/fibonacci__traits.hpp
-- Up-to-date: /home/kuldip/myroboticarm_ws/install/myroboticarm_msgs/include/myroboticarm_msgs/myroboticarm_msgs/action/detail/fibonacci__struct.hpp
-- Up-to-date: /home/kuldip/myroboticarm_ws/install/myroboticarm_msgs/include/myroboticarm_msgs/myroboticarm_msgs/action/detail/fibonacci__builder.hpp
-- Up-to-date: /home/kuldip/myroboticarm_ws/install/myroboticarm_msgs/include/myroboticarm_msgs/myroboticarm_msgs/action/detail/fibonacci__type_support.hpp
-- Up-to-date: /home/kuldip/myroboticarm_ws/install/myroboticarm_msgs/include/myroboticarm_msgs/myroboticarm_msgs/action/fibonacci.hpp
-- Up-to-date: /home/kuldip/myroboticarm_ws/install/myroboticarm_msgs/include/myroboticarm_msgs/myroboticarm_msgs/srv
-- Up-to-date: /home/kuldip/myroboticarm_ws/install/myroboticarm_msgs/include/myroboticarm_msgs/myroboticarm_msgs/srv/detail
-- Up-to-date: /home/kuldip/myroboticarm_ws/install/myroboticarm_msgs/include/myroboticarm_msgs/myroboticarm_msgs/srv/detail/eu_to_quater__builder.hpp
-- Up-to-date: /home/kuldip/myroboticarm_ws/install/myroboticarm_msgs/include/myroboticarm_msgs/myroboticarm_msgs/srv/detail/add_twoints__traits.hpp
-- Up-to-date: /home/kuldip/myroboticarm_ws/install/myroboticarm_msgs/include/myroboticarm_msgs/myroboticarm_msgs/srv/detail/eu_to_quater__type_support.hpp
-- Up-to-date: /home/kuldip/myroboticarm_ws/install/myroboticarm_msgs/include/myroboticarm_msgs/myroboticarm_msgs/srv/detail/add_twoints__type_support.hpp
-- Up-to-date: /home/kuldip/myroboticarm_ws/install/myroboticarm_msgs/include/myroboticarm_msgs/myroboticarm_msgs/srv/detail/quater_to_eu__struct.hpp
-- Up-to-date: /home/kuldip/myroboticarm_ws/install/myroboticarm_msgs/include/myroboticarm_msgs/myroboticarm_msgs/srv/detail/quater_to_eu__type_support.hpp
-- Up-to-date: /home/kuldip/myroboticarm_ws/install/myroboticarm_msgs/include/myroboticarm_msgs/myroboticarm_msgs/srv/detail/add_twoints__builder.hpp
-- Up-to-date: /home/kuldip/myroboticarm_ws/install/myroboticarm_msgs/include/myroboticarm_msgs/myroboticarm_msgs/srv/detail/eu_to_quater__struct.hpp
-- Up-to-date: /home/kuldip/myroboticarm_ws/install/myroboticarm_msgs/include/myroboticarm_msgs/myroboticarm_msgs/srv/detail/quater_to_eu__traits.hpp
-- Up-to-date: /home/kuldip/myroboticarm_ws/install/myroboticarm_msgs/include/myroboticarm_msgs/myroboticarm_msgs/srv/detail/add_twoints__struct.hpp
-- Up-to-date: /home/kuldip/myroboticarm_ws/install/myroboticarm_msgs/include/myroboticarm_msgs/myroboticarm_msgs/srv/detail/quater_to_eu__builder.hpp
-- Up-to-date: /home/kuldip/myroboticarm_ws/install/myroboticarm_msgs/include/myroboticarm_msgs/myroboticarm_msgs/srv/detail/eu_to_quater__traits.hpp
-- Up-to-date: /home/kuldip/myroboticarm_ws/install/myroboticarm_msgs/include/myroboticarm_msgs/myroboticarm_msgs/srv/quater_to_eu.hpp
-- Up-to-date: /home/kuldip/myroboticarm_ws/install/myroboticarm_msgs/include/myroboticarm_msgs/myroboticarm_msgs/srv/add_twoints.hpp
-- Up-to-date: /home/kuldip/myroboticarm_ws/install/myroboticarm_msgs/include/myroboticarm_msgs/myroboticarm_msgs/srv/eu_to_quater.hpp
-- Up-to-date: /home/kuldip/myroboticarm_ws/install/myroboticarm_msgs/include/myroboticarm_msgs/myroboticarm_msgs
-- Up-to-date: /home/kuldip/myroboticarm_ws/install/myroboticarm_msgs/include/myroboticarm_msgs/myroboticarm_msgs/msg
-- Up-to-date: /home/kuldip/myroboticarm_ws/install/myroboticarm_msgs/include/myroboticarm_msgs/myroboticarm_msgs/msg/rosidl_typesupport_fastrtps_cpp__visibility_control.h
-- Up-to-date: /home/kuldip/myroboticarm_ws/install/myroboticarm_msgs/include/myroboticarm_msgs/myroboticarm_msgs/action
-- Up-to-date: /home/kuldip/myroboticarm_ws/install/myroboticarm_msgs/include/myroboticarm_msgs/myroboticarm_msgs/action/detail
-- Up-to-date: /home/kuldip/myroboticarm_ws/install/myroboticarm_msgs/include/myroboticarm_msgs/myroboticarm_msgs/action/detail/fibonacci__rosidl_typesupport_fastrtps_cpp.hpp
-- Up-to-date: /home/kuldip/myroboticarm_ws/install/myroboticarm_msgs/include/myroboticarm_msgs/myroboticarm_msgs/action/detail/dds_fastrtps
-- Up-to-date: /home/kuldip/myroboticarm_ws/install/myroboticarm_msgs/include/myroboticarm_msgs/myroboticarm_msgs/srv
-- Up-to-date: /home/kuldip/myroboticarm_ws/install/myroboticarm_msgs/include/myroboticarm_msgs/myroboticarm_msgs/srv/detail
-- Up-to-date: /home/kuldip/myroboticarm_ws/install/myroboticarm_msgs/include/myroboticarm_msgs/myroboticarm_msgs/srv/detail/eu_to_quater__rosidl_typesupport_fastrtps_cpp.hpp
-- Up-to-date: /home/kuldip/myroboticarm_ws/install/myroboticarm_msgs/include/myroboticarm_msgs/myroboticarm_msgs/srv/detail/quater_to_eu__rosidl_typesupport_fastrtps_cpp.hpp
-- Up-to-date: /home/kuldip/myroboticarm_ws/install/myroboticarm_msgs/include/myroboticarm_msgs/myroboticarm_msgs/srv/detail/add_twoints__rosidl_typesupport_fastrtps_cpp.hpp
-- Up-to-date: /home/kuldip/myroboticarm_ws/install/myroboticarm_msgs/include/myroboticarm_msgs/myroboticarm_msgs/srv/detail/dds_fastrtps
-- Up-to-date: /home/kuldip/myroboticarm_ws/install/myroboticarm_msgs/lib/libmyroboticarm_msgs__rosidl_typesupport_fastrtps_cpp.so
-- Up-to-date: /home/kuldip/myroboticarm_ws/install/myroboticarm_msgs/include/myroboticarm_msgs/myroboticarm_msgs
-- Up-to-date: /home/kuldip/myroboticarm_ws/install/myroboticarm_msgs/include/myroboticarm_msgs/myroboticarm_msgs/msg
-- Up-to-date: /home/kuldip/myroboticarm_ws/install/myroboticarm_msgs/include/myroboticarm_msgs/myroboticarm_msgs/msg/rosidl_typesupport_introspection_c__visibility_control.h
-- Up-to-date: /home/kuldip/myroboticarm_ws/install/myroboticarm_msgs/include/myroboticarm_msgs/myroboticarm_msgs/action
-- Up-to-date: /home/kuldip/myroboticarm_ws/install/myroboticarm_msgs/include/myroboticarm_msgs/myroboticarm_msgs/action/detail
-- Up-to-date: /home/kuldip/myroboticarm_ws/install/myroboticarm_msgs/include/myroboticarm_msgs/myroboticarm_msgs/action/detail/fibonacci__type_support.c
-- Up-to-date: /home/kuldip/myroboticarm_ws/install/myroboticarm_msgs/include/myroboticarm_msgs/myroboticarm_msgs/action/detail/fibonacci__rosidl_typesupport_introspection_c.h
-- Up-to-date: /home/kuldip/myroboticarm_ws/install/myroboticarm_msgs/include/myroboticarm_msgs/myroboticarm_msgs/srv
-- Up-to-date: /home/kuldip/myroboticarm_ws/install/myroboticarm_msgs/include/myroboticarm_msgs/myroboticarm_msgs/srv/detail
-- Up-to-date: /home/kuldip/myroboticarm_ws/install/myroboticarm_msgs/include/myroboticarm_msgs/myroboticarm_msgs/srv/detail/add_twoints__type_support.c
-- Up-to-date: /home/kuldip/myroboticarm_ws/install/myroboticarm_msgs/include/myroboticarm_msgs/myroboticarm_msgs/srv/detail/add_twoints__rosidl_typesupport_introspection_c.h
-- Up-to-date: /home/kuldip/myroboticarm_ws/install/myroboticarm_msgs/include/myroboticarm_msgs/myroboticarm_msgs/srv/detail/eu_to_quater__rosidl_typesupport_introspection_c.h
-- Up-to-date: /home/kuldip/myroboticarm_ws/install/myroboticarm_msgs/include/myroboticarm_msgs/myroboticarm_msgs/srv/detail/quater_to_eu__rosidl_typesupport_introspection_c.h
-- Up-to-date: /home/kuldip/myroboticarm_ws/install/myroboticarm_msgs/include/myroboticarm_msgs/myroboticarm_msgs/srv/detail/eu_to_quater__type_support.c
-- Up-to-date: /home/kuldip/myroboticarm_ws/install/myroboticarm_msgs/include/myroboticarm_msgs/myroboticarm_msgs/srv/detail/quater_to_eu__type_support.c
-- Up-to-date: /home/kuldip/myroboticarm_ws/install/myroboticarm_msgs/lib/libmyroboticarm_msgs__rosidl_typesupport_introspection_c.so
-- Up-to-date: /home/kuldip/myroboticarm_ws/install/myroboticarm_msgs/lib/libmyroboticarm_msgs__rosidl_typesupport_c.so
-- Up-to-date: /home/kuldip/myroboticarm_ws/install/myroboticarm_msgs/include/myroboticarm_msgs/myroboticarm_msgs
-- Up-to-date: /home/kuldip/myroboticarm_ws/install/myroboticarm_msgs/include/myroboticarm_msgs/myroboticarm_msgs/action
-- Up-to-date: /home/kuldip/myroboticarm_ws/install/myroboticarm_msgs/include/myroboticarm_msgs/myroboticarm_msgs/action/detail
-- Up-to-date: /home/kuldip/myroboticarm_ws/install/myroboticarm_msgs/include/myroboticarm_msgs/myroboticarm_msgs/action/detail/fibonacci__type_support.cpp
-- Up-to-date: /home/kuldip/myroboticarm_ws/install/myroboticarm_msgs/include/myroboticarm_msgs/myroboticarm_msgs/action/detail/fibonacci__rosidl_typesupport_introspection_cpp.hpp
-- Up-to-date: /home/kuldip/myroboticarm_ws/install/myroboticarm_msgs/include/myroboticarm_msgs/myroboticarm_msgs/srv
-- Up-to-date: /home/kuldip/myroboticarm_ws/install/myroboticarm_msgs/include/myroboticarm_msgs/myroboticarm_msgs/srv/detail
-- Up-to-date: /home/kuldip/myroboticarm_ws/install/myroboticarm_msgs/include/myroboticarm_msgs/myroboticarm_msgs/srv/detail/quater_to_eu__rosidl_typesupport_introspection_cpp.hpp
-- Up-to-date: /home/kuldip/myroboticarm_ws/install/myroboticarm_msgs/include/myroboticarm_msgs/myroboticarm_msgs/srv/detail/add_twoints__type_support.cpp
-- Up-to-date: /home/kuldip/myroboticarm_ws/install/myroboticarm_msgs/include/myroboticarm_msgs/myroboticarm_msgs/srv/detail/quater_to_eu__type_support.cpp
-- Up-to-date: /home/kuldip/myroboticarm_ws/install/myroboticarm_msgs/include/myroboticarm_msgs/myroboticarm_msgs/srv/detail/eu_to_quater__rosidl_typesupport_introspection_cpp.hpp
-- Up-to-date: /home/kuldip/myroboticarm_ws/install/myroboticarm_msgs/include/myroboticarm_msgs/myroboticarm_msgs/srv/detail/eu_to_quater__type_support.cpp
-- Up-to-date: /home/kuldip/myroboticarm_ws/install/myroboticarm_msgs/include/myroboticarm_msgs/myroboticarm_msgs/srv/detail/add_twoints__rosidl_typesupport_introspection_cpp.hpp
-- Up-to-date: /home/kuldip/myroboticarm_ws/install/myroboticarm_msgs/lib/libmyroboticarm_msgs__rosidl_typesupport_introspection_cpp.so
-- Up-to-date: /home/kuldip/myroboticarm_ws/install/myroboticarm_msgs/lib/libmyroboticarm_msgs__rosidl_typesupport_cpp.so
-- Up-to-date: /home/kuldip/myroboticarm_ws/install/myroboticarm_msgs/share/myroboticarm_msgs/environment/pythonpath.sh
-- Up-to-date: /home/kuldip/myroboticarm_ws/install/myroboticarm_msgs/share/myroboticarm_msgs/environment/pythonpath.dsv
-- Up-to-date: /home/kuldip/myroboticarm_ws/install/myroboticarm_msgs/lib/python3.12/site-packages/myroboticarm_msgs-0.0.0-py3.12.egg-info
-- Installing: /home/kuldip/myroboticarm_ws/install/myroboticarm_msgs/lib/python3.12/site-packages/myroboticarm_msgs-0.0.0-py3.12.egg-info/SOURCES.txt
-- Installing: /home/kuldip/myroboticarm_ws/install/myroboticarm_msgs/lib/python3.12/site-packages/myroboticarm_msgs-0.0.0-py3.12.egg-info/PKG-INFO
-- Installing: /home/kuldip/myroboticarm_ws/install/myroboticarm_msgs/lib/python3.12/site-packages/myroboticarm_msgs-0.0.0-py3.12.egg-info/top_level.txt
-- Installing: /home/kuldip/myroboticarm_ws/install/myroboticarm_msgs/lib/python3.12/site-packages/myroboticarm_msgs-0.0.0-py3.12.egg-info/dependency_links.txt
-- Up-to-date: /home/kuldip/myroboticarm_ws/install/myroboticarm_msgs/lib/python3.12/site-packages/myroboticarm_msgs
-- Up-to-date: /home/kuldip/myroboticarm_ws/install/myroboticarm_msgs/lib/python3.12/site-packages/myroboticarm_msgs/myroboticarm_msgs_s__rosidl_typesupport_introspection_c.so
-- Up-to-date: /home/kuldip/myroboticarm_ws/install/myroboticarm_msgs/lib/python3.12/site-packages/myroboticarm_msgs/__init__.py
-- Up-to-date: /home/kuldip/myroboticarm_ws/install/myroboticarm_msgs/lib/python3.12/site-packages/myroboticarm_msgs/action
-- Up-to-date: /home/kuldip/myroboticarm_ws/install/myroboticarm_msgs/lib/python3.12/site-packages/myroboticarm_msgs/action/_fibonacci.py
-- Up-to-date: /home/kuldip/myroboticarm_ws/install/myroboticarm_msgs/lib/python3.12/site-packages/myroboticarm_msgs/action/__init__.py
-- Up-to-date: /home/kuldip/myroboticarm_ws/install/myroboticarm_msgs/lib/python3.12/site-packages/myroboticarm_msgs/action/_fibonacci_s.c
-- Up-to-date: /home/kuldip/myroboticarm_ws/install/myroboticarm_msgs/lib/python3.12/site-packages/myroboticarm_msgs/_myroboticarm_msgs_s.ep.rosidl_typesupport_fastrtps_c.c
-- Up-to-date: /home/kuldip/myroboticarm_ws/install/myroboticarm_msgs/lib/python3.12/site-packages/myroboticarm_msgs/_myroboticarm_msgs_s.ep.rosidl_typesupport_c.c
-- Up-to-date: /home/kuldip/myroboticarm_ws/install/myroboticarm_msgs/lib/python3.12/site-packages/myroboticarm_msgs/myroboticarm_msgs_s__rosidl_typesupport_c.so
-- Up-to-date: /home/kuldip/myroboticarm_ws/install/myroboticarm_msgs/lib/python3.12/site-packages/myroboticarm_msgs/_myroboticarm_msgs_s.ep.rosidl_typesupport_introspection_c.c
-- Up-to-date: /home/kuldip/myroboticarm_ws/install/myroboticarm_msgs/lib/python3.12/site-packages/myroboticarm_msgs/srv
-- Up-to-date: /home/kuldip/myroboticarm_ws/install/myroboticarm_msgs/lib/python3.12/site-packages/myroboticarm_msgs/srv/_quater_to_eu.py
-- Up-to-date: /home/kuldip/myroboticarm_ws/install/myroboticarm_msgs/lib/python3.12/site-packages/myroboticarm_msgs/srv/__init__.py
-- Up-to-date: /home/kuldip/myroboticarm_ws/install/myroboticarm_msgs/lib/python3.12/site-packages/myroboticarm_msgs/srv/_add_twoints_s.c
-- Up-to-date: /home/kuldip/myroboticarm_ws/install/myroboticarm_msgs/lib/python3.12/site-packages/myroboticarm_msgs/srv/_eu_to_quater_s.c
-- Up-to-date: /home/kuldip/myroboticarm_ws/install/myroboticarm_msgs/lib/python3.12/site-packages/myroboticarm_msgs/srv/_quater_to_eu_s.c
-- Up-to-date: /home/kuldip/myroboticarm_ws/install/myroboticarm_msgs/lib/python3.12/site-packages/myroboticarm_msgs/srv/_add_twoints.py
-- Up-to-date: /home/kuldip/myroboticarm_ws/install/myroboticarm_msgs/lib/python3.12/site-packages/myroboticarm_msgs/srv/_eu_to_quater.py
-- Up-to-date: /home/kuldip/myroboticarm_ws/install/myroboticarm_msgs/lib/python3.12/site-packages/myroboticarm_msgs/myroboticarm_msgs_s__rosidl_typesupport_fastrtps_c.so
Listing '/home/kuldip/myroboticarm_ws/install/myroboticarm_msgs/lib/python3.12/site-packages/myroboticarm_msgs'...
Listing '/home/kuldip/myroboticarm_ws/install/myroboticarm_msgs/lib/python3.12/site-packages/myroboticarm_msgs/action'...
Listing '/home/kuldip/myroboticarm_ws/install/myroboticarm_msgs/lib/python3.12/site-packages/myroboticarm_msgs/srv'...
-- Up-to-date: /home/kuldip/myroboticarm_ws/install/myroboticarm_msgs/lib/python3.12/site-packages/myroboticarm_msgs/myroboticarm_msgs_s__rosidl_typesupport_fastrtps_c.so
-- Up-to-date: /home/kuldip/myroboticarm_ws/install/myroboticarm_msgs/lib/python3.12/site-packages/myroboticarm_msgs/myroboticarm_msgs_s__rosidl_typesupport_introspection_c.so
-- Up-to-date: /home/kuldip/myroboticarm_ws/install/myroboticarm_msgs/lib/python3.12/site-packages/myroboticarm_msgs/myroboticarm_msgs_s__rosidl_typesupport_c.so
-- Up-to-date: /home/kuldip/myroboticarm_ws/install/myroboticarm_msgs/lib/libmyroboticarm_msgs__rosidl_generator_py.so
-- Up-to-date: /home/kuldip/myroboticarm_ws/install/myroboticarm_msgs/share/myroboticarm_msgs/srv/AddTwoints.idl
-- Up-to-date: /home/kuldip/myroboticarm_ws/install/myroboticarm_msgs/share/myroboticarm_msgs/srv/EuToQuater.idl
-- Up-to-date: /home/kuldip/myroboticarm_ws/install/myroboticarm_msgs/share/myroboticarm_msgs/srv/QuaterToEu.idl
-- Up-to-date: /home/kuldip/myroboticarm_ws/install/myroboticarm_msgs/share/myroboticarm_msgs/action/Fibonacci.idl
-- Up-to-date: /home/kuldip/myroboticarm_ws/install/myroboticarm_msgs/share/myroboticarm_msgs/srv/AddTwoints.srv
-- Up-to-date: /home/kuldip/myroboticarm_ws/install/myroboticarm_msgs/share/myroboticarm_msgs/srv/EuToQuater.srv
-- Up-to-date: /home/kuldip/myroboticarm_ws/install/myroboticarm_msgs/share/myroboticarm_msgs/srv/QuaterToEu.srv
-- Up-to-date: /home/kuldip/myroboticarm_ws/install/myroboticarm_msgs/share/myroboticarm_msgs/action/Fibonacci.action
-- Up-to-date: /home/kuldip/myroboticarm_ws/install/myroboticarm_msgs/share/ament_index/resource_index/package_run_dependencies/myroboticarm_msgs
-- Up-to-date: /home/kuldip/myroboticarm_ws/install/myroboticarm_msgs/share/ament_index/resource_index/parent_prefix_path/myroboticarm_msgs
-- Up-to-date: /home/kuldip/myroboticarm_ws/install/myroboticarm_msgs/share/myroboticarm_msgs/environment/ament_prefix_path.sh
-- Up-to-date: /home/kuldip/myroboticarm_ws/install/myroboticarm_msgs/share/myroboticarm_msgs/environment/ament_prefix_path.dsv
-- Up-to-date: /home/kuldip/myroboticarm_ws/install/myroboticarm_msgs/share/myroboticarm_msgs/environment/path.sh
-- Up-to-date: /home/kuldip/myroboticarm_ws/install/myroboticarm_msgs/share/myroboticarm_msgs/environment/path.dsv
-- Up-to-date: /home/kuldip/myroboticarm_ws/install/myroboticarm_msgs/share/myroboticarm_msgs/local_setup.bash
-- Up-to-date: /home/kuldip/myroboticarm_ws/install/myroboticarm_msgs/share/myroboticarm_msgs/local_setup.sh
-- Up-to-date: /home/kuldip/myroboticarm_ws/install/myroboticarm_msgs/share/myroboticarm_msgs/local_setup.zsh
-- Up-to-date: /home/kuldip/myroboticarm_ws/install/myroboticarm_msgs/share/myroboticarm_msgs/local_setup.dsv
-- Installing: /home/kuldip/myroboticarm_ws/install/myroboticarm_msgs/share/myroboticarm_msgs/package.dsv
-- Up-to-date: /home/kuldip/myroboticarm_ws/install/myroboticarm_msgs/share/ament_index/resource_index/packages/myroboticarm_msgs
-- Up-to-date: /home/kuldip/myroboticarm_ws/install/myroboticarm_msgs/share/myroboticarm_msgs/cmake/export_myroboticarm_msgs__rosidl_generator_cExport.cmake
-- Up-to-date: /home/kuldip/myroboticarm_ws/install/myroboticarm_msgs/share/myroboticarm_msgs/cmake/export_myroboticarm_msgs__rosidl_generator_cExport-noconfig.cmake
-- Up-to-date: /home/kuldip/myroboticarm_ws/install/myroboticarm_msgs/share/myroboticarm_msgs/cmake/export_myroboticarm_msgs__rosidl_typesupport_fastrtps_cExport.cmake
-- Up-to-date: /home/kuldip/myroboticarm_ws/install/myroboticarm_msgs/share/myroboticarm_msgs/cmake/export_myroboticarm_msgs__rosidl_typesupport_fastrtps_cExport-noconfig.cmake
-- Up-to-date: /home/kuldip/myroboticarm_ws/install/myroboticarm_msgs/share/myroboticarm_msgs/cmake/export_myroboticarm_msgs__rosidl_generator_cppExport.cmake
-- Up-to-date: /home/kuldip/myroboticarm_ws/install/myroboticarm_msgs/share/myroboticarm_msgs/cmake/export_myroboticarm_msgs__rosidl_typesupport_fastrtps_cppExport.cmake
-- Up-to-date: /home/kuldip/myroboticarm_ws/install/myroboticarm_msgs/share/myroboticarm_msgs/cmake/export_myroboticarm_msgs__rosidl_typesupport_fastrtps_cppExport-noconfig.cmake
-- Up-to-date: /home/kuldip/myroboticarm_ws/install/myroboticarm_msgs/share/myroboticarm_msgs/cmake/myroboticarm_msgs__rosidl_typesupport_introspection_cExport.cmake
-- Up-to-date: /home/kuldip/myroboticarm_ws/install/myroboticarm_msgs/share/myroboticarm_msgs/cmake/myroboticarm_msgs__rosidl_typesupport_introspection_cExport-noconfig.cmake
-- Up-to-date: /home/kuldip/myroboticarm_ws/install/myroboticarm_msgs/share/myroboticarm_msgs/cmake/myroboticarm_msgs__rosidl_typesupport_cExport.cmake
-- Up-to-date: /home/kuldip/myroboticarm_ws/install/myroboticarm_msgs/share/myroboticarm_msgs/cmake/myroboticarm_msgs__rosidl_typesupport_cExport-noconfig.cmake
-- Up-to-date: /home/kuldip/myroboticarm_ws/install/myroboticarm_msgs/share/myroboticarm_msgs/cmake/myroboticarm_msgs__rosidl_typesupport_introspection_cppExport.cmake
-- Up-to-date: /home/kuldip/myroboticarm_ws/install/myroboticarm_msgs/share/myroboticarm_msgs/cmake/myroboticarm_msgs__rosidl_typesupport_introspection_cppExport-noconfig.cmake
-- Up-to-date: /home/kuldip/myroboticarm_ws/install/myroboticarm_msgs/share/myroboticarm_msgs/cmake/myroboticarm_msgs__rosidl_typesupport_cppExport.cmake
-- Up-to-date: /home/kuldip/myroboticarm_ws/install/myroboticarm_msgs/share/myroboticarm_msgs/cmake/myroboticarm_msgs__rosidl_typesupport_cppExport-noconfig.cmake
-- Up-to-date: /home/kuldip/myroboticarm_ws/install/myroboticarm_msgs/share/myroboticarm_msgs/cmake/export_myroboticarm_msgs__rosidl_generator_pyExport.cmake
-- Up-to-date: /home/kuldip/myroboticarm_ws/install/myroboticarm_msgs/share/myroboticarm_msgs/cmake/export_myroboticarm_msgs__rosidl_generator_pyExport-noconfig.cmake
-- Up-to-date: /home/kuldip/myroboticarm_ws/install/myroboticarm_msgs/share/myroboticarm_msgs/cmake/rosidl_cmake-extras.cmake
-- Up-to-date: /home/kuldip/myroboticarm_ws/install/myroboticarm_msgs/share/myroboticarm_msgs/cmake/ament_cmake_export_dependencies-extras.cmake
-- Up-to-date: /home/kuldip/myroboticarm_ws/install/myroboticarm_msgs/share/myroboticarm_msgs/cmake/ament_cmake_export_include_directories-extras.cmake
-- Up-to-date: /home/kuldip/myroboticarm_ws/install/myroboticarm_msgs/share/myroboticarm_msgs/cmake/ament_cmake_export_libraries-extras.cmake
-- Up-to-date: /home/kuldip/myroboticarm_ws/install/myroboticarm_msgs/share/myroboticarm_msgs/cmake/ament_cmake_export_targets-extras.cmake
-- Up-to-date: /home/kuldip/myroboticarm_ws/install/myroboticarm_msgs/share/myroboticarm_msgs/cmake/rosidl_cmake_export_typesupport_targets-extras.cmake
-- Up-to-date: /home/kuldip/myroboticarm_ws/install/myroboticarm_msgs/share/myroboticarm_msgs/cmake/rosidl_cmake_export_typesupport_libraries-extras.cmake
-- Up-to-date: /home/kuldip/myroboticarm_ws/install/myroboticarm_msgs/share/myroboticarm_msgs/cmake/myroboticarm_msgsConfig.cmake
-- Up-to-date: /home/kuldip/myroboticarm_ws/install/myroboticarm_msgs/share/myroboticarm_msgs/cmake/myroboticarm_msgsConfig-version.cmake
-- Up-to-date: /home/kuldip/myroboticarm_ws/install/myroboticarm_msgs/share/myroboticarm_msgs/package.xml
