[0.167s] Invoking command in '/home/kuldip/myroboticarm_ws/build/myroboticarm_description_cpp': CMAKE_PREFIX_PATH=${CMAKE_PREFIX_PATH}:/home/kuldip/myroboticarm_ws/install/myroboticarm_description:/home/kuldip/myroboticarm_ws/install/myroboticarm:/home/kuldip/ros2_ws/install/my_robot_controller:/opt/ros/humble /usr/bin/cmake --build /home/kuldip/myroboticarm_ws/build/myroboticarm_description_cpp -- -j12 -l12
[0.211s] -- Found ament_cmake: 1.3.11 (/opt/ros/humble/share/ament_cmake/cmake)
[0.303s] -- Found ament_lint_auto: 0.12.12 (/opt/ros/humble/share/ament_lint_auto/cmake)
[0.350s] -- Added test 'flake8' to check Python code syntax and style conventions
[0.350s] -- Added test 'lint_cmake' to check CMake code style
[0.351s] -- Added test 'pep257' to check Python code against some of the docstring style conventions in PEP 257
[0.352s] -- Added test 'xmllint' to check XML markup files
[0.352s] -- Configuring done
[0.354s] -- Generating done
[0.355s] -- Build files have been written to: /home/kuldip/myroboticarm_ws/build/myroboticarm_description_cpp
[0.371s] Invoked command in '/home/kuldip/myroboticarm_ws/build/myroboticarm_description_cpp' returned '0': CMAKE_PREFIX_PATH=${CMAKE_PREFIX_PATH}:/home/kuldip/myroboticarm_ws/install/myroboticarm_description:/home/kuldip/myroboticarm_ws/install/myroboticarm:/home/kuldip/ros2_ws/install/my_robot_controller:/opt/ros/humble /usr/bin/cmake --build /home/kuldip/myroboticarm_ws/build/myroboticarm_description_cpp -- -j12 -l12
[0.373s] Invoking command in '/home/kuldip/myroboticarm_ws/build/myroboticarm_description_cpp': CMAKE_PREFIX_PATH=${CMAKE_PREFIX_PATH}:/home/kuldip/myroboticarm_ws/install/myroboticarm_description:/home/kuldip/myroboticarm_ws/install/myroboticarm:/home/kuldip/ros2_ws/install/my_robot_controller:/opt/ros/humble /usr/bin/cmake --install /home/kuldip/myroboticarm_ws/build/myroboticarm_description_cpp
[0.379s] -- Install configuration: ""
[0.380s] -- Up-to-date: /home/kuldip/myroboticarm_ws/install/myroboticarm_description_cpp/share/myroboticarm_description_cpp/urdf
[0.380s] -- Up-to-date: /home/kuldip/myroboticarm_ws/install/myroboticarm_description_cpp/share/myroboticarm_description_cpp/urdf/myroboticarm.urdf.xacro
[0.381s] -- Up-to-date: /home/kuldip/myroboticarm_ws/install/myroboticarm_description_cpp/share/myroboticarm_description_cpp/meshes
[0.381s] -- Up-to-date: /home/kuldip/myroboticarm_ws/install/myroboticarm_description_cpp/share/myroboticarm_description_cpp/meshes/horizontal_arm.STL
[0.381s] -- Up-to-date: /home/kuldip/myroboticarm_ws/install/myroboticarm_description_cpp/share/myroboticarm_description_cpp/meshes/right_finger.STL
[0.381s] -- Up-to-date: /home/kuldip/myroboticarm_ws/install/myroboticarm_description_cpp/share/myroboticarm_description_cpp/meshes/left_finger.STL
[0.381s] -- Up-to-date: /home/kuldip/myroboticarm_ws/install/myroboticarm_description_cpp/share/myroboticarm_description_cpp/meshes/claw_support.STL
[0.381s] -- Up-to-date: /home/kuldip/myroboticarm_ws/install/myroboticarm_description_cpp/share/myroboticarm_description_cpp/meshes/plate.STL
[0.381s] -- Up-to-date: /home/kuldip/myroboticarm_ws/install/myroboticarm_description_cpp/share/myroboticarm_description_cpp/meshes/base_plate.STL
[0.381s] -- Up-to-date: /home/kuldip/myroboticarm_ws/install/myroboticarm_description_cpp/share/myroboticarm_description_cpp/meshes/triangular_link.STL
[0.381s] -- Up-to-date: /home/kuldip/myroboticarm_ws/install/myroboticarm_description_cpp/share/myroboticarm_description_cpp/meshes/servo_plate.STL
[0.382s] -- Up-to-date: /home/kuldip/myroboticarm_ws/install/myroboticarm_description_cpp/share/myroboticarm_description_cpp/meshes/vertical_drive_arm.STL
[0.382s] -- Up-to-date: /home/kuldip/myroboticarm_ws/install/myroboticarm_description_cpp/share/myroboticarm_description_cpp/meshes/forward_drive_arm.STL
[0.382s] -- Up-to-date: /home/kuldip/myroboticarm_ws/install/myroboticarm_description_cpp/share/myroboticarm_description_cpp/meshes/round_plate.STL
[0.382s] -- Up-to-date: /home/kuldip/myroboticarm_ws/install/myroboticarm_description_cpp/share/myroboticarm_description_cpp/meshes/basement.STL
[0.382s] -- Up-to-date: /home/kuldip/myroboticarm_ws/install/myroboticarm_description_cpp/share/myroboticarm_description_cpp/meshes/link.STL
[0.382s] -- Installing: /home/kuldip/myroboticarm_ws/install/myroboticarm_description_cpp/share/myroboticarm_description_cpp/launch
[0.382s] -- Installing: /home/kuldip/myroboticarm_ws/install/myroboticarm_description_cpp/share/myroboticarm_description_cpp/launch/display.launch.py
[0.382s] [31mCMake Error at cmake_install.cmake:46 (file):
[0.382s]   file INSTALL cannot find
[0.382s]   "/home/kuldip/myroboticarm_ws/src/myroboticarm_description_cpp/rviz": No
[0.382s]   such file or directory.
[0.382s] 
[0.382s] [0m
[0.384s] Invoked command in '/home/kuldip/myroboticarm_ws/build/myroboticarm_description_cpp' returned '1': CMAKE_PREFIX_PATH=${CMAKE_PREFIX_PATH}:/home/kuldip/myroboticarm_ws/install/myroboticarm_description:/home/kuldip/myroboticarm_ws/install/myroboticarm:/home/kuldip/ros2_ws/install/my_robot_controller:/opt/ros/humble /usr/bin/cmake --install /home/kuldip/myroboticarm_ws/build/myroboticarm_description_cpp
