[0.310s] Invoking command in '/home/kuldip/myroboticarm_ws/build/myroboticarm_description_cpp': CMAKE_PREFIX_PATH=${CMAKE_PREFIX_PATH}:/home/kuldip/arduinobot_ws/install/arduinobot_py_examples:/home/kuldip/myroboticarm_ws/install/myroboticarm_description:/home/kuldip/myroboticarm_ws/install/myroboticarm:/opt/ros/jazzy DEBUGINFOD_URLS=https://debuginfod.ubuntu.com /usr/bin/cmake --build /home/kuldip/myroboticarm_ws/build/myroboticarm_description_cpp -- -j12 -l12
[0.378s] Invoked command in '/home/kuldip/myroboticarm_ws/build/myroboticarm_description_cpp' returned '0': CMAKE_PREFIX_PATH=${CMAKE_PREFIX_PATH}:/home/kuldip/arduinobot_ws/install/arduinobot_py_examples:/home/kuldip/myroboticarm_ws/install/myroboticarm_description:/home/kuldip/myroboticarm_ws/install/myroboticarm:/opt/ros/jazzy DEBUGINFOD_URLS=https://debuginfod.ubuntu.com /usr/bin/cmake --build /home/kuldip/myroboticarm_ws/build/myroboticarm_description_cpp -- -j12 -l12
[0.395s] Invoking command in '/home/kuldip/myroboticarm_ws/build/myroboticarm_description_cpp': CMAKE_PREFIX_PATH=${CMAKE_PREFIX_PATH}:/home/kuldip/arduinobot_ws/install/arduinobot_py_examples:/home/kuldip/myroboticarm_ws/install/myroboticarm_description:/home/kuldip/myroboticarm_ws/install/myroboticarm:/opt/ros/jazzy DEBUGINFOD_URLS=https://debuginfod.ubuntu.com /usr/bin/cmake --install /home/kuldip/myroboticarm_ws/build/myroboticarm_description_cpp
[0.407s] -- Install configuration: ""
[0.408s] -- Up-to-date: /home/kuldip/myroboticarm_ws/install/myroboticarm_description_cpp/share/myroboticarm_description_cpp/urdf
[0.408s] -- Up-to-date: /home/kuldip/myroboticarm_ws/install/myroboticarm_description_cpp/share/myroboticarm_description_cpp/urdf/myroboticarm_ros2_control.xacro
[0.409s] -- Up-to-date: /home/kuldip/myroboticarm_ws/install/myroboticarm_description_cpp/share/myroboticarm_description_cpp/urdf/myroboticarm.urdf.xacro
[0.409s] -- Up-to-date: /home/kuldip/myroboticarm_ws/install/myroboticarm_description_cpp/share/myroboticarm_description_cpp/urdf/myroboticarm_gazebo.xacro
[0.409s] -- Up-to-date: /home/kuldip/myroboticarm_ws/install/myroboticarm_description_cpp/share/myroboticarm_description_cpp/meshes
[0.410s] -- Up-to-date: /home/kuldip/myroboticarm_ws/install/myroboticarm_description_cpp/share/myroboticarm_description_cpp/meshes/horizontal_arm.STL
[0.410s] -- Up-to-date: /home/kuldip/myroboticarm_ws/install/myroboticarm_description_cpp/share/myroboticarm_description_cpp/meshes/round_plate.STL
[0.410s] -- Up-to-date: /home/kuldip/myroboticarm_ws/install/myroboticarm_description_cpp/share/myroboticarm_description_cpp/meshes/servo_plate.STL
[0.410s] -- Up-to-date: /home/kuldip/myroboticarm_ws/install/myroboticarm_description_cpp/share/myroboticarm_description_cpp/meshes/plate.STL
[0.410s] -- Up-to-date: /home/kuldip/myroboticarm_ws/install/myroboticarm_description_cpp/share/myroboticarm_description_cpp/meshes/pi_camera.STL
[0.411s] -- Up-to-date: /home/kuldip/myroboticarm_ws/install/myroboticarm_description_cpp/share/myroboticarm_description_cpp/meshes/right_finger.STL
[0.411s] -- Up-to-date: /home/kuldip/myroboticarm_ws/install/myroboticarm_description_cpp/share/myroboticarm_description_cpp/meshes/claw_support.STL
[0.411s] -- Up-to-date: /home/kuldip/myroboticarm_ws/install/myroboticarm_description_cpp/share/myroboticarm_description_cpp/meshes/vertical_drive_arm.STL
[0.411s] -- Up-to-date: /home/kuldip/myroboticarm_ws/install/myroboticarm_description_cpp/share/myroboticarm_description_cpp/meshes/triangular_link.STL
[0.411s] -- Up-to-date: /home/kuldip/myroboticarm_ws/install/myroboticarm_description_cpp/share/myroboticarm_description_cpp/meshes/forward_drive_arm.STL
[0.411s] -- Up-to-date: /home/kuldip/myroboticarm_ws/install/myroboticarm_description_cpp/share/myroboticarm_description_cpp/meshes/basement.STL
[0.411s] -- Up-to-date: /home/kuldip/myroboticarm_ws/install/myroboticarm_description_cpp/share/myroboticarm_description_cpp/meshes/left_finger.STL
[0.411s] -- Up-to-date: /home/kuldip/myroboticarm_ws/install/myroboticarm_description_cpp/share/myroboticarm_description_cpp/meshes/link.STL
[0.412s] -- Up-to-date: /home/kuldip/myroboticarm_ws/install/myroboticarm_description_cpp/share/myroboticarm_description_cpp/meshes/base_plate.STL
[0.412s] -- Up-to-date: /home/kuldip/myroboticarm_ws/install/myroboticarm_description_cpp/share/myroboticarm_description_cpp/launch
[0.412s] -- Up-to-date: /home/kuldip/myroboticarm_ws/install/myroboticarm_description_cpp/share/myroboticarm_description_cpp/launch/display.launch.py
[0.412s] -- Up-to-date: /home/kuldip/myroboticarm_ws/install/myroboticarm_description_cpp/share/myroboticarm_description_cpp/launch/gazebo.launch.py
[0.412s] -- Up-to-date: /home/kuldip/myroboticarm_ws/install/myroboticarm_description_cpp/share/myroboticarm_description_cpp/rviz
[0.412s] -- Up-to-date: /home/kuldip/myroboticarm_ws/install/myroboticarm_description_cpp/share/myroboticarm_description_cpp/rviz/display2.rviz
[0.412s] -- Up-to-date: /home/kuldip/myroboticarm_ws/install/myroboticarm_description_cpp/share/myroboticarm_description_cpp/rviz/display.rviz
[0.413s] -- Up-to-date: /home/kuldip/myroboticarm_ws/install/myroboticarm_description_cpp/share/ament_index/resource_index/package_run_dependencies/myroboticarm_description_cpp
[0.413s] -- Up-to-date: /home/kuldip/myroboticarm_ws/install/myroboticarm_description_cpp/share/ament_index/resource_index/parent_prefix_path/myroboticarm_description_cpp
[0.413s] -- Up-to-date: /home/kuldip/myroboticarm_ws/install/myroboticarm_description_cpp/share/myroboticarm_description_cpp/environment/ament_prefix_path.sh
[0.413s] -- Up-to-date: /home/kuldip/myroboticarm_ws/install/myroboticarm_description_cpp/share/myroboticarm_description_cpp/environment/ament_prefix_path.dsv
[0.413s] -- Up-to-date: /home/kuldip/myroboticarm_ws/install/myroboticarm_description_cpp/share/myroboticarm_description_cpp/environment/path.sh
[0.414s] -- Up-to-date: /home/kuldip/myroboticarm_ws/install/myroboticarm_description_cpp/share/myroboticarm_description_cpp/environment/path.dsv
[0.415s] -- Up-to-date: /home/kuldip/myroboticarm_ws/install/myroboticarm_description_cpp/share/myroboticarm_description_cpp/local_setup.bash
[0.415s] -- Up-to-date: /home/kuldip/myroboticarm_ws/install/myroboticarm_description_cpp/share/myroboticarm_description_cpp/local_setup.sh
[0.415s] -- Up-to-date: /home/kuldip/myroboticarm_ws/install/myroboticarm_description_cpp/share/myroboticarm_description_cpp/local_setup.zsh
[0.416s] -- Up-to-date: /home/kuldip/myroboticarm_ws/install/myroboticarm_description_cpp/share/myroboticarm_description_cpp/local_setup.dsv
[0.416s] -- Installing: /home/kuldip/myroboticarm_ws/install/myroboticarm_description_cpp/share/myroboticarm_description_cpp/package.dsv
[0.416s] -- Up-to-date: /home/kuldip/myroboticarm_ws/install/myroboticarm_description_cpp/share/ament_index/resource_index/packages/myroboticarm_description_cpp
[0.416s] -- Up-to-date: /home/kuldip/myroboticarm_ws/install/myroboticarm_description_cpp/share/myroboticarm_description_cpp/cmake/myroboticarm_description_cppConfig.cmake
[0.417s] -- Up-to-date: /home/kuldip/myroboticarm_ws/install/myroboticarm_description_cpp/share/myroboticarm_description_cpp/cmake/myroboticarm_description_cppConfig-version.cmake
[0.417s] -- Up-to-date: /home/kuldip/myroboticarm_ws/install/myroboticarm_description_cpp/share/myroboticarm_description_cpp/package.xml
[0.419s] Invoked command in '/home/kuldip/myroboticarm_ws/build/myroboticarm_description_cpp' returned '0': CMAKE_PREFIX_PATH=${CMAKE_PREFIX_PATH}:/home/kuldip/arduinobot_ws/install/arduinobot_py_examples:/home/kuldip/myroboticarm_ws/install/myroboticarm_description:/home/kuldip/myroboticarm_ws/install/myroboticarm:/opt/ros/jazzy DEBUGINFOD_URLS=https://debuginfod.ubuntu.com /usr/bin/cmake --install /home/kuldip/myroboticarm_ws/build/myroboticarm_description_cpp
