[0.133s] DEBUG:colcon:Command line arguments: ['/usr/bin/colcon', 'build']
[0.133s] DEBUG:colcon:Parsed command line arguments: Namespace(log_base=None, log_level=None, verb_name='build', build_base='build', install_base='install', merge_install=False, symlink_install=False, test_result_base=None, continue_on_error=False, executor='parallel', parallel_workers=12, event_handlers=None, ignore_user_meta=False, metas=['./colcon.meta'], base_paths=['.'], packages_ignore=None, packages_ignore_regex=None, paths=None, packages_up_to=None, packages_up_to_regex=None, packages_above=None, packages_above_and_dependencies=None, packages_above_depth=None, packages_select_by_dep=None, packages_skip_by_dep=None, packages_skip_up_to=None, packages_select_build_failed=False, packages_skip_build_finished=False, packages_select_test_failures=False, packages_skip_test_passed=False, packages_select=None, packages_skip=None, packages_select_regex=None, packages_skip_regex=None, packages_start=None, packages_end=None, allow_overriding=[], cmake_args=None, cmake_target=None, cmake_target_skip_unavailable=False, cmake_clean_cache=False, cmake_clean_first=False, cmake_force_configure=False, ament_cmake_args=None, catkin_cmake_args=None, catkin_skip_building_tests=False, mixin_files=None, mixin=None, verb_parser=<colcon_mixin.mixin.mixin_argument.MixinArgumentDecorator object at 0x79d660aaa630>, verb_extension=<colcon_core.verb.build.BuildVerb object at 0x79d660aaa2d0>, main=<bound method BuildVerb.main of <colcon_core.verb.build.BuildVerb object at 0x79d660aaa2d0>>, mixin_verb=('build',))
[0.182s] Level 1:colcon.colcon_core.package_discovery:discover_packages(colcon_meta) check parameters
[0.182s] Level 1:colcon.colcon_core.package_discovery:discover_packages(recursive) check parameters
[0.182s] Level 1:colcon.colcon_core.package_discovery:discover_packages(ignore) check parameters
[0.182s] Level 1:colcon.colcon_core.package_discovery:discover_packages(path) check parameters
[0.182s] Level 1:colcon.colcon_core.package_discovery:discover_packages(colcon_meta) discover
[0.182s] Level 1:colcon.colcon_core.package_discovery:discover_packages(recursive) discover
[0.182s] INFO:colcon.colcon_core.package_discovery:Crawling recursively for packages in '/home/kuldip/myroboticarm_ws'
[0.182s] Level 1:colcon.colcon_core.package_identification:_identify(.) by extensions ['ignore', 'ignore_ament_install']
[0.182s] Level 1:colcon.colcon_core.package_identification:_identify(.) by extension 'ignore'
[0.182s] Level 1:colcon.colcon_core.package_identification:_identify(.) by extension 'ignore_ament_install'
[0.183s] Level 1:colcon.colcon_core.package_identification:_identify(.) by extensions ['colcon_pkg']
[0.183s] Level 1:colcon.colcon_core.package_identification:_identify(.) by extension 'colcon_pkg'
[0.183s] Level 1:colcon.colcon_core.package_identification:_identify(.) by extensions ['colcon_meta']
[0.183s] Level 1:colcon.colcon_core.package_identification:_identify(.) by extension 'colcon_meta'
[0.183s] Level 1:colcon.colcon_core.package_identification:_identify(.) by extensions ['ros']
[0.183s] Level 1:colcon.colcon_core.package_identification:_identify(.) by extension 'ros'
[0.215s] Level 1:colcon.colcon_core.package_identification:_identify(.) by extensions ['cmake', 'python']
[0.215s] Level 1:colcon.colcon_core.package_identification:_identify(.) by extension 'cmake'
[0.215s] Level 1:colcon.colcon_core.package_identification:_identify(.) by extension 'python'
[0.215s] Level 1:colcon.colcon_core.package_identification:_identify(.) by extensions ['python_setup_py']
[0.215s] Level 1:colcon.colcon_core.package_identification:_identify(.) by extension 'python_setup_py'
[0.215s] Level 1:colcon.colcon_core.package_identification:_identify(build) by extensions ['ignore', 'ignore_ament_install']
[0.215s] Level 1:colcon.colcon_core.package_identification:_identify(build) by extension 'ignore'
[0.216s] Level 1:colcon.colcon_core.package_identification:_identify(build) ignored
[0.216s] Level 1:colcon.colcon_core.package_identification:_identify(install) by extensions ['ignore', 'ignore_ament_install']
[0.216s] Level 1:colcon.colcon_core.package_identification:_identify(install) by extension 'ignore'
[0.216s] Level 1:colcon.colcon_core.package_identification:_identify(install) ignored
[0.216s] Level 1:colcon.colcon_core.package_identification:_identify(log) by extensions ['ignore', 'ignore_ament_install']
[0.216s] Level 1:colcon.colcon_core.package_identification:_identify(log) by extension 'ignore'
[0.216s] Level 1:colcon.colcon_core.package_identification:_identify(log) ignored
[0.216s] Level 1:colcon.colcon_core.package_identification:_identify(src) by extensions ['ignore', 'ignore_ament_install']
[0.216s] Level 1:colcon.colcon_core.package_identification:_identify(src) by extension 'ignore'
[0.217s] Level 1:colcon.colcon_core.package_identification:_identify(src) by extension 'ignore_ament_install'
[0.217s] Level 1:colcon.colcon_core.package_identification:_identify(src) by extensions ['colcon_pkg']
[0.217s] Level 1:colcon.colcon_core.package_identification:_identify(src) by extension 'colcon_pkg'
[0.217s] Level 1:colcon.colcon_core.package_identification:_identify(src) by extensions ['colcon_meta']
[0.217s] Level 1:colcon.colcon_core.package_identification:_identify(src) by extension 'colcon_meta'
[0.217s] Level 1:colcon.colcon_core.package_identification:_identify(src) by extensions ['ros']
[0.217s] Level 1:colcon.colcon_core.package_identification:_identify(src) by extension 'ros'
[0.217s] Level 1:colcon.colcon_core.package_identification:_identify(src) by extensions ['cmake', 'python']
[0.217s] Level 1:colcon.colcon_core.package_identification:_identify(src) by extension 'cmake'
[0.217s] Level 1:colcon.colcon_core.package_identification:_identify(src) by extension 'python'
[0.217s] Level 1:colcon.colcon_core.package_identification:_identify(src) by extensions ['python_setup_py']
[0.217s] Level 1:colcon.colcon_core.package_identification:_identify(src) by extension 'python_setup_py'
[0.217s] Level 1:colcon.colcon_core.package_identification:_identify(src/build) by extensions ['ignore', 'ignore_ament_install']
[0.217s] Level 1:colcon.colcon_core.package_identification:_identify(src/build) by extension 'ignore'
[0.217s] Level 1:colcon.colcon_core.package_identification:_identify(src/build) ignored
[0.217s] Level 1:colcon.colcon_core.package_identification:_identify(src/install) by extensions ['ignore', 'ignore_ament_install']
[0.217s] Level 1:colcon.colcon_core.package_identification:_identify(src/install) by extension 'ignore'
[0.217s] Level 1:colcon.colcon_core.package_identification:_identify(src/install) ignored
[0.217s] Level 1:colcon.colcon_core.package_identification:_identify(src/log) by extensions ['ignore', 'ignore_ament_install']
[0.218s] Level 1:colcon.colcon_core.package_identification:_identify(src/log) by extension 'ignore'
[0.218s] Level 1:colcon.colcon_core.package_identification:_identify(src/log) ignored
[0.218s] Level 1:colcon.colcon_core.package_identification:_identify(src/myroboticarm) by extensions ['ignore', 'ignore_ament_install']
[0.218s] Level 1:colcon.colcon_core.package_identification:_identify(src/myroboticarm) by extension 'ignore'
[0.218s] Level 1:colcon.colcon_core.package_identification:_identify(src/myroboticarm) by extension 'ignore_ament_install'
[0.218s] Level 1:colcon.colcon_core.package_identification:_identify(src/myroboticarm) by extensions ['colcon_pkg']
[0.218s] Level 1:colcon.colcon_core.package_identification:_identify(src/myroboticarm) by extension 'colcon_pkg'
[0.218s] Level 1:colcon.colcon_core.package_identification:_identify(src/myroboticarm) by extensions ['colcon_meta']
[0.218s] Level 1:colcon.colcon_core.package_identification:_identify(src/myroboticarm) by extension 'colcon_meta'
[0.218s] Level 1:colcon.colcon_core.package_identification:_identify(src/myroboticarm) by extensions ['ros']
[0.218s] Level 1:colcon.colcon_core.package_identification:_identify(src/myroboticarm) by extension 'ros'
[0.224s] DEBUG:colcon.colcon_core.package_identification:Package 'src/myroboticarm' with type 'ros.ament_python' and name 'myroboticarm'
[0.224s] Level 1:colcon.colcon_core.package_identification:_identify(src/myroboticarm_controller) by extensions ['ignore', 'ignore_ament_install']
[0.224s] Level 1:colcon.colcon_core.package_identification:_identify(src/myroboticarm_controller) by extension 'ignore'
[0.224s] Level 1:colcon.colcon_core.package_identification:_identify(src/myroboticarm_controller) by extension 'ignore_ament_install'
[0.224s] Level 1:colcon.colcon_core.package_identification:_identify(src/myroboticarm_controller) by extensions ['colcon_pkg']
[0.224s] Level 1:colcon.colcon_core.package_identification:_identify(src/myroboticarm_controller) by extension 'colcon_pkg'
[0.224s] Level 1:colcon.colcon_core.package_identification:_identify(src/myroboticarm_controller) by extensions ['colcon_meta']
[0.224s] Level 1:colcon.colcon_core.package_identification:_identify(src/myroboticarm_controller) by extension 'colcon_meta'
[0.224s] Level 1:colcon.colcon_core.package_identification:_identify(src/myroboticarm_controller) by extensions ['ros']
[0.224s] Level 1:colcon.colcon_core.package_identification:_identify(src/myroboticarm_controller) by extension 'ros'
[0.225s] DEBUG:colcon.colcon_core.package_identification:Package 'src/myroboticarm_controller' with type 'ros.ament_cmake' and name 'myroboticarm_controller'
[0.225s] Level 1:colcon.colcon_core.package_identification:_identify(src/myroboticarm_description_cpp) by extensions ['ignore', 'ignore_ament_install']
[0.225s] Level 1:colcon.colcon_core.package_identification:_identify(src/myroboticarm_description_cpp) by extension 'ignore'
[0.225s] Level 1:colcon.colcon_core.package_identification:_identify(src/myroboticarm_description_cpp) by extension 'ignore_ament_install'
[0.225s] Level 1:colcon.colcon_core.package_identification:_identify(src/myroboticarm_description_cpp) by extensions ['colcon_pkg']
[0.225s] Level 1:colcon.colcon_core.package_identification:_identify(src/myroboticarm_description_cpp) by extension 'colcon_pkg'
[0.225s] Level 1:colcon.colcon_core.package_identification:_identify(src/myroboticarm_description_cpp) by extensions ['colcon_meta']
[0.225s] Level 1:colcon.colcon_core.package_identification:_identify(src/myroboticarm_description_cpp) by extension 'colcon_meta'
[0.225s] Level 1:colcon.colcon_core.package_identification:_identify(src/myroboticarm_description_cpp) by extensions ['ros']
[0.225s] Level 1:colcon.colcon_core.package_identification:_identify(src/myroboticarm_description_cpp) by extension 'ros'
[0.227s] DEBUG:colcon.colcon_core.package_identification:Package 'src/myroboticarm_description_cpp' with type 'ros.ament_cmake' and name 'myroboticarm_description_cpp'
[0.227s] Level 1:colcon.colcon_core.package_identification:_identify(src/myroboticarm_moveit) by extensions ['ignore', 'ignore_ament_install']
[0.227s] Level 1:colcon.colcon_core.package_identification:_identify(src/myroboticarm_moveit) by extension 'ignore'
[0.227s] Level 1:colcon.colcon_core.package_identification:_identify(src/myroboticarm_moveit) by extension 'ignore_ament_install'
[0.227s] Level 1:colcon.colcon_core.package_identification:_identify(src/myroboticarm_moveit) by extensions ['colcon_pkg']
[0.227s] Level 1:colcon.colcon_core.package_identification:_identify(src/myroboticarm_moveit) by extension 'colcon_pkg'
[0.227s] Level 1:colcon.colcon_core.package_identification:_identify(src/myroboticarm_moveit) by extensions ['colcon_meta']
[0.227s] Level 1:colcon.colcon_core.package_identification:_identify(src/myroboticarm_moveit) by extension 'colcon_meta'
[0.227s] Level 1:colcon.colcon_core.package_identification:_identify(src/myroboticarm_moveit) by extensions ['ros']
[0.227s] Level 1:colcon.colcon_core.package_identification:_identify(src/myroboticarm_moveit) by extension 'ros'
[0.228s] DEBUG:colcon.colcon_core.package_identification:Package 'src/myroboticarm_moveit' with type 'ros.ament_cmake' and name 'myroboticarm_moveit'
[0.228s] Level 1:colcon.colcon_core.package_identification:_identify(src/myroboticarm_msgs) by extensions ['ignore', 'ignore_ament_install']
[0.228s] Level 1:colcon.colcon_core.package_identification:_identify(src/myroboticarm_msgs) by extension 'ignore'
[0.228s] Level 1:colcon.colcon_core.package_identification:_identify(src/myroboticarm_msgs) by extension 'ignore_ament_install'
[0.228s] Level 1:colcon.colcon_core.package_identification:_identify(src/myroboticarm_msgs) by extensions ['colcon_pkg']
[0.228s] Level 1:colcon.colcon_core.package_identification:_identify(src/myroboticarm_msgs) by extension 'colcon_pkg'
[0.228s] Level 1:colcon.colcon_core.package_identification:_identify(src/myroboticarm_msgs) by extensions ['colcon_meta']
[0.228s] Level 1:colcon.colcon_core.package_identification:_identify(src/myroboticarm_msgs) by extension 'colcon_meta'
[0.228s] Level 1:colcon.colcon_core.package_identification:_identify(src/myroboticarm_msgs) by extensions ['ros']
[0.228s] Level 1:colcon.colcon_core.package_identification:_identify(src/myroboticarm_msgs) by extension 'ros'
[0.229s] DEBUG:colcon.colcon_core.package_identification:Package 'src/myroboticarm_msgs' with type 'ros.ament_cmake' and name 'myroboticarm_msgs'
[0.229s] Level 1:colcon.colcon_core.package_identification:_identify(src/myroboticarm_utils) by extensions ['ignore', 'ignore_ament_install']
[0.229s] Level 1:colcon.colcon_core.package_identification:_identify(src/myroboticarm_utils) by extension 'ignore'
[0.229s] Level 1:colcon.colcon_core.package_identification:_identify(src/myroboticarm_utils) by extension 'ignore_ament_install'
[0.229s] Level 1:colcon.colcon_core.package_identification:_identify(src/myroboticarm_utils) by extensions ['colcon_pkg']
[0.229s] Level 1:colcon.colcon_core.package_identification:_identify(src/myroboticarm_utils) by extension 'colcon_pkg'
[0.229s] Level 1:colcon.colcon_core.package_identification:_identify(src/myroboticarm_utils) by extensions ['colcon_meta']
[0.229s] Level 1:colcon.colcon_core.package_identification:_identify(src/myroboticarm_utils) by extension 'colcon_meta'
[0.229s] Level 1:colcon.colcon_core.package_identification:_identify(src/myroboticarm_utils) by extensions ['ros']
[0.229s] Level 1:colcon.colcon_core.package_identification:_identify(src/myroboticarm_utils) by extension 'ros'
[0.230s] DEBUG:colcon.colcon_core.package_identification:Package 'src/myroboticarm_utils' with type 'ros.ament_cmake' and name 'myroboticarm_utils'
[0.230s] Level 1:colcon.colcon_core.package_discovery:discover_packages(recursive) using defaults
[0.230s] Level 1:colcon.colcon_core.package_discovery:discover_packages(ignore) discover
[0.230s] Level 1:colcon.colcon_core.package_discovery:discover_packages(ignore) using defaults
[0.230s] Level 1:colcon.colcon_core.package_discovery:discover_packages(path) discover
[0.230s] Level 1:colcon.colcon_core.package_discovery:discover_packages(path) using defaults
[0.254s] Level 1:colcon.colcon_core.package_discovery:discover_packages(prefix_path) check parameters
[0.254s] Level 1:colcon.colcon_core.package_discovery:discover_packages(prefix_path) discover
[0.257s] DEBUG:colcon.colcon_installed_package_information.package_discovery:Found 8 installed packages in /home/kuldip/myroboticarm_ws/install
[0.257s] DEBUG:colcon.colcon_installed_package_information.package_discovery:Found 4 installed packages in /home/kuldip/arduinobot_ws/install
[0.258s] DEBUG:colcon.colcon_installed_package_information.package_discovery:Found 7 installed packages in /home/kuldip/myroboticarm_ws/src/install
[0.260s] DEBUG:colcon.colcon_installed_package_information.package_discovery:Found 414 installed packages in /opt/ros/jazzy
[0.261s] Level 1:colcon.colcon_core.package_discovery:discover_packages(prefix_path) using defaults
[0.319s] Level 5:colcon.colcon_core.verb:set package 'myroboticarm' build argument 'cmake_args' from command line to 'None'
[0.319s] Level 5:colcon.colcon_core.verb:set package 'myroboticarm' build argument 'cmake_target' from command line to 'None'
[0.319s] Level 5:colcon.colcon_core.verb:set package 'myroboticarm' build argument 'cmake_target_skip_unavailable' from command line to 'False'
[0.320s] Level 5:colcon.colcon_core.verb:set package 'myroboticarm' build argument 'cmake_clean_cache' from command line to 'False'
[0.320s] Level 5:colcon.colcon_core.verb:set package 'myroboticarm' build argument 'cmake_clean_first' from command line to 'False'
[0.320s] Level 5:colcon.colcon_core.verb:set package 'myroboticarm' build argument 'cmake_force_configure' from command line to 'False'
[0.320s] Level 5:colcon.colcon_core.verb:set package 'myroboticarm' build argument 'ament_cmake_args' from command line to 'None'
[0.320s] Level 5:colcon.colcon_core.verb:set package 'myroboticarm' build argument 'catkin_cmake_args' from command line to 'None'
[0.320s] Level 5:colcon.colcon_core.verb:set package 'myroboticarm' build argument 'catkin_skip_building_tests' from command line to 'False'
[0.320s] DEBUG:colcon.colcon_core.verb:Building package 'myroboticarm' with the following arguments: {'ament_cmake_args': None, 'build_base': '/home/kuldip/myroboticarm_ws/build/myroboticarm', 'catkin_cmake_args': None, 'catkin_skip_building_tests': False, 'cmake_args': None, 'cmake_clean_cache': False, 'cmake_clean_first': False, 'cmake_force_configure': False, 'cmake_target': None, 'cmake_target_skip_unavailable': False, 'install_base': '/home/kuldip/myroboticarm_ws/install/myroboticarm', 'merge_install': False, 'path': '/home/kuldip/myroboticarm_ws/src/myroboticarm', 'symlink_install': False, 'test_result_base': None}
[0.320s] Level 5:colcon.colcon_core.verb:set package 'myroboticarm_controller' build argument 'cmake_args' from command line to 'None'
[0.320s] Level 5:colcon.colcon_core.verb:set package 'myroboticarm_controller' build argument 'cmake_target' from command line to 'None'
[0.320s] Level 5:colcon.colcon_core.verb:set package 'myroboticarm_controller' build argument 'cmake_target_skip_unavailable' from command line to 'False'
[0.320s] Level 5:colcon.colcon_core.verb:set package 'myroboticarm_controller' build argument 'cmake_clean_cache' from command line to 'False'
[0.320s] Level 5:colcon.colcon_core.verb:set package 'myroboticarm_controller' build argument 'cmake_clean_first' from command line to 'False'
[0.320s] Level 5:colcon.colcon_core.verb:set package 'myroboticarm_controller' build argument 'cmake_force_configure' from command line to 'False'
[0.320s] Level 5:colcon.colcon_core.verb:set package 'myroboticarm_controller' build argument 'ament_cmake_args' from command line to 'None'
[0.320s] Level 5:colcon.colcon_core.verb:set package 'myroboticarm_controller' build argument 'catkin_cmake_args' from command line to 'None'
[0.320s] Level 5:colcon.colcon_core.verb:set package 'myroboticarm_controller' build argument 'catkin_skip_building_tests' from command line to 'False'
[0.320s] DEBUG:colcon.colcon_core.verb:Building package 'myroboticarm_controller' with the following arguments: {'ament_cmake_args': None, 'build_base': '/home/kuldip/myroboticarm_ws/build/myroboticarm_controller', 'catkin_cmake_args': None, 'catkin_skip_building_tests': False, 'cmake_args': None, 'cmake_clean_cache': False, 'cmake_clean_first': False, 'cmake_force_configure': False, 'cmake_target': None, 'cmake_target_skip_unavailable': False, 'install_base': '/home/kuldip/myroboticarm_ws/install/myroboticarm_controller', 'merge_install': False, 'path': '/home/kuldip/myroboticarm_ws/src/myroboticarm_controller', 'symlink_install': False, 'test_result_base': None}
[0.320s] Level 5:colcon.colcon_core.verb:set package 'myroboticarm_description_cpp' build argument 'cmake_args' from command line to 'None'
[0.321s] Level 5:colcon.colcon_core.verb:set package 'myroboticarm_description_cpp' build argument 'cmake_target' from command line to 'None'
[0.321s] Level 5:colcon.colcon_core.verb:set package 'myroboticarm_description_cpp' build argument 'cmake_target_skip_unavailable' from command line to 'False'
[0.321s] Level 5:colcon.colcon_core.verb:set package 'myroboticarm_description_cpp' build argument 'cmake_clean_cache' from command line to 'False'
[0.321s] Level 5:colcon.colcon_core.verb:set package 'myroboticarm_description_cpp' build argument 'cmake_clean_first' from command line to 'False'
[0.321s] Level 5:colcon.colcon_core.verb:set package 'myroboticarm_description_cpp' build argument 'cmake_force_configure' from command line to 'False'
[0.321s] Level 5:colcon.colcon_core.verb:set package 'myroboticarm_description_cpp' build argument 'ament_cmake_args' from command line to 'None'
[0.321s] Level 5:colcon.colcon_core.verb:set package 'myroboticarm_description_cpp' build argument 'catkin_cmake_args' from command line to 'None'
[0.321s] Level 5:colcon.colcon_core.verb:set package 'myroboticarm_description_cpp' build argument 'catkin_skip_building_tests' from command line to 'False'
[0.321s] DEBUG:colcon.colcon_core.verb:Building package 'myroboticarm_description_cpp' with the following arguments: {'ament_cmake_args': None, 'build_base': '/home/kuldip/myroboticarm_ws/build/myroboticarm_description_cpp', 'catkin_cmake_args': None, 'catkin_skip_building_tests': False, 'cmake_args': None, 'cmake_clean_cache': False, 'cmake_clean_first': False, 'cmake_force_configure': False, 'cmake_target': None, 'cmake_target_skip_unavailable': False, 'install_base': '/home/kuldip/myroboticarm_ws/install/myroboticarm_description_cpp', 'merge_install': False, 'path': '/home/kuldip/myroboticarm_ws/src/myroboticarm_description_cpp', 'symlink_install': False, 'test_result_base': None}
[0.321s] Level 5:colcon.colcon_core.verb:set package 'myroboticarm_moveit' build argument 'cmake_args' from command line to 'None'
[0.321s] Level 5:colcon.colcon_core.verb:set package 'myroboticarm_moveit' build argument 'cmake_target' from command line to 'None'
[0.321s] Level 5:colcon.colcon_core.verb:set package 'myroboticarm_moveit' build argument 'cmake_target_skip_unavailable' from command line to 'False'
[0.321s] Level 5:colcon.colcon_core.verb:set package 'myroboticarm_moveit' build argument 'cmake_clean_cache' from command line to 'False'
[0.321s] Level 5:colcon.colcon_core.verb:set package 'myroboticarm_moveit' build argument 'cmake_clean_first' from command line to 'False'
[0.321s] Level 5:colcon.colcon_core.verb:set package 'myroboticarm_moveit' build argument 'cmake_force_configure' from command line to 'False'
[0.321s] Level 5:colcon.colcon_core.verb:set package 'myroboticarm_moveit' build argument 'ament_cmake_args' from command line to 'None'
[0.321s] Level 5:colcon.colcon_core.verb:set package 'myroboticarm_moveit' build argument 'catkin_cmake_args' from command line to 'None'
[0.321s] Level 5:colcon.colcon_core.verb:set package 'myroboticarm_moveit' build argument 'catkin_skip_building_tests' from command line to 'False'
[0.321s] DEBUG:colcon.colcon_core.verb:Building package 'myroboticarm_moveit' with the following arguments: {'ament_cmake_args': None, 'build_base': '/home/kuldip/myroboticarm_ws/build/myroboticarm_moveit', 'catkin_cmake_args': None, 'catkin_skip_building_tests': False, 'cmake_args': None, 'cmake_clean_cache': False, 'cmake_clean_first': False, 'cmake_force_configure': False, 'cmake_target': None, 'cmake_target_skip_unavailable': False, 'install_base': '/home/kuldip/myroboticarm_ws/install/myroboticarm_moveit', 'merge_install': False, 'path': '/home/kuldip/myroboticarm_ws/src/myroboticarm_moveit', 'symlink_install': False, 'test_result_base': None}
[0.321s] Level 5:colcon.colcon_core.verb:set package 'myroboticarm_msgs' build argument 'cmake_args' from command line to 'None'
[0.321s] Level 5:colcon.colcon_core.verb:set package 'myroboticarm_msgs' build argument 'cmake_target' from command line to 'None'
[0.321s] Level 5:colcon.colcon_core.verb:set package 'myroboticarm_msgs' build argument 'cmake_target_skip_unavailable' from command line to 'False'
[0.321s] Level 5:colcon.colcon_core.verb:set package 'myroboticarm_msgs' build argument 'cmake_clean_cache' from command line to 'False'
[0.321s] Level 5:colcon.colcon_core.verb:set package 'myroboticarm_msgs' build argument 'cmake_clean_first' from command line to 'False'
[0.321s] Level 5:colcon.colcon_core.verb:set package 'myroboticarm_msgs' build argument 'cmake_force_configure' from command line to 'False'
[0.321s] Level 5:colcon.colcon_core.verb:set package 'myroboticarm_msgs' build argument 'ament_cmake_args' from command line to 'None'
[0.321s] Level 5:colcon.colcon_core.verb:set package 'myroboticarm_msgs' build argument 'catkin_cmake_args' from command line to 'None'
[0.322s] Level 5:colcon.colcon_core.verb:set package 'myroboticarm_msgs' build argument 'catkin_skip_building_tests' from command line to 'False'
[0.322s] DEBUG:colcon.colcon_core.verb:Building package 'myroboticarm_msgs' with the following arguments: {'ament_cmake_args': None, 'build_base': '/home/kuldip/myroboticarm_ws/build/myroboticarm_msgs', 'catkin_cmake_args': None, 'catkin_skip_building_tests': False, 'cmake_args': None, 'cmake_clean_cache': False, 'cmake_clean_first': False, 'cmake_force_configure': False, 'cmake_target': None, 'cmake_target_skip_unavailable': False, 'install_base': '/home/kuldip/myroboticarm_ws/install/myroboticarm_msgs', 'merge_install': False, 'path': '/home/kuldip/myroboticarm_ws/src/myroboticarm_msgs', 'symlink_install': False, 'test_result_base': None}
[0.322s] Level 5:colcon.colcon_core.verb:set package 'myroboticarm_utils' build argument 'cmake_args' from command line to 'None'
[0.322s] Level 5:colcon.colcon_core.verb:set package 'myroboticarm_utils' build argument 'cmake_target' from command line to 'None'
[0.322s] Level 5:colcon.colcon_core.verb:set package 'myroboticarm_utils' build argument 'cmake_target_skip_unavailable' from command line to 'False'
[0.322s] Level 5:colcon.colcon_core.verb:set package 'myroboticarm_utils' build argument 'cmake_clean_cache' from command line to 'False'
[0.322s] Level 5:colcon.colcon_core.verb:set package 'myroboticarm_utils' build argument 'cmake_clean_first' from command line to 'False'
[0.322s] Level 5:colcon.colcon_core.verb:set package 'myroboticarm_utils' build argument 'cmake_force_configure' from command line to 'False'
[0.322s] Level 5:colcon.colcon_core.verb:set package 'myroboticarm_utils' build argument 'ament_cmake_args' from command line to 'None'
[0.322s] Level 5:colcon.colcon_core.verb:set package 'myroboticarm_utils' build argument 'catkin_cmake_args' from command line to 'None'
[0.322s] Level 5:colcon.colcon_core.verb:set package 'myroboticarm_utils' build argument 'catkin_skip_building_tests' from command line to 'False'
[0.322s] DEBUG:colcon.colcon_core.verb:Building package 'myroboticarm_utils' with the following arguments: {'ament_cmake_args': None, 'build_base': '/home/kuldip/myroboticarm_ws/build/myroboticarm_utils', 'catkin_cmake_args': None, 'catkin_skip_building_tests': False, 'cmake_args': None, 'cmake_clean_cache': False, 'cmake_clean_first': False, 'cmake_force_configure': False, 'cmake_target': None, 'cmake_target_skip_unavailable': False, 'install_base': '/home/kuldip/myroboticarm_ws/install/myroboticarm_utils', 'merge_install': False, 'path': '/home/kuldip/myroboticarm_ws/src/myroboticarm_utils', 'symlink_install': False, 'test_result_base': None}
[0.322s] INFO:colcon.colcon_core.executor:Executing jobs using 'parallel' executor
[0.323s] DEBUG:colcon.colcon_parallel_executor.executor.parallel:run_until_complete
[0.324s] INFO:colcon.colcon_ros.task.ament_cmake.build:Building ROS package in '/home/kuldip/myroboticarm_ws/src/myroboticarm_msgs' with build type 'ament_cmake'
[0.324s] INFO:colcon.colcon_cmake.task.cmake.build:Building CMake package in '/home/kuldip/myroboticarm_ws/src/myroboticarm_msgs'
[0.328s] INFO:colcon.colcon_core.plugin_system:Skipping extension 'colcon_core.shell.bat': Not used on non-Windows systems
[0.328s] INFO:colcon.colcon_core.shell:Skip shell extension 'powershell' for command environment: Not usable outside of PowerShell
[0.328s] DEBUG:colcon.colcon_core.shell:Skip shell extension 'dsv' for command environment
[0.334s] INFO:colcon.colcon_ros.task.ament_python.build:Building ROS package in '/home/kuldip/myroboticarm_ws/src/myroboticarm' with build type 'ament_python'
[0.334s] Level 1:colcon.colcon_core.shell:create_environment_hook('myroboticarm', 'ament_prefix_path')
[0.334s] INFO:colcon.colcon_core.shell:Creating environment hook '/home/kuldip/myroboticarm_ws/install/myroboticarm/share/myroboticarm/hook/ament_prefix_path.ps1'
[0.335s] INFO:colcon.colcon_core.shell:Creating environment descriptor '/home/kuldip/myroboticarm_ws/install/myroboticarm/share/myroboticarm/hook/ament_prefix_path.dsv'
[0.335s] INFO:colcon.colcon_core.shell:Creating environment hook '/home/kuldip/myroboticarm_ws/install/myroboticarm/share/myroboticarm/hook/ament_prefix_path.sh'
[0.336s] INFO:colcon.colcon_core.shell:Skip shell extension 'powershell' for command environment: Not usable outside of PowerShell
[0.336s] DEBUG:colcon.colcon_core.shell:Skip shell extension 'dsv' for command environment
[0.342s] INFO:colcon.colcon_ros.task.ament_cmake.build:Building ROS package in '/home/kuldip/myroboticarm_ws/src/myroboticarm_controller' with build type 'ament_cmake'
[0.342s] INFO:colcon.colcon_cmake.task.cmake.build:Building CMake package in '/home/kuldip/myroboticarm_ws/src/myroboticarm_controller'
[0.342s] INFO:colcon.colcon_core.shell:Skip shell extension 'powershell' for command environment: Not usable outside of PowerShell
[0.342s] DEBUG:colcon.colcon_core.shell:Skip shell extension 'dsv' for command environment
[0.348s] INFO:colcon.colcon_ros.task.ament_cmake.build:Building ROS package in '/home/kuldip/myroboticarm_ws/src/myroboticarm_description_cpp' with build type 'ament_cmake'
[0.348s] INFO:colcon.colcon_cmake.task.cmake.build:Building CMake package in '/home/kuldip/myroboticarm_ws/src/myroboticarm_description_cpp'
[0.349s] INFO:colcon.colcon_core.shell:Skip shell extension 'powershell' for command environment: Not usable outside of PowerShell
[0.349s] DEBUG:colcon.colcon_core.shell:Skip shell extension 'dsv' for command environment
[0.354s] INFO:colcon.colcon_ros.task.ament_cmake.build:Building ROS package in '/home/kuldip/myroboticarm_ws/src/myroboticarm_moveit' with build type 'ament_cmake'
[0.355s] INFO:colcon.colcon_cmake.task.cmake.build:Building CMake package in '/home/kuldip/myroboticarm_ws/src/myroboticarm_moveit'
[0.355s] INFO:colcon.colcon_core.shell:Skip shell extension 'powershell' for command environment: Not usable outside of PowerShell
[0.355s] DEBUG:colcon.colcon_core.shell:Skip shell extension 'dsv' for command environment
[0.367s] DEBUG:colcon.colcon_core.event_handler.log_command:Invoking command in '/home/kuldip/myroboticarm_ws/build/myroboticarm_msgs': CMAKE_PREFIX_PATH=${CMAKE_PREFIX_PATH}:/home/kuldip/myroboticarm_ws/install/myroboticarm_description:/home/kuldip/myroboticarm_ws/install/myroboticarm:/home/kuldip/arduinobot_ws/install/arduinobot_py_examples:/home/kuldip/myroboticarm_ws/src/install/myroboticarm:/opt/ros/jazzy DEBUGINFOD_URLS=https://debuginfod.ubuntu.com /usr/bin/cmake --build /home/kuldip/myroboticarm_ws/build/myroboticarm_msgs -- -j12 -l12
[0.668s] INFO:colcon.colcon_core.task.python.build:Building Python package in '/home/kuldip/myroboticarm_ws/src/myroboticarm'
[0.668s] INFO:colcon.colcon_core.shell:Skip shell extension 'powershell' for command environment: Not usable outside of PowerShell
[0.668s] DEBUG:colcon.colcon_core.shell:Skip shell extension 'dsv' for command environment
[0.677s] DEBUG:colcon.colcon_core.event_handler.log_command:Invoking command in '/home/kuldip/myroboticarm_ws/build/myroboticarm_controller': CMAKE_PREFIX_PATH=${CMAKE_PREFIX_PATH}:/home/kuldip/myroboticarm_ws/install/myroboticarm_description:/home/kuldip/myroboticarm_ws/install/myroboticarm:/home/kuldip/arduinobot_ws/install/arduinobot_py_examples:/home/kuldip/myroboticarm_ws/src/install/myroboticarm:/opt/ros/jazzy DEBUGINFOD_URLS=https://debuginfod.ubuntu.com /usr/bin/cmake --build /home/kuldip/myroboticarm_ws/build/myroboticarm_controller -- -j12 -l12
[0.680s] DEBUG:colcon.colcon_core.event_handler.log_command:Invoking command in '/home/kuldip/myroboticarm_ws/build/myroboticarm_description_cpp': CMAKE_PREFIX_PATH=${CMAKE_PREFIX_PATH}:/home/kuldip/myroboticarm_ws/install/myroboticarm_description:/home/kuldip/myroboticarm_ws/install/myroboticarm:/home/kuldip/arduinobot_ws/install/arduinobot_py_examples:/home/kuldip/myroboticarm_ws/src/install/myroboticarm:/opt/ros/jazzy DEBUGINFOD_URLS=https://debuginfod.ubuntu.com /usr/bin/cmake --build /home/kuldip/myroboticarm_ws/build/myroboticarm_description_cpp -- -j12 -l12
[0.689s] DEBUG:colcon.colcon_core.event_handler.log_command:Invoking command in '/home/kuldip/myroboticarm_ws/build/myroboticarm_moveit': CMAKE_PREFIX_PATH=${CMAKE_PREFIX_PATH}:/home/kuldip/myroboticarm_ws/install/myroboticarm_description:/home/kuldip/myroboticarm_ws/install/myroboticarm:/home/kuldip/arduinobot_ws/install/arduinobot_py_examples:/home/kuldip/myroboticarm_ws/src/install/myroboticarm:/opt/ros/jazzy DEBUGINFOD_URLS=https://debuginfod.ubuntu.com /usr/bin/cmake --build /home/kuldip/myroboticarm_ws/build/myroboticarm_moveit -- -j12 -l12
[0.733s] DEBUG:colcon.colcon_core.event_handler.log_command:Invoked command in '/home/kuldip/myroboticarm_ws/build/myroboticarm_controller' returned '0': CMAKE_PREFIX_PATH=${CMAKE_PREFIX_PATH}:/home/kuldip/myroboticarm_ws/install/myroboticarm_description:/home/kuldip/myroboticarm_ws/install/myroboticarm:/home/kuldip/arduinobot_ws/install/arduinobot_py_examples:/home/kuldip/myroboticarm_ws/src/install/myroboticarm:/opt/ros/jazzy DEBUGINFOD_URLS=https://debuginfod.ubuntu.com /usr/bin/cmake --build /home/kuldip/myroboticarm_ws/build/myroboticarm_controller -- -j12 -l12
[0.750s] DEBUG:colcon.colcon_core.event_handler.log_command:Invoking command in '/home/kuldip/myroboticarm_ws/build/myroboticarm_controller': CMAKE_PREFIX_PATH=${CMAKE_PREFIX_PATH}:/home/kuldip/myroboticarm_ws/install/myroboticarm_description:/home/kuldip/myroboticarm_ws/install/myroboticarm:/home/kuldip/arduinobot_ws/install/arduinobot_py_examples:/home/kuldip/myroboticarm_ws/src/install/myroboticarm:/opt/ros/jazzy DEBUGINFOD_URLS=https://debuginfod.ubuntu.com /usr/bin/cmake --install /home/kuldip/myroboticarm_ws/build/myroboticarm_controller
[0.752s] DEBUG:colcon.colcon_core.event_handler.log_command:Invoked command in '/home/kuldip/myroboticarm_ws/build/myroboticarm_description_cpp' returned '0': CMAKE_PREFIX_PATH=${CMAKE_PREFIX_PATH}:/home/kuldip/myroboticarm_ws/install/myroboticarm_description:/home/kuldip/myroboticarm_ws/install/myroboticarm:/home/kuldip/arduinobot_ws/install/arduinobot_py_examples:/home/kuldip/myroboticarm_ws/src/install/myroboticarm:/opt/ros/jazzy DEBUGINFOD_URLS=https://debuginfod.ubuntu.com /usr/bin/cmake --build /home/kuldip/myroboticarm_ws/build/myroboticarm_description_cpp -- -j12 -l12
[0.753s] DEBUG:colcon.colcon_core.event_handler.log_command:Invoking command in '/home/kuldip/myroboticarm_ws/build/myroboticarm_description_cpp': CMAKE_PREFIX_PATH=${CMAKE_PREFIX_PATH}:/home/kuldip/myroboticarm_ws/install/myroboticarm_description:/home/kuldip/myroboticarm_ws/install/myroboticarm:/home/kuldip/arduinobot_ws/install/arduinobot_py_examples:/home/kuldip/myroboticarm_ws/src/install/myroboticarm:/opt/ros/jazzy DEBUGINFOD_URLS=https://debuginfod.ubuntu.com /usr/bin/cmake --install /home/kuldip/myroboticarm_ws/build/myroboticarm_description_cpp
[0.754s] DEBUG:colcon.colcon_core.event_handler.log_command:Invoked command in '/home/kuldip/myroboticarm_ws/build/myroboticarm_moveit' returned '0': CMAKE_PREFIX_PATH=${CMAKE_PREFIX_PATH}:/home/kuldip/myroboticarm_ws/install/myroboticarm_description:/home/kuldip/myroboticarm_ws/install/myroboticarm:/home/kuldip/arduinobot_ws/install/arduinobot_py_examples:/home/kuldip/myroboticarm_ws/src/install/myroboticarm:/opt/ros/jazzy DEBUGINFOD_URLS=https://debuginfod.ubuntu.com /usr/bin/cmake --build /home/kuldip/myroboticarm_ws/build/myroboticarm_moveit -- -j12 -l12
[0.755s] DEBUG:colcon.colcon_core.event_handler.log_command:Invoking command in '/home/kuldip/myroboticarm_ws/build/myroboticarm_moveit': CMAKE_PREFIX_PATH=${CMAKE_PREFIX_PATH}:/home/kuldip/myroboticarm_ws/install/myroboticarm_description:/home/kuldip/myroboticarm_ws/install/myroboticarm:/home/kuldip/arduinobot_ws/install/arduinobot_py_examples:/home/kuldip/myroboticarm_ws/src/install/myroboticarm:/opt/ros/jazzy DEBUGINFOD_URLS=https://debuginfod.ubuntu.com /usr/bin/cmake --install /home/kuldip/myroboticarm_ws/build/myroboticarm_moveit
[0.765s] Level 1:colcon.colcon_core.environment:create_environment_scripts_only(myroboticarm_controller)
[0.766s] DEBUG:colcon.colcon_core.event_handler.log_command:Invoked command in '/home/kuldip/myroboticarm_ws/build/myroboticarm_controller' returned '0': CMAKE_PREFIX_PATH=${CMAKE_PREFIX_PATH}:/home/kuldip/myroboticarm_ws/install/myroboticarm_description:/home/kuldip/myroboticarm_ws/install/myroboticarm:/home/kuldip/arduinobot_ws/install/arduinobot_py_examples:/home/kuldip/myroboticarm_ws/src/install/myroboticarm:/opt/ros/jazzy DEBUGINFOD_URLS=https://debuginfod.ubuntu.com /usr/bin/cmake --install /home/kuldip/myroboticarm_ws/build/myroboticarm_controller
[0.772s] Level 1:colcon.colcon_core.environment:checking '/home/kuldip/myroboticarm_ws/install/myroboticarm_controller' for CMake module files
[0.774s] Level 1:colcon.colcon_core.environment:checking '/home/kuldip/myroboticarm_ws/install/myroboticarm_controller' for CMake config files
[0.775s] Level 1:colcon.colcon_core.shell:create_environment_hook('myroboticarm_controller', 'cmake_prefix_path')
[0.775s] INFO:colcon.colcon_core.shell:Creating environment hook '/home/kuldip/myroboticarm_ws/install/myroboticarm_controller/share/myroboticarm_controller/hook/cmake_prefix_path.ps1'
[0.776s] INFO:colcon.colcon_core.shell:Creating environment descriptor '/home/kuldip/myroboticarm_ws/install/myroboticarm_controller/share/myroboticarm_controller/hook/cmake_prefix_path.dsv'
[0.777s] INFO:colcon.colcon_core.shell:Creating environment hook '/home/kuldip/myroboticarm_ws/install/myroboticarm_controller/share/myroboticarm_controller/hook/cmake_prefix_path.sh'
[0.778s] Level 1:colcon.colcon_core.environment:checking '/home/kuldip/myroboticarm_ws/install/myroboticarm_controller/lib'
[0.778s] Level 1:colcon.colcon_core.environment:checking '/home/kuldip/myroboticarm_ws/install/myroboticarm_controller/bin'
[0.779s] Level 1:colcon.colcon_core.environment:checking '/home/kuldip/myroboticarm_ws/install/myroboticarm_controller/lib/pkgconfig/myroboticarm_controller.pc'
[0.779s] Level 1:colcon.colcon_core.environment:checking '/home/kuldip/myroboticarm_ws/install/myroboticarm_controller/lib/python3.12/site-packages'
[0.779s] Level 1:colcon.colcon_core.environment:checking '/home/kuldip/myroboticarm_ws/install/myroboticarm_controller/bin'
[0.779s] INFO:colcon.colcon_core.shell:Creating package script '/home/kuldip/myroboticarm_ws/install/myroboticarm_controller/share/myroboticarm_controller/package.ps1'
[0.780s] INFO:colcon.colcon_core.shell:Creating package descriptor '/home/kuldip/myroboticarm_ws/install/myroboticarm_controller/share/myroboticarm_controller/package.dsv'
[0.781s] INFO:colcon.colcon_core.shell:Creating package script '/home/kuldip/myroboticarm_ws/install/myroboticarm_controller/share/myroboticarm_controller/package.sh'
[0.782s] INFO:colcon.colcon_core.shell:Creating package script '/home/kuldip/myroboticarm_ws/install/myroboticarm_controller/share/myroboticarm_controller/package.bash'
[0.783s] INFO:colcon.colcon_core.shell:Creating package script '/home/kuldip/myroboticarm_ws/install/myroboticarm_controller/share/myroboticarm_controller/package.zsh'
[0.785s] Level 1:colcon.colcon_core.environment:create_file_with_runtime_dependencies(/home/kuldip/myroboticarm_ws/install/myroboticarm_controller/share/colcon-core/packages/myroboticarm_controller)
[0.786s] Level 1:colcon.colcon_core.environment:create_environment_scripts_only(myroboticarm_controller)
[0.786s] Level 1:colcon.colcon_core.environment:checking '/home/kuldip/myroboticarm_ws/install/myroboticarm_controller' for CMake module files
[0.787s] Level 1:colcon.colcon_core.environment:checking '/home/kuldip/myroboticarm_ws/install/myroboticarm_controller' for CMake config files
[0.788s] Level 1:colcon.colcon_core.shell:create_environment_hook('myroboticarm_controller', 'cmake_prefix_path')
[0.788s] INFO:colcon.colcon_core.shell:Creating environment hook '/home/kuldip/myroboticarm_ws/install/myroboticarm_controller/share/myroboticarm_controller/hook/cmake_prefix_path.ps1'
[0.789s] INFO:colcon.colcon_core.shell:Creating environment descriptor '/home/kuldip/myroboticarm_ws/install/myroboticarm_controller/share/myroboticarm_controller/hook/cmake_prefix_path.dsv'
[0.790s] INFO:colcon.colcon_core.shell:Creating environment hook '/home/kuldip/myroboticarm_ws/install/myroboticarm_controller/share/myroboticarm_controller/hook/cmake_prefix_path.sh'
[0.791s] Level 1:colcon.colcon_core.environment:checking '/home/kuldip/myroboticarm_ws/install/myroboticarm_controller/lib'
[0.792s] Level 1:colcon.colcon_core.environment:checking '/home/kuldip/myroboticarm_ws/install/myroboticarm_controller/bin'
[0.792s] Level 1:colcon.colcon_core.environment:checking '/home/kuldip/myroboticarm_ws/install/myroboticarm_controller/lib/pkgconfig/myroboticarm_controller.pc'
[0.792s] Level 1:colcon.colcon_core.environment:checking '/home/kuldip/myroboticarm_ws/install/myroboticarm_controller/lib/python3.12/site-packages'
[0.792s] Level 1:colcon.colcon_core.environment:checking '/home/kuldip/myroboticarm_ws/install/myroboticarm_controller/bin'
[0.792s] INFO:colcon.colcon_core.shell:Creating package script '/home/kuldip/myroboticarm_ws/install/myroboticarm_controller/share/myroboticarm_controller/package.ps1'
[0.793s] INFO:colcon.colcon_core.shell:Creating package descriptor '/home/kuldip/myroboticarm_ws/install/myroboticarm_controller/share/myroboticarm_controller/package.dsv'
[0.794s] INFO:colcon.colcon_core.shell:Creating package script '/home/kuldip/myroboticarm_ws/install/myroboticarm_controller/share/myroboticarm_controller/package.sh'
[0.795s] INFO:colcon.colcon_core.shell:Creating package script '/home/kuldip/myroboticarm_ws/install/myroboticarm_controller/share/myroboticarm_controller/package.bash'
[0.795s] INFO:colcon.colcon_core.shell:Creating package script '/home/kuldip/myroboticarm_ws/install/myroboticarm_controller/share/myroboticarm_controller/package.zsh'
[0.796s] Level 1:colcon.colcon_core.environment:create_file_with_runtime_dependencies(/home/kuldip/myroboticarm_ws/install/myroboticarm_controller/share/colcon-core/packages/myroboticarm_controller)
[0.798s] Level 1:colcon.colcon_core.environment:create_environment_scripts_only(myroboticarm_moveit)
[0.799s] Level 1:colcon.colcon_core.environment:checking '/home/kuldip/myroboticarm_ws/install/myroboticarm_moveit' for CMake module files
[0.802s] DEBUG:colcon.colcon_core.event_handler.log_command:Invoked command in '/home/kuldip/myroboticarm_ws/build/myroboticarm_moveit' returned '0': CMAKE_PREFIX_PATH=${CMAKE_PREFIX_PATH}:/home/kuldip/myroboticarm_ws/install/myroboticarm_description:/home/kuldip/myroboticarm_ws/install/myroboticarm:/home/kuldip/arduinobot_ws/install/arduinobot_py_examples:/home/kuldip/myroboticarm_ws/src/install/myroboticarm:/opt/ros/jazzy DEBUGINFOD_URLS=https://debuginfod.ubuntu.com /usr/bin/cmake --install /home/kuldip/myroboticarm_ws/build/myroboticarm_moveit
[0.802s] Level 1:colcon.colcon_core.environment:checking '/home/kuldip/myroboticarm_ws/install/myroboticarm_moveit' for CMake config files
[0.802s] Level 1:colcon.colcon_core.shell:create_environment_hook('myroboticarm_moveit', 'cmake_prefix_path')
[0.803s] INFO:colcon.colcon_core.shell:Creating environment hook '/home/kuldip/myroboticarm_ws/install/myroboticarm_moveit/share/myroboticarm_moveit/hook/cmake_prefix_path.ps1'
[0.804s] INFO:colcon.colcon_core.shell:Creating environment descriptor '/home/kuldip/myroboticarm_ws/install/myroboticarm_moveit/share/myroboticarm_moveit/hook/cmake_prefix_path.dsv'
[0.804s] INFO:colcon.colcon_core.shell:Creating environment hook '/home/kuldip/myroboticarm_ws/install/myroboticarm_moveit/share/myroboticarm_moveit/hook/cmake_prefix_path.sh'
[0.805s] Level 1:colcon.colcon_core.environment:checking '/home/kuldip/myroboticarm_ws/install/myroboticarm_moveit/bin'
[0.805s] Level 1:colcon.colcon_core.environment:checking '/home/kuldip/myroboticarm_ws/install/myroboticarm_moveit/lib/pkgconfig/myroboticarm_moveit.pc'
[0.806s] Level 1:colcon.colcon_core.environment:checking '/home/kuldip/myroboticarm_ws/install/myroboticarm_moveit/lib/python3.12/site-packages'
[0.806s] Level 1:colcon.colcon_core.environment:checking '/home/kuldip/myroboticarm_ws/install/myroboticarm_moveit/bin'
[0.806s] INFO:colcon.colcon_core.shell:Creating package script '/home/kuldip/myroboticarm_ws/install/myroboticarm_moveit/share/myroboticarm_moveit/package.ps1'
[0.807s] INFO:colcon.colcon_core.shell:Creating package descriptor '/home/kuldip/myroboticarm_ws/install/myroboticarm_moveit/share/myroboticarm_moveit/package.dsv'
[0.807s] INFO:colcon.colcon_core.shell:Creating package script '/home/kuldip/myroboticarm_ws/install/myroboticarm_moveit/share/myroboticarm_moveit/package.sh'
[0.807s] INFO:colcon.colcon_core.shell:Creating package script '/home/kuldip/myroboticarm_ws/install/myroboticarm_moveit/share/myroboticarm_moveit/package.bash'
[0.808s] INFO:colcon.colcon_core.shell:Creating package script '/home/kuldip/myroboticarm_ws/install/myroboticarm_moveit/share/myroboticarm_moveit/package.zsh'
[0.808s] Level 1:colcon.colcon_core.environment:create_file_with_runtime_dependencies(/home/kuldip/myroboticarm_ws/install/myroboticarm_moveit/share/colcon-core/packages/myroboticarm_moveit)
[0.808s] Level 1:colcon.colcon_core.environment:create_environment_scripts_only(myroboticarm_moveit)
[0.809s] Level 1:colcon.colcon_core.environment:checking '/home/kuldip/myroboticarm_ws/install/myroboticarm_moveit' for CMake module files
[0.809s] Level 1:colcon.colcon_core.environment:checking '/home/kuldip/myroboticarm_ws/install/myroboticarm_moveit' for CMake config files
[0.809s] Level 1:colcon.colcon_core.shell:create_environment_hook('myroboticarm_moveit', 'cmake_prefix_path')
[0.809s] INFO:colcon.colcon_core.shell:Creating environment hook '/home/kuldip/myroboticarm_ws/install/myroboticarm_moveit/share/myroboticarm_moveit/hook/cmake_prefix_path.ps1'
[0.810s] INFO:colcon.colcon_core.shell:Creating environment descriptor '/home/kuldip/myroboticarm_ws/install/myroboticarm_moveit/share/myroboticarm_moveit/hook/cmake_prefix_path.dsv'
[0.810s] INFO:colcon.colcon_core.shell:Creating environment hook '/home/kuldip/myroboticarm_ws/install/myroboticarm_moveit/share/myroboticarm_moveit/hook/cmake_prefix_path.sh'
[0.811s] Level 1:colcon.colcon_core.environment:checking '/home/kuldip/myroboticarm_ws/install/myroboticarm_moveit/bin'
[0.811s] Level 1:colcon.colcon_core.environment:checking '/home/kuldip/myroboticarm_ws/install/myroboticarm_moveit/lib/pkgconfig/myroboticarm_moveit.pc'
[0.811s] Level 1:colcon.colcon_core.environment:checking '/home/kuldip/myroboticarm_ws/install/myroboticarm_moveit/lib/python3.12/site-packages'
[0.811s] Level 1:colcon.colcon_core.environment:checking '/home/kuldip/myroboticarm_ws/install/myroboticarm_moveit/bin'
[0.811s] INFO:colcon.colcon_core.shell:Creating package script '/home/kuldip/myroboticarm_ws/install/myroboticarm_moveit/share/myroboticarm_moveit/package.ps1'
[0.812s] INFO:colcon.colcon_core.shell:Creating package descriptor '/home/kuldip/myroboticarm_ws/install/myroboticarm_moveit/share/myroboticarm_moveit/package.dsv'
[0.812s] INFO:colcon.colcon_core.shell:Creating package script '/home/kuldip/myroboticarm_ws/install/myroboticarm_moveit/share/myroboticarm_moveit/package.sh'
[0.813s] INFO:colcon.colcon_core.shell:Creating package script '/home/kuldip/myroboticarm_ws/install/myroboticarm_moveit/share/myroboticarm_moveit/package.bash'
[0.813s] INFO:colcon.colcon_core.shell:Creating package script '/home/kuldip/myroboticarm_ws/install/myroboticarm_moveit/share/myroboticarm_moveit/package.zsh'
[0.814s] Level 1:colcon.colcon_core.environment:create_file_with_runtime_dependencies(/home/kuldip/myroboticarm_ws/install/myroboticarm_moveit/share/colcon-core/packages/myroboticarm_moveit)
[0.814s] Level 1:colcon.colcon_core.environment:create_environment_scripts_only(myroboticarm_description_cpp)
[0.814s] Level 1:colcon.colcon_core.environment:checking '/home/kuldip/myroboticarm_ws/install/myroboticarm_description_cpp' for CMake module files
[0.815s] Level 1:colcon.colcon_core.environment:checking '/home/kuldip/myroboticarm_ws/install/myroboticarm_description_cpp' for CMake config files
[0.816s] DEBUG:colcon.colcon_core.event_handler.log_command:Invoked command in '/home/kuldip/myroboticarm_ws/build/myroboticarm_description_cpp' returned '0': CMAKE_PREFIX_PATH=${CMAKE_PREFIX_PATH}:/home/kuldip/myroboticarm_ws/install/myroboticarm_description:/home/kuldip/myroboticarm_ws/install/myroboticarm:/home/kuldip/arduinobot_ws/install/arduinobot_py_examples:/home/kuldip/myroboticarm_ws/src/install/myroboticarm:/opt/ros/jazzy DEBUGINFOD_URLS=https://debuginfod.ubuntu.com /usr/bin/cmake --install /home/kuldip/myroboticarm_ws/build/myroboticarm_description_cpp
[0.816s] Level 1:colcon.colcon_core.shell:create_environment_hook('myroboticarm_description_cpp', 'cmake_prefix_path')
[0.816s] INFO:colcon.colcon_core.shell:Creating environment hook '/home/kuldip/myroboticarm_ws/install/myroboticarm_description_cpp/share/myroboticarm_description_cpp/hook/cmake_prefix_path.ps1'
[0.816s] INFO:colcon.colcon_core.shell:Creating environment descriptor '/home/kuldip/myroboticarm_ws/install/myroboticarm_description_cpp/share/myroboticarm_description_cpp/hook/cmake_prefix_path.dsv'
[0.817s] INFO:colcon.colcon_core.shell:Creating environment hook '/home/kuldip/myroboticarm_ws/install/myroboticarm_description_cpp/share/myroboticarm_description_cpp/hook/cmake_prefix_path.sh'
[0.817s] Level 1:colcon.colcon_core.environment:checking '/home/kuldip/myroboticarm_ws/install/myroboticarm_description_cpp/bin'
[0.818s] Level 1:colcon.colcon_core.environment:checking '/home/kuldip/myroboticarm_ws/install/myroboticarm_description_cpp/lib/pkgconfig/myroboticarm_description_cpp.pc'
[0.818s] Level 1:colcon.colcon_core.environment:checking '/home/kuldip/myroboticarm_ws/install/myroboticarm_description_cpp/lib/python3.12/site-packages'
[0.818s] Level 1:colcon.colcon_core.environment:checking '/home/kuldip/myroboticarm_ws/install/myroboticarm_description_cpp/bin'
[0.818s] INFO:colcon.colcon_core.shell:Creating package script '/home/kuldip/myroboticarm_ws/install/myroboticarm_description_cpp/share/myroboticarm_description_cpp/package.ps1'
[0.819s] INFO:colcon.colcon_core.shell:Creating package descriptor '/home/kuldip/myroboticarm_ws/install/myroboticarm_description_cpp/share/myroboticarm_description_cpp/package.dsv'
[0.819s] INFO:colcon.colcon_core.shell:Creating package script '/home/kuldip/myroboticarm_ws/install/myroboticarm_description_cpp/share/myroboticarm_description_cpp/package.sh'
[0.820s] INFO:colcon.colcon_core.shell:Creating package script '/home/kuldip/myroboticarm_ws/install/myroboticarm_description_cpp/share/myroboticarm_description_cpp/package.bash'
[0.820s] INFO:colcon.colcon_core.shell:Creating package script '/home/kuldip/myroboticarm_ws/install/myroboticarm_description_cpp/share/myroboticarm_description_cpp/package.zsh'
[0.820s] Level 1:colcon.colcon_core.environment:create_file_with_runtime_dependencies(/home/kuldip/myroboticarm_ws/install/myroboticarm_description_cpp/share/colcon-core/packages/myroboticarm_description_cpp)
[0.821s] Level 1:colcon.colcon_core.environment:create_environment_scripts_only(myroboticarm_description_cpp)
[0.821s] Level 1:colcon.colcon_core.environment:checking '/home/kuldip/myroboticarm_ws/install/myroboticarm_description_cpp' for CMake module files
[0.821s] Level 1:colcon.colcon_core.environment:checking '/home/kuldip/myroboticarm_ws/install/myroboticarm_description_cpp' for CMake config files
[0.821s] Level 1:colcon.colcon_core.shell:create_environment_hook('myroboticarm_description_cpp', 'cmake_prefix_path')
[0.822s] INFO:colcon.colcon_core.shell:Creating environment hook '/home/kuldip/myroboticarm_ws/install/myroboticarm_description_cpp/share/myroboticarm_description_cpp/hook/cmake_prefix_path.ps1'
[0.822s] INFO:colcon.colcon_core.shell:Creating environment descriptor '/home/kuldip/myroboticarm_ws/install/myroboticarm_description_cpp/share/myroboticarm_description_cpp/hook/cmake_prefix_path.dsv'
[0.822s] INFO:colcon.colcon_core.shell:Creating environment hook '/home/kuldip/myroboticarm_ws/install/myroboticarm_description_cpp/share/myroboticarm_description_cpp/hook/cmake_prefix_path.sh'
[0.823s] Level 1:colcon.colcon_core.environment:checking '/home/kuldip/myroboticarm_ws/install/myroboticarm_description_cpp/bin'
[0.823s] Level 1:colcon.colcon_core.environment:checking '/home/kuldip/myroboticarm_ws/install/myroboticarm_description_cpp/lib/pkgconfig/myroboticarm_description_cpp.pc'
[0.823s] Level 1:colcon.colcon_core.environment:checking '/home/kuldip/myroboticarm_ws/install/myroboticarm_description_cpp/lib/python3.12/site-packages'
[0.824s] Level 1:colcon.colcon_core.environment:checking '/home/kuldip/myroboticarm_ws/install/myroboticarm_description_cpp/bin'
[0.824s] INFO:colcon.colcon_core.shell:Creating package script '/home/kuldip/myroboticarm_ws/install/myroboticarm_description_cpp/share/myroboticarm_description_cpp/package.ps1'
[0.825s] INFO:colcon.colcon_core.shell:Creating package descriptor '/home/kuldip/myroboticarm_ws/install/myroboticarm_description_cpp/share/myroboticarm_description_cpp/package.dsv'
[0.825s] INFO:colcon.colcon_core.shell:Creating package script '/home/kuldip/myroboticarm_ws/install/myroboticarm_description_cpp/share/myroboticarm_description_cpp/package.sh'
[0.826s] INFO:colcon.colcon_core.shell:Creating package script '/home/kuldip/myroboticarm_ws/install/myroboticarm_description_cpp/share/myroboticarm_description_cpp/package.bash'
[0.826s] INFO:colcon.colcon_core.shell:Creating package script '/home/kuldip/myroboticarm_ws/install/myroboticarm_description_cpp/share/myroboticarm_description_cpp/package.zsh'
[0.827s] Level 1:colcon.colcon_core.environment:create_file_with_runtime_dependencies(/home/kuldip/myroboticarm_ws/install/myroboticarm_description_cpp/share/colcon-core/packages/myroboticarm_description_cpp)
[0.907s] DEBUG:colcon.colcon_core.event_handler.log_command:Invoked command in '/home/kuldip/myroboticarm_ws/build/myroboticarm_msgs' returned '0': CMAKE_PREFIX_PATH=${CMAKE_PREFIX_PATH}:/home/kuldip/myroboticarm_ws/install/myroboticarm_description:/home/kuldip/myroboticarm_ws/install/myroboticarm:/home/kuldip/arduinobot_ws/install/arduinobot_py_examples:/home/kuldip/myroboticarm_ws/src/install/myroboticarm:/opt/ros/jazzy DEBUGINFOD_URLS=https://debuginfod.ubuntu.com /usr/bin/cmake --build /home/kuldip/myroboticarm_ws/build/myroboticarm_msgs -- -j12 -l12
[0.909s] DEBUG:colcon.colcon_core.event_handler.log_command:Invoking command in '/home/kuldip/myroboticarm_ws/build/myroboticarm_msgs': CMAKE_PREFIX_PATH=${CMAKE_PREFIX_PATH}:/home/kuldip/myroboticarm_ws/install/myroboticarm_description:/home/kuldip/myroboticarm_ws/install/myroboticarm:/home/kuldip/arduinobot_ws/install/arduinobot_py_examples:/home/kuldip/myroboticarm_ws/src/install/myroboticarm:/opt/ros/jazzy DEBUGINFOD_URLS=https://debuginfod.ubuntu.com /usr/bin/cmake --install /home/kuldip/myroboticarm_ws/build/myroboticarm_msgs
[0.991s] Level 1:colcon.colcon_core.environment:create_environment_scripts_only(myroboticarm_msgs)
[0.992s] DEBUG:colcon.colcon_core.event_handler.log_command:Invoked command in '/home/kuldip/myroboticarm_ws/build/myroboticarm_msgs' returned '0': CMAKE_PREFIX_PATH=${CMAKE_PREFIX_PATH}:/home/kuldip/myroboticarm_ws/install/myroboticarm_description:/home/kuldip/myroboticarm_ws/install/myroboticarm:/home/kuldip/arduinobot_ws/install/arduinobot_py_examples:/home/kuldip/myroboticarm_ws/src/install/myroboticarm:/opt/ros/jazzy DEBUGINFOD_URLS=https://debuginfod.ubuntu.com /usr/bin/cmake --install /home/kuldip/myroboticarm_ws/build/myroboticarm_msgs
[0.992s] Level 1:colcon.colcon_core.environment:checking '/home/kuldip/myroboticarm_ws/install/myroboticarm_msgs' for CMake module files
[0.993s] Level 1:colcon.colcon_core.environment:checking '/home/kuldip/myroboticarm_ws/install/myroboticarm_msgs' for CMake config files
[0.994s] Level 1:colcon.colcon_core.shell:create_environment_hook('myroboticarm_msgs', 'cmake_prefix_path')
[0.995s] INFO:colcon.colcon_core.shell:Creating environment hook '/home/kuldip/myroboticarm_ws/install/myroboticarm_msgs/share/myroboticarm_msgs/hook/cmake_prefix_path.ps1'
[0.995s] INFO:colcon.colcon_core.shell:Creating environment descriptor '/home/kuldip/myroboticarm_ws/install/myroboticarm_msgs/share/myroboticarm_msgs/hook/cmake_prefix_path.dsv'
[0.996s] INFO:colcon.colcon_core.shell:Creating environment hook '/home/kuldip/myroboticarm_ws/install/myroboticarm_msgs/share/myroboticarm_msgs/hook/cmake_prefix_path.sh'
[0.997s] Level 1:colcon.colcon_core.environment:checking '/home/kuldip/myroboticarm_ws/install/myroboticarm_msgs/lib'
[0.997s] Level 1:colcon.colcon_core.shell:create_environment_hook('myroboticarm_msgs', 'ld_library_path_lib')
[0.997s] INFO:colcon.colcon_core.shell:Creating environment hook '/home/kuldip/myroboticarm_ws/install/myroboticarm_msgs/share/myroboticarm_msgs/hook/ld_library_path_lib.ps1'
[0.998s] INFO:colcon.colcon_core.shell:Creating environment descriptor '/home/kuldip/myroboticarm_ws/install/myroboticarm_msgs/share/myroboticarm_msgs/hook/ld_library_path_lib.dsv'
[0.998s] INFO:colcon.colcon_core.shell:Creating environment hook '/home/kuldip/myroboticarm_ws/install/myroboticarm_msgs/share/myroboticarm_msgs/hook/ld_library_path_lib.sh'
[0.999s] Level 1:colcon.colcon_core.environment:checking '/home/kuldip/myroboticarm_ws/install/myroboticarm_msgs/bin'
[0.999s] Level 1:colcon.colcon_core.environment:checking '/home/kuldip/myroboticarm_ws/install/myroboticarm_msgs/lib/pkgconfig/myroboticarm_msgs.pc'
[0.999s] Level 1:colcon.colcon_core.environment:checking '/home/kuldip/myroboticarm_ws/install/myroboticarm_msgs/lib/python3.12/site-packages'
[0.999s] Level 1:colcon.colcon_core.shell:create_environment_hook('myroboticarm_msgs', 'pythonpath')
[0.999s] INFO:colcon.colcon_core.shell:Creating environment hook '/home/kuldip/myroboticarm_ws/install/myroboticarm_msgs/share/myroboticarm_msgs/hook/pythonpath.ps1'
[1.000s] INFO:colcon.colcon_core.shell:Creating environment descriptor '/home/kuldip/myroboticarm_ws/install/myroboticarm_msgs/share/myroboticarm_msgs/hook/pythonpath.dsv'
[1.000s] INFO:colcon.colcon_core.shell:Creating environment hook '/home/kuldip/myroboticarm_ws/install/myroboticarm_msgs/share/myroboticarm_msgs/hook/pythonpath.sh'
[1.001s] Level 1:colcon.colcon_core.environment:checking '/home/kuldip/myroboticarm_ws/install/myroboticarm_msgs/bin'
[1.001s] INFO:colcon.colcon_core.shell:Creating package script '/home/kuldip/myroboticarm_ws/install/myroboticarm_msgs/share/myroboticarm_msgs/package.ps1'
[1.002s] INFO:colcon.colcon_core.shell:Creating package descriptor '/home/kuldip/myroboticarm_ws/install/myroboticarm_msgs/share/myroboticarm_msgs/package.dsv'
[1.002s] INFO:colcon.colcon_core.shell:Creating package script '/home/kuldip/myroboticarm_ws/install/myroboticarm_msgs/share/myroboticarm_msgs/package.sh'
[1.002s] INFO:colcon.colcon_core.shell:Creating package script '/home/kuldip/myroboticarm_ws/install/myroboticarm_msgs/share/myroboticarm_msgs/package.bash'
[1.003s] INFO:colcon.colcon_core.shell:Creating package script '/home/kuldip/myroboticarm_ws/install/myroboticarm_msgs/share/myroboticarm_msgs/package.zsh'
[1.003s] Level 1:colcon.colcon_core.environment:create_file_with_runtime_dependencies(/home/kuldip/myroboticarm_ws/install/myroboticarm_msgs/share/colcon-core/packages/myroboticarm_msgs)
[1.003s] Level 1:colcon.colcon_core.environment:create_environment_scripts_only(myroboticarm_msgs)
[1.004s] Level 1:colcon.colcon_core.environment:checking '/home/kuldip/myroboticarm_ws/install/myroboticarm_msgs' for CMake module files
[1.004s] Level 1:colcon.colcon_core.environment:checking '/home/kuldip/myroboticarm_ws/install/myroboticarm_msgs' for CMake config files
[1.005s] Level 1:colcon.colcon_core.shell:create_environment_hook('myroboticarm_msgs', 'cmake_prefix_path')
[1.005s] INFO:colcon.colcon_core.shell:Creating environment hook '/home/kuldip/myroboticarm_ws/install/myroboticarm_msgs/share/myroboticarm_msgs/hook/cmake_prefix_path.ps1'
[1.005s] INFO:colcon.colcon_core.shell:Creating environment descriptor '/home/kuldip/myroboticarm_ws/install/myroboticarm_msgs/share/myroboticarm_msgs/hook/cmake_prefix_path.dsv'
[1.006s] INFO:colcon.colcon_core.shell:Creating environment hook '/home/kuldip/myroboticarm_ws/install/myroboticarm_msgs/share/myroboticarm_msgs/hook/cmake_prefix_path.sh'
[1.006s] Level 1:colcon.colcon_core.environment:checking '/home/kuldip/myroboticarm_ws/install/myroboticarm_msgs/lib'
[1.006s] Level 1:colcon.colcon_core.shell:create_environment_hook('myroboticarm_msgs', 'ld_library_path_lib')
[1.006s] INFO:colcon.colcon_core.shell:Creating environment hook '/home/kuldip/myroboticarm_ws/install/myroboticarm_msgs/share/myroboticarm_msgs/hook/ld_library_path_lib.ps1'
[1.007s] INFO:colcon.colcon_core.shell:Creating environment descriptor '/home/kuldip/myroboticarm_ws/install/myroboticarm_msgs/share/myroboticarm_msgs/hook/ld_library_path_lib.dsv'
[1.007s] INFO:colcon.colcon_core.shell:Creating environment hook '/home/kuldip/myroboticarm_ws/install/myroboticarm_msgs/share/myroboticarm_msgs/hook/ld_library_path_lib.sh'
[1.007s] Level 1:colcon.colcon_core.environment:checking '/home/kuldip/myroboticarm_ws/install/myroboticarm_msgs/bin'
[1.008s] Level 1:colcon.colcon_core.environment:checking '/home/kuldip/myroboticarm_ws/install/myroboticarm_msgs/lib/pkgconfig/myroboticarm_msgs.pc'
[1.008s] Level 1:colcon.colcon_core.environment:checking '/home/kuldip/myroboticarm_ws/install/myroboticarm_msgs/lib/python3.12/site-packages'
[1.008s] Level 1:colcon.colcon_core.shell:create_environment_hook('myroboticarm_msgs', 'pythonpath')
[1.008s] INFO:colcon.colcon_core.shell:Creating environment hook '/home/kuldip/myroboticarm_ws/install/myroboticarm_msgs/share/myroboticarm_msgs/hook/pythonpath.ps1'
[1.008s] INFO:colcon.colcon_core.shell:Creating environment descriptor '/home/kuldip/myroboticarm_ws/install/myroboticarm_msgs/share/myroboticarm_msgs/hook/pythonpath.dsv'
[1.009s] INFO:colcon.colcon_core.shell:Creating environment hook '/home/kuldip/myroboticarm_ws/install/myroboticarm_msgs/share/myroboticarm_msgs/hook/pythonpath.sh'
[1.009s] Level 1:colcon.colcon_core.environment:checking '/home/kuldip/myroboticarm_ws/install/myroboticarm_msgs/bin'
[1.010s] INFO:colcon.colcon_core.shell:Creating package script '/home/kuldip/myroboticarm_ws/install/myroboticarm_msgs/share/myroboticarm_msgs/package.ps1'
[1.010s] INFO:colcon.colcon_core.shell:Creating package descriptor '/home/kuldip/myroboticarm_ws/install/myroboticarm_msgs/share/myroboticarm_msgs/package.dsv'
[1.011s] INFO:colcon.colcon_core.shell:Creating package script '/home/kuldip/myroboticarm_ws/install/myroboticarm_msgs/share/myroboticarm_msgs/package.sh'
[1.011s] INFO:colcon.colcon_core.shell:Creating package script '/home/kuldip/myroboticarm_ws/install/myroboticarm_msgs/share/myroboticarm_msgs/package.bash'
[1.012s] INFO:colcon.colcon_core.shell:Creating package script '/home/kuldip/myroboticarm_ws/install/myroboticarm_msgs/share/myroboticarm_msgs/package.zsh'
[1.012s] Level 1:colcon.colcon_core.environment:create_file_with_runtime_dependencies(/home/kuldip/myroboticarm_ws/install/myroboticarm_msgs/share/colcon-core/packages/myroboticarm_msgs)
[1.012s] INFO:colcon.colcon_ros.task.ament_cmake.build:Building ROS package in '/home/kuldip/myroboticarm_ws/src/myroboticarm_utils' with build type 'ament_cmake'
[1.013s] INFO:colcon.colcon_cmake.task.cmake.build:Building CMake package in '/home/kuldip/myroboticarm_ws/src/myroboticarm_utils'
[1.013s] INFO:colcon.colcon_core.shell:Skip shell extension 'powershell' for command environment: Not usable outside of PowerShell
[1.013s] DEBUG:colcon.colcon_core.shell:Skip shell extension 'dsv' for command environment
[1.030s] DEBUG:colcon.colcon_core.event_handler.log_command:Invoking command in '/home/kuldip/myroboticarm_ws/build/myroboticarm_utils': CMAKE_PREFIX_PATH=/home/kuldip/myroboticarm_ws/install/myroboticarm_msgs:/home/kuldip/myroboticarm_ws/install/myroboticarm_utils:/home/kuldip/myroboticarm_ws/install/myroboticarm_moveit:/home/kuldip/myroboticarm_ws/install/myroboticarm_description_cpp:/home/kuldip/myroboticarm_ws/install/myroboticarm_cpp:/home/kuldip/myroboticarm_ws/install/myroboticarm_controller:/home/kuldip/arduinobot_ws/install/arduinobot_controller:/home/kuldip/arduinobot_ws/install/arduinobot_description:/home/kuldip/arduinobot_ws/install/arduinobot_cpp_examples:/home/kuldip/myroboticarm_ws/src/install/myroboticarm_utils:/home/kuldip/myroboticarm_ws/src/install/myroboticarm_msgs:/home/kuldip/myroboticarm_ws/src/install/myroboticarm_moveit:/home/kuldip/myroboticarm_ws/src/install/myroboticarm_description_cpp:/home/kuldip/myroboticarm_ws/src/install/myroboticarm_cpp:/home/kuldip/myroboticarm_ws/src/install/myroboticarm_controller:/opt/ros/jazzy/opt/gz_launch_vendor:/opt/ros/jazzy/opt/gz_sim_vendor:/opt/ros/jazzy/opt/gz_sensors_vendor:/opt/ros/jazzy/opt/gz_physics_vendor:/opt/ros/jazzy/opt/sdformat_vendor:/opt/ros/jazzy/opt/gz_gui_vendor:/opt/ros/jazzy/opt/gz_transport_vendor:/opt/ros/jazzy/opt/gz_rendering_vendor:/opt/ros/jazzy/opt/gz_plugin_vendor:/opt/ros/jazzy/opt/gz_fuel_tools_vendor:/opt/ros/jazzy/opt/gz_msgs_vendor:/opt/ros/jazzy/opt/gz_common_vendor:/opt/ros/jazzy/opt/gz_math_vendor:/opt/ros/jazzy/opt/gz_utils_vendor:/opt/ros/jazzy/opt/gz_tools_vendor:/opt/ros/jazzy/opt/gz_ogre_next_vendor:/opt/ros/jazzy/opt/gz_dartsim_vendor:/opt/ros/jazzy/opt/gz_cmake_vendor:/home/kuldip/myroboticarm_ws/install/myroboticarm_description:/home/kuldip/myroboticarm_ws/install/myroboticarm:/home/kuldip/arduinobot_ws/install/arduinobot_py_examples:/home/kuldip/myroboticarm_ws/src/install/myroboticarm:/opt/ros/jazzy DEBUGINFOD_URLS=https://debuginfod.ubuntu.com PYTHONPATH=/home/kuldip/myroboticarm_ws/install/myroboticarm_msgs/lib/python3.12/site-packages:/home/kuldip/myroboticarm_ws/install/myroboticarm_utils/lib/python3.12/site-packages:/home/kuldip/myroboticarm_ws/install/myroboticarm_description/lib/python3.10/site-packages:/home/kuldip/myroboticarm_ws/install/myroboticarm/lib/python3.12/site-packages:/home/kuldip/arduinobot_ws/install/arduinobot_py_examples/lib/python3.12/site-packages:/home/kuldip/arduinobot_ws/install/arduinobot_controller/lib/python3.12/site-packages:/home/kuldip/myroboticarm_ws/src/install/myroboticarm_utils/lib/python3.12/site-packages:/home/kuldip/myroboticarm_ws/src/install/myroboticarm_msgs/lib/python3.12/site-packages:/home/kuldip/myroboticarm_ws/src/install/myroboticarm/lib/python3.12/site-packages:/opt/ros/jazzy/lib/python3.12/site-packages /usr/bin/cmake --build /home/kuldip/myroboticarm_ws/build/myroboticarm_utils -- -j12 -l12
[1.408s] DEBUG:colcon.colcon_core.event_handler.log_command:Invoking command in '/home/kuldip/myroboticarm_ws/src/myroboticarm': DEBUGINFOD_URLS=https://debuginfod.ubuntu.com PYTHONPATH=/home/kuldip/myroboticarm_ws/build/myroboticarm/prefix_override:/usr/lib/python3/dist-packages/colcon_core/task/python/colcon_distutils_commands:/home/kuldip/myroboticarm_ws/install/myroboticarm/lib/python3.12/site-packages:${PYTHONPATH} /usr/bin/python3 -W ignore:setup.py install is deprecated -W ignore:easy_install command is deprecated setup.py egg_info --egg-base ../../build/myroboticarm build --build-base /home/kuldip/myroboticarm_ws/build/myroboticarm/build install --record /home/kuldip/myroboticarm_ws/build/myroboticarm/install.log --single-version-externally-managed install_data
[1.526s] DEBUG:colcon.colcon_core.event_handler.log_command:Invoked command in '/home/kuldip/myroboticarm_ws/build/myroboticarm_utils' returned '0': CMAKE_PREFIX_PATH=/home/kuldip/myroboticarm_ws/install/myroboticarm_msgs:/home/kuldip/myroboticarm_ws/install/myroboticarm_utils:/home/kuldip/myroboticarm_ws/install/myroboticarm_moveit:/home/kuldip/myroboticarm_ws/install/myroboticarm_description_cpp:/home/kuldip/myroboticarm_ws/install/myroboticarm_cpp:/home/kuldip/myroboticarm_ws/install/myroboticarm_controller:/home/kuldip/arduinobot_ws/install/arduinobot_controller:/home/kuldip/arduinobot_ws/install/arduinobot_description:/home/kuldip/arduinobot_ws/install/arduinobot_cpp_examples:/home/kuldip/myroboticarm_ws/src/install/myroboticarm_utils:/home/kuldip/myroboticarm_ws/src/install/myroboticarm_msgs:/home/kuldip/myroboticarm_ws/src/install/myroboticarm_moveit:/home/kuldip/myroboticarm_ws/src/install/myroboticarm_description_cpp:/home/kuldip/myroboticarm_ws/src/install/myroboticarm_cpp:/home/kuldip/myroboticarm_ws/src/install/myroboticarm_controller:/opt/ros/jazzy/opt/gz_launch_vendor:/opt/ros/jazzy/opt/gz_sim_vendor:/opt/ros/jazzy/opt/gz_sensors_vendor:/opt/ros/jazzy/opt/gz_physics_vendor:/opt/ros/jazzy/opt/sdformat_vendor:/opt/ros/jazzy/opt/gz_gui_vendor:/opt/ros/jazzy/opt/gz_transport_vendor:/opt/ros/jazzy/opt/gz_rendering_vendor:/opt/ros/jazzy/opt/gz_plugin_vendor:/opt/ros/jazzy/opt/gz_fuel_tools_vendor:/opt/ros/jazzy/opt/gz_msgs_vendor:/opt/ros/jazzy/opt/gz_common_vendor:/opt/ros/jazzy/opt/gz_math_vendor:/opt/ros/jazzy/opt/gz_utils_vendor:/opt/ros/jazzy/opt/gz_tools_vendor:/opt/ros/jazzy/opt/gz_ogre_next_vendor:/opt/ros/jazzy/opt/gz_dartsim_vendor:/opt/ros/jazzy/opt/gz_cmake_vendor:/home/kuldip/myroboticarm_ws/install/myroboticarm_description:/home/kuldip/myroboticarm_ws/install/myroboticarm:/home/kuldip/arduinobot_ws/install/arduinobot_py_examples:/home/kuldip/myroboticarm_ws/src/install/myroboticarm:/opt/ros/jazzy DEBUGINFOD_URLS=https://debuginfod.ubuntu.com PYTHONPATH=/home/kuldip/myroboticarm_ws/install/myroboticarm_msgs/lib/python3.12/site-packages:/home/kuldip/myroboticarm_ws/install/myroboticarm_utils/lib/python3.12/site-packages:/home/kuldip/myroboticarm_ws/install/myroboticarm_description/lib/python3.10/site-packages:/home/kuldip/myroboticarm_ws/install/myroboticarm/lib/python3.12/site-packages:/home/kuldip/arduinobot_ws/install/arduinobot_py_examples/lib/python3.12/site-packages:/home/kuldip/arduinobot_ws/install/arduinobot_controller/lib/python3.12/site-packages:/home/kuldip/myroboticarm_ws/src/install/myroboticarm_utils/lib/python3.12/site-packages:/home/kuldip/myroboticarm_ws/src/install/myroboticarm_msgs/lib/python3.12/site-packages:/home/kuldip/myroboticarm_ws/src/install/myroboticarm/lib/python3.12/site-packages:/opt/ros/jazzy/lib/python3.12/site-packages /usr/bin/cmake --build /home/kuldip/myroboticarm_ws/build/myroboticarm_utils -- -j12 -l12
[1.527s] DEBUG:colcon.colcon_core.event_handler.log_command:Invoking command in '/home/kuldip/myroboticarm_ws/build/myroboticarm_utils': CMAKE_PREFIX_PATH=/home/kuldip/myroboticarm_ws/install/myroboticarm_msgs:/home/kuldip/myroboticarm_ws/install/myroboticarm_utils:/home/kuldip/myroboticarm_ws/install/myroboticarm_moveit:/home/kuldip/myroboticarm_ws/install/myroboticarm_description_cpp:/home/kuldip/myroboticarm_ws/install/myroboticarm_cpp:/home/kuldip/myroboticarm_ws/install/myroboticarm_controller:/home/kuldip/arduinobot_ws/install/arduinobot_controller:/home/kuldip/arduinobot_ws/install/arduinobot_description:/home/kuldip/arduinobot_ws/install/arduinobot_cpp_examples:/home/kuldip/myroboticarm_ws/src/install/myroboticarm_utils:/home/kuldip/myroboticarm_ws/src/install/myroboticarm_msgs:/home/kuldip/myroboticarm_ws/src/install/myroboticarm_moveit:/home/kuldip/myroboticarm_ws/src/install/myroboticarm_description_cpp:/home/kuldip/myroboticarm_ws/src/install/myroboticarm_cpp:/home/kuldip/myroboticarm_ws/src/install/myroboticarm_controller:/opt/ros/jazzy/opt/gz_launch_vendor:/opt/ros/jazzy/opt/gz_sim_vendor:/opt/ros/jazzy/opt/gz_sensors_vendor:/opt/ros/jazzy/opt/gz_physics_vendor:/opt/ros/jazzy/opt/sdformat_vendor:/opt/ros/jazzy/opt/gz_gui_vendor:/opt/ros/jazzy/opt/gz_transport_vendor:/opt/ros/jazzy/opt/gz_rendering_vendor:/opt/ros/jazzy/opt/gz_plugin_vendor:/opt/ros/jazzy/opt/gz_fuel_tools_vendor:/opt/ros/jazzy/opt/gz_msgs_vendor:/opt/ros/jazzy/opt/gz_common_vendor:/opt/ros/jazzy/opt/gz_math_vendor:/opt/ros/jazzy/opt/gz_utils_vendor:/opt/ros/jazzy/opt/gz_tools_vendor:/opt/ros/jazzy/opt/gz_ogre_next_vendor:/opt/ros/jazzy/opt/gz_dartsim_vendor:/opt/ros/jazzy/opt/gz_cmake_vendor:/home/kuldip/myroboticarm_ws/install/myroboticarm_description:/home/kuldip/myroboticarm_ws/install/myroboticarm:/home/kuldip/arduinobot_ws/install/arduinobot_py_examples:/home/kuldip/myroboticarm_ws/src/install/myroboticarm:/opt/ros/jazzy DEBUGINFOD_URLS=https://debuginfod.ubuntu.com PYTHONPATH=/home/kuldip/myroboticarm_ws/install/myroboticarm_msgs/lib/python3.12/site-packages:/home/kuldip/myroboticarm_ws/install/myroboticarm_utils/lib/python3.12/site-packages:/home/kuldip/myroboticarm_ws/install/myroboticarm_description/lib/python3.10/site-packages:/home/kuldip/myroboticarm_ws/install/myroboticarm/lib/python3.12/site-packages:/home/kuldip/arduinobot_ws/install/arduinobot_py_examples/lib/python3.12/site-packages:/home/kuldip/arduinobot_ws/install/arduinobot_controller/lib/python3.12/site-packages:/home/kuldip/myroboticarm_ws/src/install/myroboticarm_utils/lib/python3.12/site-packages:/home/kuldip/myroboticarm_ws/src/install/myroboticarm_msgs/lib/python3.12/site-packages:/home/kuldip/myroboticarm_ws/src/install/myroboticarm/lib/python3.12/site-packages:/opt/ros/jazzy/lib/python3.12/site-packages /usr/bin/cmake --install /home/kuldip/myroboticarm_ws/build/myroboticarm_utils
[1.596s] Level 1:colcon.colcon_core.environment:create_environment_scripts_only(myroboticarm_utils)
[1.597s] Level 1:colcon.colcon_core.environment:checking '/home/kuldip/myroboticarm_ws/install/myroboticarm_utils' for CMake module files
[1.598s] DEBUG:colcon.colcon_core.event_handler.log_command:Invoked command in '/home/kuldip/myroboticarm_ws/build/myroboticarm_utils' returned '0': CMAKE_PREFIX_PATH=/home/kuldip/myroboticarm_ws/install/myroboticarm_msgs:/home/kuldip/myroboticarm_ws/install/myroboticarm_utils:/home/kuldip/myroboticarm_ws/install/myroboticarm_moveit:/home/kuldip/myroboticarm_ws/install/myroboticarm_description_cpp:/home/kuldip/myroboticarm_ws/install/myroboticarm_cpp:/home/kuldip/myroboticarm_ws/install/myroboticarm_controller:/home/kuldip/arduinobot_ws/install/arduinobot_controller:/home/kuldip/arduinobot_ws/install/arduinobot_description:/home/kuldip/arduinobot_ws/install/arduinobot_cpp_examples:/home/kuldip/myroboticarm_ws/src/install/myroboticarm_utils:/home/kuldip/myroboticarm_ws/src/install/myroboticarm_msgs:/home/kuldip/myroboticarm_ws/src/install/myroboticarm_moveit:/home/kuldip/myroboticarm_ws/src/install/myroboticarm_description_cpp:/home/kuldip/myroboticarm_ws/src/install/myroboticarm_cpp:/home/kuldip/myroboticarm_ws/src/install/myroboticarm_controller:/opt/ros/jazzy/opt/gz_launch_vendor:/opt/ros/jazzy/opt/gz_sim_vendor:/opt/ros/jazzy/opt/gz_sensors_vendor:/opt/ros/jazzy/opt/gz_physics_vendor:/opt/ros/jazzy/opt/sdformat_vendor:/opt/ros/jazzy/opt/gz_gui_vendor:/opt/ros/jazzy/opt/gz_transport_vendor:/opt/ros/jazzy/opt/gz_rendering_vendor:/opt/ros/jazzy/opt/gz_plugin_vendor:/opt/ros/jazzy/opt/gz_fuel_tools_vendor:/opt/ros/jazzy/opt/gz_msgs_vendor:/opt/ros/jazzy/opt/gz_common_vendor:/opt/ros/jazzy/opt/gz_math_vendor:/opt/ros/jazzy/opt/gz_utils_vendor:/opt/ros/jazzy/opt/gz_tools_vendor:/opt/ros/jazzy/opt/gz_ogre_next_vendor:/opt/ros/jazzy/opt/gz_dartsim_vendor:/opt/ros/jazzy/opt/gz_cmake_vendor:/home/kuldip/myroboticarm_ws/install/myroboticarm_description:/home/kuldip/myroboticarm_ws/install/myroboticarm:/home/kuldip/arduinobot_ws/install/arduinobot_py_examples:/home/kuldip/myroboticarm_ws/src/install/myroboticarm:/opt/ros/jazzy DEBUGINFOD_URLS=https://debuginfod.ubuntu.com PYTHONPATH=/home/kuldip/myroboticarm_ws/install/myroboticarm_msgs/lib/python3.12/site-packages:/home/kuldip/myroboticarm_ws/install/myroboticarm_utils/lib/python3.12/site-packages:/home/kuldip/myroboticarm_ws/install/myroboticarm_description/lib/python3.10/site-packages:/home/kuldip/myroboticarm_ws/install/myroboticarm/lib/python3.12/site-packages:/home/kuldip/arduinobot_ws/install/arduinobot_py_examples/lib/python3.12/site-packages:/home/kuldip/arduinobot_ws/install/arduinobot_controller/lib/python3.12/site-packages:/home/kuldip/myroboticarm_ws/src/install/myroboticarm_utils/lib/python3.12/site-packages:/home/kuldip/myroboticarm_ws/src/install/myroboticarm_msgs/lib/python3.12/site-packages:/home/kuldip/myroboticarm_ws/src/install/myroboticarm/lib/python3.12/site-packages:/opt/ros/jazzy/lib/python3.12/site-packages /usr/bin/cmake --install /home/kuldip/myroboticarm_ws/build/myroboticarm_utils
[1.598s] Level 1:colcon.colcon_core.environment:checking '/home/kuldip/myroboticarm_ws/install/myroboticarm_utils' for CMake config files
[1.599s] Level 1:colcon.colcon_core.shell:create_environment_hook('myroboticarm_utils', 'cmake_prefix_path')
[1.599s] INFO:colcon.colcon_core.shell:Creating environment hook '/home/kuldip/myroboticarm_ws/install/myroboticarm_utils/share/myroboticarm_utils/hook/cmake_prefix_path.ps1'
[1.599s] INFO:colcon.colcon_core.shell:Creating environment descriptor '/home/kuldip/myroboticarm_ws/install/myroboticarm_utils/share/myroboticarm_utils/hook/cmake_prefix_path.dsv'
[1.600s] INFO:colcon.colcon_core.shell:Creating environment hook '/home/kuldip/myroboticarm_ws/install/myroboticarm_utils/share/myroboticarm_utils/hook/cmake_prefix_path.sh'
[1.600s] Level 1:colcon.colcon_core.environment:checking '/home/kuldip/myroboticarm_ws/install/myroboticarm_utils/lib'
[1.600s] Level 1:colcon.colcon_core.environment:checking '/home/kuldip/myroboticarm_ws/install/myroboticarm_utils/bin'
[1.600s] Level 1:colcon.colcon_core.environment:checking '/home/kuldip/myroboticarm_ws/install/myroboticarm_utils/lib/pkgconfig/myroboticarm_utils.pc'
[1.601s] Level 1:colcon.colcon_core.environment:checking '/home/kuldip/myroboticarm_ws/install/myroboticarm_utils/lib/python3.12/site-packages'
[1.601s] Level 1:colcon.colcon_core.shell:create_environment_hook('myroboticarm_utils', 'pythonpath')
[1.601s] INFO:colcon.colcon_core.shell:Creating environment hook '/home/kuldip/myroboticarm_ws/install/myroboticarm_utils/share/myroboticarm_utils/hook/pythonpath.ps1'
[1.601s] INFO:colcon.colcon_core.shell:Creating environment descriptor '/home/kuldip/myroboticarm_ws/install/myroboticarm_utils/share/myroboticarm_utils/hook/pythonpath.dsv'
[1.602s] INFO:colcon.colcon_core.shell:Creating environment hook '/home/kuldip/myroboticarm_ws/install/myroboticarm_utils/share/myroboticarm_utils/hook/pythonpath.sh'
[1.602s] Level 1:colcon.colcon_core.environment:checking '/home/kuldip/myroboticarm_ws/install/myroboticarm_utils/bin'
[1.603s] INFO:colcon.colcon_core.shell:Creating package script '/home/kuldip/myroboticarm_ws/install/myroboticarm_utils/share/myroboticarm_utils/package.ps1'
[1.603s] INFO:colcon.colcon_core.shell:Creating package descriptor '/home/kuldip/myroboticarm_ws/install/myroboticarm_utils/share/myroboticarm_utils/package.dsv'
[1.603s] INFO:colcon.colcon_core.shell:Creating package script '/home/kuldip/myroboticarm_ws/install/myroboticarm_utils/share/myroboticarm_utils/package.sh'
[1.604s] INFO:colcon.colcon_core.shell:Creating package script '/home/kuldip/myroboticarm_ws/install/myroboticarm_utils/share/myroboticarm_utils/package.bash'
[1.604s] INFO:colcon.colcon_core.shell:Creating package script '/home/kuldip/myroboticarm_ws/install/myroboticarm_utils/share/myroboticarm_utils/package.zsh'
[1.604s] Level 1:colcon.colcon_core.environment:create_file_with_runtime_dependencies(/home/kuldip/myroboticarm_ws/install/myroboticarm_utils/share/colcon-core/packages/myroboticarm_utils)
[1.605s] Level 1:colcon.colcon_core.environment:create_environment_scripts_only(myroboticarm_utils)
[1.605s] Level 1:colcon.colcon_core.environment:checking '/home/kuldip/myroboticarm_ws/install/myroboticarm_utils' for CMake module files
[1.605s] Level 1:colcon.colcon_core.environment:checking '/home/kuldip/myroboticarm_ws/install/myroboticarm_utils' for CMake config files
[1.606s] Level 1:colcon.colcon_core.shell:create_environment_hook('myroboticarm_utils', 'cmake_prefix_path')
[1.606s] INFO:colcon.colcon_core.shell:Creating environment hook '/home/kuldip/myroboticarm_ws/install/myroboticarm_utils/share/myroboticarm_utils/hook/cmake_prefix_path.ps1'
[1.606s] INFO:colcon.colcon_core.shell:Creating environment descriptor '/home/kuldip/myroboticarm_ws/install/myroboticarm_utils/share/myroboticarm_utils/hook/cmake_prefix_path.dsv'
[1.607s] INFO:colcon.colcon_core.shell:Creating environment hook '/home/kuldip/myroboticarm_ws/install/myroboticarm_utils/share/myroboticarm_utils/hook/cmake_prefix_path.sh'
[1.607s] Level 1:colcon.colcon_core.environment:checking '/home/kuldip/myroboticarm_ws/install/myroboticarm_utils/lib'
[1.607s] Level 1:colcon.colcon_core.environment:checking '/home/kuldip/myroboticarm_ws/install/myroboticarm_utils/bin'
[1.607s] Level 1:colcon.colcon_core.environment:checking '/home/kuldip/myroboticarm_ws/install/myroboticarm_utils/lib/pkgconfig/myroboticarm_utils.pc'
[1.608s] Level 1:colcon.colcon_core.environment:checking '/home/kuldip/myroboticarm_ws/install/myroboticarm_utils/lib/python3.12/site-packages'
[1.608s] Level 1:colcon.colcon_core.shell:create_environment_hook('myroboticarm_utils', 'pythonpath')
[1.608s] INFO:colcon.colcon_core.shell:Creating environment hook '/home/kuldip/myroboticarm_ws/install/myroboticarm_utils/share/myroboticarm_utils/hook/pythonpath.ps1'
[1.608s] INFO:colcon.colcon_core.shell:Creating environment descriptor '/home/kuldip/myroboticarm_ws/install/myroboticarm_utils/share/myroboticarm_utils/hook/pythonpath.dsv'
[1.609s] INFO:colcon.colcon_core.shell:Creating environment hook '/home/kuldip/myroboticarm_ws/install/myroboticarm_utils/share/myroboticarm_utils/hook/pythonpath.sh'
[1.609s] Level 1:colcon.colcon_core.environment:checking '/home/kuldip/myroboticarm_ws/install/myroboticarm_utils/bin'
[1.609s] INFO:colcon.colcon_core.shell:Creating package script '/home/kuldip/myroboticarm_ws/install/myroboticarm_utils/share/myroboticarm_utils/package.ps1'
[1.610s] INFO:colcon.colcon_core.shell:Creating package descriptor '/home/kuldip/myroboticarm_ws/install/myroboticarm_utils/share/myroboticarm_utils/package.dsv'
[1.610s] INFO:colcon.colcon_core.shell:Creating package script '/home/kuldip/myroboticarm_ws/install/myroboticarm_utils/share/myroboticarm_utils/package.sh'
[1.611s] INFO:colcon.colcon_core.shell:Creating package script '/home/kuldip/myroboticarm_ws/install/myroboticarm_utils/share/myroboticarm_utils/package.bash'
[1.611s] INFO:colcon.colcon_core.shell:Creating package script '/home/kuldip/myroboticarm_ws/install/myroboticarm_utils/share/myroboticarm_utils/package.zsh'
[1.611s] Level 1:colcon.colcon_core.environment:create_file_with_runtime_dependencies(/home/kuldip/myroboticarm_ws/install/myroboticarm_utils/share/colcon-core/packages/myroboticarm_utils)
[2.054s] Level 1:colcon.colcon_core.environment:checking '/home/kuldip/myroboticarm_ws/install/myroboticarm' for CMake module files
[2.055s] DEBUG:colcon.colcon_core.event_handler.log_command:Invoked command in '/home/kuldip/myroboticarm_ws/src/myroboticarm' returned '0': DEBUGINFOD_URLS=https://debuginfod.ubuntu.com PYTHONPATH=/home/kuldip/myroboticarm_ws/build/myroboticarm/prefix_override:/usr/lib/python3/dist-packages/colcon_core/task/python/colcon_distutils_commands:/home/kuldip/myroboticarm_ws/install/myroboticarm/lib/python3.12/site-packages:${PYTHONPATH} /usr/bin/python3 -W ignore:setup.py install is deprecated -W ignore:easy_install command is deprecated setup.py egg_info --egg-base ../../build/myroboticarm build --build-base /home/kuldip/myroboticarm_ws/build/myroboticarm/build install --record /home/kuldip/myroboticarm_ws/build/myroboticarm/install.log --single-version-externally-managed install_data
[2.056s] Level 1:colcon.colcon_core.environment:checking '/home/kuldip/myroboticarm_ws/install/myroboticarm' for CMake config files
[2.056s] Level 1:colcon.colcon_core.environment:checking '/home/kuldip/myroboticarm_ws/install/myroboticarm/lib'
[2.057s] Level 1:colcon.colcon_core.environment:checking '/home/kuldip/myroboticarm_ws/install/myroboticarm/bin'
[2.057s] Level 1:colcon.colcon_core.environment:checking '/home/kuldip/myroboticarm_ws/install/myroboticarm/lib/pkgconfig/myroboticarm.pc'
[2.057s] Level 1:colcon.colcon_core.environment:checking '/home/kuldip/myroboticarm_ws/install/myroboticarm/lib/python3.12/site-packages'
[2.057s] Level 1:colcon.colcon_core.shell:create_environment_hook('myroboticarm', 'pythonpath')
[2.057s] INFO:colcon.colcon_core.shell:Creating environment hook '/home/kuldip/myroboticarm_ws/install/myroboticarm/share/myroboticarm/hook/pythonpath.ps1'
[2.058s] INFO:colcon.colcon_core.shell:Creating environment descriptor '/home/kuldip/myroboticarm_ws/install/myroboticarm/share/myroboticarm/hook/pythonpath.dsv'
[2.058s] INFO:colcon.colcon_core.shell:Creating environment hook '/home/kuldip/myroboticarm_ws/install/myroboticarm/share/myroboticarm/hook/pythonpath.sh'
[2.059s] Level 1:colcon.colcon_core.environment:checking '/home/kuldip/myroboticarm_ws/install/myroboticarm/bin'
[2.059s] Level 1:colcon.colcon_core.environment:create_environment_scripts_only(myroboticarm)
[2.059s] INFO:colcon.colcon_core.shell:Creating package script '/home/kuldip/myroboticarm_ws/install/myroboticarm/share/myroboticarm/package.ps1'
[2.060s] INFO:colcon.colcon_core.shell:Creating package descriptor '/home/kuldip/myroboticarm_ws/install/myroboticarm/share/myroboticarm/package.dsv'
[2.060s] INFO:colcon.colcon_core.shell:Creating package script '/home/kuldip/myroboticarm_ws/install/myroboticarm/share/myroboticarm/package.sh'
[2.061s] INFO:colcon.colcon_core.shell:Creating package script '/home/kuldip/myroboticarm_ws/install/myroboticarm/share/myroboticarm/package.bash'
[2.061s] INFO:colcon.colcon_core.shell:Creating package script '/home/kuldip/myroboticarm_ws/install/myroboticarm/share/myroboticarm/package.zsh'
[2.061s] Level 1:colcon.colcon_core.environment:create_file_with_runtime_dependencies(/home/kuldip/myroboticarm_ws/install/myroboticarm/share/colcon-core/packages/myroboticarm)
[2.061s] DEBUG:colcon.colcon_parallel_executor.executor.parallel:closing loop
[2.061s] DEBUG:colcon.colcon_parallel_executor.executor.parallel:loop closed
[2.062s] DEBUG:colcon.colcon_parallel_executor.executor.parallel:run_until_complete finished with '0'
[2.062s] DEBUG:colcon.colcon_core.event_reactor:joining thread
[2.069s] INFO:colcon.colcon_core.plugin_system:Skipping extension 'colcon_notification.desktop_notification.terminal_notifier': Not used on non-Darwin systems
[2.070s] INFO:colcon.colcon_core.plugin_system:Skipping extension 'colcon_notification.desktop_notification.win32': Not used on non-Windows systems
[2.070s] INFO:colcon.colcon_notification.desktop_notification:Sending desktop notification using 'notify2'
[2.092s] DEBUG:colcon.colcon_core.event_reactor:joined thread
[2.093s] INFO:colcon.colcon_core.shell:Creating prefix script '/home/kuldip/myroboticarm_ws/install/local_setup.ps1'
[2.094s] INFO:colcon.colcon_core.shell:Creating prefix util module '/home/kuldip/myroboticarm_ws/install/_local_setup_util_ps1.py'
[2.095s] INFO:colcon.colcon_core.shell:Creating prefix chain script '/home/kuldip/myroboticarm_ws/install/setup.ps1'
[2.097s] INFO:colcon.colcon_core.shell:Creating prefix script '/home/kuldip/myroboticarm_ws/install/local_setup.sh'
[2.098s] INFO:colcon.colcon_core.shell:Creating prefix util module '/home/kuldip/myroboticarm_ws/install/_local_setup_util_sh.py'
[2.099s] INFO:colcon.colcon_core.shell:Creating prefix chain script '/home/kuldip/myroboticarm_ws/install/setup.sh'
[2.100s] INFO:colcon.colcon_core.shell:Creating prefix script '/home/kuldip/myroboticarm_ws/install/local_setup.bash'
[2.101s] INFO:colcon.colcon_core.shell:Creating prefix chain script '/home/kuldip/myroboticarm_ws/install/setup.bash'
[2.102s] INFO:colcon.colcon_core.shell:Creating prefix script '/home/kuldip/myroboticarm_ws/install/local_setup.zsh'
[2.103s] INFO:colcon.colcon_core.shell:Creating prefix chain script '/home/kuldip/myroboticarm_ws/install/setup.zsh'
