[0.151s] Invoking command in '/home/kuldip/myroboticarm_ws/build/myroboticarm_msgs': CMAKE_PREFIX_PATH=${CMAKE_PREFIX_PATH}:/home/kuldip/myroboticarm_ws/install/myroboticarm_description:/home/kuldip/myroboticarm_ws/install/myroboticarm:/home/kuldip/arduinobot_ws/install/arduinobot_py_examples:/home/kuldip/myroboticarm_ws/src/install/myroboticarm:/opt/ros/jazzy DEBUGINFOD_URLS=https://debuginfod.ubuntu.com /usr/bin/cmake --build /home/kuldip/myroboticarm_ws/build/myroboticarm_msgs -- -j12 -l12
[0.185s] -- Found ament_cmake: 2.5.4 (/opt/ros/jazzy/share/ament_cmake/cmake)
[0.213s] -- Found Python3: /usr/bin/python3 (found version "3.12.3") found components: Interpreter 
[0.278s] -- Found std_msgs: 5.3.6 (/opt/ros/jazzy/share/std_msgs/cmake)
[0.304s] -- Found rosidl_generator_c: 4.6.5 (/opt/ros/jazzy/share/rosidl_generator_c/cmake)
[0.313s] -- Found rosidl_generator_cpp: 4.6.5 (/opt/ros/jazzy/share/rosidl_generator_cpp/cmake)
[0.323s] -- Using all available rosidl_typesupport_c: rosidl_typesupport_fastrtps_c;rosidl_typesupport_introspection_c
[0.334s] -- Using all available rosidl_typesupport_cpp: rosidl_typesupport_fastrtps_cpp;rosidl_typesupport_introspection_cpp
[0.354s] -- Found rosidl_default_generators: 1.6.0 (/opt/ros/jazzy/share/rosidl_default_generators/cmake)
[0.360s] -- Found rosidl_adapter: 4.6.5 (/opt/ros/jazzy/share/rosidl_adapter/cmake)
[0.475s] [31mCMake Error at /opt/ros/jazzy/share/rosidl_adapter/cmake/rosidl_adapt_interfaces.cmake:57 (message):
[0.475s]   execute_process(/usr/bin/python3 -m rosidl_adapter --package-name
[0.475s]   myroboticarm_msgs --arguments-file
[0.475s]   /home/kuldip/myroboticarm_ws/build/myroboticarm_msgs/rosidl_adapter__arguments__myroboticarm_msgs.json
[0.476s]   --output-dir
[0.476s]   /home/kuldip/myroboticarm_ws/build/myroboticarm_msgs/rosidl_adapter/myroboticarm_msgs
[0.476s]   --output-file
[0.476s]   /home/kuldip/myroboticarm_ws/build/myroboticarm_msgs/rosidl_adapter/myroboticarm_msgs.idls)
[0.476s]   returned error code 1:
[0.476s] 
[0.476s]   Traceback (most recent call last):
[0.476s] 
[0.476s]     File "<frozen runpy>", line 198, in _run_module_as_main
[0.476s]     File "<frozen runpy>", line 88, in _run_code
[0.476s]     File "/opt/ros/jazzy/lib/python3.12/site-packages/rosidl_adapter/__main__.py", line 19, in <module>
[0.476s]       sys.exit(main())
[0.476s]                ^^^^^^
[0.476s]     File "/opt/ros/jazzy/lib/python3.12/site-packages/rosidl_adapter/main.py", line 53, in main
[0.476s]       abs_idl_file = convert_to_idl(
[0.476s]                      ^^^^^^^^^^^^^^^
[0.476s]     File "/opt/ros/jazzy/lib/python3.12/site-packages/rosidl_adapter/__init__.py", line 24, in convert_to_idl
[0.476s]       return convert_srv_to_idl(
[0.476s]              ^^^^^^^^^^^^^^^^^^^
[0.476s]     File "/opt/ros/jazzy/lib/python3.12/site-packages/rosidl_adapter/srv/__init__.py", line 28, in convert_srv_to_idl
[0.476s]       srv = parse_service_string(package_name, input_file.stem, content)
[0.476s]             ^^^^^^^^^^^^^^^^^^^^^^^^^^^^^^^^^^^^^^^^^^^^^^^^^^^^^^^^^^^^
[0.476s]     File "/opt/ros/jazzy/lib/python3.12/site-packages/rosidl_adapter/parser.py", line 860, in parse_service_string
[0.476s]       request_message = parse_message_string(
[0.476s]                         ^^^^^^^^^^^^^^^^^^^^^
[0.476s]     File "/opt/ros/jazzy/lib/python3.12/site-packages/rosidl_adapter/parser.py", line 545, in parse_message_string
[0.476s]       msg = MessageSpecification(pkg_name, msg_name, fields, constants)
[0.476s]             ^^^^^^^^^^^^^^^^^^^^^^^^^^^^^^^^^^^^^^^^^^^^^^^^^^^^^^^^^^^
[0.476s]     File "/opt/ros/jazzy/lib/python3.12/site-packages/rosidl_adapter/parser.py", line 389, in __init__
[0.476s]       self.base_type = BaseType(
[0.477s]                        ^^^^^^^^^
[0.477s]     File "/opt/ros/jazzy/lib/python3.12/site-packages/rosidl_adapter/parser.py", line 206, in __init__
[0.477s]       raise InvalidResourceName(
[0.477s] 
[0.477s]   rosidl_adapter.parser.InvalidResourceName: 'eutoquater_Request' is an
[0.477s]   invalid message name.  It should have the pattern '^[A-Z][A-Za-z0-9]*$'
[0.477s] 
[0.477s] Call Stack (most recent call first):
[0.477s]   /opt/ros/jazzy/share/rosidl_cmake/cmake/rosidl_generate_interfaces.cmake:132 (rosidl_adapt_interfaces)
[0.477s]   CMakeLists.txt:16 (rosidl_generate_interfaces)
[0.477s] 
[0.477s] [0m
[0.477s] -- Configuring incomplete, errors occurred!
[0.480s] gmake: *** [Makefile:815: cmake_check_build_system] Error 1
[0.482s] Invoked command in '/home/kuldip/myroboticarm_ws/build/myroboticarm_msgs' returned '2': CMAKE_PREFIX_PATH=${CMAKE_PREFIX_PATH}:/home/kuldip/myroboticarm_ws/install/myroboticarm_description:/home/kuldip/myroboticarm_ws/install/myroboticarm:/home/kuldip/arduinobot_ws/install/arduinobot_py_examples:/home/kuldip/myroboticarm_ws/src/install/myroboticarm:/opt/ros/jazzy DEBUGINFOD_URLS=https://debuginfod.ubuntu.com /usr/bin/cmake --build /home/kuldip/myroboticarm_ws/build/myroboticarm_msgs -- -j12 -l12
