running egg_info
writing ../../build/myroboticarm/myroboticarm.egg-info/PKG-INFO
writing dependency_links to ../../build/myroboticarm/myroboticarm.egg-info/dependency_links.txt
writing entry points to ../../build/myroboticarm/myroboticarm.egg-info/entry_points.txt
writing requirements to ../../build/myroboticarm/myroboticarm.egg-info/requires.txt
writing top-level names to ../../build/myroboticarm/myroboticarm.egg-info/top_level.txt
reading manifest file '../../build/myroboticarm/myroboticarm.egg-info/SOURCES.txt'
writing manifest file '../../build/myroboticarm/myroboticarm.egg-info/SOURCES.txt'
running build
running build_py
copying myroboticarm/simple_moveit_interface.py -> /home/kuldip/myroboticarm_ws/build/myroboticarm/build/lib/myroboticarm
running install
running install_lib
copying /home/kuldip/myroboticarm_ws/build/myroboticarm/build/lib/myroboticarm/simple_moveit_interface.py -> /home/kuldip/myroboticarm_ws/install/myroboticarm/lib/python3.12/site-packages/myroboticarm
byte-compiling /home/kuldip/myroboticarm_ws/install/myroboticarm/lib/python3.12/site-packages/myroboticarm/simple_moveit_interface.py to simple_moveit_interface.cpython-312.pyc
running install_data
running install_egg_info
removing '/home/kuldip/myroboticarm_ws/install/myroboticarm/lib/python3.12/site-packages/myroboticarm-0.0.0-py3.12.egg-info' (and everything under it)
Copying ../../build/myroboticarm/myroboticarm.egg-info to /home/kuldip/myroboticarm_ws/install/myroboticarm/lib/python3.12/site-packages/myroboticarm-0.0.0-py3.12.egg-info
running install_scripts
Installing simple_action_client script to /home/kuldip/myroboticarm_ws/install/myroboticarm/lib/myroboticarm
Installing simple_action_server script to /home/kuldip/myroboticarm_ws/install/myroboticarm/lib/myroboticarm
Installing simple_moveit_interface script to /home/kuldip/myroboticarm_ws/install/myroboticarm/lib/myroboticarm
Installing simple_parameter script to /home/kuldip/myroboticarm_ws/install/myroboticarm/lib/myroboticarm
Installing simple_publisher script to /home/kuldip/myroboticarm_ws/install/myroboticarm/lib/myroboticarm
Installing simple_service_client script to /home/kuldip/myroboticarm_ws/install/myroboticarm/lib/myroboticarm
Installing simple_service_server script to /home/kuldip/myroboticarm_ws/install/myroboticarm/lib/myroboticarm
Installing simple_subscriber script to /home/kuldip/myroboticarm_ws/install/myroboticarm/lib/myroboticarm
writing list of installed files to '/home/kuldip/myroboticarm_ws/build/myroboticarm/install.log'
