[0.159s] Invoking command in '/home/kuldip/myroboticarm_ws/src/build/myroboticarm_description_cpp': CMAKE_PREFIX_PATH=${CMAKE_PREFIX_PATH}:/home/kuldip/myroboticarm_ws/install/myroboticarm_description:/home/kuldip/myroboticarm_ws/install/myroboticarm:/home/kuldip/ros2_ws/install/my_robot_controller:/opt/ros/humble /usr/bin/cmake /home/kuldip/myroboticarm_ws/src/myroboticarm_description_cpp -DCMAKE_INSTALL_PREFIX=/home/kuldip/myroboticarm_ws/src/install/myroboticarm_description_cpp
[0.237s] -- The C compiler identification is GNU 11.4.0
[0.286s] -- The CXX compiler identification is GNU 11.4.0
[0.292s] -- Detecting C compiler ABI info
[0.340s] -- Detecting C compiler ABI info - done
[0.345s] -- Check for working C compiler: /usr/bin/cc - skipped
[0.345s] -- Detecting C compile features
[0.346s] -- Detecting C compile features - done
[0.348s] -- Detecting CXX compiler ABI info
[0.405s] -- Detecting CXX compiler ABI info - done
[0.412s] -- Check for working CXX compiler: /usr/bin/c++ - skipped
[0.412s] -- Detecting CXX compile features
[0.413s] -- Detecting CXX compile features - done
[0.415s] -- Found ament_cmake: 1.3.11 (/opt/ros/humble/share/ament_cmake/cmake)
[0.515s] -- Found Python3: /usr/bin/python3 (found version "3.10.12") found components: Interpreter 
[0.578s] -- Found ament_lint_auto: 0.12.12 (/opt/ros/humble/share/ament_lint_auto/cmake)
[0.627s] -- Added test 'lint_cmake' to check CMake code style
[0.628s] -- Added test 'xmllint' to check XML markup files
[0.629s] -- Configuring done
[0.630s] -- Generating done
[0.631s] -- Build files have been written to: /home/kuldip/myroboticarm_ws/src/build/myroboticarm_description_cpp
[0.633s] Invoked command in '/home/kuldip/myroboticarm_ws/src/build/myroboticarm_description_cpp' returned '0': CMAKE_PREFIX_PATH=${CMAKE_PREFIX_PATH}:/home/kuldip/myroboticarm_ws/install/myroboticarm_description:/home/kuldip/myroboticarm_ws/install/myroboticarm:/home/kuldip/ros2_ws/install/my_robot_controller:/opt/ros/humble /usr/bin/cmake /home/kuldip/myroboticarm_ws/src/myroboticarm_description_cpp -DCMAKE_INSTALL_PREFIX=/home/kuldip/myroboticarm_ws/src/install/myroboticarm_description_cpp
[0.634s] Invoking command in '/home/kuldip/myroboticarm_ws/src/build/myroboticarm_description_cpp': CMAKE_PREFIX_PATH=${CMAKE_PREFIX_PATH}:/home/kuldip/myroboticarm_ws/install/myroboticarm_description:/home/kuldip/myroboticarm_ws/install/myroboticarm:/home/kuldip/ros2_ws/install/my_robot_controller:/opt/ros/humble /usr/bin/cmake --build /home/kuldip/myroboticarm_ws/src/build/myroboticarm_description_cpp -- -j12 -l12
[0.658s] Invoked command in '/home/kuldip/myroboticarm_ws/src/build/myroboticarm_description_cpp' returned '0': CMAKE_PREFIX_PATH=${CMAKE_PREFIX_PATH}:/home/kuldip/myroboticarm_ws/install/myroboticarm_description:/home/kuldip/myroboticarm_ws/install/myroboticarm:/home/kuldip/ros2_ws/install/my_robot_controller:/opt/ros/humble /usr/bin/cmake --build /home/kuldip/myroboticarm_ws/src/build/myroboticarm_description_cpp -- -j12 -l12
[0.658s] Invoking command in '/home/kuldip/myroboticarm_ws/src/build/myroboticarm_description_cpp': CMAKE_PREFIX_PATH=${CMAKE_PREFIX_PATH}:/home/kuldip/myroboticarm_ws/install/myroboticarm_description:/home/kuldip/myroboticarm_ws/install/myroboticarm:/home/kuldip/ros2_ws/install/my_robot_controller:/opt/ros/humble /usr/bin/cmake --install /home/kuldip/myroboticarm_ws/src/build/myroboticarm_description_cpp
[0.664s] -- Install configuration: ""
[0.664s] -- Installing: /home/kuldip/myroboticarm_ws/src/install/myroboticarm_description_cpp/share/myroboticarm_description_cpp/urdf
[0.664s] -- Installing: /home/kuldip/myroboticarm_ws/src/install/myroboticarm_description_cpp/share/myroboticarm_description_cpp/urdf/myroboticarm.urdf.xacro
[0.664s] -- Installing: /home/kuldip/myroboticarm_ws/src/install/myroboticarm_description_cpp/share/myroboticarm_description_cpp/meshes
[0.664s] -- Installing: /home/kuldip/myroboticarm_ws/src/install/myroboticarm_description_cpp/share/myroboticarm_description_cpp/meshes/horizontal_arm.STL
[0.666s] -- Installing: /home/kuldip/myroboticarm_ws/src/install/myroboticarm_description_cpp/share/myroboticarm_description_cpp/meshes/right_finger.STL
[0.666s] -- Installing: /home/kuldip/myroboticarm_ws/src/install/myroboticarm_description_cpp/share/myroboticarm_description_cpp/meshes/left_finger.STL
[0.667s] -- Installing: /home/kuldip/myroboticarm_ws/src/install/myroboticarm_description_cpp/share/myroboticarm_description_cpp/meshes/claw_support.STL
[0.668s] -- Installing: /home/kuldip/myroboticarm_ws/src/install/myroboticarm_description_cpp/share/myroboticarm_description_cpp/meshes/plate.STL
[0.670s] -- Installing: /home/kuldip/myroboticarm_ws/src/install/myroboticarm_description_cpp/share/myroboticarm_description_cpp/meshes/base_plate.STL
[0.672s] -- Installing: /home/kuldip/myroboticarm_ws/src/install/myroboticarm_description_cpp/share/myroboticarm_description_cpp/meshes/triangular_link.STL
[0.673s] -- Installing: /home/kuldip/myroboticarm_ws/src/install/myroboticarm_description_cpp/share/myroboticarm_description_cpp/meshes/servo_plate.STL
[0.673s] -- Installing: /home/kuldip/myroboticarm_ws/src/install/myroboticarm_description_cpp/share/myroboticarm_description_cpp/meshes/vertical_drive_arm.STL
[0.674s] -- Installing: /home/kuldip/myroboticarm_ws/src/install/myroboticarm_description_cpp/share/myroboticarm_description_cpp/meshes/forward_drive_arm.STL
[0.676s] -- Installing: /home/kuldip/myroboticarm_ws/src/install/myroboticarm_description_cpp/share/myroboticarm_description_cpp/meshes/round_plate.STL
[0.677s] -- Installing: /home/kuldip/myroboticarm_ws/src/install/myroboticarm_description_cpp/share/myroboticarm_description_cpp/meshes/basement.STL
[0.678s] -- Installing: /home/kuldip/myroboticarm_ws/src/install/myroboticarm_description_cpp/share/myroboticarm_description_cpp/meshes/link.STL
[0.679s] -- Installing: /home/kuldip/myroboticarm_ws/src/install/myroboticarm_description_cpp/share/ament_index/resource_index/package_run_dependencies/myroboticarm_description_cpp
[0.679s] -- Installing: /home/kuldip/myroboticarm_ws/src/install/myroboticarm_description_cpp/share/ament_index/resource_index/parent_prefix_path/myroboticarm_description_cpp
[0.679s] -- Installing: /home/kuldip/myroboticarm_ws/src/install/myroboticarm_description_cpp/share/myroboticarm_description_cpp/environment/ament_prefix_path.sh
[0.679s] -- Installing: /home/kuldip/myroboticarm_ws/src/install/myroboticarm_description_cpp/share/myroboticarm_description_cpp/environment/ament_prefix_path.dsv
[0.679s] -- Installing: /home/kuldip/myroboticarm_ws/src/install/myroboticarm_description_cpp/share/myroboticarm_description_cpp/environment/path.sh
[0.679s] -- Installing: /home/kuldip/myroboticarm_ws/src/install/myroboticarm_description_cpp/share/myroboticarm_description_cpp/environment/path.dsv
[0.679s] -- Installing: /home/kuldip/myroboticarm_ws/src/install/myroboticarm_description_cpp/share/myroboticarm_description_cpp/local_setup.bash
[0.679s] -- Installing: /home/kuldip/myroboticarm_ws/src/install/myroboticarm_description_cpp/share/myroboticarm_description_cpp/local_setup.sh
[0.679s] -- Installing: /home/kuldip/myroboticarm_ws/src/install/myroboticarm_description_cpp/share/myroboticarm_description_cpp/local_setup.zsh
[0.679s] -- Installing: /home/kuldip/myroboticarm_ws/src/install/myroboticarm_description_cpp/share/myroboticarm_description_cpp/local_setup.dsv
[0.679s] -- Installing: /home/kuldip/myroboticarm_ws/src/install/myroboticarm_description_cpp/share/myroboticarm_description_cpp/package.dsv
[0.679s] -- Installing: /home/kuldip/myroboticarm_ws/src/install/myroboticarm_description_cpp/share/ament_index/resource_index/packages/myroboticarm_description_cpp
[0.679s] -- Installing: /home/kuldip/myroboticarm_ws/src/install/myroboticarm_description_cpp/share/myroboticarm_description_cpp/cmake/myroboticarm_description_cppConfig.cmake
[0.679s] -- Installing: /home/kuldip/myroboticarm_ws/src/install/myroboticarm_description_cpp/share/myroboticarm_description_cpp/cmake/myroboticarm_description_cppConfig-version.cmake
[0.679s] -- Installing: /home/kuldip/myroboticarm_ws/src/install/myroboticarm_description_cpp/share/myroboticarm_description_cpp/package.xml
[0.681s] Invoked command in '/home/kuldip/myroboticarm_ws/src/build/myroboticarm_description_cpp' returned '0': CMAKE_PREFIX_PATH=${CMAKE_PREFIX_PATH}:/home/kuldip/myroboticarm_ws/install/myroboticarm_description:/home/kuldip/myroboticarm_ws/install/myroboticarm:/home/kuldip/ros2_ws/install/my_robot_controller:/opt/ros/humble /usr/bin/cmake --install /home/kuldip/myroboticarm_ws/src/build/myroboticarm_description_cpp
