[0.022s] Invoking command in '/home/kuldip/myroboticarm_ws/src/build/myroboticarm_msgs': CMAKE_PREFIX_PATH=${CMAKE_PREFIX_PATH}:/home/kuldip/myroboticarm_ws/install/myroboticarm_description:/home/kuldip/myroboticarm_ws/install/myroboticarm:/home/kuldip/arduinobot_ws/install/arduinobot_py_examples:/home/kuldip/myroboticarm_ws/src/install/myroboticarm:/opt/ros/jazzy DEBUGINFOD_URLS=https://debuginfod.ubuntu.com /usr/bin/cmake /home/kuldip/myroboticarm_ws/src/myroboticarm_msgs -DCMAKE_INSTALL_PREFIX=/home/kuldip/myroboticarm_ws/src/install/myroboticarm_msgs
[0.167s] -- The C compiler identification is GNU 13.3.0
[0.219s] -- The CXX compiler identification is GNU 13.3.0
[0.233s] -- Detecting C compiler ABI info
[0.306s] -- Detecting C compiler ABI info - done
[0.313s] -- Check for working C compiler: /usr/bin/cc - skipped
[0.313s] -- Detecting C compile features
[0.314s] -- Detecting C compile features - done
[0.320s] -- Detecting CXX compiler ABI info
[0.398s] -- Detecting CXX compiler ABI info - done
[0.405s] -- Check for working CXX compiler: /usr/bin/c++ - skipped
[0.405s] -- Detecting CXX compile features
[0.405s] -- Detecting CXX compile features - done
[0.409s] -- Found ament_cmake: 2.5.4 (/opt/ros/jazzy/share/ament_cmake/cmake)
[0.543s] -- Found Python3: /usr/bin/python3 (found version "3.12.3") found components: Interpreter 
[0.658s] -- Found std_msgs: 5.3.6 (/opt/ros/jazzy/share/std_msgs/cmake)
[0.724s] -- Found rosidl_generator_c: 4.6.5 (/opt/ros/jazzy/share/rosidl_generator_c/cmake)
[0.738s] -- Found rosidl_generator_cpp: 4.6.5 (/opt/ros/jazzy/share/rosidl_generator_cpp/cmake)
[0.760s] -- Using all available rosidl_typesupport_c: rosidl_typesupport_fastrtps_c;rosidl_typesupport_introspection_c
[0.781s] -- Using all available rosidl_typesupport_cpp: rosidl_typesupport_fastrtps_cpp;rosidl_typesupport_introspection_cpp
[0.823s] -- Found rosidl_default_generators: 1.6.0 (/opt/ros/jazzy/share/rosidl_default_generators/cmake)
[0.845s] -- Found rosidl_adapter: 4.6.5 (/opt/ros/jazzy/share/rosidl_adapter/cmake)
[1.323s] -- Found ament_cmake_ros: 0.12.0 (/opt/ros/jazzy/share/ament_cmake_ros/cmake)
[1.908s] -- Using all available rosidl_typesupport_c: rosidl_typesupport_fastrtps_c;rosidl_typesupport_introspection_c
[2.127s] -- Using all available rosidl_typesupport_cpp: rosidl_typesupport_fastrtps_cpp;rosidl_typesupport_introspection_cpp
[2.131s] -- Found python_cmake_module: 0.11.1 (/opt/ros/jazzy/share/python_cmake_module/cmake)
[2.240s] -- Found PythonExtra: /usr/bin/python3  
[2.577s] -- Found Python3: /usr/bin/python3 (found version "3.12.3") found components: Interpreter Development NumPy Development.Module Development.Embed 
[2.607s] -- Found ament_lint_auto: 0.17.2 (/opt/ros/jazzy/share/ament_lint_auto/cmake)
[2.640s] -- Added test 'lint_cmake' to check CMake code style
[2.641s] -- Added test 'xmllint' to check XML markup files
[2.643s] -- Configuring done (2.6s)
[2.667s] -- Generating done (0.0s)
[2.674s] -- Build files have been written to: /home/kuldip/myroboticarm_ws/src/build/myroboticarm_msgs
[2.682s] Invoked command in '/home/kuldip/myroboticarm_ws/src/build/myroboticarm_msgs' returned '0': CMAKE_PREFIX_PATH=${CMAKE_PREFIX_PATH}:/home/kuldip/myroboticarm_ws/install/myroboticarm_description:/home/kuldip/myroboticarm_ws/install/myroboticarm:/home/kuldip/arduinobot_ws/install/arduinobot_py_examples:/home/kuldip/myroboticarm_ws/src/install/myroboticarm:/opt/ros/jazzy DEBUGINFOD_URLS=https://debuginfod.ubuntu.com /usr/bin/cmake /home/kuldip/myroboticarm_ws/src/myroboticarm_msgs -DCMAKE_INSTALL_PREFIX=/home/kuldip/myroboticarm_ws/src/install/myroboticarm_msgs
[2.683s] Invoking command in '/home/kuldip/myroboticarm_ws/src/build/myroboticarm_msgs': CMAKE_PREFIX_PATH=${CMAKE_PREFIX_PATH}:/home/kuldip/myroboticarm_ws/install/myroboticarm_description:/home/kuldip/myroboticarm_ws/install/myroboticarm:/home/kuldip/arduinobot_ws/install/arduinobot_py_examples:/home/kuldip/myroboticarm_ws/src/install/myroboticarm:/opt/ros/jazzy DEBUGINFOD_URLS=https://debuginfod.ubuntu.com /usr/bin/cmake --build /home/kuldip/myroboticarm_ws/src/build/myroboticarm_msgs -- -j12 -l12
[2.723s] [  1%] [34m[1mGenerating type hashes for ROS interfaces[0m
[2.730s] [  1%] Built target ament_cmake_python_copy_myroboticarm_msgs
[2.870s] running egg_info
[2.871s] creating myroboticarm_msgs.egg-info
[2.883s] writing myroboticarm_msgs.egg-info/PKG-INFO
[2.883s] writing dependency_links to myroboticarm_msgs.egg-info/dependency_links.txt
[2.883s] writing top-level names to myroboticarm_msgs.egg-info/top_level.txt
[2.883s] writing manifest file 'myroboticarm_msgs.egg-info/SOURCES.txt'
[2.904s] [  1%] Built target myroboticarm_msgs__rosidl_generator_type_description
[2.914s] [  3%] [34m[1mGenerating C code for ROS interfaces[0m
[2.919s] [  5%] [34m[1mGenerating C++ code for ROS interfaces[0m
[2.921s] reading manifest file 'myroboticarm_msgs.egg-info/SOURCES.txt'
[2.921s] writing manifest file 'myroboticarm_msgs.egg-info/SOURCES.txt'
[2.945s] [  5%] Built target ament_cmake_python_build_myroboticarm_msgs_egg
[3.225s] [  5%] Built target myroboticarm_msgs__cpp
[3.257s] [  9%] [32mBuilding C object CMakeFiles/myroboticarm_msgs__rosidl_generator_c.dir/rosidl_generator_c/myroboticarm_msgs/srv/detail/eu_to_quater__description.c.o[0m
[3.257s] [  9%] [32mBuilding C object CMakeFiles/myroboticarm_msgs__rosidl_generator_c.dir/rosidl_generator_c/myroboticarm_msgs/srv/detail/add_twoints__description.c.o[0m
[3.257s] [ 11%] [32mBuilding C object CMakeFiles/myroboticarm_msgs__rosidl_generator_c.dir/rosidl_generator_c/myroboticarm_msgs/srv/detail/add_twoints__functions.c.o[0m
[3.258s] [ 12%] [32mBuilding C object CMakeFiles/myroboticarm_msgs__rosidl_generator_c.dir/rosidl_generator_c/myroboticarm_msgs/srv/detail/add_twoints__type_support.c.o[0m
[3.259s] [ 14%] [32mBuilding C object CMakeFiles/myroboticarm_msgs__rosidl_generator_c.dir/rosidl_generator_c/myroboticarm_msgs/srv/detail/eu_to_quater__type_support.c.o[0m
[3.259s] [ 16%] [32mBuilding C object CMakeFiles/myroboticarm_msgs__rosidl_generator_c.dir/rosidl_generator_c/myroboticarm_msgs/srv/detail/eu_to_quater__functions.c.o[0m
[3.260s] [ 20%] [32mBuilding C object CMakeFiles/myroboticarm_msgs__rosidl_generator_c.dir/rosidl_generator_c/myroboticarm_msgs/srv/detail/quater_to_eu__description.c.o[0m
[3.260s] [ 20%] [32mBuilding C object CMakeFiles/myroboticarm_msgs__rosidl_generator_c.dir/rosidl_generator_c/myroboticarm_msgs/srv/detail/quater_to_eu__functions.c.o[0m
[3.260s] [ 22%] [32mBuilding C object CMakeFiles/myroboticarm_msgs__rosidl_generator_c.dir/rosidl_generator_c/myroboticarm_msgs/srv/detail/quater_to_eu__type_support.c.o[0m
[3.377s] [ 24%] [32m[1mLinking C shared library libmyroboticarm_msgs__rosidl_generator_c.so[0m
[3.410s] [ 24%] Built target myroboticarm_msgs__rosidl_generator_c
[3.425s] [ 25%] [34m[1mGenerating C type support for eProsima Fast-RTPS[0m
[3.426s] [ 27%] [34m[1mGenerating C++ type support for eProsima Fast-RTPS[0m
[3.427s] [ 29%] [34m[1mGenerating C++ introspection for ROS interfaces[0m
[3.428s] [ 31%] [34m[1mGenerating C type support dispatch for ROS interfaces[0m
[3.430s] [ 33%] [34m[1mGenerating C introspection for ROS interfaces[0m
[3.431s] [ 35%] [34m[1mGenerating C++ type support dispatch for ROS interfaces[0m
[3.699s] [ 37%] [32mBuilding CXX object CMakeFiles/myroboticarm_msgs__rosidl_typesupport_introspection_cpp.dir/rosidl_typesupport_introspection_cpp/myroboticarm_msgs/srv/detail/eu_to_quater__type_support.cpp.o[0m
[3.699s] [ 38%] [32mBuilding CXX object CMakeFiles/myroboticarm_msgs__rosidl_typesupport_introspection_cpp.dir/rosidl_typesupport_introspection_cpp/myroboticarm_msgs/srv/detail/add_twoints__type_support.cpp.o[0m
[3.702s] [ 40%] [32mBuilding CXX object CMakeFiles/myroboticarm_msgs__rosidl_typesupport_introspection_cpp.dir/rosidl_typesupport_introspection_cpp/myroboticarm_msgs/srv/detail/quater_to_eu__type_support.cpp.o[0m
[3.703s] [ 42%] [32mBuilding CXX object CMakeFiles/myroboticarm_msgs__rosidl_typesupport_cpp.dir/rosidl_typesupport_cpp/myroboticarm_msgs/srv/eu_to_quater__type_support.cpp.o[0m
[3.704s] [ 44%] [32mBuilding CXX object CMakeFiles/myroboticarm_msgs__rosidl_typesupport_cpp.dir/rosidl_typesupport_cpp/myroboticarm_msgs/srv/add_twoints__type_support.cpp.o[0m
[3.704s] [ 46%] [32mBuilding CXX object CMakeFiles/myroboticarm_msgs__rosidl_typesupport_cpp.dir/rosidl_typesupport_cpp/myroboticarm_msgs/srv/quater_to_eu__type_support.cpp.o[0m
[3.764s] [ 48%] [32mBuilding CXX object CMakeFiles/myroboticarm_msgs__rosidl_typesupport_c.dir/rosidl_typesupport_c/myroboticarm_msgs/srv/add_twoints__type_support.cpp.o[0m
[3.764s] [ 50%] [32mBuilding CXX object CMakeFiles/myroboticarm_msgs__rosidl_typesupport_c.dir/rosidl_typesupport_c/myroboticarm_msgs/srv/eu_to_quater__type_support.cpp.o[0m
[3.774s] [ 51%] [32mBuilding CXX object CMakeFiles/myroboticarm_msgs__rosidl_typesupport_c.dir/rosidl_typesupport_c/myroboticarm_msgs/srv/quater_to_eu__type_support.cpp.o[0m
[3.824s] [ 53%] [32m[1mLinking CXX shared library libmyroboticarm_msgs__rosidl_typesupport_c.so[0m
[3.831s] [ 55%] [32mBuilding CXX object CMakeFiles/myroboticarm_msgs__rosidl_typesupport_fastrtps_cpp.dir/rosidl_typesupport_fastrtps_cpp/myroboticarm_msgs/srv/detail/dds_fastrtps/eu_to_quater__type_support.cpp.o[0m
[3.831s] [ 59%] [32mBuilding CXX object CMakeFiles/myroboticarm_msgs__rosidl_typesupport_fastrtps_cpp.dir/rosidl_typesupport_fastrtps_cpp/myroboticarm_msgs/srv/detail/dds_fastrtps/add_twoints__type_support.cpp.o[0m
[3.831s] [ 59%] [32mBuilding CXX object CMakeFiles/myroboticarm_msgs__rosidl_typesupport_fastrtps_cpp.dir/rosidl_typesupport_fastrtps_cpp/myroboticarm_msgs/srv/detail/dds_fastrtps/quater_to_eu__type_support.cpp.o[0m
[3.840s] [ 61%] [32mBuilding CXX object CMakeFiles/myroboticarm_msgs__rosidl_typesupport_fastrtps_c.dir/rosidl_typesupport_fastrtps_c/myroboticarm_msgs/srv/detail/add_twoints__type_support_c.cpp.o[0m
[3.871s] [ 61%] Built target myroboticarm_msgs__rosidl_typesupport_c
[3.890s] [ 62%] [32mBuilding CXX object CMakeFiles/myroboticarm_msgs__rosidl_typesupport_fastrtps_c.dir/rosidl_typesupport_fastrtps_c/myroboticarm_msgs/srv/detail/eu_to_quater__type_support_c.cpp.o[0m
[3.919s] [ 64%] [32mBuilding C object CMakeFiles/myroboticarm_msgs__rosidl_typesupport_introspection_c.dir/rosidl_typesupport_introspection_c/myroboticarm_msgs/srv/detail/add_twoints__type_support.c.o[0m
[3.997s] [ 66%] [32mBuilding C object CMakeFiles/myroboticarm_msgs__rosidl_typesupport_introspection_c.dir/rosidl_typesupport_introspection_c/myroboticarm_msgs/srv/detail/eu_to_quater__type_support.c.o[0m
[4.047s] [ 68%] [32mBuilding C object CMakeFiles/myroboticarm_msgs__rosidl_typesupport_introspection_c.dir/rosidl_typesupport_introspection_c/myroboticarm_msgs/srv/detail/quater_to_eu__type_support.c.o[0m
[4.097s] [ 70%] [32m[1mLinking C shared library libmyroboticarm_msgs__rosidl_typesupport_introspection_c.so[0m
[4.136s] [ 70%] Built target myroboticarm_msgs__rosidl_typesupport_introspection_c
[4.141s] [ 72%] [32mBuilding CXX object CMakeFiles/myroboticarm_msgs__rosidl_typesupport_fastrtps_c.dir/rosidl_typesupport_fastrtps_c/myroboticarm_msgs/srv/detail/quater_to_eu__type_support_c.cpp.o[0m
[4.153s] [ 74%] [32m[1mLinking CXX shared library libmyroboticarm_msgs__rosidl_typesupport_cpp.so[0m
[4.166s] [ 75%] [32m[1mLinking CXX shared library libmyroboticarm_msgs__rosidl_typesupport_introspection_cpp.so[0m
[4.218s] [ 75%] Built target myroboticarm_msgs__rosidl_typesupport_cpp
[4.246s] [ 75%] Built target myroboticarm_msgs__rosidl_typesupport_introspection_cpp
[4.476s] [ 77%] [32m[1mLinking CXX shared library libmyroboticarm_msgs__rosidl_typesupport_fastrtps_cpp.so[0m
[4.508s] [ 79%] [32m[1mLinking CXX shared library libmyroboticarm_msgs__rosidl_typesupport_fastrtps_c.so[0m
[4.544s] [ 79%] Built target myroboticarm_msgs__rosidl_typesupport_fastrtps_c
[4.544s] [ 79%] Built target myroboticarm_msgs__rosidl_typesupport_fastrtps_cpp
[4.562s] [ 79%] Built target myroboticarm_msgs
[4.581s] [ 81%] [34m[1mGenerating Python code for ROS interfaces[0m
[5.064s] [ 81%] Built target myroboticarm_msgs__py
[5.080s] [ 83%] [32mBuilding C object CMakeFiles/myroboticarm_msgs__rosidl_generator_py.dir/rosidl_generator_py/myroboticarm_msgs/srv/_quater_to_eu_s.c.o[0m
[5.082s] [ 87%] [32mBuilding C object CMakeFiles/myroboticarm_msgs__rosidl_generator_py.dir/rosidl_generator_py/myroboticarm_msgs/srv/_eu_to_quater_s.c.o[0m
[5.082s] [ 87%] [32mBuilding C object CMakeFiles/myroboticarm_msgs__rosidl_generator_py.dir/rosidl_generator_py/myroboticarm_msgs/srv/_add_twoints_s.c.o[0m
[5.193s] [ 88%] [32m[1mLinking C shared library libmyroboticarm_msgs__rosidl_generator_py.so[0m
[5.228s] [ 88%] Built target myroboticarm_msgs__rosidl_generator_py
[5.243s] [ 90%] [32mBuilding C object CMakeFiles/myroboticarm_msgs_s__rosidl_typesupport_introspection_c.dir/rosidl_generator_py/myroboticarm_msgs/_myroboticarm_msgs_s.ep.rosidl_typesupport_introspection_c.c.o[0m
[5.243s] [ 94%] [32mBuilding C object CMakeFiles/myroboticarm_msgs_s__rosidl_typesupport_c.dir/rosidl_generator_py/myroboticarm_msgs/_myroboticarm_msgs_s.ep.rosidl_typesupport_c.c.o[0m
[5.243s] [ 94%] [32mBuilding C object CMakeFiles/myroboticarm_msgs_s__rosidl_typesupport_fastrtps_c.dir/rosidl_generator_py/myroboticarm_msgs/_myroboticarm_msgs_s.ep.rosidl_typesupport_fastrtps_c.c.o[0m
[5.324s] [ 96%] [32m[1mLinking C shared module rosidl_generator_py/myroboticarm_msgs/myroboticarm_msgs_s__rosidl_typesupport_introspection_c.so[0m
[5.340s] [ 98%] [32m[1mLinking C shared module rosidl_generator_py/myroboticarm_msgs/myroboticarm_msgs_s__rosidl_typesupport_fastrtps_c.so[0m
[5.341s] [100%] [32m[1mLinking C shared module rosidl_generator_py/myroboticarm_msgs/myroboticarm_msgs_s__rosidl_typesupport_c.so[0m
[5.347s] [100%] Built target myroboticarm_msgs_s__rosidl_typesupport_introspection_c
[5.364s] [100%] Built target myroboticarm_msgs_s__rosidl_typesupport_fastrtps_c
[5.364s] [100%] Built target myroboticarm_msgs_s__rosidl_typesupport_c
[5.372s] Invoked command in '/home/kuldip/myroboticarm_ws/src/build/myroboticarm_msgs' returned '0': CMAKE_PREFIX_PATH=${CMAKE_PREFIX_PATH}:/home/kuldip/myroboticarm_ws/install/myroboticarm_description:/home/kuldip/myroboticarm_ws/install/myroboticarm:/home/kuldip/arduinobot_ws/install/arduinobot_py_examples:/home/kuldip/myroboticarm_ws/src/install/myroboticarm:/opt/ros/jazzy DEBUGINFOD_URLS=https://debuginfod.ubuntu.com /usr/bin/cmake --build /home/kuldip/myroboticarm_ws/src/build/myroboticarm_msgs -- -j12 -l12
[5.373s] Invoking command in '/home/kuldip/myroboticarm_ws/src/build/myroboticarm_msgs': CMAKE_PREFIX_PATH=${CMAKE_PREFIX_PATH}:/home/kuldip/myroboticarm_ws/install/myroboticarm_description:/home/kuldip/myroboticarm_ws/install/myroboticarm:/home/kuldip/arduinobot_ws/install/arduinobot_py_examples:/home/kuldip/myroboticarm_ws/src/install/myroboticarm:/opt/ros/jazzy DEBUGINFOD_URLS=https://debuginfod.ubuntu.com /usr/bin/cmake --install /home/kuldip/myroboticarm_ws/src/build/myroboticarm_msgs
[5.382s] -- Install configuration: ""
[5.382s] -- Installing: /home/kuldip/myroboticarm_ws/src/install/myroboticarm_msgs/share/ament_index/resource_index/rosidl_interfaces/myroboticarm_msgs
[5.382s] -- Installing: /home/kuldip/myroboticarm_ws/src/install/myroboticarm_msgs/share/myroboticarm_msgs/srv/AddTwoints.json
[5.382s] -- Installing: /home/kuldip/myroboticarm_ws/src/install/myroboticarm_msgs/share/myroboticarm_msgs/srv/EuToQuater.json
[5.382s] -- Installing: /home/kuldip/myroboticarm_ws/src/install/myroboticarm_msgs/share/myroboticarm_msgs/srv/QuaterToEu.json
[5.382s] -- Installing: /home/kuldip/myroboticarm_ws/src/install/myroboticarm_msgs/include/myroboticarm_msgs/myroboticarm_msgs
[5.382s] -- Installing: /home/kuldip/myroboticarm_ws/src/install/myroboticarm_msgs/include/myroboticarm_msgs/myroboticarm_msgs/msg
[5.382s] -- Installing: /home/kuldip/myroboticarm_ws/src/install/myroboticarm_msgs/include/myroboticarm_msgs/myroboticarm_msgs/msg/rosidl_generator_c__visibility_control.h
[5.382s] -- Installing: /home/kuldip/myroboticarm_ws/src/install/myroboticarm_msgs/include/myroboticarm_msgs/myroboticarm_msgs/srv
[5.382s] -- Installing: /home/kuldip/myroboticarm_ws/src/install/myroboticarm_msgs/include/myroboticarm_msgs/myroboticarm_msgs/srv/detail
[5.382s] -- Installing: /home/kuldip/myroboticarm_ws/src/install/myroboticarm_msgs/include/myroboticarm_msgs/myroboticarm_msgs/srv/detail/quater_to_eu__functions.h
[5.382s] -- Installing: /home/kuldip/myroboticarm_ws/src/install/myroboticarm_msgs/include/myroboticarm_msgs/myroboticarm_msgs/srv/detail/eu_to_quater__functions.c
[5.382s] -- Installing: /home/kuldip/myroboticarm_ws/src/install/myroboticarm_msgs/include/myroboticarm_msgs/myroboticarm_msgs/srv/detail/quater_to_eu__type_support.h
[5.382s] -- Installing: /home/kuldip/myroboticarm_ws/src/install/myroboticarm_msgs/include/myroboticarm_msgs/myroboticarm_msgs/srv/detail/add_twoints__type_support.c
[5.382s] -- Installing: /home/kuldip/myroboticarm_ws/src/install/myroboticarm_msgs/include/myroboticarm_msgs/myroboticarm_msgs/srv/detail/add_twoints__description.c
[5.382s] -- Installing: /home/kuldip/myroboticarm_ws/src/install/myroboticarm_msgs/include/myroboticarm_msgs/myroboticarm_msgs/srv/detail/add_twoints__functions.c
[5.383s] -- Installing: /home/kuldip/myroboticarm_ws/src/install/myroboticarm_msgs/include/myroboticarm_msgs/myroboticarm_msgs/srv/detail/eu_to_quater__functions.h
[5.383s] -- Installing: /home/kuldip/myroboticarm_ws/src/install/myroboticarm_msgs/include/myroboticarm_msgs/myroboticarm_msgs/srv/detail/quater_to_eu__description.c
[5.383s] -- Installing: /home/kuldip/myroboticarm_ws/src/install/myroboticarm_msgs/include/myroboticarm_msgs/myroboticarm_msgs/srv/detail/quater_to_eu__functions.c
[5.383s] -- Installing: /home/kuldip/myroboticarm_ws/src/install/myroboticarm_msgs/include/myroboticarm_msgs/myroboticarm_msgs/srv/detail/eu_to_quater__description.c
[5.383s] -- Installing: /home/kuldip/myroboticarm_ws/src/install/myroboticarm_msgs/include/myroboticarm_msgs/myroboticarm_msgs/srv/detail/add_twoints__type_support.h
[5.383s] -- Installing: /home/kuldip/myroboticarm_ws/src/install/myroboticarm_msgs/include/myroboticarm_msgs/myroboticarm_msgs/srv/detail/quater_to_eu__struct.h
[5.383s] -- Installing: /home/kuldip/myroboticarm_ws/src/install/myroboticarm_msgs/include/myroboticarm_msgs/myroboticarm_msgs/srv/detail/eu_to_quater__type_support.c
[5.383s] -- Installing: /home/kuldip/myroboticarm_ws/src/install/myroboticarm_msgs/include/myroboticarm_msgs/myroboticarm_msgs/srv/detail/eu_to_quater__type_support.h
[5.383s] -- Installing: /home/kuldip/myroboticarm_ws/src/install/myroboticarm_msgs/include/myroboticarm_msgs/myroboticarm_msgs/srv/detail/add_twoints__struct.h
[5.383s] -- Installing: /home/kuldip/myroboticarm_ws/src/install/myroboticarm_msgs/include/myroboticarm_msgs/myroboticarm_msgs/srv/detail/quater_to_eu__type_support.c
[5.383s] -- Installing: /home/kuldip/myroboticarm_ws/src/install/myroboticarm_msgs/include/myroboticarm_msgs/myroboticarm_msgs/srv/detail/eu_to_quater__struct.h
[5.383s] -- Installing: /home/kuldip/myroboticarm_ws/src/install/myroboticarm_msgs/include/myroboticarm_msgs/myroboticarm_msgs/srv/detail/add_twoints__functions.h
[5.383s] -- Installing: /home/kuldip/myroboticarm_ws/src/install/myroboticarm_msgs/include/myroboticarm_msgs/myroboticarm_msgs/srv/add_twoints.h
[5.383s] -- Installing: /home/kuldip/myroboticarm_ws/src/install/myroboticarm_msgs/include/myroboticarm_msgs/myroboticarm_msgs/srv/eu_to_quater.h
[5.383s] -- Installing: /home/kuldip/myroboticarm_ws/src/install/myroboticarm_msgs/include/myroboticarm_msgs/myroboticarm_msgs/srv/quater_to_eu.h
[5.383s] -- Installing: /home/kuldip/myroboticarm_ws/src/install/myroboticarm_msgs/share/myroboticarm_msgs/environment/library_path.sh
[5.383s] -- Installing: /home/kuldip/myroboticarm_ws/src/install/myroboticarm_msgs/share/myroboticarm_msgs/environment/library_path.dsv
[5.383s] -- Installing: /home/kuldip/myroboticarm_ws/src/install/myroboticarm_msgs/lib/libmyroboticarm_msgs__rosidl_generator_c.so
[5.383s] -- Set non-toolchain portion of runtime path of "/home/kuldip/myroboticarm_ws/src/install/myroboticarm_msgs/lib/libmyroboticarm_msgs__rosidl_generator_c.so" to ""
[5.383s] -- Up-to-date: /home/kuldip/myroboticarm_ws/src/install/myroboticarm_msgs/include/myroboticarm_msgs/myroboticarm_msgs
[5.383s] -- Up-to-date: /home/kuldip/myroboticarm_ws/src/install/myroboticarm_msgs/include/myroboticarm_msgs/myroboticarm_msgs/msg
[5.384s] -- Installing: /home/kuldip/myroboticarm_ws/src/install/myroboticarm_msgs/include/myroboticarm_msgs/myroboticarm_msgs/msg/rosidl_typesupport_fastrtps_c__visibility_control.h
[5.384s] -- Up-to-date: /home/kuldip/myroboticarm_ws/src/install/myroboticarm_msgs/include/myroboticarm_msgs/myroboticarm_msgs/srv
[5.384s] -- Up-to-date: /home/kuldip/myroboticarm_ws/src/install/myroboticarm_msgs/include/myroboticarm_msgs/myroboticarm_msgs/srv/detail
[5.384s] -- Installing: /home/kuldip/myroboticarm_ws/src/install/myroboticarm_msgs/include/myroboticarm_msgs/myroboticarm_msgs/srv/detail/quater_to_eu__rosidl_typesupport_fastrtps_c.h
[5.384s] -- Installing: /home/kuldip/myroboticarm_ws/src/install/myroboticarm_msgs/include/myroboticarm_msgs/myroboticarm_msgs/srv/detail/add_twoints__rosidl_typesupport_fastrtps_c.h
[5.384s] -- Installing: /home/kuldip/myroboticarm_ws/src/install/myroboticarm_msgs/include/myroboticarm_msgs/myroboticarm_msgs/srv/detail/eu_to_quater__rosidl_typesupport_fastrtps_c.h
[5.384s] -- Installing: /home/kuldip/myroboticarm_ws/src/install/myroboticarm_msgs/lib/libmyroboticarm_msgs__rosidl_typesupport_fastrtps_c.so
[5.384s] -- Set non-toolchain portion of runtime path of "/home/kuldip/myroboticarm_ws/src/install/myroboticarm_msgs/lib/libmyroboticarm_msgs__rosidl_typesupport_fastrtps_c.so" to ""
[5.384s] -- Up-to-date: /home/kuldip/myroboticarm_ws/src/install/myroboticarm_msgs/include/myroboticarm_msgs/myroboticarm_msgs
[5.384s] -- Up-to-date: /home/kuldip/myroboticarm_ws/src/install/myroboticarm_msgs/include/myroboticarm_msgs/myroboticarm_msgs/msg
[5.384s] -- Installing: /home/kuldip/myroboticarm_ws/src/install/myroboticarm_msgs/include/myroboticarm_msgs/myroboticarm_msgs/msg/rosidl_generator_cpp__visibility_control.hpp
[5.384s] -- Up-to-date: /home/kuldip/myroboticarm_ws/src/install/myroboticarm_msgs/include/myroboticarm_msgs/myroboticarm_msgs/srv
[5.384s] -- Up-to-date: /home/kuldip/myroboticarm_ws/src/install/myroboticarm_msgs/include/myroboticarm_msgs/myroboticarm_msgs/srv/detail
[5.384s] -- Installing: /home/kuldip/myroboticarm_ws/src/install/myroboticarm_msgs/include/myroboticarm_msgs/myroboticarm_msgs/srv/detail/eu_to_quater__builder.hpp
[5.384s] -- Installing: /home/kuldip/myroboticarm_ws/src/install/myroboticarm_msgs/include/myroboticarm_msgs/myroboticarm_msgs/srv/detail/add_twoints__traits.hpp
[5.384s] -- Installing: /home/kuldip/myroboticarm_ws/src/install/myroboticarm_msgs/include/myroboticarm_msgs/myroboticarm_msgs/srv/detail/eu_to_quater__type_support.hpp
[5.384s] -- Installing: /home/kuldip/myroboticarm_ws/src/install/myroboticarm_msgs/include/myroboticarm_msgs/myroboticarm_msgs/srv/detail/add_twoints__type_support.hpp
[5.384s] -- Installing: /home/kuldip/myroboticarm_ws/src/install/myroboticarm_msgs/include/myroboticarm_msgs/myroboticarm_msgs/srv/detail/quater_to_eu__struct.hpp
[5.384s] -- Installing: /home/kuldip/myroboticarm_ws/src/install/myroboticarm_msgs/include/myroboticarm_msgs/myroboticarm_msgs/srv/detail/quater_to_eu__type_support.hpp
[5.384s] -- Installing: /home/kuldip/myroboticarm_ws/src/install/myroboticarm_msgs/include/myroboticarm_msgs/myroboticarm_msgs/srv/detail/add_twoints__builder.hpp
[5.384s] -- Installing: /home/kuldip/myroboticarm_ws/src/install/myroboticarm_msgs/include/myroboticarm_msgs/myroboticarm_msgs/srv/detail/eu_to_quater__struct.hpp
[5.384s] -- Installing: /home/kuldip/myroboticarm_ws/src/install/myroboticarm_msgs/include/myroboticarm_msgs/myroboticarm_msgs/srv/detail/quater_to_eu__traits.hpp
[5.384s] -- Installing: /home/kuldip/myroboticarm_ws/src/install/myroboticarm_msgs/include/myroboticarm_msgs/myroboticarm_msgs/srv/detail/add_twoints__struct.hpp
[5.384s] -- Installing: /home/kuldip/myroboticarm_ws/src/install/myroboticarm_msgs/include/myroboticarm_msgs/myroboticarm_msgs/srv/detail/quater_to_eu__builder.hpp
[5.385s] -- Installing: /home/kuldip/myroboticarm_ws/src/install/myroboticarm_msgs/include/myroboticarm_msgs/myroboticarm_msgs/srv/detail/eu_to_quater__traits.hpp
[5.385s] -- Installing: /home/kuldip/myroboticarm_ws/src/install/myroboticarm_msgs/include/myroboticarm_msgs/myroboticarm_msgs/srv/quater_to_eu.hpp
[5.385s] -- Installing: /home/kuldip/myroboticarm_ws/src/install/myroboticarm_msgs/include/myroboticarm_msgs/myroboticarm_msgs/srv/add_twoints.hpp
[5.385s] -- Installing: /home/kuldip/myroboticarm_ws/src/install/myroboticarm_msgs/include/myroboticarm_msgs/myroboticarm_msgs/srv/eu_to_quater.hpp
[5.385s] -- Up-to-date: /home/kuldip/myroboticarm_ws/src/install/myroboticarm_msgs/include/myroboticarm_msgs/myroboticarm_msgs
[5.385s] -- Up-to-date: /home/kuldip/myroboticarm_ws/src/install/myroboticarm_msgs/include/myroboticarm_msgs/myroboticarm_msgs/msg
[5.385s] -- Installing: /home/kuldip/myroboticarm_ws/src/install/myroboticarm_msgs/include/myroboticarm_msgs/myroboticarm_msgs/msg/rosidl_typesupport_fastrtps_cpp__visibility_control.h
[5.385s] -- Up-to-date: /home/kuldip/myroboticarm_ws/src/install/myroboticarm_msgs/include/myroboticarm_msgs/myroboticarm_msgs/srv
[5.385s] -- Up-to-date: /home/kuldip/myroboticarm_ws/src/install/myroboticarm_msgs/include/myroboticarm_msgs/myroboticarm_msgs/srv/detail
[5.385s] -- Installing: /home/kuldip/myroboticarm_ws/src/install/myroboticarm_msgs/include/myroboticarm_msgs/myroboticarm_msgs/srv/detail/eu_to_quater__rosidl_typesupport_fastrtps_cpp.hpp
[5.385s] -- Installing: /home/kuldip/myroboticarm_ws/src/install/myroboticarm_msgs/include/myroboticarm_msgs/myroboticarm_msgs/srv/detail/quater_to_eu__rosidl_typesupport_fastrtps_cpp.hpp
[5.385s] -- Installing: /home/kuldip/myroboticarm_ws/src/install/myroboticarm_msgs/include/myroboticarm_msgs/myroboticarm_msgs/srv/detail/add_twoints__rosidl_typesupport_fastrtps_cpp.hpp
[5.385s] -- Installing: /home/kuldip/myroboticarm_ws/src/install/myroboticarm_msgs/include/myroboticarm_msgs/myroboticarm_msgs/srv/detail/dds_fastrtps
[5.385s] -- Installing: /home/kuldip/myroboticarm_ws/src/install/myroboticarm_msgs/lib/libmyroboticarm_msgs__rosidl_typesupport_fastrtps_cpp.so
[5.385s] -- Set non-toolchain portion of runtime path of "/home/kuldip/myroboticarm_ws/src/install/myroboticarm_msgs/lib/libmyroboticarm_msgs__rosidl_typesupport_fastrtps_cpp.so" to ""
[5.385s] -- Up-to-date: /home/kuldip/myroboticarm_ws/src/install/myroboticarm_msgs/include/myroboticarm_msgs/myroboticarm_msgs
[5.385s] -- Up-to-date: /home/kuldip/myroboticarm_ws/src/install/myroboticarm_msgs/include/myroboticarm_msgs/myroboticarm_msgs/msg
[5.385s] -- Installing: /home/kuldip/myroboticarm_ws/src/install/myroboticarm_msgs/include/myroboticarm_msgs/myroboticarm_msgs/msg/rosidl_typesupport_introspection_c__visibility_control.h
[5.385s] -- Up-to-date: /home/kuldip/myroboticarm_ws/src/install/myroboticarm_msgs/include/myroboticarm_msgs/myroboticarm_msgs/srv
[5.385s] -- Up-to-date: /home/kuldip/myroboticarm_ws/src/install/myroboticarm_msgs/include/myroboticarm_msgs/myroboticarm_msgs/srv/detail
[5.385s] -- Installing: /home/kuldip/myroboticarm_ws/src/install/myroboticarm_msgs/include/myroboticarm_msgs/myroboticarm_msgs/srv/detail/add_twoints__type_support.c
[5.385s] -- Installing: /home/kuldip/myroboticarm_ws/src/install/myroboticarm_msgs/include/myroboticarm_msgs/myroboticarm_msgs/srv/detail/add_twoints__rosidl_typesupport_introspection_c.h
[5.386s] -- Installing: /home/kuldip/myroboticarm_ws/src/install/myroboticarm_msgs/include/myroboticarm_msgs/myroboticarm_msgs/srv/detail/eu_to_quater__rosidl_typesupport_introspection_c.h
[5.386s] -- Installing: /home/kuldip/myroboticarm_ws/src/install/myroboticarm_msgs/include/myroboticarm_msgs/myroboticarm_msgs/srv/detail/quater_to_eu__rosidl_typesupport_introspection_c.h
[5.386s] -- Installing: /home/kuldip/myroboticarm_ws/src/install/myroboticarm_msgs/include/myroboticarm_msgs/myroboticarm_msgs/srv/detail/eu_to_quater__type_support.c
[5.386s] -- Installing: /home/kuldip/myroboticarm_ws/src/install/myroboticarm_msgs/include/myroboticarm_msgs/myroboticarm_msgs/srv/detail/quater_to_eu__type_support.c
[5.386s] -- Installing: /home/kuldip/myroboticarm_ws/src/install/myroboticarm_msgs/lib/libmyroboticarm_msgs__rosidl_typesupport_introspection_c.so
[5.386s] -- Set non-toolchain portion of runtime path of "/home/kuldip/myroboticarm_ws/src/install/myroboticarm_msgs/lib/libmyroboticarm_msgs__rosidl_typesupport_introspection_c.so" to ""
[5.386s] -- Installing: /home/kuldip/myroboticarm_ws/src/install/myroboticarm_msgs/lib/libmyroboticarm_msgs__rosidl_typesupport_c.so
[5.386s] -- Set non-toolchain portion of runtime path of "/home/kuldip/myroboticarm_ws/src/install/myroboticarm_msgs/lib/libmyroboticarm_msgs__rosidl_typesupport_c.so" to ""
[5.386s] -- Up-to-date: /home/kuldip/myroboticarm_ws/src/install/myroboticarm_msgs/include/myroboticarm_msgs/myroboticarm_msgs
[5.386s] -- Up-to-date: /home/kuldip/myroboticarm_ws/src/install/myroboticarm_msgs/include/myroboticarm_msgs/myroboticarm_msgs/srv
[5.386s] -- Up-to-date: /home/kuldip/myroboticarm_ws/src/install/myroboticarm_msgs/include/myroboticarm_msgs/myroboticarm_msgs/srv/detail
[5.386s] -- Installing: /home/kuldip/myroboticarm_ws/src/install/myroboticarm_msgs/include/myroboticarm_msgs/myroboticarm_msgs/srv/detail/quater_to_eu__rosidl_typesupport_introspection_cpp.hpp
[5.386s] -- Installing: /home/kuldip/myroboticarm_ws/src/install/myroboticarm_msgs/include/myroboticarm_msgs/myroboticarm_msgs/srv/detail/add_twoints__type_support.cpp
[5.386s] -- Installing: /home/kuldip/myroboticarm_ws/src/install/myroboticarm_msgs/include/myroboticarm_msgs/myroboticarm_msgs/srv/detail/quater_to_eu__type_support.cpp
[5.386s] -- Installing: /home/kuldip/myroboticarm_ws/src/install/myroboticarm_msgs/include/myroboticarm_msgs/myroboticarm_msgs/srv/detail/eu_to_quater__rosidl_typesupport_introspection_cpp.hpp
[5.386s] -- Installing: /home/kuldip/myroboticarm_ws/src/install/myroboticarm_msgs/include/myroboticarm_msgs/myroboticarm_msgs/srv/detail/eu_to_quater__type_support.cpp
[5.386s] -- Installing: /home/kuldip/myroboticarm_ws/src/install/myroboticarm_msgs/include/myroboticarm_msgs/myroboticarm_msgs/srv/detail/add_twoints__rosidl_typesupport_introspection_cpp.hpp
[5.386s] -- Installing: /home/kuldip/myroboticarm_ws/src/install/myroboticarm_msgs/lib/libmyroboticarm_msgs__rosidl_typesupport_introspection_cpp.so
[5.387s] -- Set non-toolchain portion of runtime path of "/home/kuldip/myroboticarm_ws/src/install/myroboticarm_msgs/lib/libmyroboticarm_msgs__rosidl_typesupport_introspection_cpp.so" to ""
[5.387s] -- Installing: /home/kuldip/myroboticarm_ws/src/install/myroboticarm_msgs/lib/libmyroboticarm_msgs__rosidl_typesupport_cpp.so
[5.387s] -- Set non-toolchain portion of runtime path of "/home/kuldip/myroboticarm_ws/src/install/myroboticarm_msgs/lib/libmyroboticarm_msgs__rosidl_typesupport_cpp.so" to ""
[5.387s] -- Installing: /home/kuldip/myroboticarm_ws/src/install/myroboticarm_msgs/share/myroboticarm_msgs/environment/pythonpath.sh
[5.387s] -- Installing: /home/kuldip/myroboticarm_ws/src/install/myroboticarm_msgs/share/myroboticarm_msgs/environment/pythonpath.dsv
[5.387s] -- Installing: /home/kuldip/myroboticarm_ws/src/install/myroboticarm_msgs/lib/python3.12/site-packages/myroboticarm_msgs-0.0.0-py3.12.egg-info
[5.387s] -- Installing: /home/kuldip/myroboticarm_ws/src/install/myroboticarm_msgs/lib/python3.12/site-packages/myroboticarm_msgs-0.0.0-py3.12.egg-info/SOURCES.txt
[5.387s] -- Installing: /home/kuldip/myroboticarm_ws/src/install/myroboticarm_msgs/lib/python3.12/site-packages/myroboticarm_msgs-0.0.0-py3.12.egg-info/PKG-INFO
[5.387s] -- Installing: /home/kuldip/myroboticarm_ws/src/install/myroboticarm_msgs/lib/python3.12/site-packages/myroboticarm_msgs-0.0.0-py3.12.egg-info/top_level.txt
[5.387s] -- Installing: /home/kuldip/myroboticarm_ws/src/install/myroboticarm_msgs/lib/python3.12/site-packages/myroboticarm_msgs-0.0.0-py3.12.egg-info/dependency_links.txt
[5.387s] -- Installing: /home/kuldip/myroboticarm_ws/src/install/myroboticarm_msgs/lib/python3.12/site-packages/myroboticarm_msgs
[5.387s] -- Installing: /home/kuldip/myroboticarm_ws/src/install/myroboticarm_msgs/lib/python3.12/site-packages/myroboticarm_msgs/myroboticarm_msgs_s__rosidl_typesupport_introspection_c.so
[5.387s] -- Installing: /home/kuldip/myroboticarm_ws/src/install/myroboticarm_msgs/lib/python3.12/site-packages/myroboticarm_msgs/__init__.py
[5.387s] -- Installing: /home/kuldip/myroboticarm_ws/src/install/myroboticarm_msgs/lib/python3.12/site-packages/myroboticarm_msgs/_myroboticarm_msgs_s.ep.rosidl_typesupport_fastrtps_c.c
[5.387s] -- Installing: /home/kuldip/myroboticarm_ws/src/install/myroboticarm_msgs/lib/python3.12/site-packages/myroboticarm_msgs/_myroboticarm_msgs_s.ep.rosidl_typesupport_c.c
[5.387s] -- Installing: /home/kuldip/myroboticarm_ws/src/install/myroboticarm_msgs/lib/python3.12/site-packages/myroboticarm_msgs/myroboticarm_msgs_s__rosidl_typesupport_c.so
[5.387s] -- Installing: /home/kuldip/myroboticarm_ws/src/install/myroboticarm_msgs/lib/python3.12/site-packages/myroboticarm_msgs/_myroboticarm_msgs_s.ep.rosidl_typesupport_introspection_c.c
[5.387s] -- Installing: /home/kuldip/myroboticarm_ws/src/install/myroboticarm_msgs/lib/python3.12/site-packages/myroboticarm_msgs/srv
[5.388s] -- Installing: /home/kuldip/myroboticarm_ws/src/install/myroboticarm_msgs/lib/python3.12/site-packages/myroboticarm_msgs/srv/_quater_to_eu.py
[5.388s] -- Installing: /home/kuldip/myroboticarm_ws/src/install/myroboticarm_msgs/lib/python3.12/site-packages/myroboticarm_msgs/srv/__init__.py
[5.388s] -- Installing: /home/kuldip/myroboticarm_ws/src/install/myroboticarm_msgs/lib/python3.12/site-packages/myroboticarm_msgs/srv/_add_twoints_s.c
[5.388s] -- Installing: /home/kuldip/myroboticarm_ws/src/install/myroboticarm_msgs/lib/python3.12/site-packages/myroboticarm_msgs/srv/_eu_to_quater_s.c
[5.388s] -- Installing: /home/kuldip/myroboticarm_ws/src/install/myroboticarm_msgs/lib/python3.12/site-packages/myroboticarm_msgs/srv/_quater_to_eu_s.c
[5.388s] -- Installing: /home/kuldip/myroboticarm_ws/src/install/myroboticarm_msgs/lib/python3.12/site-packages/myroboticarm_msgs/srv/_add_twoints.py
[5.388s] -- Installing: /home/kuldip/myroboticarm_ws/src/install/myroboticarm_msgs/lib/python3.12/site-packages/myroboticarm_msgs/srv/_eu_to_quater.py
[5.388s] -- Installing: /home/kuldip/myroboticarm_ws/src/install/myroboticarm_msgs/lib/python3.12/site-packages/myroboticarm_msgs/myroboticarm_msgs_s__rosidl_typesupport_fastrtps_c.so
[5.422s] Listing '/home/kuldip/myroboticarm_ws/src/install/myroboticarm_msgs/lib/python3.12/site-packages/myroboticarm_msgs'...
[5.422s] Compiling '/home/kuldip/myroboticarm_ws/src/install/myroboticarm_msgs/lib/python3.12/site-packages/myroboticarm_msgs/__init__.py'...
[5.422s] Listing '/home/kuldip/myroboticarm_ws/src/install/myroboticarm_msgs/lib/python3.12/site-packages/myroboticarm_msgs/srv'...
[5.423s] Compiling '/home/kuldip/myroboticarm_ws/src/install/myroboticarm_msgs/lib/python3.12/site-packages/myroboticarm_msgs/srv/__init__.py'...
[5.423s] Compiling '/home/kuldip/myroboticarm_ws/src/install/myroboticarm_msgs/lib/python3.12/site-packages/myroboticarm_msgs/srv/_add_twoints.py'...
[5.423s] Compiling '/home/kuldip/myroboticarm_ws/src/install/myroboticarm_msgs/lib/python3.12/site-packages/myroboticarm_msgs/srv/_eu_to_quater.py'...
[5.423s] Compiling '/home/kuldip/myroboticarm_ws/src/install/myroboticarm_msgs/lib/python3.12/site-packages/myroboticarm_msgs/srv/_quater_to_eu.py'...
[5.426s] -- Installing: /home/kuldip/myroboticarm_ws/src/install/myroboticarm_msgs/lib/python3.12/site-packages/myroboticarm_msgs/myroboticarm_msgs_s__rosidl_typesupport_fastrtps_c.so
[5.426s] -- Set non-toolchain portion of runtime path of "/home/kuldip/myroboticarm_ws/src/install/myroboticarm_msgs/lib/python3.12/site-packages/myroboticarm_msgs/myroboticarm_msgs_s__rosidl_typesupport_fastrtps_c.so" to ""
[5.427s] -- Installing: /home/kuldip/myroboticarm_ws/src/install/myroboticarm_msgs/lib/python3.12/site-packages/myroboticarm_msgs/myroboticarm_msgs_s__rosidl_typesupport_introspection_c.so
[5.427s] -- Set non-toolchain portion of runtime path of "/home/kuldip/myroboticarm_ws/src/install/myroboticarm_msgs/lib/python3.12/site-packages/myroboticarm_msgs/myroboticarm_msgs_s__rosidl_typesupport_introspection_c.so" to ""
[5.427s] -- Installing: /home/kuldip/myroboticarm_ws/src/install/myroboticarm_msgs/lib/python3.12/site-packages/myroboticarm_msgs/myroboticarm_msgs_s__rosidl_typesupport_c.so
[5.427s] -- Set non-toolchain portion of runtime path of "/home/kuldip/myroboticarm_ws/src/install/myroboticarm_msgs/lib/python3.12/site-packages/myroboticarm_msgs/myroboticarm_msgs_s__rosidl_typesupport_c.so" to ""
[5.427s] -- Installing: /home/kuldip/myroboticarm_ws/src/install/myroboticarm_msgs/lib/libmyroboticarm_msgs__rosidl_generator_py.so
[5.427s] -- Set non-toolchain portion of runtime path of "/home/kuldip/myroboticarm_ws/src/install/myroboticarm_msgs/lib/libmyroboticarm_msgs__rosidl_generator_py.so" to ""
[5.427s] -- Installing: /home/kuldip/myroboticarm_ws/src/install/myroboticarm_msgs/share/myroboticarm_msgs/srv/AddTwoints.idl
[5.427s] -- Installing: /home/kuldip/myroboticarm_ws/src/install/myroboticarm_msgs/share/myroboticarm_msgs/srv/EuToQuater.idl
[5.427s] -- Installing: /home/kuldip/myroboticarm_ws/src/install/myroboticarm_msgs/share/myroboticarm_msgs/srv/QuaterToEu.idl
[5.427s] -- Installing: /home/kuldip/myroboticarm_ws/src/install/myroboticarm_msgs/share/myroboticarm_msgs/srv/AddTwoints.srv
[5.427s] -- Installing: /home/kuldip/myroboticarm_ws/src/install/myroboticarm_msgs/share/myroboticarm_msgs/srv/EuToQuater.srv
[5.427s] -- Installing: /home/kuldip/myroboticarm_ws/src/install/myroboticarm_msgs/share/myroboticarm_msgs/srv/QuaterToEu.srv
[5.427s] -- Installing: /home/kuldip/myroboticarm_ws/src/install/myroboticarm_msgs/share/ament_index/resource_index/package_run_dependencies/myroboticarm_msgs
[5.428s] -- Installing: /home/kuldip/myroboticarm_ws/src/install/myroboticarm_msgs/share/ament_index/resource_index/parent_prefix_path/myroboticarm_msgs
[5.428s] -- Installing: /home/kuldip/myroboticarm_ws/src/install/myroboticarm_msgs/share/myroboticarm_msgs/environment/ament_prefix_path.sh
[5.428s] -- Installing: /home/kuldip/myroboticarm_ws/src/install/myroboticarm_msgs/share/myroboticarm_msgs/environment/ament_prefix_path.dsv
[5.428s] -- Installing: /home/kuldip/myroboticarm_ws/src/install/myroboticarm_msgs/share/myroboticarm_msgs/environment/path.sh
[5.428s] -- Installing: /home/kuldip/myroboticarm_ws/src/install/myroboticarm_msgs/share/myroboticarm_msgs/environment/path.dsv
[5.428s] -- Installing: /home/kuldip/myroboticarm_ws/src/install/myroboticarm_msgs/share/myroboticarm_msgs/local_setup.bash
[5.428s] -- Installing: /home/kuldip/myroboticarm_ws/src/install/myroboticarm_msgs/share/myroboticarm_msgs/local_setup.sh
[5.428s] -- Installing: /home/kuldip/myroboticarm_ws/src/install/myroboticarm_msgs/share/myroboticarm_msgs/local_setup.zsh
[5.428s] -- Installing: /home/kuldip/myroboticarm_ws/src/install/myroboticarm_msgs/share/myroboticarm_msgs/local_setup.dsv
[5.428s] -- Installing: /home/kuldip/myroboticarm_ws/src/install/myroboticarm_msgs/share/myroboticarm_msgs/package.dsv
[5.428s] -- Installing: /home/kuldip/myroboticarm_ws/src/install/myroboticarm_msgs/share/ament_index/resource_index/packages/myroboticarm_msgs
[5.428s] -- Installing: /home/kuldip/myroboticarm_ws/src/install/myroboticarm_msgs/share/myroboticarm_msgs/cmake/export_myroboticarm_msgs__rosidl_generator_cExport.cmake
[5.428s] -- Installing: /home/kuldip/myroboticarm_ws/src/install/myroboticarm_msgs/share/myroboticarm_msgs/cmake/export_myroboticarm_msgs__rosidl_generator_cExport-noconfig.cmake
[5.428s] -- Installing: /home/kuldip/myroboticarm_ws/src/install/myroboticarm_msgs/share/myroboticarm_msgs/cmake/export_myroboticarm_msgs__rosidl_typesupport_fastrtps_cExport.cmake
[5.428s] -- Installing: /home/kuldip/myroboticarm_ws/src/install/myroboticarm_msgs/share/myroboticarm_msgs/cmake/export_myroboticarm_msgs__rosidl_typesupport_fastrtps_cExport-noconfig.cmake
[5.428s] -- Installing: /home/kuldip/myroboticarm_ws/src/install/myroboticarm_msgs/share/myroboticarm_msgs/cmake/export_myroboticarm_msgs__rosidl_generator_cppExport.cmake
[5.428s] -- Installing: /home/kuldip/myroboticarm_ws/src/install/myroboticarm_msgs/share/myroboticarm_msgs/cmake/export_myroboticarm_msgs__rosidl_typesupport_fastrtps_cppExport.cmake
[5.428s] -- Installing: /home/kuldip/myroboticarm_ws/src/install/myroboticarm_msgs/share/myroboticarm_msgs/cmake/export_myroboticarm_msgs__rosidl_typesupport_fastrtps_cppExport-noconfig.cmake
[5.428s] -- Installing: /home/kuldip/myroboticarm_ws/src/install/myroboticarm_msgs/share/myroboticarm_msgs/cmake/myroboticarm_msgs__rosidl_typesupport_introspection_cExport.cmake
[5.429s] -- Installing: /home/kuldip/myroboticarm_ws/src/install/myroboticarm_msgs/share/myroboticarm_msgs/cmake/myroboticarm_msgs__rosidl_typesupport_introspection_cExport-noconfig.cmake
[5.429s] -- Installing: /home/kuldip/myroboticarm_ws/src/install/myroboticarm_msgs/share/myroboticarm_msgs/cmake/myroboticarm_msgs__rosidl_typesupport_cExport.cmake
[5.429s] -- Installing: /home/kuldip/myroboticarm_ws/src/install/myroboticarm_msgs/share/myroboticarm_msgs/cmake/myroboticarm_msgs__rosidl_typesupport_cExport-noconfig.cmake
[5.429s] -- Installing: /home/kuldip/myroboticarm_ws/src/install/myroboticarm_msgs/share/myroboticarm_msgs/cmake/myroboticarm_msgs__rosidl_typesupport_introspection_cppExport.cmake
[5.429s] -- Installing: /home/kuldip/myroboticarm_ws/src/install/myroboticarm_msgs/share/myroboticarm_msgs/cmake/myroboticarm_msgs__rosidl_typesupport_introspection_cppExport-noconfig.cmake
[5.429s] -- Installing: /home/kuldip/myroboticarm_ws/src/install/myroboticarm_msgs/share/myroboticarm_msgs/cmake/myroboticarm_msgs__rosidl_typesupport_cppExport.cmake
[5.429s] -- Installing: /home/kuldip/myroboticarm_ws/src/install/myroboticarm_msgs/share/myroboticarm_msgs/cmake/myroboticarm_msgs__rosidl_typesupport_cppExport-noconfig.cmake
[5.429s] -- Installing: /home/kuldip/myroboticarm_ws/src/install/myroboticarm_msgs/share/myroboticarm_msgs/cmake/export_myroboticarm_msgs__rosidl_generator_pyExport.cmake
[5.429s] -- Installing: /home/kuldip/myroboticarm_ws/src/install/myroboticarm_msgs/share/myroboticarm_msgs/cmake/export_myroboticarm_msgs__rosidl_generator_pyExport-noconfig.cmake
[5.429s] -- Installing: /home/kuldip/myroboticarm_ws/src/install/myroboticarm_msgs/share/myroboticarm_msgs/cmake/rosidl_cmake-extras.cmake
[5.429s] -- Installing: /home/kuldip/myroboticarm_ws/src/install/myroboticarm_msgs/share/myroboticarm_msgs/cmake/ament_cmake_export_dependencies-extras.cmake
[5.429s] -- Installing: /home/kuldip/myroboticarm_ws/src/install/myroboticarm_msgs/share/myroboticarm_msgs/cmake/ament_cmake_export_include_directories-extras.cmake
[5.429s] -- Installing: /home/kuldip/myroboticarm_ws/src/install/myroboticarm_msgs/share/myroboticarm_msgs/cmake/ament_cmake_export_libraries-extras.cmake
[5.429s] -- Installing: /home/kuldip/myroboticarm_ws/src/install/myroboticarm_msgs/share/myroboticarm_msgs/cmake/ament_cmake_export_targets-extras.cmake
[5.429s] -- Installing: /home/kuldip/myroboticarm_ws/src/install/myroboticarm_msgs/share/myroboticarm_msgs/cmake/rosidl_cmake_export_typesupport_targets-extras.cmake
[5.429s] -- Installing: /home/kuldip/myroboticarm_ws/src/install/myroboticarm_msgs/share/myroboticarm_msgs/cmake/rosidl_cmake_export_typesupport_libraries-extras.cmake
[5.429s] -- Installing: /home/kuldip/myroboticarm_ws/src/install/myroboticarm_msgs/share/myroboticarm_msgs/cmake/myroboticarm_msgsConfig.cmake
[5.429s] -- Installing: /home/kuldip/myroboticarm_ws/src/install/myroboticarm_msgs/share/myroboticarm_msgs/cmake/myroboticarm_msgsConfig-version.cmake
[5.429s] -- Installing: /home/kuldip/myroboticarm_ws/src/install/myroboticarm_msgs/share/myroboticarm_msgs/package.xml
[5.431s] Invoked command in '/home/kuldip/myroboticarm_ws/src/build/myroboticarm_msgs' returned '0': CMAKE_PREFIX_PATH=${CMAKE_PREFIX_PATH}:/home/kuldip/myroboticarm_ws/install/myroboticarm_description:/home/kuldip/myroboticarm_ws/install/myroboticarm:/home/kuldip/arduinobot_ws/install/arduinobot_py_examples:/home/kuldip/myroboticarm_ws/src/install/myroboticarm:/opt/ros/jazzy DEBUGINFOD_URLS=https://debuginfod.ubuntu.com /usr/bin/cmake --install /home/kuldip/myroboticarm_ws/src/build/myroboticarm_msgs
