-- Found ament_cmake: 2.5.4 (/opt/ros/jazzy/share/ament_cmake/cmake)
-- Found rclcpp: 28.1.10 (/opt/ros/jazzy/share/rclcpp/cmake)
-- Found rosidl_generator_c: 4.6.5 (/opt/ros/jazzy/share/rosidl_generator_c/cmake)
-- Found rosidl_generator_cpp: 4.6.5 (/opt/ros/jazzy/share/rosidl_generator_cpp/cmake)
-- Using all available rosidl_typesupport_c: rosidl_typesupport_fastrtps_c;rosidl_typesupport_introspection_c
-- Using all available rosidl_typesupport_cpp: rosidl_typesupport_fastrtps_cpp;rosidl_typesupport_introspection_cpp
-- Found rmw_implementation_cmake: 7.3.2 (/opt/ros/jazzy/share/rmw_implementation_cmake/cmake)
-- Found rmw_cyclonedds_cpp: 2.2.3 (/opt/ros/jazzy/share/rmw_cyclonedds_cpp/cmake)
-- Using RMW implementation 'rmw_cyclonedds_cpp' as default
-- Found myroboticarm_msgs: 0.0.0 (/home/kuldip/myroboticarm_ws/install/myroboticarm_msgs/share/myroboticarm_msgs/cmake)
-- Found moveit_ros_planning_interface: 2.12.3 (/opt/ros/jazzy/share/moveit_ros_planning_interface/cmake)
-- Found Boost: /usr/lib/x86_64-linux-gnu/cmake/Boost-1.83.0/BoostConfig.cmake (found version "1.83.0") found components: date_time filesystem program_options system thread 
-- Found Boost: /usr/lib/x86_64-linux-gnu/cmake/Boost-1.83.0/BoostConfig.cmake (found version "1.83.0") found components: chrono date_time filesystem iostreams program_options regex serialization system thread 
-- Found parameter_traits: 0.5.0 (/opt/ros/jazzy/share/parameter_traits/cmake)
-- Found rclcpp_lifecycle: 28.1.10 (/opt/ros/jazzy/share/rclcpp_lifecycle/cmake)
-- Found Boost: /usr/lib/x86_64-linux-gnu/cmake/Boost-1.83.0/BoostConfig.cmake (found version "1.83.0") found components: filesystem 
-- Ensuring Eigen3 include directory is part of orocos-kdl CMake target
-- Found TinyXML2 via Config file: /usr/lib/x86_64-linux-gnu/cmake/tinyxml2
-- Found Boost: /usr/lib/x86_64-linux-gnu/cmake/Boost-1.83.0/BoostConfig.cmake (found version "1.83.0") found components: system filesystem date_time program_options thread chrono 
-- Found Boost: /usr/lib/x86_64-linux-gnu/cmake/Boost-1.83.0/BoostConfig.cmake (found version "1.83.0") found components: thread system filesystem regex date_time program_options 
-- Found Boost: /usr/lib/x86_64-linux-gnu/cmake/Boost-1.83.0/BoostConfig.cmake (found version "1.83.0") found components: system filesystem date_time program_options thread 
-- Found rclpy: 7.1.4 (/opt/ros/jazzy/share/rclpy/cmake)
-- Found ament_lint_auto: 0.17.2 (/opt/ros/jazzy/share/ament_lint_auto/cmake)
-- Added test 'flake8' to check Python code syntax and style conventions
-- Configured 'flake8' exclude dirs and/or files: 
-- Added test 'lint_cmake' to check CMake code style
-- Added test 'pep257' to check Python code against some of the docstring style conventions in PEP 257
-- Added test 'xmllint' to check XML markup files
-- Configuring done (0.9s)
-- Generating done (0.0s)
-- Build files have been written to: /home/kuldip/myroboticarm_ws/build/myroboticarm_remote
Built target ament_cmake_python_copy_myroboticarm_remote
running egg_info
writing myroboticarm_remote.egg-info/PKG-INFO
writing dependency_links to myroboticarm_remote.egg-info/dependency_links.txt
writing top-level names to myroboticarm_remote.egg-info/top_level.txt
reading manifest file 'myroboticarm_remote.egg-info/SOURCES.txt'
writing manifest file 'myroboticarm_remote.egg-info/SOURCES.txt'
Built target ament_cmake_python_build_myroboticarm_remote_egg
-- Install configuration: ""
-- Up-to-date: /home/kuldip/myroboticarm_ws/install/myroboticarm_remote/share/myroboticarm_remote/environment/pythonpath.sh
-- Up-to-date: /home/kuldip/myroboticarm_ws/install/myroboticarm_remote/share/myroboticarm_remote/environment/pythonpath.dsv
-- Up-to-date: /home/kuldip/myroboticarm_ws/install/myroboticarm_remote/lib/python3.12/site-packages/myroboticarm_remote-0.0.0-py3.12.egg-info
-- Installing: /home/kuldip/myroboticarm_ws/install/myroboticarm_remote/lib/python3.12/site-packages/myroboticarm_remote-0.0.0-py3.12.egg-info/SOURCES.txt
-- Installing: /home/kuldip/myroboticarm_ws/install/myroboticarm_remote/lib/python3.12/site-packages/myroboticarm_remote-0.0.0-py3.12.egg-info/PKG-INFO
-- Installing: /home/kuldip/myroboticarm_ws/install/myroboticarm_remote/lib/python3.12/site-packages/myroboticarm_remote-0.0.0-py3.12.egg-info/top_level.txt
-- Installing: /home/kuldip/myroboticarm_ws/install/myroboticarm_remote/lib/python3.12/site-packages/myroboticarm_remote-0.0.0-py3.12.egg-info/dependency_links.txt
-- Up-to-date: /home/kuldip/myroboticarm_ws/install/myroboticarm_remote/lib/python3.12/site-packages/myroboticarm_remote
-- Up-to-date: /home/kuldip/myroboticarm_ws/install/myroboticarm_remote/lib/python3.12/site-packages/myroboticarm_remote/__init__.py
-- Up-to-date: /home/kuldip/myroboticarm_ws/install/myroboticarm_remote/lib/python3.12/site-packages/myroboticarm_remote/task_server.py
Listing '/home/kuldip/myroboticarm_ws/install/myroboticarm_remote/lib/python3.12/site-packages/myroboticarm_remote'...
-- Up-to-date: /home/kuldip/myroboticarm_ws/install/myroboticarm_remote/lib/myroboticarm_remote/task_server.py
-- Up-to-date: /home/kuldip/myroboticarm_ws/install/myroboticarm_remote/share/myroboticarm_remote/launch
-- Installing: /home/kuldip/myroboticarm_ws/install/myroboticarm_remote/share/myroboticarm_remote/launch/remote_interface.launch.py
-- Up-to-date: /home/kuldip/myroboticarm_ws/install/myroboticarm_remote/share/ament_index/resource_index/package_run_dependencies/myroboticarm_remote
-- Up-to-date: /home/kuldip/myroboticarm_ws/install/myroboticarm_remote/share/ament_index/resource_index/parent_prefix_path/myroboticarm_remote
-- Up-to-date: /home/kuldip/myroboticarm_ws/install/myroboticarm_remote/share/myroboticarm_remote/environment/ament_prefix_path.sh
-- Up-to-date: /home/kuldip/myroboticarm_ws/install/myroboticarm_remote/share/myroboticarm_remote/environment/ament_prefix_path.dsv
-- Up-to-date: /home/kuldip/myroboticarm_ws/install/myroboticarm_remote/share/myroboticarm_remote/environment/path.sh
-- Up-to-date: /home/kuldip/myroboticarm_ws/install/myroboticarm_remote/share/myroboticarm_remote/environment/path.dsv
-- Up-to-date: /home/kuldip/myroboticarm_ws/install/myroboticarm_remote/share/myroboticarm_remote/local_setup.bash
-- Up-to-date: /home/kuldip/myroboticarm_ws/install/myroboticarm_remote/share/myroboticarm_remote/local_setup.sh
-- Up-to-date: /home/kuldip/myroboticarm_ws/install/myroboticarm_remote/share/myroboticarm_remote/local_setup.zsh
-- Up-to-date: /home/kuldip/myroboticarm_ws/install/myroboticarm_remote/share/myroboticarm_remote/local_setup.dsv
-- Installing: /home/kuldip/myroboticarm_ws/install/myroboticarm_remote/share/myroboticarm_remote/package.dsv
-- Up-to-date: /home/kuldip/myroboticarm_ws/install/myroboticarm_remote/share/ament_index/resource_index/packages/myroboticarm_remote
-- Up-to-date: /home/kuldip/myroboticarm_ws/install/myroboticarm_remote/share/myroboticarm_remote/cmake/myroboticarm_remoteConfig.cmake
-- Up-to-date: /home/kuldip/myroboticarm_ws/install/myroboticarm_remote/share/myroboticarm_remote/cmake/myroboticarm_remoteConfig-version.cmake
-- Up-to-date: /home/kuldip/myroboticarm_ws/install/myroboticarm_remote/share/myroboticarm_remote/package.xml
