[0.041s] Invoking command in '/home/kuldip/myroboticarm_ws/build/myroboticarm_msgs': CMAKE_PREFIX_PATH=${CMAKE_PREFIX_PATH}:/home/kuldip/myroboticarm_ws/install/myroboticarm_description:/home/kuldip/myroboticarm_ws/install/myroboticarm:/home/kuldip/arduinobot_ws/install/arduinobot_py_examples:/home/kuldip/myroboticarm_ws/src/install/myroboticarm:/opt/ros/jazzy DEBUGINFOD_URLS=https://debuginfod.ubuntu.com /usr/bin/cmake --build /home/kuldip/myroboticarm_ws/build/myroboticarm_msgs -- -j12 -l12
[0.349s] -- Found ament_cmake: 2.5.4 (/opt/ros/jazzy/share/ament_cmake/cmake)
[0.350s] -- Found Python3: /usr/bin/python3 (found version "3.12.3") found components: Interpreter 
[0.350s] -- Found std_msgs: 5.3.6 (/opt/ros/jazzy/share/std_msgs/cmake)
[0.351s] -- Found rosidl_generator_c: 4.6.5 (/opt/ros/jazzy/share/rosidl_generator_c/cmake)
[0.352s] -- Found rosidl_generator_cpp: 4.6.5 (/opt/ros/jazzy/share/rosidl_generator_cpp/cmake)
[0.352s] -- Using all available rosidl_typesupport_c: rosidl_typesupport_fastrtps_c;rosidl_typesupport_introspection_c
[0.392s] -- Using all available rosidl_typesupport_cpp: rosidl_typesupport_fastrtps_cpp;rosidl_typesupport_introspection_cpp
[0.451s] -- Found rosidl_default_generators: 1.6.0 (/opt/ros/jazzy/share/rosidl_default_generators/cmake)
[0.484s] -- Found rosidl_adapter: 4.6.5 (/opt/ros/jazzy/share/rosidl_adapter/cmake)
[0.962s] -- Found ament_cmake_ros: 0.12.0 (/opt/ros/jazzy/share/ament_cmake_ros/cmake)
[1.198s] -- Using all available rosidl_typesupport_c: rosidl_typesupport_fastrtps_c;rosidl_typesupport_introspection_c
[1.310s] -- Using all available rosidl_typesupport_cpp: rosidl_typesupport_fastrtps_cpp;rosidl_typesupport_introspection_cpp
[1.312s] -- Found python_cmake_module: 0.11.1 (/opt/ros/jazzy/share/python_cmake_module/cmake)
[1.755s] -- Found Python3: /usr/bin/python3 (found version "3.12.3") found components: Interpreter Development NumPy Development.Module Development.Embed 
[1.788s] -- Found ament_lint_auto: 0.17.2 (/opt/ros/jazzy/share/ament_lint_auto/cmake)
[1.822s] -- Added test 'lint_cmake' to check CMake code style
[1.824s] -- Added test 'xmllint' to check XML markup files
[1.830s] -- Configuring done (1.7s)
[1.909s] -- Generating done (0.1s)
[1.927s] -- Build files have been written to: /home/kuldip/myroboticarm_ws/build/myroboticarm_msgs
[1.980s] [  1%] [34m[1mGenerating type hashes for ROS interfaces[0m
[2.003s] [  1%] Built target ament_cmake_python_copy_myroboticarm_msgs
[2.341s] running egg_info
[2.365s] writing myroboticarm_msgs.egg-info/PKG-INFO
[2.365s] writing dependency_links to myroboticarm_msgs.egg-info/dependency_links.txt
[2.365s] writing top-level names to myroboticarm_msgs.egg-info/top_level.txt
[2.412s] [  1%] Built target myroboticarm_msgs__rosidl_generator_type_description
[2.431s] [  3%] [34m[1mGenerating C code for ROS interfaces[0m
[2.443s] reading manifest file 'myroboticarm_msgs.egg-info/SOURCES.txt'
[2.445s] writing manifest file 'myroboticarm_msgs.egg-info/SOURCES.txt'
[2.451s] [  4%] [34m[1mGenerating C++ code for ROS interfaces[0m
[2.494s] [  4%] Built target ament_cmake_python_build_myroboticarm_msgs_egg
[3.378s] [  4%] Built target myroboticarm_msgs__cpp
[3.497s] [  6%] [32mBuilding C object CMakeFiles/myroboticarm_msgs__rosidl_generator_c.dir/rosidl_generator_c/myroboticarm_msgs/srv/detail/add_twoints__functions.c.o[0m
[3.498s] [  7%] [32mBuilding C object CMakeFiles/myroboticarm_msgs__rosidl_generator_c.dir/rosidl_generator_c/myroboticarm_msgs/srv/detail/eu_to_quater__description.c.o[0m
[3.498s] [  9%] [32mBuilding C object CMakeFiles/myroboticarm_msgs__rosidl_generator_c.dir/rosidl_generator_c/myroboticarm_msgs/srv/detail/add_twoints__description.c.o[0m
[3.498s] [ 12%] [32mBuilding C object CMakeFiles/myroboticarm_msgs__rosidl_generator_c.dir/rosidl_generator_c/myroboticarm_msgs/srv/detail/eu_to_quater__functions.c.o[0m
[3.498s] [ 12%] [32mBuilding C object CMakeFiles/myroboticarm_msgs__rosidl_generator_c.dir/rosidl_generator_c/myroboticarm_msgs/srv/detail/eu_to_quater__type_support.c.o[0m
[3.499s] [ 14%] [32mBuilding C object CMakeFiles/myroboticarm_msgs__rosidl_generator_c.dir/rosidl_generator_c/myroboticarm_msgs/srv/detail/add_twoints__type_support.c.o[0m
[3.499s] [ 17%] [32mBuilding C object CMakeFiles/myroboticarm_msgs__rosidl_generator_c.dir/rosidl_generator_c/myroboticarm_msgs/srv/detail/quater_to_eu__description.c.o[0m
[3.499s] [ 17%] [32mBuilding C object CMakeFiles/myroboticarm_msgs__rosidl_generator_c.dir/rosidl_generator_c/myroboticarm_msgs/srv/detail/quater_to_eu__functions.c.o[0m
[3.499s] [ 18%] [32mBuilding C object CMakeFiles/myroboticarm_msgs__rosidl_generator_c.dir/rosidl_generator_c/myroboticarm_msgs/action/detail/fibonacci__description.c.o[0m
[3.500s] [ 20%] [32mBuilding C object CMakeFiles/myroboticarm_msgs__rosidl_generator_c.dir/rosidl_generator_c/myroboticarm_msgs/action/detail/fibonacci__functions.c.o[0m
[3.504s] [ 21%] [32mBuilding C object CMakeFiles/myroboticarm_msgs__rosidl_generator_c.dir/rosidl_generator_c/myroboticarm_msgs/srv/detail/quater_to_eu__type_support.c.o[0m
[3.507s] [ 23%] [32mBuilding C object CMakeFiles/myroboticarm_msgs__rosidl_generator_c.dir/rosidl_generator_c/myroboticarm_msgs/action/detail/fibonacci__type_support.c.o[0m
[3.802s] [ 25%] [32m[1mLinking C shared library libmyroboticarm_msgs__rosidl_generator_c.so[0m
[3.908s] [ 25%] Built target myroboticarm_msgs__rosidl_generator_c
[3.931s] [ 26%] [34m[1mGenerating C++ type support dispatch for ROS interfaces[0m
[3.934s] [ 29%] [34m[1mGenerating C++ introspection for ROS interfaces[0m
[3.934s] [ 29%] [34m[1mGenerating C type support dispatch for ROS interfaces[0m
[3.936s] [ 34%] [34m[1mGenerating C type support for eProsima Fast-RTPS[0m
[3.937s] [ 34%] [34m[1mGenerating C++ type support for eProsima Fast-RTPS[0m
[3.937s] [ 34%] [34m[1mGenerating C introspection for ROS interfaces[0m
[4.504s] [ 35%] [32mBuilding CXX object CMakeFiles/myroboticarm_msgs__rosidl_typesupport_c.dir/rosidl_typesupport_c/myroboticarm_msgs/srv/quater_to_eu__type_support.cpp.o[0m
[4.506s] [ 37%] [32mBuilding CXX object CMakeFiles/myroboticarm_msgs__rosidl_typesupport_c.dir/rosidl_typesupport_c/myroboticarm_msgs/srv/eu_to_quater__type_support.cpp.o[0m
[4.506s] [ 39%] [32mBuilding CXX object CMakeFiles/myroboticarm_msgs__rosidl_typesupport_c.dir/rosidl_typesupport_c/myroboticarm_msgs/srv/add_twoints__type_support.cpp.o[0m
[4.511s] [ 40%] [32mBuilding CXX object CMakeFiles/myroboticarm_msgs__rosidl_typesupport_c.dir/rosidl_typesupport_c/myroboticarm_msgs/action/fibonacci__type_support.cpp.o[0m
[4.615s] [ 42%] [32mBuilding CXX object CMakeFiles/myroboticarm_msgs__rosidl_typesupport_cpp.dir/rosidl_typesupport_cpp/myroboticarm_msgs/srv/eu_to_quater__type_support.cpp.o[0m
[4.615s] [ 43%] [32mBuilding CXX object CMakeFiles/myroboticarm_msgs__rosidl_typesupport_cpp.dir/rosidl_typesupport_cpp/myroboticarm_msgs/action/fibonacci__type_support.cpp.o[0m
[4.616s] [ 45%] [32mBuilding CXX object CMakeFiles/myroboticarm_msgs__rosidl_typesupport_cpp.dir/rosidl_typesupport_cpp/myroboticarm_msgs/srv/quater_to_eu__type_support.cpp.o[0m
[4.616s] [ 46%] [32mBuilding CXX object CMakeFiles/myroboticarm_msgs__rosidl_typesupport_cpp.dir/rosidl_typesupport_cpp/myroboticarm_msgs/srv/add_twoints__type_support.cpp.o[0m
[4.616s] [ 48%] [32m[1mLinking CXX shared library libmyroboticarm_msgs__rosidl_typesupport_c.so[0m
[4.690s] [ 48%] Built target myroboticarm_msgs__rosidl_typesupport_c
[4.720s] [ 53%] [32mBuilding C object CMakeFiles/myroboticarm_msgs__rosidl_typesupport_introspection_c.dir/rosidl_typesupport_introspection_c/myroboticarm_msgs/srv/detail/quater_to_eu__type_support.c.o[0m
[4.721s] [ 53%] [32mBuilding C object CMakeFiles/myroboticarm_msgs__rosidl_typesupport_introspection_c.dir/rosidl_typesupport_introspection_c/myroboticarm_msgs/srv/detail/eu_to_quater__type_support.c.o[0m
[4.721s] [ 53%] [32mBuilding C object CMakeFiles/myroboticarm_msgs__rosidl_typesupport_introspection_c.dir/rosidl_typesupport_introspection_c/myroboticarm_msgs/srv/detail/add_twoints__type_support.c.o[0m
[4.722s] [ 54%] [32mBuilding C object CMakeFiles/myroboticarm_msgs__rosidl_typesupport_introspection_c.dir/rosidl_typesupport_introspection_c/myroboticarm_msgs/action/detail/fibonacci__type_support.c.o[0m
[4.847s] [ 56%] [32m[1mLinking C shared library libmyroboticarm_msgs__rosidl_typesupport_introspection_c.so[0m
[4.889s] [ 56%] Built target myroboticarm_msgs__rosidl_typesupport_introspection_c
[4.973s] [ 59%] [32mBuilding CXX object CMakeFiles/myroboticarm_msgs__rosidl_typesupport_introspection_cpp.dir/rosidl_typesupport_introspection_cpp/myroboticarm_msgs/action/detail/fibonacci__type_support.cpp.o[0m
[4.974s] [ 60%] [32mBuilding CXX object CMakeFiles/myroboticarm_msgs__rosidl_typesupport_introspection_cpp.dir/rosidl_typesupport_introspection_cpp/myroboticarm_msgs/srv/detail/eu_to_quater__type_support.cpp.o[0m
[4.974s] [ 60%] [32mBuilding CXX object CMakeFiles/myroboticarm_msgs__rosidl_typesupport_introspection_cpp.dir/rosidl_typesupport_introspection_cpp/myroboticarm_msgs/srv/detail/add_twoints__type_support.cpp.o[0m
[4.974s] [ 62%] [32mBuilding CXX object CMakeFiles/myroboticarm_msgs__rosidl_typesupport_introspection_cpp.dir/rosidl_typesupport_introspection_cpp/myroboticarm_msgs/srv/detail/quater_to_eu__type_support.cpp.o[0m
[5.227s] [ 64%] [32mBuilding CXX object CMakeFiles/myroboticarm_msgs__rosidl_typesupport_fastrtps_c.dir/rosidl_typesupport_fastrtps_c/myroboticarm_msgs/srv/detail/add_twoints__type_support_c.cpp.o[0m
[5.237s] [ 65%] [32mBuilding CXX object CMakeFiles/myroboticarm_msgs__rosidl_typesupport_fastrtps_c.dir/rosidl_typesupport_fastrtps_c/myroboticarm_msgs/srv/detail/eu_to_quater__type_support_c.cpp.o[0m
[5.263s] [ 67%] [32mBuilding CXX object CMakeFiles/myroboticarm_msgs__rosidl_typesupport_fastrtps_c.dir/rosidl_typesupport_fastrtps_c/myroboticarm_msgs/srv/detail/quater_to_eu__type_support_c.cpp.o[0m
[5.312s] [ 68%] [32mBuilding CXX object CMakeFiles/myroboticarm_msgs__rosidl_typesupport_fastrtps_cpp.dir/rosidl_typesupport_fastrtps_cpp/myroboticarm_msgs/srv/detail/dds_fastrtps/add_twoints__type_support.cpp.o[0m
[5.331s] [ 70%] [32mBuilding CXX object CMakeFiles/myroboticarm_msgs__rosidl_typesupport_fastrtps_c.dir/rosidl_typesupport_fastrtps_c/myroboticarm_msgs/action/detail/fibonacci__type_support_c.cpp.o[0m
[5.384s] [ 71%] [32mBuilding CXX object CMakeFiles/myroboticarm_msgs__rosidl_typesupport_fastrtps_cpp.dir/rosidl_typesupport_fastrtps_cpp/myroboticarm_msgs/srv/detail/dds_fastrtps/quater_to_eu__type_support.cpp.o[0m
[5.392s] [ 73%] [32mBuilding CXX object CMakeFiles/myroboticarm_msgs__rosidl_typesupport_fastrtps_cpp.dir/rosidl_typesupport_fastrtps_cpp/myroboticarm_msgs/srv/detail/dds_fastrtps/eu_to_quater__type_support.cpp.o[0m
[5.880s] [ 75%] [32mBuilding CXX object CMakeFiles/myroboticarm_msgs__rosidl_typesupport_fastrtps_cpp.dir/rosidl_typesupport_fastrtps_cpp/myroboticarm_msgs/action/detail/dds_fastrtps/fibonacci__type_support.cpp.o[0m
[6.089s] [ 76%] [32m[1mLinking CXX shared library libmyroboticarm_msgs__rosidl_typesupport_cpp.so[0m
[6.287s] [ 76%] Built target myroboticarm_msgs__rosidl_typesupport_cpp
[6.496s] [ 78%] [32m[1mLinking CXX shared library libmyroboticarm_msgs__rosidl_typesupport_fastrtps_c.so[0m
[6.581s] [ 79%] [32m[1mLinking CXX shared library libmyroboticarm_msgs__rosidl_typesupport_introspection_cpp.so[0m
[6.595s] [ 79%] Built target myroboticarm_msgs__rosidl_typesupport_fastrtps_c
[6.695s] [ 79%] Built target myroboticarm_msgs__rosidl_typesupport_introspection_cpp
[7.296s] [ 81%] [32m[1mLinking CXX shared library libmyroboticarm_msgs__rosidl_typesupport_fastrtps_cpp.so[0m
[7.427s] [ 81%] Built target myroboticarm_msgs__rosidl_typesupport_fastrtps_cpp
[7.464s] [ 81%] Built target myroboticarm_msgs
[7.504s] [ 82%] [34m[1mGenerating Python code for ROS interfaces[0m
[8.966s] [ 82%] Built target myroboticarm_msgs__py
[9.015s] [ 84%] [32mBuilding C object CMakeFiles/myroboticarm_msgs__rosidl_generator_py.dir/rosidl_generator_py/myroboticarm_msgs/action/_fibonacci_s.c.o[0m
[9.015s] [ 85%] [32mBuilding C object CMakeFiles/myroboticarm_msgs__rosidl_generator_py.dir/rosidl_generator_py/myroboticarm_msgs/srv/_eu_to_quater_s.c.o[0m
[9.016s] [ 87%] [32mBuilding C object CMakeFiles/myroboticarm_msgs__rosidl_generator_py.dir/rosidl_generator_py/myroboticarm_msgs/srv/_add_twoints_s.c.o[0m
[9.016s] [ 89%] [32mBuilding C object CMakeFiles/myroboticarm_msgs__rosidl_generator_py.dir/rosidl_generator_py/myroboticarm_msgs/srv/_quater_to_eu_s.c.o[0m
[9.340s] [ 90%] [32m[1mLinking C shared library libmyroboticarm_msgs__rosidl_generator_py.so[0m
[9.406s] [ 90%] Built target myroboticarm_msgs__rosidl_generator_py
[9.435s] [ 92%] [32mBuilding C object CMakeFiles/myroboticarm_msgs_s__rosidl_typesupport_fastrtps_c.dir/rosidl_generator_py/myroboticarm_msgs/_myroboticarm_msgs_s.ep.rosidl_typesupport_fastrtps_c.c.o[0m
[9.437s] [ 93%] [32mBuilding C object CMakeFiles/myroboticarm_msgs_s__rosidl_typesupport_c.dir/rosidl_generator_py/myroboticarm_msgs/_myroboticarm_msgs_s.ep.rosidl_typesupport_c.c.o[0m
[9.439s] [ 95%] [32mBuilding C object CMakeFiles/myroboticarm_msgs_s__rosidl_typesupport_introspection_c.dir/rosidl_generator_py/myroboticarm_msgs/_myroboticarm_msgs_s.ep.rosidl_typesupport_introspection_c.c.o[0m
[9.655s] [ 96%] [32m[1mLinking C shared module rosidl_generator_py/myroboticarm_msgs/myroboticarm_msgs_s__rosidl_typesupport_introspection_c.so[0m
[9.658s] [ 98%] [32m[1mLinking C shared module rosidl_generator_py/myroboticarm_msgs/myroboticarm_msgs_s__rosidl_typesupport_c.so[0m
[9.671s] [100%] [32m[1mLinking C shared module rosidl_generator_py/myroboticarm_msgs/myroboticarm_msgs_s__rosidl_typesupport_fastrtps_c.so[0m
[9.705s] [100%] Built target myroboticarm_msgs_s__rosidl_typesupport_c
[9.710s] [100%] Built target myroboticarm_msgs_s__rosidl_typesupport_introspection_c
[9.718s] [100%] Built target myroboticarm_msgs_s__rosidl_typesupport_fastrtps_c
[9.734s] Invoked command in '/home/kuldip/myroboticarm_ws/build/myroboticarm_msgs' returned '0': CMAKE_PREFIX_PATH=${CMAKE_PREFIX_PATH}:/home/kuldip/myroboticarm_ws/install/myroboticarm_description:/home/kuldip/myroboticarm_ws/install/myroboticarm:/home/kuldip/arduinobot_ws/install/arduinobot_py_examples:/home/kuldip/myroboticarm_ws/src/install/myroboticarm:/opt/ros/jazzy DEBUGINFOD_URLS=https://debuginfod.ubuntu.com /usr/bin/cmake --build /home/kuldip/myroboticarm_ws/build/myroboticarm_msgs -- -j12 -l12
[9.736s] Invoking command in '/home/kuldip/myroboticarm_ws/build/myroboticarm_msgs': CMAKE_PREFIX_PATH=${CMAKE_PREFIX_PATH}:/home/kuldip/myroboticarm_ws/install/myroboticarm_description:/home/kuldip/myroboticarm_ws/install/myroboticarm:/home/kuldip/arduinobot_ws/install/arduinobot_py_examples:/home/kuldip/myroboticarm_ws/src/install/myroboticarm:/opt/ros/jazzy DEBUGINFOD_URLS=https://debuginfod.ubuntu.com /usr/bin/cmake --install /home/kuldip/myroboticarm_ws/build/myroboticarm_msgs
[9.747s] -- Install configuration: ""
[9.747s] -- Installing: /home/kuldip/myroboticarm_ws/install/myroboticarm_msgs/share/ament_index/resource_index/rosidl_interfaces/myroboticarm_msgs
[9.747s] -- Installing: /home/kuldip/myroboticarm_ws/install/myroboticarm_msgs/share/myroboticarm_msgs/srv/AddTwoints.json
[9.748s] -- Installing: /home/kuldip/myroboticarm_ws/install/myroboticarm_msgs/share/myroboticarm_msgs/srv/EuToQuater.json
[9.748s] -- Installing: /home/kuldip/myroboticarm_ws/install/myroboticarm_msgs/share/myroboticarm_msgs/srv/QuaterToEu.json
[9.748s] -- Installing: /home/kuldip/myroboticarm_ws/install/myroboticarm_msgs/share/myroboticarm_msgs/action/Fibonacci.json
[9.748s] -- Up-to-date: /home/kuldip/myroboticarm_ws/install/myroboticarm_msgs/include/myroboticarm_msgs/myroboticarm_msgs
[9.748s] -- Up-to-date: /home/kuldip/myroboticarm_ws/install/myroboticarm_msgs/include/myroboticarm_msgs/myroboticarm_msgs/msg
[9.749s] -- Up-to-date: /home/kuldip/myroboticarm_ws/install/myroboticarm_msgs/include/myroboticarm_msgs/myroboticarm_msgs/msg/rosidl_generator_c__visibility_control.h
[9.749s] -- Installing: /home/kuldip/myroboticarm_ws/install/myroboticarm_msgs/include/myroboticarm_msgs/myroboticarm_msgs/action
[9.749s] -- Installing: /home/kuldip/myroboticarm_ws/install/myroboticarm_msgs/include/myroboticarm_msgs/myroboticarm_msgs/action/detail
[9.749s] -- Installing: /home/kuldip/myroboticarm_ws/install/myroboticarm_msgs/include/myroboticarm_msgs/myroboticarm_msgs/action/detail/fibonacci__functions.h
[9.749s] -- Installing: /home/kuldip/myroboticarm_ws/install/myroboticarm_msgs/include/myroboticarm_msgs/myroboticarm_msgs/action/detail/fibonacci__struct.h
[9.750s] -- Installing: /home/kuldip/myroboticarm_ws/install/myroboticarm_msgs/include/myroboticarm_msgs/myroboticarm_msgs/action/detail/fibonacci__type_support.h
[9.750s] -- Installing: /home/kuldip/myroboticarm_ws/install/myroboticarm_msgs/include/myroboticarm_msgs/myroboticarm_msgs/action/detail/fibonacci__type_support.c
[9.750s] -- Installing: /home/kuldip/myroboticarm_ws/install/myroboticarm_msgs/include/myroboticarm_msgs/myroboticarm_msgs/action/detail/fibonacci__functions.c
[9.750s] -- Installing: /home/kuldip/myroboticarm_ws/install/myroboticarm_msgs/include/myroboticarm_msgs/myroboticarm_msgs/action/detail/fibonacci__description.c
[9.750s] -- Installing: /home/kuldip/myroboticarm_ws/install/myroboticarm_msgs/include/myroboticarm_msgs/myroboticarm_msgs/action/fibonacci.h
[9.750s] -- Up-to-date: /home/kuldip/myroboticarm_ws/install/myroboticarm_msgs/include/myroboticarm_msgs/myroboticarm_msgs/srv
[9.750s] -- Up-to-date: /home/kuldip/myroboticarm_ws/install/myroboticarm_msgs/include/myroboticarm_msgs/myroboticarm_msgs/srv/detail
[9.750s] -- Installing: /home/kuldip/myroboticarm_ws/install/myroboticarm_msgs/include/myroboticarm_msgs/myroboticarm_msgs/srv/detail/quater_to_eu__functions.h
[9.750s] -- Installing: /home/kuldip/myroboticarm_ws/install/myroboticarm_msgs/include/myroboticarm_msgs/myroboticarm_msgs/srv/detail/eu_to_quater__functions.c
[9.750s] -- Installing: /home/kuldip/myroboticarm_ws/install/myroboticarm_msgs/include/myroboticarm_msgs/myroboticarm_msgs/srv/detail/quater_to_eu__type_support.h
[9.750s] -- Installing: /home/kuldip/myroboticarm_ws/install/myroboticarm_msgs/include/myroboticarm_msgs/myroboticarm_msgs/srv/detail/add_twoints__type_support.c
[9.750s] -- Installing: /home/kuldip/myroboticarm_ws/install/myroboticarm_msgs/include/myroboticarm_msgs/myroboticarm_msgs/srv/detail/add_twoints__description.c
[9.751s] -- Installing: /home/kuldip/myroboticarm_ws/install/myroboticarm_msgs/include/myroboticarm_msgs/myroboticarm_msgs/srv/detail/add_twoints__functions.c
[9.751s] -- Installing: /home/kuldip/myroboticarm_ws/install/myroboticarm_msgs/include/myroboticarm_msgs/myroboticarm_msgs/srv/detail/eu_to_quater__functions.h
[9.751s] -- Installing: /home/kuldip/myroboticarm_ws/install/myroboticarm_msgs/include/myroboticarm_msgs/myroboticarm_msgs/srv/detail/quater_to_eu__description.c
[9.751s] -- Installing: /home/kuldip/myroboticarm_ws/install/myroboticarm_msgs/include/myroboticarm_msgs/myroboticarm_msgs/srv/detail/quater_to_eu__functions.c
[9.751s] -- Installing: /home/kuldip/myroboticarm_ws/install/myroboticarm_msgs/include/myroboticarm_msgs/myroboticarm_msgs/srv/detail/eu_to_quater__description.c
[9.751s] -- Installing: /home/kuldip/myroboticarm_ws/install/myroboticarm_msgs/include/myroboticarm_msgs/myroboticarm_msgs/srv/detail/add_twoints__type_support.h
[9.751s] -- Installing: /home/kuldip/myroboticarm_ws/install/myroboticarm_msgs/include/myroboticarm_msgs/myroboticarm_msgs/srv/detail/quater_to_eu__struct.h
[9.751s] -- Installing: /home/kuldip/myroboticarm_ws/install/myroboticarm_msgs/include/myroboticarm_msgs/myroboticarm_msgs/srv/detail/eu_to_quater__type_support.c
[9.752s] -- Installing: /home/kuldip/myroboticarm_ws/install/myroboticarm_msgs/include/myroboticarm_msgs/myroboticarm_msgs/srv/detail/eu_to_quater__type_support.h
[9.752s] -- Installing: /home/kuldip/myroboticarm_ws/install/myroboticarm_msgs/include/myroboticarm_msgs/myroboticarm_msgs/srv/detail/add_twoints__struct.h
[9.752s] -- Installing: /home/kuldip/myroboticarm_ws/install/myroboticarm_msgs/include/myroboticarm_msgs/myroboticarm_msgs/srv/detail/quater_to_eu__type_support.c
[9.752s] -- Installing: /home/kuldip/myroboticarm_ws/install/myroboticarm_msgs/include/myroboticarm_msgs/myroboticarm_msgs/srv/detail/eu_to_quater__struct.h
[9.752s] -- Installing: /home/kuldip/myroboticarm_ws/install/myroboticarm_msgs/include/myroboticarm_msgs/myroboticarm_msgs/srv/detail/add_twoints__functions.h
[9.752s] -- Installing: /home/kuldip/myroboticarm_ws/install/myroboticarm_msgs/include/myroboticarm_msgs/myroboticarm_msgs/srv/add_twoints.h
[9.752s] -- Installing: /home/kuldip/myroboticarm_ws/install/myroboticarm_msgs/include/myroboticarm_msgs/myroboticarm_msgs/srv/eu_to_quater.h
[9.753s] -- Installing: /home/kuldip/myroboticarm_ws/install/myroboticarm_msgs/include/myroboticarm_msgs/myroboticarm_msgs/srv/quater_to_eu.h
[9.753s] -- Up-to-date: /home/kuldip/myroboticarm_ws/install/myroboticarm_msgs/share/myroboticarm_msgs/environment/library_path.sh
[9.753s] -- Up-to-date: /home/kuldip/myroboticarm_ws/install/myroboticarm_msgs/share/myroboticarm_msgs/environment/library_path.dsv
[9.753s] -- Installing: /home/kuldip/myroboticarm_ws/install/myroboticarm_msgs/lib/libmyroboticarm_msgs__rosidl_generator_c.so
[9.753s] -- Set non-toolchain portion of runtime path of "/home/kuldip/myroboticarm_ws/install/myroboticarm_msgs/lib/libmyroboticarm_msgs__rosidl_generator_c.so" to ""
[9.753s] -- Up-to-date: /home/kuldip/myroboticarm_ws/install/myroboticarm_msgs/include/myroboticarm_msgs/myroboticarm_msgs
[9.753s] -- Up-to-date: /home/kuldip/myroboticarm_ws/install/myroboticarm_msgs/include/myroboticarm_msgs/myroboticarm_msgs/msg
[9.754s] -- Up-to-date: /home/kuldip/myroboticarm_ws/install/myroboticarm_msgs/include/myroboticarm_msgs/myroboticarm_msgs/msg/rosidl_typesupport_fastrtps_c__visibility_control.h
[9.754s] -- Up-to-date: /home/kuldip/myroboticarm_ws/install/myroboticarm_msgs/include/myroboticarm_msgs/myroboticarm_msgs/action
[9.754s] -- Up-to-date: /home/kuldip/myroboticarm_ws/install/myroboticarm_msgs/include/myroboticarm_msgs/myroboticarm_msgs/action/detail
[9.754s] -- Installing: /home/kuldip/myroboticarm_ws/install/myroboticarm_msgs/include/myroboticarm_msgs/myroboticarm_msgs/action/detail/fibonacci__rosidl_typesupport_fastrtps_c.h
[9.754s] -- Up-to-date: /home/kuldip/myroboticarm_ws/install/myroboticarm_msgs/include/myroboticarm_msgs/myroboticarm_msgs/srv
[9.754s] -- Up-to-date: /home/kuldip/myroboticarm_ws/install/myroboticarm_msgs/include/myroboticarm_msgs/myroboticarm_msgs/srv/detail
[9.754s] -- Installing: /home/kuldip/myroboticarm_ws/install/myroboticarm_msgs/include/myroboticarm_msgs/myroboticarm_msgs/srv/detail/quater_to_eu__rosidl_typesupport_fastrtps_c.h
[9.754s] -- Installing: /home/kuldip/myroboticarm_ws/install/myroboticarm_msgs/include/myroboticarm_msgs/myroboticarm_msgs/srv/detail/add_twoints__rosidl_typesupport_fastrtps_c.h
[9.754s] -- Installing: /home/kuldip/myroboticarm_ws/install/myroboticarm_msgs/include/myroboticarm_msgs/myroboticarm_msgs/srv/detail/eu_to_quater__rosidl_typesupport_fastrtps_c.h
[9.754s] -- Installing: /home/kuldip/myroboticarm_ws/install/myroboticarm_msgs/lib/libmyroboticarm_msgs__rosidl_typesupport_fastrtps_c.so
[9.754s] -- Set non-toolchain portion of runtime path of "/home/kuldip/myroboticarm_ws/install/myroboticarm_msgs/lib/libmyroboticarm_msgs__rosidl_typesupport_fastrtps_c.so" to ""
[9.754s] -- Up-to-date: /home/kuldip/myroboticarm_ws/install/myroboticarm_msgs/include/myroboticarm_msgs/myroboticarm_msgs
[9.755s] -- Up-to-date: /home/kuldip/myroboticarm_ws/install/myroboticarm_msgs/include/myroboticarm_msgs/myroboticarm_msgs/msg
[9.755s] -- Installing: /home/kuldip/myroboticarm_ws/install/myroboticarm_msgs/include/myroboticarm_msgs/myroboticarm_msgs/msg/rosidl_generator_cpp__visibility_control.hpp
[9.755s] -- Up-to-date: /home/kuldip/myroboticarm_ws/install/myroboticarm_msgs/include/myroboticarm_msgs/myroboticarm_msgs/action
[9.755s] -- Up-to-date: /home/kuldip/myroboticarm_ws/install/myroboticarm_msgs/include/myroboticarm_msgs/myroboticarm_msgs/action/detail
[9.755s] -- Installing: /home/kuldip/myroboticarm_ws/install/myroboticarm_msgs/include/myroboticarm_msgs/myroboticarm_msgs/action/detail/fibonacci__traits.hpp
[9.755s] -- Installing: /home/kuldip/myroboticarm_ws/install/myroboticarm_msgs/include/myroboticarm_msgs/myroboticarm_msgs/action/detail/fibonacci__struct.hpp
[9.755s] -- Installing: /home/kuldip/myroboticarm_ws/install/myroboticarm_msgs/include/myroboticarm_msgs/myroboticarm_msgs/action/detail/fibonacci__builder.hpp
[9.755s] -- Installing: /home/kuldip/myroboticarm_ws/install/myroboticarm_msgs/include/myroboticarm_msgs/myroboticarm_msgs/action/detail/fibonacci__type_support.hpp
[9.755s] -- Installing: /home/kuldip/myroboticarm_ws/install/myroboticarm_msgs/include/myroboticarm_msgs/myroboticarm_msgs/action/fibonacci.hpp
[9.755s] -- Up-to-date: /home/kuldip/myroboticarm_ws/install/myroboticarm_msgs/include/myroboticarm_msgs/myroboticarm_msgs/srv
[9.755s] -- Up-to-date: /home/kuldip/myroboticarm_ws/install/myroboticarm_msgs/include/myroboticarm_msgs/myroboticarm_msgs/srv/detail
[9.756s] -- Installing: /home/kuldip/myroboticarm_ws/install/myroboticarm_msgs/include/myroboticarm_msgs/myroboticarm_msgs/srv/detail/eu_to_quater__builder.hpp
[9.756s] -- Installing: /home/kuldip/myroboticarm_ws/install/myroboticarm_msgs/include/myroboticarm_msgs/myroboticarm_msgs/srv/detail/add_twoints__traits.hpp
[9.756s] -- Installing: /home/kuldip/myroboticarm_ws/install/myroboticarm_msgs/include/myroboticarm_msgs/myroboticarm_msgs/srv/detail/eu_to_quater__type_support.hpp
[9.756s] -- Installing: /home/kuldip/myroboticarm_ws/install/myroboticarm_msgs/include/myroboticarm_msgs/myroboticarm_msgs/srv/detail/add_twoints__type_support.hpp
[9.756s] -- Installing: /home/kuldip/myroboticarm_ws/install/myroboticarm_msgs/include/myroboticarm_msgs/myroboticarm_msgs/srv/detail/quater_to_eu__struct.hpp
[9.756s] -- Installing: /home/kuldip/myroboticarm_ws/install/myroboticarm_msgs/include/myroboticarm_msgs/myroboticarm_msgs/srv/detail/quater_to_eu__type_support.hpp
[9.756s] -- Installing: /home/kuldip/myroboticarm_ws/install/myroboticarm_msgs/include/myroboticarm_msgs/myroboticarm_msgs/srv/detail/add_twoints__builder.hpp
[9.756s] -- Installing: /home/kuldip/myroboticarm_ws/install/myroboticarm_msgs/include/myroboticarm_msgs/myroboticarm_msgs/srv/detail/eu_to_quater__struct.hpp
[9.756s] -- Installing: /home/kuldip/myroboticarm_ws/install/myroboticarm_msgs/include/myroboticarm_msgs/myroboticarm_msgs/srv/detail/quater_to_eu__traits.hpp
[9.756s] -- Installing: /home/kuldip/myroboticarm_ws/install/myroboticarm_msgs/include/myroboticarm_msgs/myroboticarm_msgs/srv/detail/add_twoints__struct.hpp
[9.756s] -- Installing: /home/kuldip/myroboticarm_ws/install/myroboticarm_msgs/include/myroboticarm_msgs/myroboticarm_msgs/srv/detail/quater_to_eu__builder.hpp
[9.757s] -- Installing: /home/kuldip/myroboticarm_ws/install/myroboticarm_msgs/include/myroboticarm_msgs/myroboticarm_msgs/srv/detail/eu_to_quater__traits.hpp
[9.757s] -- Installing: /home/kuldip/myroboticarm_ws/install/myroboticarm_msgs/include/myroboticarm_msgs/myroboticarm_msgs/srv/quater_to_eu.hpp
[9.757s] -- Installing: /home/kuldip/myroboticarm_ws/install/myroboticarm_msgs/include/myroboticarm_msgs/myroboticarm_msgs/srv/add_twoints.hpp
[9.757s] -- Installing: /home/kuldip/myroboticarm_ws/install/myroboticarm_msgs/include/myroboticarm_msgs/myroboticarm_msgs/srv/eu_to_quater.hpp
[9.757s] -- Up-to-date: /home/kuldip/myroboticarm_ws/install/myroboticarm_msgs/include/myroboticarm_msgs/myroboticarm_msgs
[9.757s] -- Up-to-date: /home/kuldip/myroboticarm_ws/install/myroboticarm_msgs/include/myroboticarm_msgs/myroboticarm_msgs/msg
[9.757s] -- Up-to-date: /home/kuldip/myroboticarm_ws/install/myroboticarm_msgs/include/myroboticarm_msgs/myroboticarm_msgs/msg/rosidl_typesupport_fastrtps_cpp__visibility_control.h
[9.757s] -- Up-to-date: /home/kuldip/myroboticarm_ws/install/myroboticarm_msgs/include/myroboticarm_msgs/myroboticarm_msgs/action
[9.757s] -- Up-to-date: /home/kuldip/myroboticarm_ws/install/myroboticarm_msgs/include/myroboticarm_msgs/myroboticarm_msgs/action/detail
[9.757s] -- Installing: /home/kuldip/myroboticarm_ws/install/myroboticarm_msgs/include/myroboticarm_msgs/myroboticarm_msgs/action/detail/fibonacci__rosidl_typesupport_fastrtps_cpp.hpp
[9.757s] -- Installing: /home/kuldip/myroboticarm_ws/install/myroboticarm_msgs/include/myroboticarm_msgs/myroboticarm_msgs/action/detail/dds_fastrtps
[9.757s] -- Up-to-date: /home/kuldip/myroboticarm_ws/install/myroboticarm_msgs/include/myroboticarm_msgs/myroboticarm_msgs/srv
[9.758s] -- Up-to-date: /home/kuldip/myroboticarm_ws/install/myroboticarm_msgs/include/myroboticarm_msgs/myroboticarm_msgs/srv/detail
[9.758s] -- Installing: /home/kuldip/myroboticarm_ws/install/myroboticarm_msgs/include/myroboticarm_msgs/myroboticarm_msgs/srv/detail/eu_to_quater__rosidl_typesupport_fastrtps_cpp.hpp
[9.758s] -- Installing: /home/kuldip/myroboticarm_ws/install/myroboticarm_msgs/include/myroboticarm_msgs/myroboticarm_msgs/srv/detail/quater_to_eu__rosidl_typesupport_fastrtps_cpp.hpp
[9.758s] -- Installing: /home/kuldip/myroboticarm_ws/install/myroboticarm_msgs/include/myroboticarm_msgs/myroboticarm_msgs/srv/detail/add_twoints__rosidl_typesupport_fastrtps_cpp.hpp
[9.758s] -- Up-to-date: /home/kuldip/myroboticarm_ws/install/myroboticarm_msgs/include/myroboticarm_msgs/myroboticarm_msgs/srv/detail/dds_fastrtps
[9.758s] -- Installing: /home/kuldip/myroboticarm_ws/install/myroboticarm_msgs/lib/libmyroboticarm_msgs__rosidl_typesupport_fastrtps_cpp.so
[9.760s] -- Set non-toolchain portion of runtime path of "/home/kuldip/myroboticarm_ws/install/myroboticarm_msgs/lib/libmyroboticarm_msgs__rosidl_typesupport_fastrtps_cpp.so" to ""
[9.760s] -- Up-to-date: /home/kuldip/myroboticarm_ws/install/myroboticarm_msgs/include/myroboticarm_msgs/myroboticarm_msgs
[9.760s] -- Up-to-date: /home/kuldip/myroboticarm_ws/install/myroboticarm_msgs/include/myroboticarm_msgs/myroboticarm_msgs/msg
[9.760s] -- Up-to-date: /home/kuldip/myroboticarm_ws/install/myroboticarm_msgs/include/myroboticarm_msgs/myroboticarm_msgs/msg/rosidl_typesupport_introspection_c__visibility_control.h
[9.760s] -- Up-to-date: /home/kuldip/myroboticarm_ws/install/myroboticarm_msgs/include/myroboticarm_msgs/myroboticarm_msgs/action
[9.760s] -- Up-to-date: /home/kuldip/myroboticarm_ws/install/myroboticarm_msgs/include/myroboticarm_msgs/myroboticarm_msgs/action/detail
[9.760s] -- Installing: /home/kuldip/myroboticarm_ws/install/myroboticarm_msgs/include/myroboticarm_msgs/myroboticarm_msgs/action/detail/fibonacci__type_support.c
[9.760s] -- Installing: /home/kuldip/myroboticarm_ws/install/myroboticarm_msgs/include/myroboticarm_msgs/myroboticarm_msgs/action/detail/fibonacci__rosidl_typesupport_introspection_c.h
[9.761s] -- Up-to-date: /home/kuldip/myroboticarm_ws/install/myroboticarm_msgs/include/myroboticarm_msgs/myroboticarm_msgs/srv
[9.761s] -- Up-to-date: /home/kuldip/myroboticarm_ws/install/myroboticarm_msgs/include/myroboticarm_msgs/myroboticarm_msgs/srv/detail
[9.761s] -- Installing: /home/kuldip/myroboticarm_ws/install/myroboticarm_msgs/include/myroboticarm_msgs/myroboticarm_msgs/srv/detail/add_twoints__type_support.c
[9.761s] -- Installing: /home/kuldip/myroboticarm_ws/install/myroboticarm_msgs/include/myroboticarm_msgs/myroboticarm_msgs/srv/detail/add_twoints__rosidl_typesupport_introspection_c.h
[9.761s] -- Installing: /home/kuldip/myroboticarm_ws/install/myroboticarm_msgs/include/myroboticarm_msgs/myroboticarm_msgs/srv/detail/eu_to_quater__rosidl_typesupport_introspection_c.h
[9.761s] -- Installing: /home/kuldip/myroboticarm_ws/install/myroboticarm_msgs/include/myroboticarm_msgs/myroboticarm_msgs/srv/detail/quater_to_eu__rosidl_typesupport_introspection_c.h
[9.762s] -- Installing: /home/kuldip/myroboticarm_ws/install/myroboticarm_msgs/include/myroboticarm_msgs/myroboticarm_msgs/srv/detail/eu_to_quater__type_support.c
[9.762s] -- Installing: /home/kuldip/myroboticarm_ws/install/myroboticarm_msgs/include/myroboticarm_msgs/myroboticarm_msgs/srv/detail/quater_to_eu__type_support.c
[9.763s] -- Installing: /home/kuldip/myroboticarm_ws/install/myroboticarm_msgs/lib/libmyroboticarm_msgs__rosidl_typesupport_introspection_c.so
[9.763s] -- Set non-toolchain portion of runtime path of "/home/kuldip/myroboticarm_ws/install/myroboticarm_msgs/lib/libmyroboticarm_msgs__rosidl_typesupport_introspection_c.so" to ""
[9.764s] -- Installing: /home/kuldip/myroboticarm_ws/install/myroboticarm_msgs/lib/libmyroboticarm_msgs__rosidl_typesupport_c.so
[9.765s] -- Set non-toolchain portion of runtime path of "/home/kuldip/myroboticarm_ws/install/myroboticarm_msgs/lib/libmyroboticarm_msgs__rosidl_typesupport_c.so" to ""
[9.765s] -- Up-to-date: /home/kuldip/myroboticarm_ws/install/myroboticarm_msgs/include/myroboticarm_msgs/myroboticarm_msgs
[9.765s] -- Up-to-date: /home/kuldip/myroboticarm_ws/install/myroboticarm_msgs/include/myroboticarm_msgs/myroboticarm_msgs/action
[9.765s] -- Up-to-date: /home/kuldip/myroboticarm_ws/install/myroboticarm_msgs/include/myroboticarm_msgs/myroboticarm_msgs/action/detail
[9.765s] -- Installing: /home/kuldip/myroboticarm_ws/install/myroboticarm_msgs/include/myroboticarm_msgs/myroboticarm_msgs/action/detail/fibonacci__type_support.cpp
[9.765s] -- Installing: /home/kuldip/myroboticarm_ws/install/myroboticarm_msgs/include/myroboticarm_msgs/myroboticarm_msgs/action/detail/fibonacci__rosidl_typesupport_introspection_cpp.hpp
[9.765s] -- Up-to-date: /home/kuldip/myroboticarm_ws/install/myroboticarm_msgs/include/myroboticarm_msgs/myroboticarm_msgs/srv
[9.766s] -- Up-to-date: /home/kuldip/myroboticarm_ws/install/myroboticarm_msgs/include/myroboticarm_msgs/myroboticarm_msgs/srv/detail
[9.766s] -- Installing: /home/kuldip/myroboticarm_ws/install/myroboticarm_msgs/include/myroboticarm_msgs/myroboticarm_msgs/srv/detail/quater_to_eu__rosidl_typesupport_introspection_cpp.hpp
[9.766s] -- Installing: /home/kuldip/myroboticarm_ws/install/myroboticarm_msgs/include/myroboticarm_msgs/myroboticarm_msgs/srv/detail/add_twoints__type_support.cpp
[9.766s] -- Installing: /home/kuldip/myroboticarm_ws/install/myroboticarm_msgs/include/myroboticarm_msgs/myroboticarm_msgs/srv/detail/quater_to_eu__type_support.cpp
[9.766s] -- Installing: /home/kuldip/myroboticarm_ws/install/myroboticarm_msgs/include/myroboticarm_msgs/myroboticarm_msgs/srv/detail/eu_to_quater__rosidl_typesupport_introspection_cpp.hpp
[9.766s] -- Installing: /home/kuldip/myroboticarm_ws/install/myroboticarm_msgs/include/myroboticarm_msgs/myroboticarm_msgs/srv/detail/eu_to_quater__type_support.cpp
[9.767s] -- Installing: /home/kuldip/myroboticarm_ws/install/myroboticarm_msgs/include/myroboticarm_msgs/myroboticarm_msgs/srv/detail/add_twoints__rosidl_typesupport_introspection_cpp.hpp
[9.768s] -- Installing: /home/kuldip/myroboticarm_ws/install/myroboticarm_msgs/lib/libmyroboticarm_msgs__rosidl_typesupport_introspection_cpp.so
[9.769s] -- Set non-toolchain portion of runtime path of "/home/kuldip/myroboticarm_ws/install/myroboticarm_msgs/lib/libmyroboticarm_msgs__rosidl_typesupport_introspection_cpp.so" to ""
[9.769s] -- Installing: /home/kuldip/myroboticarm_ws/install/myroboticarm_msgs/lib/libmyroboticarm_msgs__rosidl_typesupport_cpp.so
[9.770s] -- Set non-toolchain portion of runtime path of "/home/kuldip/myroboticarm_ws/install/myroboticarm_msgs/lib/libmyroboticarm_msgs__rosidl_typesupport_cpp.so" to ""
[9.771s] -- Up-to-date: /home/kuldip/myroboticarm_ws/install/myroboticarm_msgs/share/myroboticarm_msgs/environment/pythonpath.sh
[9.771s] -- Up-to-date: /home/kuldip/myroboticarm_ws/install/myroboticarm_msgs/share/myroboticarm_msgs/environment/pythonpath.dsv
[9.771s] -- Up-to-date: /home/kuldip/myroboticarm_ws/install/myroboticarm_msgs/lib/python3.12/site-packages/myroboticarm_msgs-0.0.0-py3.12.egg-info
[9.771s] -- Installing: /home/kuldip/myroboticarm_ws/install/myroboticarm_msgs/lib/python3.12/site-packages/myroboticarm_msgs-0.0.0-py3.12.egg-info/SOURCES.txt
[9.771s] -- Installing: /home/kuldip/myroboticarm_ws/install/myroboticarm_msgs/lib/python3.12/site-packages/myroboticarm_msgs-0.0.0-py3.12.egg-info/PKG-INFO
[9.771s] -- Installing: /home/kuldip/myroboticarm_ws/install/myroboticarm_msgs/lib/python3.12/site-packages/myroboticarm_msgs-0.0.0-py3.12.egg-info/top_level.txt
[9.771s] -- Installing: /home/kuldip/myroboticarm_ws/install/myroboticarm_msgs/lib/python3.12/site-packages/myroboticarm_msgs-0.0.0-py3.12.egg-info/dependency_links.txt
[9.771s] -- Up-to-date: /home/kuldip/myroboticarm_ws/install/myroboticarm_msgs/lib/python3.12/site-packages/myroboticarm_msgs
[9.772s] -- Installing: /home/kuldip/myroboticarm_ws/install/myroboticarm_msgs/lib/python3.12/site-packages/myroboticarm_msgs/myroboticarm_msgs_s__rosidl_typesupport_introspection_c.so
[9.772s] -- Installing: /home/kuldip/myroboticarm_ws/install/myroboticarm_msgs/lib/python3.12/site-packages/myroboticarm_msgs/__init__.py
[9.772s] -- Installing: /home/kuldip/myroboticarm_ws/install/myroboticarm_msgs/lib/python3.12/site-packages/myroboticarm_msgs/action
[9.773s] -- Installing: /home/kuldip/myroboticarm_ws/install/myroboticarm_msgs/lib/python3.12/site-packages/myroboticarm_msgs/action/_fibonacci.py
[9.773s] -- Installing: /home/kuldip/myroboticarm_ws/install/myroboticarm_msgs/lib/python3.12/site-packages/myroboticarm_msgs/action/__init__.py
[9.773s] -- Installing: /home/kuldip/myroboticarm_ws/install/myroboticarm_msgs/lib/python3.12/site-packages/myroboticarm_msgs/action/_fibonacci_s.c
[9.773s] -- Installing: /home/kuldip/myroboticarm_ws/install/myroboticarm_msgs/lib/python3.12/site-packages/myroboticarm_msgs/_myroboticarm_msgs_s.ep.rosidl_typesupport_fastrtps_c.c
[9.773s] -- Installing: /home/kuldip/myroboticarm_ws/install/myroboticarm_msgs/lib/python3.12/site-packages/myroboticarm_msgs/_myroboticarm_msgs_s.ep.rosidl_typesupport_c.c
[9.773s] -- Installing: /home/kuldip/myroboticarm_ws/install/myroboticarm_msgs/lib/python3.12/site-packages/myroboticarm_msgs/myroboticarm_msgs_s__rosidl_typesupport_c.so
[9.773s] -- Installing: /home/kuldip/myroboticarm_ws/install/myroboticarm_msgs/lib/python3.12/site-packages/myroboticarm_msgs/_myroboticarm_msgs_s.ep.rosidl_typesupport_introspection_c.c
[9.774s] -- Up-to-date: /home/kuldip/myroboticarm_ws/install/myroboticarm_msgs/lib/python3.12/site-packages/myroboticarm_msgs/srv
[9.774s] -- Installing: /home/kuldip/myroboticarm_ws/install/myroboticarm_msgs/lib/python3.12/site-packages/myroboticarm_msgs/srv/_quater_to_eu.py
[9.774s] -- Installing: /home/kuldip/myroboticarm_ws/install/myroboticarm_msgs/lib/python3.12/site-packages/myroboticarm_msgs/srv/__init__.py
[9.774s] -- Installing: /home/kuldip/myroboticarm_ws/install/myroboticarm_msgs/lib/python3.12/site-packages/myroboticarm_msgs/srv/_add_twoints_s.c
[9.775s] -- Installing: /home/kuldip/myroboticarm_ws/install/myroboticarm_msgs/lib/python3.12/site-packages/myroboticarm_msgs/srv/_eu_to_quater_s.c
[9.775s] -- Installing: /home/kuldip/myroboticarm_ws/install/myroboticarm_msgs/lib/python3.12/site-packages/myroboticarm_msgs/srv/_quater_to_eu_s.c
[9.775s] -- Installing: /home/kuldip/myroboticarm_ws/install/myroboticarm_msgs/lib/python3.12/site-packages/myroboticarm_msgs/srv/_add_twoints.py
[9.775s] -- Installing: /home/kuldip/myroboticarm_ws/install/myroboticarm_msgs/lib/python3.12/site-packages/myroboticarm_msgs/srv/_eu_to_quater.py
[9.775s] -- Installing: /home/kuldip/myroboticarm_ws/install/myroboticarm_msgs/lib/python3.12/site-packages/myroboticarm_msgs/myroboticarm_msgs_s__rosidl_typesupport_fastrtps_c.so
[9.866s] Listing '/home/kuldip/myroboticarm_ws/install/myroboticarm_msgs/lib/python3.12/site-packages/myroboticarm_msgs'...
[9.866s] Compiling '/home/kuldip/myroboticarm_ws/install/myroboticarm_msgs/lib/python3.12/site-packages/myroboticarm_msgs/__init__.py'...
[9.866s] Listing '/home/kuldip/myroboticarm_ws/install/myroboticarm_msgs/lib/python3.12/site-packages/myroboticarm_msgs/action'...
[9.866s] Compiling '/home/kuldip/myroboticarm_ws/install/myroboticarm_msgs/lib/python3.12/site-packages/myroboticarm_msgs/action/__init__.py'...
[9.867s] Compiling '/home/kuldip/myroboticarm_ws/install/myroboticarm_msgs/lib/python3.12/site-packages/myroboticarm_msgs/action/_fibonacci.py'...
[9.867s] Listing '/home/kuldip/myroboticarm_ws/install/myroboticarm_msgs/lib/python3.12/site-packages/myroboticarm_msgs/srv'...
[9.867s] Compiling '/home/kuldip/myroboticarm_ws/install/myroboticarm_msgs/lib/python3.12/site-packages/myroboticarm_msgs/srv/__init__.py'...
[9.867s] Compiling '/home/kuldip/myroboticarm_ws/install/myroboticarm_msgs/lib/python3.12/site-packages/myroboticarm_msgs/srv/_add_twoints.py'...
[9.867s] Compiling '/home/kuldip/myroboticarm_ws/install/myroboticarm_msgs/lib/python3.12/site-packages/myroboticarm_msgs/srv/_eu_to_quater.py'...
[9.868s] Compiling '/home/kuldip/myroboticarm_ws/install/myroboticarm_msgs/lib/python3.12/site-packages/myroboticarm_msgs/srv/_quater_to_eu.py'...
[9.875s] -- Installing: /home/kuldip/myroboticarm_ws/install/myroboticarm_msgs/lib/python3.12/site-packages/myroboticarm_msgs/myroboticarm_msgs_s__rosidl_typesupport_fastrtps_c.so
[9.876s] -- Set non-toolchain portion of runtime path of "/home/kuldip/myroboticarm_ws/install/myroboticarm_msgs/lib/python3.12/site-packages/myroboticarm_msgs/myroboticarm_msgs_s__rosidl_typesupport_fastrtps_c.so" to ""
[9.876s] -- Installing: /home/kuldip/myroboticarm_ws/install/myroboticarm_msgs/lib/python3.12/site-packages/myroboticarm_msgs/myroboticarm_msgs_s__rosidl_typesupport_introspection_c.so
[9.877s] -- Set non-toolchain portion of runtime path of "/home/kuldip/myroboticarm_ws/install/myroboticarm_msgs/lib/python3.12/site-packages/myroboticarm_msgs/myroboticarm_msgs_s__rosidl_typesupport_introspection_c.so" to ""
[9.877s] -- Installing: /home/kuldip/myroboticarm_ws/install/myroboticarm_msgs/lib/python3.12/site-packages/myroboticarm_msgs/myroboticarm_msgs_s__rosidl_typesupport_c.so
[9.878s] -- Set non-toolchain portion of runtime path of "/home/kuldip/myroboticarm_ws/install/myroboticarm_msgs/lib/python3.12/site-packages/myroboticarm_msgs/myroboticarm_msgs_s__rosidl_typesupport_c.so" to ""
[9.878s] -- Installing: /home/kuldip/myroboticarm_ws/install/myroboticarm_msgs/lib/libmyroboticarm_msgs__rosidl_generator_py.so
[9.879s] -- Set non-toolchain portion of runtime path of "/home/kuldip/myroboticarm_ws/install/myroboticarm_msgs/lib/libmyroboticarm_msgs__rosidl_generator_py.so" to ""
[9.879s] -- Up-to-date: /home/kuldip/myroboticarm_ws/install/myroboticarm_msgs/share/myroboticarm_msgs/srv/AddTwoints.idl
[9.880s] -- Up-to-date: /home/kuldip/myroboticarm_ws/install/myroboticarm_msgs/share/myroboticarm_msgs/srv/EuToQuater.idl
[9.880s] -- Up-to-date: /home/kuldip/myroboticarm_ws/install/myroboticarm_msgs/share/myroboticarm_msgs/srv/QuaterToEu.idl
[9.880s] -- Installing: /home/kuldip/myroboticarm_ws/install/myroboticarm_msgs/share/myroboticarm_msgs/action/Fibonacci.idl
[9.881s] -- Up-to-date: /home/kuldip/myroboticarm_ws/install/myroboticarm_msgs/share/myroboticarm_msgs/srv/AddTwoints.srv
[9.881s] -- Up-to-date: /home/kuldip/myroboticarm_ws/install/myroboticarm_msgs/share/myroboticarm_msgs/srv/EuToQuater.srv
[9.881s] -- Up-to-date: /home/kuldip/myroboticarm_ws/install/myroboticarm_msgs/share/myroboticarm_msgs/srv/QuaterToEu.srv
[9.881s] -- Installing: /home/kuldip/myroboticarm_ws/install/myroboticarm_msgs/share/myroboticarm_msgs/action/Fibonacci.action
[9.881s] -- Up-to-date: /home/kuldip/myroboticarm_ws/install/myroboticarm_msgs/share/ament_index/resource_index/package_run_dependencies/myroboticarm_msgs
[9.881s] -- Installing: /home/kuldip/myroboticarm_ws/install/myroboticarm_msgs/share/ament_index/resource_index/parent_prefix_path/myroboticarm_msgs
[9.882s] -- Up-to-date: /home/kuldip/myroboticarm_ws/install/myroboticarm_msgs/share/myroboticarm_msgs/environment/ament_prefix_path.sh
[9.882s] -- Up-to-date: /home/kuldip/myroboticarm_ws/install/myroboticarm_msgs/share/myroboticarm_msgs/environment/ament_prefix_path.dsv
[9.882s] -- Up-to-date: /home/kuldip/myroboticarm_ws/install/myroboticarm_msgs/share/myroboticarm_msgs/environment/path.sh
[9.882s] -- Up-to-date: /home/kuldip/myroboticarm_ws/install/myroboticarm_msgs/share/myroboticarm_msgs/environment/path.dsv
[9.882s] -- Up-to-date: /home/kuldip/myroboticarm_ws/install/myroboticarm_msgs/share/myroboticarm_msgs/local_setup.bash
[9.882s] -- Up-to-date: /home/kuldip/myroboticarm_ws/install/myroboticarm_msgs/share/myroboticarm_msgs/local_setup.sh
[9.883s] -- Up-to-date: /home/kuldip/myroboticarm_ws/install/myroboticarm_msgs/share/myroboticarm_msgs/local_setup.zsh
[9.883s] -- Up-to-date: /home/kuldip/myroboticarm_ws/install/myroboticarm_msgs/share/myroboticarm_msgs/local_setup.dsv
[9.883s] -- Installing: /home/kuldip/myroboticarm_ws/install/myroboticarm_msgs/share/myroboticarm_msgs/package.dsv
[9.883s] -- Up-to-date: /home/kuldip/myroboticarm_ws/install/myroboticarm_msgs/share/ament_index/resource_index/packages/myroboticarm_msgs
[9.883s] -- Old export file "/home/kuldip/myroboticarm_ws/install/myroboticarm_msgs/share/myroboticarm_msgs/cmake/export_myroboticarm_msgs__rosidl_generator_cExport.cmake" will be replaced.  Removing files [/home/kuldip/myroboticarm_ws/install/myroboticarm_msgs/share/myroboticarm_msgs/cmake/export_myroboticarm_msgs__rosidl_generator_cExport-noconfig.cmake].
[9.883s] -- Installing: /home/kuldip/myroboticarm_ws/install/myroboticarm_msgs/share/myroboticarm_msgs/cmake/export_myroboticarm_msgs__rosidl_generator_cExport.cmake
[9.884s] -- Installing: /home/kuldip/myroboticarm_ws/install/myroboticarm_msgs/share/myroboticarm_msgs/cmake/export_myroboticarm_msgs__rosidl_generator_cExport-noconfig.cmake
[9.884s] -- Old export file "/home/kuldip/myroboticarm_ws/install/myroboticarm_msgs/share/myroboticarm_msgs/cmake/export_myroboticarm_msgs__rosidl_typesupport_fastrtps_cExport.cmake" will be replaced.  Removing files [/home/kuldip/myroboticarm_ws/install/myroboticarm_msgs/share/myroboticarm_msgs/cmake/export_myroboticarm_msgs__rosidl_typesupport_fastrtps_cExport-noconfig.cmake].
[9.884s] -- Installing: /home/kuldip/myroboticarm_ws/install/myroboticarm_msgs/share/myroboticarm_msgs/cmake/export_myroboticarm_msgs__rosidl_typesupport_fastrtps_cExport.cmake
[9.884s] -- Installing: /home/kuldip/myroboticarm_ws/install/myroboticarm_msgs/share/myroboticarm_msgs/cmake/export_myroboticarm_msgs__rosidl_typesupport_fastrtps_cExport-noconfig.cmake
[9.884s] -- Installing: /home/kuldip/myroboticarm_ws/install/myroboticarm_msgs/share/myroboticarm_msgs/cmake/export_myroboticarm_msgs__rosidl_generator_cppExport.cmake
[9.885s] -- Old export file "/home/kuldip/myroboticarm_ws/install/myroboticarm_msgs/share/myroboticarm_msgs/cmake/export_myroboticarm_msgs__rosidl_typesupport_fastrtps_cppExport.cmake" will be replaced.  Removing files [/home/kuldip/myroboticarm_ws/install/myroboticarm_msgs/share/myroboticarm_msgs/cmake/export_myroboticarm_msgs__rosidl_typesupport_fastrtps_cppExport-noconfig.cmake].
[9.885s] -- Installing: /home/kuldip/myroboticarm_ws/install/myroboticarm_msgs/share/myroboticarm_msgs/cmake/export_myroboticarm_msgs__rosidl_typesupport_fastrtps_cppExport.cmake
[9.885s] -- Installing: /home/kuldip/myroboticarm_ws/install/myroboticarm_msgs/share/myroboticarm_msgs/cmake/export_myroboticarm_msgs__rosidl_typesupport_fastrtps_cppExport-noconfig.cmake
[9.885s] -- Old export file "/home/kuldip/myroboticarm_ws/install/myroboticarm_msgs/share/myroboticarm_msgs/cmake/myroboticarm_msgs__rosidl_typesupport_introspection_cExport.cmake" will be replaced.  Removing files [/home/kuldip/myroboticarm_ws/install/myroboticarm_msgs/share/myroboticarm_msgs/cmake/myroboticarm_msgs__rosidl_typesupport_introspection_cExport-noconfig.cmake].
[9.886s] -- Installing: /home/kuldip/myroboticarm_ws/install/myroboticarm_msgs/share/myroboticarm_msgs/cmake/myroboticarm_msgs__rosidl_typesupport_introspection_cExport.cmake
[9.886s] -- Installing: /home/kuldip/myroboticarm_ws/install/myroboticarm_msgs/share/myroboticarm_msgs/cmake/myroboticarm_msgs__rosidl_typesupport_introspection_cExport-noconfig.cmake
[9.886s] -- Old export file "/home/kuldip/myroboticarm_ws/install/myroboticarm_msgs/share/myroboticarm_msgs/cmake/myroboticarm_msgs__rosidl_typesupport_cExport.cmake" will be replaced.  Removing files [/home/kuldip/myroboticarm_ws/install/myroboticarm_msgs/share/myroboticarm_msgs/cmake/myroboticarm_msgs__rosidl_typesupport_cExport-noconfig.cmake].
[9.886s] -- Installing: /home/kuldip/myroboticarm_ws/install/myroboticarm_msgs/share/myroboticarm_msgs/cmake/myroboticarm_msgs__rosidl_typesupport_cExport.cmake
[9.886s] -- Installing: /home/kuldip/myroboticarm_ws/install/myroboticarm_msgs/share/myroboticarm_msgs/cmake/myroboticarm_msgs__rosidl_typesupport_cExport-noconfig.cmake
[9.887s] -- Old export file "/home/kuldip/myroboticarm_ws/install/myroboticarm_msgs/share/myroboticarm_msgs/cmake/myroboticarm_msgs__rosidl_typesupport_introspection_cppExport.cmake" will be replaced.  Removing files [/home/kuldip/myroboticarm_ws/install/myroboticarm_msgs/share/myroboticarm_msgs/cmake/myroboticarm_msgs__rosidl_typesupport_introspection_cppExport-noconfig.cmake].
[9.887s] -- Installing: /home/kuldip/myroboticarm_ws/install/myroboticarm_msgs/share/myroboticarm_msgs/cmake/myroboticarm_msgs__rosidl_typesupport_introspection_cppExport.cmake
[9.887s] -- Installing: /home/kuldip/myroboticarm_ws/install/myroboticarm_msgs/share/myroboticarm_msgs/cmake/myroboticarm_msgs__rosidl_typesupport_introspection_cppExport-noconfig.cmake
[9.887s] -- Old export file "/home/kuldip/myroboticarm_ws/install/myroboticarm_msgs/share/myroboticarm_msgs/cmake/myroboticarm_msgs__rosidl_typesupport_cppExport.cmake" will be replaced.  Removing files [/home/kuldip/myroboticarm_ws/install/myroboticarm_msgs/share/myroboticarm_msgs/cmake/myroboticarm_msgs__rosidl_typesupport_cppExport-noconfig.cmake].
[9.887s] -- Installing: /home/kuldip/myroboticarm_ws/install/myroboticarm_msgs/share/myroboticarm_msgs/cmake/myroboticarm_msgs__rosidl_typesupport_cppExport.cmake
[9.887s] -- Installing: /home/kuldip/myroboticarm_ws/install/myroboticarm_msgs/share/myroboticarm_msgs/cmake/myroboticarm_msgs__rosidl_typesupport_cppExport-noconfig.cmake
[9.887s] -- Up-to-date: /home/kuldip/myroboticarm_ws/install/myroboticarm_msgs/share/myroboticarm_msgs/cmake/export_myroboticarm_msgs__rosidl_generator_pyExport.cmake
[9.887s] -- Installing: /home/kuldip/myroboticarm_ws/install/myroboticarm_msgs/share/myroboticarm_msgs/cmake/export_myroboticarm_msgs__rosidl_generator_pyExport-noconfig.cmake
[9.887s] -- Installing: /home/kuldip/myroboticarm_ws/install/myroboticarm_msgs/share/myroboticarm_msgs/cmake/rosidl_cmake-extras.cmake
[9.887s] -- Installing: /home/kuldip/myroboticarm_ws/install/myroboticarm_msgs/share/myroboticarm_msgs/cmake/ament_cmake_export_dependencies-extras.cmake
[9.888s] -- Up-to-date: /home/kuldip/myroboticarm_ws/install/myroboticarm_msgs/share/myroboticarm_msgs/cmake/ament_cmake_export_include_directories-extras.cmake
[9.888s] -- Up-to-date: /home/kuldip/myroboticarm_ws/install/myroboticarm_msgs/share/myroboticarm_msgs/cmake/ament_cmake_export_libraries-extras.cmake
[9.888s] -- Up-to-date: /home/kuldip/myroboticarm_ws/install/myroboticarm_msgs/share/myroboticarm_msgs/cmake/ament_cmake_export_targets-extras.cmake
[9.888s] -- Up-to-date: /home/kuldip/myroboticarm_ws/install/myroboticarm_msgs/share/myroboticarm_msgs/cmake/rosidl_cmake_export_typesupport_targets-extras.cmake
[9.888s] -- Up-to-date: /home/kuldip/myroboticarm_ws/install/myroboticarm_msgs/share/myroboticarm_msgs/cmake/rosidl_cmake_export_typesupport_libraries-extras.cmake
[9.888s] -- Up-to-date: /home/kuldip/myroboticarm_ws/install/myroboticarm_msgs/share/myroboticarm_msgs/cmake/myroboticarm_msgsConfig.cmake
[9.888s] -- Up-to-date: /home/kuldip/myroboticarm_ws/install/myroboticarm_msgs/share/myroboticarm_msgs/cmake/myroboticarm_msgsConfig-version.cmake
[9.888s] -- Up-to-date: /home/kuldip/myroboticarm_ws/install/myroboticarm_msgs/share/myroboticarm_msgs/package.xml
[9.889s] Invoked command in '/home/kuldip/myroboticarm_ws/build/myroboticarm_msgs' returned '0': CMAKE_PREFIX_PATH=${CMAKE_PREFIX_PATH}:/home/kuldip/myroboticarm_ws/install/myroboticarm_description:/home/kuldip/myroboticarm_ws/install/myroboticarm:/home/kuldip/arduinobot_ws/install/arduinobot_py_examples:/home/kuldip/myroboticarm_ws/src/install/myroboticarm:/opt/ros/jazzy DEBUGINFOD_URLS=https://debuginfod.ubuntu.com /usr/bin/cmake --install /home/kuldip/myroboticarm_ws/build/myroboticarm_msgs
