[0.143s] Invoking command in '/home/kuldip/myroboticarm_ws/build/myroboticarm_cpp': CMAKE_PREFIX_PATH=${CMAKE_PREFIX_PATH}:/home/kuldip/myroboticarm_ws/install/myroboticarm_description:/home/kuldip/myroboticarm_ws/install/myroboticarm:/home/kuldip/ros2_ws/install/my_robot_controller:/opt/ros/humble /usr/bin/cmake --build /home/kuldip/myroboticarm_ws/build/myroboticarm_cpp -- -j12 -l12
[0.173s] Invoked command in '/home/kuldip/myroboticarm_ws/build/myroboticarm_cpp' returned '0': CMAKE_PREFIX_PATH=${CMAKE_PREFIX_PATH}:/home/kuldip/myroboticarm_ws/install/myroboticarm_description:/home/kuldip/myroboticarm_ws/install/myroboticarm:/home/kuldip/ros2_ws/install/my_robot_controller:/opt/ros/humble /usr/bin/cmake --build /home/kuldip/myroboticarm_ws/build/myroboticarm_cpp -- -j12 -l12
[0.181s] Invoking command in '/home/kuldip/myroboticarm_ws/build/myroboticarm_cpp': CMAKE_PREFIX_PATH=${CMAKE_PREFIX_PATH}:/home/kuldip/myroboticarm_ws/install/myroboticarm_description:/home/kuldip/myroboticarm_ws/install/myroboticarm:/home/kuldip/ros2_ws/install/my_robot_controller:/opt/ros/humble /usr/bin/cmake --install /home/kuldip/myroboticarm_ws/build/myroboticarm_cpp
[0.187s] -- Install configuration: ""
[0.187s] -- Up-to-date: /home/kuldip/myroboticarm_ws/install/myroboticarm_cpp/share/ament_index/resource_index/package_run_dependencies/myroboticarm_cpp
[0.187s] -- Up-to-date: /home/kuldip/myroboticarm_ws/install/myroboticarm_cpp/share/ament_index/resource_index/parent_prefix_path/myroboticarm_cpp
[0.187s] -- Up-to-date: /home/kuldip/myroboticarm_ws/install/myroboticarm_cpp/share/myroboticarm_cpp/environment/ament_prefix_path.sh
[0.187s] -- Up-to-date: /home/kuldip/myroboticarm_ws/install/myroboticarm_cpp/share/myroboticarm_cpp/environment/ament_prefix_path.dsv
[0.188s] -- Up-to-date: /home/kuldip/myroboticarm_ws/install/myroboticarm_cpp/share/myroboticarm_cpp/environment/path.sh
[0.188s] -- Up-to-date: /home/kuldip/myroboticarm_ws/install/myroboticarm_cpp/share/myroboticarm_cpp/environment/path.dsv
[0.188s] -- Up-to-date: /home/kuldip/myroboticarm_ws/install/myroboticarm_cpp/share/myroboticarm_cpp/local_setup.bash
[0.188s] -- Up-to-date: /home/kuldip/myroboticarm_ws/install/myroboticarm_cpp/share/myroboticarm_cpp/local_setup.sh
[0.188s] -- Up-to-date: /home/kuldip/myroboticarm_ws/install/myroboticarm_cpp/share/myroboticarm_cpp/local_setup.zsh
[0.188s] -- Up-to-date: /home/kuldip/myroboticarm_ws/install/myroboticarm_cpp/share/myroboticarm_cpp/local_setup.dsv
[0.188s] -- Installing: /home/kuldip/myroboticarm_ws/install/myroboticarm_cpp/share/myroboticarm_cpp/package.dsv
[0.188s] -- Up-to-date: /home/kuldip/myroboticarm_ws/install/myroboticarm_cpp/share/ament_index/resource_index/packages/myroboticarm_cpp
[0.188s] -- Up-to-date: /home/kuldip/myroboticarm_ws/install/myroboticarm_cpp/share/myroboticarm_cpp/cmake/myroboticarm_cppConfig.cmake
[0.188s] -- Up-to-date: /home/kuldip/myroboticarm_ws/install/myroboticarm_cpp/share/myroboticarm_cpp/cmake/myroboticarm_cppConfig-version.cmake
[0.188s] -- Up-to-date: /home/kuldip/myroboticarm_ws/install/myroboticarm_cpp/share/myroboticarm_cpp/package.xml
[0.189s] Invoked command in '/home/kuldip/myroboticarm_ws/build/myroboticarm_cpp' returned '0': CMAKE_PREFIX_PATH=${CMAKE_PREFIX_PATH}:/home/kuldip/myroboticarm_ws/install/myroboticarm_description:/home/kuldip/myroboticarm_ws/install/myroboticarm:/home/kuldip/ros2_ws/install/my_robot_controller:/opt/ros/humble /usr/bin/cmake --install /home/kuldip/myroboticarm_ws/build/myroboticarm_cpp
