[0.335s] Invoking command in '/home/kuldip/myroboticarm_ws/src/myroboticarm': PYTHONPATH=/home/kuldip/myroboticarm_ws/build/myroboticarm/prefix_override:/usr/lib/python3/dist-packages/colcon_core/task/python/colcon_distutils_commands:/home/kuldip/myroboticarm_ws/install/myroboticarm/lib/python3.10/site-packages:${PYTHONPATH} /usr/bin/python3 -W ignore:setup.py install is deprecated -W ignore:easy_install command is deprecated setup.py egg_info --egg-base ../../build/myroboticarm build --build-base /home/kuldip/myroboticarm_ws/build/myroboticarm/build install --record /home/kuldip/myroboticarm_ws/build/myroboticarm/install.log --single-version-externally-managed install_data
[0.460s] running egg_info
[0.460s] writing ../../build/myroboticarm/myroboticarm.egg-info/PKG-INFO
[0.460s] writing dependency_links to ../../build/myroboticarm/myroboticarm.egg-info/dependency_links.txt
[0.460s] writing entry points to ../../build/myroboticarm/myroboticarm.egg-info/entry_points.txt
[0.460s] writing requirements to ../../build/myroboticarm/myroboticarm.egg-info/requires.txt
[0.460s] writing top-level names to ../../build/myroboticarm/myroboticarm.egg-info/top_level.txt
[0.461s] reading manifest file '../../build/myroboticarm/myroboticarm.egg-info/SOURCES.txt'
[0.461s] writing manifest file '../../build/myroboticarm/myroboticarm.egg-info/SOURCES.txt'
[0.462s] running build
[0.462s] running build_py
[0.462s] copying myroboticarm/simple_parameter.py -> /home/kuldip/myroboticarm_ws/build/myroboticarm/build/lib/myroboticarm
[0.462s] running install
[0.462s] running install_lib
[0.463s] copying /home/kuldip/myroboticarm_ws/build/myroboticarm/build/lib/myroboticarm/simple_parameter.py -> /home/kuldip/myroboticarm_ws/install/myroboticarm/lib/python3.10/site-packages/myroboticarm
[0.463s] byte-compiling /home/kuldip/myroboticarm_ws/install/myroboticarm/lib/python3.10/site-packages/myroboticarm/simple_parameter.py to simple_parameter.cpython-310.pyc
[0.463s] running install_data
[0.463s] running install_egg_info
[0.465s] removing '/home/kuldip/myroboticarm_ws/install/myroboticarm/lib/python3.10/site-packages/myroboticarm-0.0.0-py3.10.egg-info' (and everything under it)
[0.465s] Copying ../../build/myroboticarm/myroboticarm.egg-info to /home/kuldip/myroboticarm_ws/install/myroboticarm/lib/python3.10/site-packages/myroboticarm-0.0.0-py3.10.egg-info
[0.466s] running install_scripts
[0.481s] Installing simple_parameter script to /home/kuldip/myroboticarm_ws/install/myroboticarm/lib/myroboticarm
[0.481s] Installing simple_publisher script to /home/kuldip/myroboticarm_ws/install/myroboticarm/lib/myroboticarm
[0.481s] Installing simple_subscriber script to /home/kuldip/myroboticarm_ws/install/myroboticarm/lib/myroboticarm
[0.482s] writing list of installed files to '/home/kuldip/myroboticarm_ws/build/myroboticarm/install.log'
[0.497s] Invoked command in '/home/kuldip/myroboticarm_ws/src/myroboticarm' returned '0': PYTHONPATH=/home/kuldip/myroboticarm_ws/build/myroboticarm/prefix_override:/usr/lib/python3/dist-packages/colcon_core/task/python/colcon_distutils_commands:/home/kuldip/myroboticarm_ws/install/myroboticarm/lib/python3.10/site-packages:${PYTHONPATH} /usr/bin/python3 -W ignore:setup.py install is deprecated -W ignore:easy_install command is deprecated setup.py egg_info --egg-base ../../build/myroboticarm build --build-base /home/kuldip/myroboticarm_ws/build/myroboticarm/build install --record /home/kuldip/myroboticarm_ws/build/myroboticarm/install.log --single-version-externally-managed install_data
