[1.944s] Invoking command in '/home/kuldip/myroboticarm_ws/src/myroboticarm': DEBUGINFOD_URLS=https://debuginfod.ubuntu.com PYTHONPATH=/home/kuldip/myroboticarm_ws/build/myroboticarm/prefix_override:/usr/lib/python3/dist-packages/colcon_core/task/python/colcon_distutils_commands:/home/kuldip/myroboticarm_ws/install/myroboticarm/lib/python3.12/site-packages:${PYTHONPATH} /usr/bin/python3 -W ignore:setup.py install is deprecated -W ignore:easy_install command is deprecated setup.py egg_info --egg-base ../../build/myroboticarm build --build-base /home/kuldip/myroboticarm_ws/build/myroboticarm/build install --record /home/kuldip/myroboticarm_ws/build/myroboticarm/install.log --single-version-externally-managed install_data
[2.558s] running egg_info
[2.602s] writing ../../build/myroboticarm/myroboticarm.egg-info/PKG-INFO
[2.602s] writing dependency_links to ../../build/myroboticarm/myroboticarm.egg-info/dependency_links.txt
[2.603s] writing entry points to ../../build/myroboticarm/myroboticarm.egg-info/entry_points.txt
[2.604s] writing requirements to ../../build/myroboticarm/myroboticarm.egg-info/requires.txt
[2.604s] writing top-level names to ../../build/myroboticarm/myroboticarm.egg-info/top_level.txt
[2.699s] reading manifest file '../../build/myroboticarm/myroboticarm.egg-info/SOURCES.txt'
[2.702s] writing manifest file '../../build/myroboticarm/myroboticarm.egg-info/SOURCES.txt'
[2.702s] running build
[2.703s] running build_py
[2.703s] running install
[2.716s] running install_lib
[2.745s] running install_data
[2.745s] running install_egg_info
[2.785s] removing '/home/kuldip/myroboticarm_ws/install/myroboticarm/lib/python3.12/site-packages/myroboticarm-0.0.0-py3.12.egg-info' (and everything under it)
[2.786s] Copying ../../build/myroboticarm/myroboticarm.egg-info to /home/kuldip/myroboticarm_ws/install/myroboticarm/lib/python3.12/site-packages/myroboticarm-0.0.0-py3.12.egg-info
[2.788s] running install_scripts
[3.063s] Installing simple_parameter script to /home/kuldip/myroboticarm_ws/install/myroboticarm/lib/myroboticarm
[3.063s] Installing simple_publisher script to /home/kuldip/myroboticarm_ws/install/myroboticarm/lib/myroboticarm
[3.063s] Installing simple_subscriber script to /home/kuldip/myroboticarm_ws/install/myroboticarm/lib/myroboticarm
[3.064s] writing list of installed files to '/home/kuldip/myroboticarm_ws/build/myroboticarm/install.log'
[3.136s] Invoked command in '/home/kuldip/myroboticarm_ws/src/myroboticarm' returned '0': DEBUGINFOD_URLS=https://debuginfod.ubuntu.com PYTHONPATH=/home/kuldip/myroboticarm_ws/build/myroboticarm/prefix_override:/usr/lib/python3/dist-packages/colcon_core/task/python/colcon_distutils_commands:/home/kuldip/myroboticarm_ws/install/myroboticarm/lib/python3.12/site-packages:${PYTHONPATH} /usr/bin/python3 -W ignore:setup.py install is deprecated -W ignore:easy_install command is deprecated setup.py egg_info --egg-base ../../build/myroboticarm build --build-base /home/kuldip/myroboticarm_ws/build/myroboticarm/build install --record /home/kuldip/myroboticarm_ws/build/myroboticarm/install.log --single-version-externally-managed install_data
