[0.194s] DEBUG:colcon:Command line arguments: ['/usr/bin/colcon', 'build']
[0.194s] DEBUG:colcon:Parsed command line arguments: Namespace(log_base=None, log_level=None, verb_name='build', build_base='build', install_base='install', merge_install=False, symlink_install=False, test_result_base=None, continue_on_error=False, executor='parallel', parallel_workers=12, event_handlers=None, ignore_user_meta=False, metas=['./colcon.meta'], base_paths=['.'], packages_ignore=None, packages_ignore_regex=None, paths=None, packages_up_to=None, packages_up_to_regex=None, packages_above=None, packages_above_and_dependencies=None, packages_above_depth=None, packages_select_by_dep=None, packages_skip_by_dep=None, packages_skip_up_to=None, packages_select_build_failed=False, packages_skip_build_finished=False, packages_select_test_failures=False, packages_skip_test_passed=False, packages_select=None, packages_skip=None, packages_select_regex=None, packages_skip_regex=None, packages_start=None, packages_end=None, allow_overriding=[], cmake_args=None, cmake_target=None, cmake_target_skip_unavailable=False, cmake_clean_cache=False, cmake_clean_first=False, cmake_force_configure=False, ament_cmake_args=None, catkin_cmake_args=None, catkin_skip_building_tests=False, mixin_files=None, mixin=None, verb_parser=<colcon_mixin.mixin.mixin_argument.MixinArgumentDecorator object at 0x79d43bf96240>, verb_extension=<colcon_core.verb.build.BuildVerb object at 0x79d43bf95ee0>, main=<bound method BuildVerb.main of <colcon_core.verb.build.BuildVerb object at 0x79d43bf95ee0>>, mixin_verb=('build',))
[0.249s] Level 1:colcon.colcon_core.package_discovery:discover_packages(colcon_meta) check parameters
[0.249s] Level 1:colcon.colcon_core.package_discovery:discover_packages(recursive) check parameters
[0.249s] Level 1:colcon.colcon_core.package_discovery:discover_packages(ignore) check parameters
[0.249s] Level 1:colcon.colcon_core.package_discovery:discover_packages(path) check parameters
[0.249s] Level 1:colcon.colcon_core.package_discovery:discover_packages(colcon_meta) discover
[0.250s] Level 1:colcon.colcon_core.package_discovery:discover_packages(recursive) discover
[0.250s] INFO:colcon.colcon_core.package_discovery:Crawling recursively for packages in '/home/kuldip/myroboticarm_ws'
[0.250s] Level 1:colcon.colcon_core.package_identification:_identify(.) by extensions ['ignore', 'ignore_ament_install']
[0.250s] Level 1:colcon.colcon_core.package_identification:_identify(.) by extension 'ignore'
[0.250s] Level 1:colcon.colcon_core.package_identification:_identify(.) by extension 'ignore_ament_install'
[0.250s] Level 1:colcon.colcon_core.package_identification:_identify(.) by extensions ['colcon_pkg']
[0.250s] Level 1:colcon.colcon_core.package_identification:_identify(.) by extension 'colcon_pkg'
[0.250s] Level 1:colcon.colcon_core.package_identification:_identify(.) by extensions ['colcon_meta']
[0.250s] Level 1:colcon.colcon_core.package_identification:_identify(.) by extension 'colcon_meta'
[0.250s] Level 1:colcon.colcon_core.package_identification:_identify(.) by extensions ['ros']
[0.250s] Level 1:colcon.colcon_core.package_identification:_identify(.) by extension 'ros'
[0.284s] Level 1:colcon.colcon_core.package_identification:_identify(.) by extensions ['cmake', 'python']
[0.284s] Level 1:colcon.colcon_core.package_identification:_identify(.) by extension 'cmake'
[0.284s] Level 1:colcon.colcon_core.package_identification:_identify(.) by extension 'python'
[0.284s] Level 1:colcon.colcon_core.package_identification:_identify(.) by extensions ['python_setup_py']
[0.284s] Level 1:colcon.colcon_core.package_identification:_identify(.) by extension 'python_setup_py'
[0.284s] Level 1:colcon.colcon_core.package_identification:_identify(build) by extensions ['ignore', 'ignore_ament_install']
[0.284s] Level 1:colcon.colcon_core.package_identification:_identify(build) by extension 'ignore'
[0.284s] Level 1:colcon.colcon_core.package_identification:_identify(build) ignored
[0.284s] Level 1:colcon.colcon_core.package_identification:_identify(install) by extensions ['ignore', 'ignore_ament_install']
[0.284s] Level 1:colcon.colcon_core.package_identification:_identify(install) by extension 'ignore'
[0.284s] Level 1:colcon.colcon_core.package_identification:_identify(install) ignored
[0.285s] Level 1:colcon.colcon_core.package_identification:_identify(log) by extensions ['ignore', 'ignore_ament_install']
[0.285s] Level 1:colcon.colcon_core.package_identification:_identify(log) by extension 'ignore'
[0.285s] Level 1:colcon.colcon_core.package_identification:_identify(log) ignored
[0.285s] Level 1:colcon.colcon_core.package_identification:_identify(src) by extensions ['ignore', 'ignore_ament_install']
[0.285s] Level 1:colcon.colcon_core.package_identification:_identify(src) by extension 'ignore'
[0.285s] Level 1:colcon.colcon_core.package_identification:_identify(src) by extension 'ignore_ament_install'
[0.285s] Level 1:colcon.colcon_core.package_identification:_identify(src) by extensions ['colcon_pkg']
[0.285s] Level 1:colcon.colcon_core.package_identification:_identify(src) by extension 'colcon_pkg'
[0.285s] Level 1:colcon.colcon_core.package_identification:_identify(src) by extensions ['colcon_meta']
[0.285s] Level 1:colcon.colcon_core.package_identification:_identify(src) by extension 'colcon_meta'
[0.285s] Level 1:colcon.colcon_core.package_identification:_identify(src) by extensions ['ros']
[0.285s] Level 1:colcon.colcon_core.package_identification:_identify(src) by extension 'ros'
[0.285s] Level 1:colcon.colcon_core.package_identification:_identify(src) by extensions ['cmake', 'python']
[0.285s] Level 1:colcon.colcon_core.package_identification:_identify(src) by extension 'cmake'
[0.286s] Level 1:colcon.colcon_core.package_identification:_identify(src) by extension 'python'
[0.286s] Level 1:colcon.colcon_core.package_identification:_identify(src) by extensions ['python_setup_py']
[0.286s] Level 1:colcon.colcon_core.package_identification:_identify(src) by extension 'python_setup_py'
[0.286s] Level 1:colcon.colcon_core.package_identification:_identify(src/build) by extensions ['ignore', 'ignore_ament_install']
[0.286s] Level 1:colcon.colcon_core.package_identification:_identify(src/build) by extension 'ignore'
[0.286s] Level 1:colcon.colcon_core.package_identification:_identify(src/build) ignored
[0.286s] Level 1:colcon.colcon_core.package_identification:_identify(src/install) by extensions ['ignore', 'ignore_ament_install']
[0.286s] Level 1:colcon.colcon_core.package_identification:_identify(src/install) by extension 'ignore'
[0.286s] Level 1:colcon.colcon_core.package_identification:_identify(src/install) ignored
[0.286s] Level 1:colcon.colcon_core.package_identification:_identify(src/log) by extensions ['ignore', 'ignore_ament_install']
[0.286s] Level 1:colcon.colcon_core.package_identification:_identify(src/log) by extension 'ignore'
[0.286s] Level 1:colcon.colcon_core.package_identification:_identify(src/log) ignored
[0.286s] Level 1:colcon.colcon_core.package_identification:_identify(src/myroboticarm) by extensions ['ignore', 'ignore_ament_install']
[0.286s] Level 1:colcon.colcon_core.package_identification:_identify(src/myroboticarm) by extension 'ignore'
[0.287s] Level 1:colcon.colcon_core.package_identification:_identify(src/myroboticarm) by extension 'ignore_ament_install'
[0.287s] Level 1:colcon.colcon_core.package_identification:_identify(src/myroboticarm) by extensions ['colcon_pkg']
[0.287s] Level 1:colcon.colcon_core.package_identification:_identify(src/myroboticarm) by extension 'colcon_pkg'
[0.287s] Level 1:colcon.colcon_core.package_identification:_identify(src/myroboticarm) by extensions ['colcon_meta']
[0.287s] Level 1:colcon.colcon_core.package_identification:_identify(src/myroboticarm) by extension 'colcon_meta'
[0.287s] Level 1:colcon.colcon_core.package_identification:_identify(src/myroboticarm) by extensions ['ros']
[0.287s] Level 1:colcon.colcon_core.package_identification:_identify(src/myroboticarm) by extension 'ros'
[0.293s] DEBUG:colcon.colcon_core.package_identification:Package 'src/myroboticarm' with type 'ros.ament_python' and name 'myroboticarm'
[0.293s] Level 1:colcon.colcon_core.package_identification:_identify(src/myroboticarm_controller) by extensions ['ignore', 'ignore_ament_install']
[0.293s] Level 1:colcon.colcon_core.package_identification:_identify(src/myroboticarm_controller) by extension 'ignore'
[0.293s] Level 1:colcon.colcon_core.package_identification:_identify(src/myroboticarm_controller) by extension 'ignore_ament_install'
[0.293s] Level 1:colcon.colcon_core.package_identification:_identify(src/myroboticarm_controller) by extensions ['colcon_pkg']
[0.293s] Level 1:colcon.colcon_core.package_identification:_identify(src/myroboticarm_controller) by extension 'colcon_pkg'
[0.293s] Level 1:colcon.colcon_core.package_identification:_identify(src/myroboticarm_controller) by extensions ['colcon_meta']
[0.293s] Level 1:colcon.colcon_core.package_identification:_identify(src/myroboticarm_controller) by extension 'colcon_meta'
[0.293s] Level 1:colcon.colcon_core.package_identification:_identify(src/myroboticarm_controller) by extensions ['ros']
[0.293s] Level 1:colcon.colcon_core.package_identification:_identify(src/myroboticarm_controller) by extension 'ros'
[0.294s] DEBUG:colcon.colcon_core.package_identification:Package 'src/myroboticarm_controller' with type 'ros.ament_cmake' and name 'myroboticarm_controller'
[0.294s] Level 1:colcon.colcon_core.package_identification:_identify(src/myroboticarm_description_cpp) by extensions ['ignore', 'ignore_ament_install']
[0.294s] Level 1:colcon.colcon_core.package_identification:_identify(src/myroboticarm_description_cpp) by extension 'ignore'
[0.294s] Level 1:colcon.colcon_core.package_identification:_identify(src/myroboticarm_description_cpp) by extension 'ignore_ament_install'
[0.294s] Level 1:colcon.colcon_core.package_identification:_identify(src/myroboticarm_description_cpp) by extensions ['colcon_pkg']
[0.294s] Level 1:colcon.colcon_core.package_identification:_identify(src/myroboticarm_description_cpp) by extension 'colcon_pkg'
[0.294s] Level 1:colcon.colcon_core.package_identification:_identify(src/myroboticarm_description_cpp) by extensions ['colcon_meta']
[0.294s] Level 1:colcon.colcon_core.package_identification:_identify(src/myroboticarm_description_cpp) by extension 'colcon_meta'
[0.294s] Level 1:colcon.colcon_core.package_identification:_identify(src/myroboticarm_description_cpp) by extensions ['ros']
[0.295s] Level 1:colcon.colcon_core.package_identification:_identify(src/myroboticarm_description_cpp) by extension 'ros'
[0.296s] DEBUG:colcon.colcon_core.package_identification:Package 'src/myroboticarm_description_cpp' with type 'ros.ament_cmake' and name 'myroboticarm_description_cpp'
[0.296s] Level 1:colcon.colcon_core.package_identification:_identify(src/myroboticarm_moveit) by extensions ['ignore', 'ignore_ament_install']
[0.296s] Level 1:colcon.colcon_core.package_identification:_identify(src/myroboticarm_moveit) by extension 'ignore'
[0.296s] Level 1:colcon.colcon_core.package_identification:_identify(src/myroboticarm_moveit) by extension 'ignore_ament_install'
[0.296s] Level 1:colcon.colcon_core.package_identification:_identify(src/myroboticarm_moveit) by extensions ['colcon_pkg']
[0.296s] Level 1:colcon.colcon_core.package_identification:_identify(src/myroboticarm_moveit) by extension 'colcon_pkg'
[0.296s] Level 1:colcon.colcon_core.package_identification:_identify(src/myroboticarm_moveit) by extensions ['colcon_meta']
[0.296s] Level 1:colcon.colcon_core.package_identification:_identify(src/myroboticarm_moveit) by extension 'colcon_meta'
[0.296s] Level 1:colcon.colcon_core.package_identification:_identify(src/myroboticarm_moveit) by extensions ['ros']
[0.296s] Level 1:colcon.colcon_core.package_identification:_identify(src/myroboticarm_moveit) by extension 'ros'
[0.297s] DEBUG:colcon.colcon_core.package_identification:Package 'src/myroboticarm_moveit' with type 'ros.ament_cmake' and name 'myroboticarm_moveit'
[0.297s] Level 1:colcon.colcon_core.package_identification:_identify(src/myroboticarm_msgs) by extensions ['ignore', 'ignore_ament_install']
[0.297s] Level 1:colcon.colcon_core.package_identification:_identify(src/myroboticarm_msgs) by extension 'ignore'
[0.297s] Level 1:colcon.colcon_core.package_identification:_identify(src/myroboticarm_msgs) by extension 'ignore_ament_install'
[0.297s] Level 1:colcon.colcon_core.package_identification:_identify(src/myroboticarm_msgs) by extensions ['colcon_pkg']
[0.297s] Level 1:colcon.colcon_core.package_identification:_identify(src/myroboticarm_msgs) by extension 'colcon_pkg'
[0.297s] Level 1:colcon.colcon_core.package_identification:_identify(src/myroboticarm_msgs) by extensions ['colcon_meta']
[0.297s] Level 1:colcon.colcon_core.package_identification:_identify(src/myroboticarm_msgs) by extension 'colcon_meta'
[0.297s] Level 1:colcon.colcon_core.package_identification:_identify(src/myroboticarm_msgs) by extensions ['ros']
[0.297s] Level 1:colcon.colcon_core.package_identification:_identify(src/myroboticarm_msgs) by extension 'ros'
[0.298s] DEBUG:colcon.colcon_core.package_identification:Package 'src/myroboticarm_msgs' with type 'ros.ament_cmake' and name 'myroboticarm_msgs'
[0.298s] Level 1:colcon.colcon_core.package_identification:_identify(src/myroboticarm_utils) by extensions ['ignore', 'ignore_ament_install']
[0.298s] Level 1:colcon.colcon_core.package_identification:_identify(src/myroboticarm_utils) by extension 'ignore'
[0.298s] Level 1:colcon.colcon_core.package_identification:_identify(src/myroboticarm_utils) by extension 'ignore_ament_install'
[0.298s] Level 1:colcon.colcon_core.package_identification:_identify(src/myroboticarm_utils) by extensions ['colcon_pkg']
[0.298s] Level 1:colcon.colcon_core.package_identification:_identify(src/myroboticarm_utils) by extension 'colcon_pkg'
[0.298s] Level 1:colcon.colcon_core.package_identification:_identify(src/myroboticarm_utils) by extensions ['colcon_meta']
[0.298s] Level 1:colcon.colcon_core.package_identification:_identify(src/myroboticarm_utils) by extension 'colcon_meta'
[0.298s] Level 1:colcon.colcon_core.package_identification:_identify(src/myroboticarm_utils) by extensions ['ros']
[0.298s] Level 1:colcon.colcon_core.package_identification:_identify(src/myroboticarm_utils) by extension 'ros'
[0.299s] DEBUG:colcon.colcon_core.package_identification:Package 'src/myroboticarm_utils' with type 'ros.ament_cmake' and name 'myroboticarm_utils'
[0.299s] Level 1:colcon.colcon_core.package_discovery:discover_packages(recursive) using defaults
[0.299s] Level 1:colcon.colcon_core.package_discovery:discover_packages(ignore) discover
[0.299s] Level 1:colcon.colcon_core.package_discovery:discover_packages(ignore) using defaults
[0.299s] Level 1:colcon.colcon_core.package_discovery:discover_packages(path) discover
[0.299s] Level 1:colcon.colcon_core.package_discovery:discover_packages(path) using defaults
[0.324s] Level 1:colcon.colcon_core.package_discovery:discover_packages(prefix_path) check parameters
[0.324s] Level 1:colcon.colcon_core.package_discovery:discover_packages(prefix_path) discover
[0.327s] DEBUG:colcon.colcon_installed_package_information.package_discovery:Found 8 installed packages in /home/kuldip/myroboticarm_ws/install
[0.328s] DEBUG:colcon.colcon_installed_package_information.package_discovery:Found 4 installed packages in /home/kuldip/arduinobot_ws/install
[0.328s] DEBUG:colcon.colcon_installed_package_information.package_discovery:Found 7 installed packages in /home/kuldip/myroboticarm_ws/src/install
[0.331s] DEBUG:colcon.colcon_installed_package_information.package_discovery:Found 414 installed packages in /opt/ros/jazzy
[0.332s] Level 1:colcon.colcon_core.package_discovery:discover_packages(prefix_path) using defaults
[0.390s] Level 5:colcon.colcon_core.verb:set package 'myroboticarm' build argument 'cmake_args' from command line to 'None'
[0.390s] Level 5:colcon.colcon_core.verb:set package 'myroboticarm' build argument 'cmake_target' from command line to 'None'
[0.390s] Level 5:colcon.colcon_core.verb:set package 'myroboticarm' build argument 'cmake_target_skip_unavailable' from command line to 'False'
[0.390s] Level 5:colcon.colcon_core.verb:set package 'myroboticarm' build argument 'cmake_clean_cache' from command line to 'False'
[0.390s] Level 5:colcon.colcon_core.verb:set package 'myroboticarm' build argument 'cmake_clean_first' from command line to 'False'
[0.390s] Level 5:colcon.colcon_core.verb:set package 'myroboticarm' build argument 'cmake_force_configure' from command line to 'False'
[0.390s] Level 5:colcon.colcon_core.verb:set package 'myroboticarm' build argument 'ament_cmake_args' from command line to 'None'
[0.390s] Level 5:colcon.colcon_core.verb:set package 'myroboticarm' build argument 'catkin_cmake_args' from command line to 'None'
[0.390s] Level 5:colcon.colcon_core.verb:set package 'myroboticarm' build argument 'catkin_skip_building_tests' from command line to 'False'
[0.390s] DEBUG:colcon.colcon_core.verb:Building package 'myroboticarm' with the following arguments: {'ament_cmake_args': None, 'build_base': '/home/kuldip/myroboticarm_ws/build/myroboticarm', 'catkin_cmake_args': None, 'catkin_skip_building_tests': False, 'cmake_args': None, 'cmake_clean_cache': False, 'cmake_clean_first': False, 'cmake_force_configure': False, 'cmake_target': None, 'cmake_target_skip_unavailable': False, 'install_base': '/home/kuldip/myroboticarm_ws/install/myroboticarm', 'merge_install': False, 'path': '/home/kuldip/myroboticarm_ws/src/myroboticarm', 'symlink_install': False, 'test_result_base': None}
[0.391s] Level 5:colcon.colcon_core.verb:set package 'myroboticarm_controller' build argument 'cmake_args' from command line to 'None'
[0.391s] Level 5:colcon.colcon_core.verb:set package 'myroboticarm_controller' build argument 'cmake_target' from command line to 'None'
[0.391s] Level 5:colcon.colcon_core.verb:set package 'myroboticarm_controller' build argument 'cmake_target_skip_unavailable' from command line to 'False'
[0.391s] Level 5:colcon.colcon_core.verb:set package 'myroboticarm_controller' build argument 'cmake_clean_cache' from command line to 'False'
[0.391s] Level 5:colcon.colcon_core.verb:set package 'myroboticarm_controller' build argument 'cmake_clean_first' from command line to 'False'
[0.391s] Level 5:colcon.colcon_core.verb:set package 'myroboticarm_controller' build argument 'cmake_force_configure' from command line to 'False'
[0.391s] Level 5:colcon.colcon_core.verb:set package 'myroboticarm_controller' build argument 'ament_cmake_args' from command line to 'None'
[0.391s] Level 5:colcon.colcon_core.verb:set package 'myroboticarm_controller' build argument 'catkin_cmake_args' from command line to 'None'
[0.391s] Level 5:colcon.colcon_core.verb:set package 'myroboticarm_controller' build argument 'catkin_skip_building_tests' from command line to 'False'
[0.391s] DEBUG:colcon.colcon_core.verb:Building package 'myroboticarm_controller' with the following arguments: {'ament_cmake_args': None, 'build_base': '/home/kuldip/myroboticarm_ws/build/myroboticarm_controller', 'catkin_cmake_args': None, 'catkin_skip_building_tests': False, 'cmake_args': None, 'cmake_clean_cache': False, 'cmake_clean_first': False, 'cmake_force_configure': False, 'cmake_target': None, 'cmake_target_skip_unavailable': False, 'install_base': '/home/kuldip/myroboticarm_ws/install/myroboticarm_controller', 'merge_install': False, 'path': '/home/kuldip/myroboticarm_ws/src/myroboticarm_controller', 'symlink_install': False, 'test_result_base': None}
[0.392s] Level 5:colcon.colcon_core.verb:set package 'myroboticarm_description_cpp' build argument 'cmake_args' from command line to 'None'
[0.392s] Level 5:colcon.colcon_core.verb:set package 'myroboticarm_description_cpp' build argument 'cmake_target' from command line to 'None'
[0.392s] Level 5:colcon.colcon_core.verb:set package 'myroboticarm_description_cpp' build argument 'cmake_target_skip_unavailable' from command line to 'False'
[0.392s] Level 5:colcon.colcon_core.verb:set package 'myroboticarm_description_cpp' build argument 'cmake_clean_cache' from command line to 'False'
[0.392s] Level 5:colcon.colcon_core.verb:set package 'myroboticarm_description_cpp' build argument 'cmake_clean_first' from command line to 'False'
[0.392s] Level 5:colcon.colcon_core.verb:set package 'myroboticarm_description_cpp' build argument 'cmake_force_configure' from command line to 'False'
[0.392s] Level 5:colcon.colcon_core.verb:set package 'myroboticarm_description_cpp' build argument 'ament_cmake_args' from command line to 'None'
[0.392s] Level 5:colcon.colcon_core.verb:set package 'myroboticarm_description_cpp' build argument 'catkin_cmake_args' from command line to 'None'
[0.392s] Level 5:colcon.colcon_core.verb:set package 'myroboticarm_description_cpp' build argument 'catkin_skip_building_tests' from command line to 'False'
[0.392s] DEBUG:colcon.colcon_core.verb:Building package 'myroboticarm_description_cpp' with the following arguments: {'ament_cmake_args': None, 'build_base': '/home/kuldip/myroboticarm_ws/build/myroboticarm_description_cpp', 'catkin_cmake_args': None, 'catkin_skip_building_tests': False, 'cmake_args': None, 'cmake_clean_cache': False, 'cmake_clean_first': False, 'cmake_force_configure': False, 'cmake_target': None, 'cmake_target_skip_unavailable': False, 'install_base': '/home/kuldip/myroboticarm_ws/install/myroboticarm_description_cpp', 'merge_install': False, 'path': '/home/kuldip/myroboticarm_ws/src/myroboticarm_description_cpp', 'symlink_install': False, 'test_result_base': None}
[0.392s] Level 5:colcon.colcon_core.verb:set package 'myroboticarm_moveit' build argument 'cmake_args' from command line to 'None'
[0.393s] Level 5:colcon.colcon_core.verb:set package 'myroboticarm_moveit' build argument 'cmake_target' from command line to 'None'
[0.393s] Level 5:colcon.colcon_core.verb:set package 'myroboticarm_moveit' build argument 'cmake_target_skip_unavailable' from command line to 'False'
[0.393s] Level 5:colcon.colcon_core.verb:set package 'myroboticarm_moveit' build argument 'cmake_clean_cache' from command line to 'False'
[0.393s] Level 5:colcon.colcon_core.verb:set package 'myroboticarm_moveit' build argument 'cmake_clean_first' from command line to 'False'
[0.393s] Level 5:colcon.colcon_core.verb:set package 'myroboticarm_moveit' build argument 'cmake_force_configure' from command line to 'False'
[0.393s] Level 5:colcon.colcon_core.verb:set package 'myroboticarm_moveit' build argument 'ament_cmake_args' from command line to 'None'
[0.393s] Level 5:colcon.colcon_core.verb:set package 'myroboticarm_moveit' build argument 'catkin_cmake_args' from command line to 'None'
[0.393s] Level 5:colcon.colcon_core.verb:set package 'myroboticarm_moveit' build argument 'catkin_skip_building_tests' from command line to 'False'
[0.393s] DEBUG:colcon.colcon_core.verb:Building package 'myroboticarm_moveit' with the following arguments: {'ament_cmake_args': None, 'build_base': '/home/kuldip/myroboticarm_ws/build/myroboticarm_moveit', 'catkin_cmake_args': None, 'catkin_skip_building_tests': False, 'cmake_args': None, 'cmake_clean_cache': False, 'cmake_clean_first': False, 'cmake_force_configure': False, 'cmake_target': None, 'cmake_target_skip_unavailable': False, 'install_base': '/home/kuldip/myroboticarm_ws/install/myroboticarm_moveit', 'merge_install': False, 'path': '/home/kuldip/myroboticarm_ws/src/myroboticarm_moveit', 'symlink_install': False, 'test_result_base': None}
[0.393s] Level 5:colcon.colcon_core.verb:set package 'myroboticarm_msgs' build argument 'cmake_args' from command line to 'None'
[0.393s] Level 5:colcon.colcon_core.verb:set package 'myroboticarm_msgs' build argument 'cmake_target' from command line to 'None'
[0.393s] Level 5:colcon.colcon_core.verb:set package 'myroboticarm_msgs' build argument 'cmake_target_skip_unavailable' from command line to 'False'
[0.393s] Level 5:colcon.colcon_core.verb:set package 'myroboticarm_msgs' build argument 'cmake_clean_cache' from command line to 'False'
[0.394s] Level 5:colcon.colcon_core.verb:set package 'myroboticarm_msgs' build argument 'cmake_clean_first' from command line to 'False'
[0.394s] Level 5:colcon.colcon_core.verb:set package 'myroboticarm_msgs' build argument 'cmake_force_configure' from command line to 'False'
[0.394s] Level 5:colcon.colcon_core.verb:set package 'myroboticarm_msgs' build argument 'ament_cmake_args' from command line to 'None'
[0.394s] Level 5:colcon.colcon_core.verb:set package 'myroboticarm_msgs' build argument 'catkin_cmake_args' from command line to 'None'
[0.394s] Level 5:colcon.colcon_core.verb:set package 'myroboticarm_msgs' build argument 'catkin_skip_building_tests' from command line to 'False'
[0.394s] DEBUG:colcon.colcon_core.verb:Building package 'myroboticarm_msgs' with the following arguments: {'ament_cmake_args': None, 'build_base': '/home/kuldip/myroboticarm_ws/build/myroboticarm_msgs', 'catkin_cmake_args': None, 'catkin_skip_building_tests': False, 'cmake_args': None, 'cmake_clean_cache': False, 'cmake_clean_first': False, 'cmake_force_configure': False, 'cmake_target': None, 'cmake_target_skip_unavailable': False, 'install_base': '/home/kuldip/myroboticarm_ws/install/myroboticarm_msgs', 'merge_install': False, 'path': '/home/kuldip/myroboticarm_ws/src/myroboticarm_msgs', 'symlink_install': False, 'test_result_base': None}
[0.394s] Level 5:colcon.colcon_core.verb:set package 'myroboticarm_utils' build argument 'cmake_args' from command line to 'None'
[0.394s] Level 5:colcon.colcon_core.verb:set package 'myroboticarm_utils' build argument 'cmake_target' from command line to 'None'
[0.394s] Level 5:colcon.colcon_core.verb:set package 'myroboticarm_utils' build argument 'cmake_target_skip_unavailable' from command line to 'False'
[0.394s] Level 5:colcon.colcon_core.verb:set package 'myroboticarm_utils' build argument 'cmake_clean_cache' from command line to 'False'
[0.394s] Level 5:colcon.colcon_core.verb:set package 'myroboticarm_utils' build argument 'cmake_clean_first' from command line to 'False'
[0.395s] Level 5:colcon.colcon_core.verb:set package 'myroboticarm_utils' build argument 'cmake_force_configure' from command line to 'False'
[0.395s] Level 5:colcon.colcon_core.verb:set package 'myroboticarm_utils' build argument 'ament_cmake_args' from command line to 'None'
[0.395s] Level 5:colcon.colcon_core.verb:set package 'myroboticarm_utils' build argument 'catkin_cmake_args' from command line to 'None'
[0.395s] Level 5:colcon.colcon_core.verb:set package 'myroboticarm_utils' build argument 'catkin_skip_building_tests' from command line to 'False'
[0.395s] DEBUG:colcon.colcon_core.verb:Building package 'myroboticarm_utils' with the following arguments: {'ament_cmake_args': None, 'build_base': '/home/kuldip/myroboticarm_ws/build/myroboticarm_utils', 'catkin_cmake_args': None, 'catkin_skip_building_tests': False, 'cmake_args': None, 'cmake_clean_cache': False, 'cmake_clean_first': False, 'cmake_force_configure': False, 'cmake_target': None, 'cmake_target_skip_unavailable': False, 'install_base': '/home/kuldip/myroboticarm_ws/install/myroboticarm_utils', 'merge_install': False, 'path': '/home/kuldip/myroboticarm_ws/src/myroboticarm_utils', 'symlink_install': False, 'test_result_base': None}
[0.395s] INFO:colcon.colcon_core.executor:Executing jobs using 'parallel' executor
[0.396s] DEBUG:colcon.colcon_parallel_executor.executor.parallel:run_until_complete
[0.396s] INFO:colcon.colcon_ros.task.ament_cmake.build:Building ROS package in '/home/kuldip/myroboticarm_ws/src/myroboticarm_msgs' with build type 'ament_cmake'
[0.397s] INFO:colcon.colcon_cmake.task.cmake.build:Building CMake package in '/home/kuldip/myroboticarm_ws/src/myroboticarm_msgs'
[0.399s] INFO:colcon.colcon_core.plugin_system:Skipping extension 'colcon_core.shell.bat': Not used on non-Windows systems
[0.400s] INFO:colcon.colcon_core.shell:Skip shell extension 'powershell' for command environment: Not usable outside of PowerShell
[0.400s] DEBUG:colcon.colcon_core.shell:Skip shell extension 'dsv' for command environment
[0.406s] INFO:colcon.colcon_ros.task.ament_python.build:Building ROS package in '/home/kuldip/myroboticarm_ws/src/myroboticarm' with build type 'ament_python'
[0.406s] Level 1:colcon.colcon_core.shell:create_environment_hook('myroboticarm', 'ament_prefix_path')
[0.406s] INFO:colcon.colcon_core.shell:Creating environment hook '/home/kuldip/myroboticarm_ws/install/myroboticarm/share/myroboticarm/hook/ament_prefix_path.ps1'
[0.407s] INFO:colcon.colcon_core.shell:Creating environment descriptor '/home/kuldip/myroboticarm_ws/install/myroboticarm/share/myroboticarm/hook/ament_prefix_path.dsv'
[0.408s] INFO:colcon.colcon_core.shell:Creating environment hook '/home/kuldip/myroboticarm_ws/install/myroboticarm/share/myroboticarm/hook/ament_prefix_path.sh'
[0.408s] INFO:colcon.colcon_core.shell:Skip shell extension 'powershell' for command environment: Not usable outside of PowerShell
[0.408s] DEBUG:colcon.colcon_core.shell:Skip shell extension 'dsv' for command environment
[0.414s] INFO:colcon.colcon_ros.task.ament_cmake.build:Building ROS package in '/home/kuldip/myroboticarm_ws/src/myroboticarm_controller' with build type 'ament_cmake'
[0.414s] INFO:colcon.colcon_cmake.task.cmake.build:Building CMake package in '/home/kuldip/myroboticarm_ws/src/myroboticarm_controller'
[0.415s] INFO:colcon.colcon_core.shell:Skip shell extension 'powershell' for command environment: Not usable outside of PowerShell
[0.415s] DEBUG:colcon.colcon_core.shell:Skip shell extension 'dsv' for command environment
[0.421s] INFO:colcon.colcon_ros.task.ament_cmake.build:Building ROS package in '/home/kuldip/myroboticarm_ws/src/myroboticarm_description_cpp' with build type 'ament_cmake'
[0.421s] INFO:colcon.colcon_cmake.task.cmake.build:Building CMake package in '/home/kuldip/myroboticarm_ws/src/myroboticarm_description_cpp'
[0.421s] INFO:colcon.colcon_core.shell:Skip shell extension 'powershell' for command environment: Not usable outside of PowerShell
[0.421s] DEBUG:colcon.colcon_core.shell:Skip shell extension 'dsv' for command environment
[0.427s] INFO:colcon.colcon_ros.task.ament_cmake.build:Building ROS package in '/home/kuldip/myroboticarm_ws/src/myroboticarm_moveit' with build type 'ament_cmake'
[0.427s] INFO:colcon.colcon_cmake.task.cmake.build:Building CMake package in '/home/kuldip/myroboticarm_ws/src/myroboticarm_moveit'
[0.427s] INFO:colcon.colcon_core.shell:Skip shell extension 'powershell' for command environment: Not usable outside of PowerShell
[0.428s] DEBUG:colcon.colcon_core.shell:Skip shell extension 'dsv' for command environment
[0.441s] DEBUG:colcon.colcon_core.event_handler.log_command:Invoking command in '/home/kuldip/myroboticarm_ws/build/myroboticarm_msgs': CMAKE_PREFIX_PATH=${CMAKE_PREFIX_PATH}:/home/kuldip/myroboticarm_ws/install/myroboticarm_description:/home/kuldip/myroboticarm_ws/install/myroboticarm:/home/kuldip/arduinobot_ws/install/arduinobot_py_examples:/home/kuldip/myroboticarm_ws/src/install/myroboticarm:/opt/ros/jazzy DEBUGINFOD_URLS=https://debuginfod.ubuntu.com /usr/bin/cmake --build /home/kuldip/myroboticarm_ws/build/myroboticarm_msgs -- -j12 -l12
[0.787s] INFO:colcon.colcon_core.task.python.build:Building Python package in '/home/kuldip/myroboticarm_ws/src/myroboticarm'
[0.787s] INFO:colcon.colcon_core.shell:Skip shell extension 'powershell' for command environment: Not usable outside of PowerShell
[0.787s] DEBUG:colcon.colcon_core.shell:Skip shell extension 'dsv' for command environment
[0.801s] DEBUG:colcon.colcon_core.event_handler.log_command:Invoking command in '/home/kuldip/myroboticarm_ws/build/myroboticarm_controller': CMAKE_PREFIX_PATH=${CMAKE_PREFIX_PATH}:/home/kuldip/myroboticarm_ws/install/myroboticarm_description:/home/kuldip/myroboticarm_ws/install/myroboticarm:/home/kuldip/arduinobot_ws/install/arduinobot_py_examples:/home/kuldip/myroboticarm_ws/src/install/myroboticarm:/opt/ros/jazzy DEBUGINFOD_URLS=https://debuginfod.ubuntu.com /usr/bin/cmake --build /home/kuldip/myroboticarm_ws/build/myroboticarm_controller -- -j12 -l12
[0.807s] DEBUG:colcon.colcon_core.event_handler.log_command:Invoking command in '/home/kuldip/myroboticarm_ws/build/myroboticarm_description_cpp': CMAKE_PREFIX_PATH=${CMAKE_PREFIX_PATH}:/home/kuldip/myroboticarm_ws/install/myroboticarm_description:/home/kuldip/myroboticarm_ws/install/myroboticarm:/home/kuldip/arduinobot_ws/install/arduinobot_py_examples:/home/kuldip/myroboticarm_ws/src/install/myroboticarm:/opt/ros/jazzy DEBUGINFOD_URLS=https://debuginfod.ubuntu.com /usr/bin/cmake --build /home/kuldip/myroboticarm_ws/build/myroboticarm_description_cpp -- -j12 -l12
[0.824s] DEBUG:colcon.colcon_core.event_handler.log_command:Invoking command in '/home/kuldip/myroboticarm_ws/build/myroboticarm_moveit': CMAKE_PREFIX_PATH=${CMAKE_PREFIX_PATH}:/home/kuldip/myroboticarm_ws/install/myroboticarm_description:/home/kuldip/myroboticarm_ws/install/myroboticarm:/home/kuldip/arduinobot_ws/install/arduinobot_py_examples:/home/kuldip/myroboticarm_ws/src/install/myroboticarm:/opt/ros/jazzy DEBUGINFOD_URLS=https://debuginfod.ubuntu.com /usr/bin/cmake --build /home/kuldip/myroboticarm_ws/build/myroboticarm_moveit -- -j12 -l12
[0.878s] DEBUG:colcon.colcon_core.event_handler.log_command:Invoked command in '/home/kuldip/myroboticarm_ws/build/myroboticarm_controller' returned '0': CMAKE_PREFIX_PATH=${CMAKE_PREFIX_PATH}:/home/kuldip/myroboticarm_ws/install/myroboticarm_description:/home/kuldip/myroboticarm_ws/install/myroboticarm:/home/kuldip/arduinobot_ws/install/arduinobot_py_examples:/home/kuldip/myroboticarm_ws/src/install/myroboticarm:/opt/ros/jazzy DEBUGINFOD_URLS=https://debuginfod.ubuntu.com /usr/bin/cmake --build /home/kuldip/myroboticarm_ws/build/myroboticarm_controller -- -j12 -l12
[0.892s] DEBUG:colcon.colcon_core.event_handler.log_command:Invoking command in '/home/kuldip/myroboticarm_ws/build/myroboticarm_controller': CMAKE_PREFIX_PATH=${CMAKE_PREFIX_PATH}:/home/kuldip/myroboticarm_ws/install/myroboticarm_description:/home/kuldip/myroboticarm_ws/install/myroboticarm:/home/kuldip/arduinobot_ws/install/arduinobot_py_examples:/home/kuldip/myroboticarm_ws/src/install/myroboticarm:/opt/ros/jazzy DEBUGINFOD_URLS=https://debuginfod.ubuntu.com /usr/bin/cmake --install /home/kuldip/myroboticarm_ws/build/myroboticarm_controller
[0.894s] DEBUG:colcon.colcon_core.event_handler.log_command:Invoked command in '/home/kuldip/myroboticarm_ws/build/myroboticarm_description_cpp' returned '0': CMAKE_PREFIX_PATH=${CMAKE_PREFIX_PATH}:/home/kuldip/myroboticarm_ws/install/myroboticarm_description:/home/kuldip/myroboticarm_ws/install/myroboticarm:/home/kuldip/arduinobot_ws/install/arduinobot_py_examples:/home/kuldip/myroboticarm_ws/src/install/myroboticarm:/opt/ros/jazzy DEBUGINFOD_URLS=https://debuginfod.ubuntu.com /usr/bin/cmake --build /home/kuldip/myroboticarm_ws/build/myroboticarm_description_cpp -- -j12 -l12
[0.895s] DEBUG:colcon.colcon_core.event_handler.log_command:Invoking command in '/home/kuldip/myroboticarm_ws/build/myroboticarm_description_cpp': CMAKE_PREFIX_PATH=${CMAKE_PREFIX_PATH}:/home/kuldip/myroboticarm_ws/install/myroboticarm_description:/home/kuldip/myroboticarm_ws/install/myroboticarm:/home/kuldip/arduinobot_ws/install/arduinobot_py_examples:/home/kuldip/myroboticarm_ws/src/install/myroboticarm:/opt/ros/jazzy DEBUGINFOD_URLS=https://debuginfod.ubuntu.com /usr/bin/cmake --install /home/kuldip/myroboticarm_ws/build/myroboticarm_description_cpp
[0.897s] DEBUG:colcon.colcon_core.event_handler.log_command:Invoked command in '/home/kuldip/myroboticarm_ws/build/myroboticarm_moveit' returned '0': CMAKE_PREFIX_PATH=${CMAKE_PREFIX_PATH}:/home/kuldip/myroboticarm_ws/install/myroboticarm_description:/home/kuldip/myroboticarm_ws/install/myroboticarm:/home/kuldip/arduinobot_ws/install/arduinobot_py_examples:/home/kuldip/myroboticarm_ws/src/install/myroboticarm:/opt/ros/jazzy DEBUGINFOD_URLS=https://debuginfod.ubuntu.com /usr/bin/cmake --build /home/kuldip/myroboticarm_ws/build/myroboticarm_moveit -- -j12 -l12
[0.899s] DEBUG:colcon.colcon_core.event_handler.log_command:Invoking command in '/home/kuldip/myroboticarm_ws/build/myroboticarm_moveit': CMAKE_PREFIX_PATH=${CMAKE_PREFIX_PATH}:/home/kuldip/myroboticarm_ws/install/myroboticarm_description:/home/kuldip/myroboticarm_ws/install/myroboticarm:/home/kuldip/arduinobot_ws/install/arduinobot_py_examples:/home/kuldip/myroboticarm_ws/src/install/myroboticarm:/opt/ros/jazzy DEBUGINFOD_URLS=https://debuginfod.ubuntu.com /usr/bin/cmake --install /home/kuldip/myroboticarm_ws/build/myroboticarm_moveit
[0.913s] Level 1:colcon.colcon_core.environment:create_environment_scripts_only(myroboticarm_controller)
[0.925s] Level 1:colcon.colcon_core.environment:checking '/home/kuldip/myroboticarm_ws/install/myroboticarm_controller' for CMake module files
[0.927s] Level 1:colcon.colcon_core.environment:checking '/home/kuldip/myroboticarm_ws/install/myroboticarm_controller' for CMake config files
[0.928s] DEBUG:colcon.colcon_core.event_handler.log_command:Invoked command in '/home/kuldip/myroboticarm_ws/build/myroboticarm_controller' returned '0': CMAKE_PREFIX_PATH=${CMAKE_PREFIX_PATH}:/home/kuldip/myroboticarm_ws/install/myroboticarm_description:/home/kuldip/myroboticarm_ws/install/myroboticarm:/home/kuldip/arduinobot_ws/install/arduinobot_py_examples:/home/kuldip/myroboticarm_ws/src/install/myroboticarm:/opt/ros/jazzy DEBUGINFOD_URLS=https://debuginfod.ubuntu.com /usr/bin/cmake --install /home/kuldip/myroboticarm_ws/build/myroboticarm_controller
[0.928s] Level 1:colcon.colcon_core.shell:create_environment_hook('myroboticarm_controller', 'cmake_prefix_path')
[0.929s] INFO:colcon.colcon_core.shell:Creating environment hook '/home/kuldip/myroboticarm_ws/install/myroboticarm_controller/share/myroboticarm_controller/hook/cmake_prefix_path.ps1'
[0.930s] INFO:colcon.colcon_core.shell:Creating environment descriptor '/home/kuldip/myroboticarm_ws/install/myroboticarm_controller/share/myroboticarm_controller/hook/cmake_prefix_path.dsv'
[0.930s] INFO:colcon.colcon_core.shell:Creating environment hook '/home/kuldip/myroboticarm_ws/install/myroboticarm_controller/share/myroboticarm_controller/hook/cmake_prefix_path.sh'
[0.931s] Level 1:colcon.colcon_core.environment:checking '/home/kuldip/myroboticarm_ws/install/myroboticarm_controller/lib'
[0.931s] Level 1:colcon.colcon_core.environment:checking '/home/kuldip/myroboticarm_ws/install/myroboticarm_controller/bin'
[0.931s] Level 1:colcon.colcon_core.environment:checking '/home/kuldip/myroboticarm_ws/install/myroboticarm_controller/lib/pkgconfig/myroboticarm_controller.pc'
[0.932s] Level 1:colcon.colcon_core.environment:checking '/home/kuldip/myroboticarm_ws/install/myroboticarm_controller/lib/python3.12/site-packages'
[0.932s] Level 1:colcon.colcon_core.environment:checking '/home/kuldip/myroboticarm_ws/install/myroboticarm_controller/bin'
[0.932s] INFO:colcon.colcon_core.shell:Creating package script '/home/kuldip/myroboticarm_ws/install/myroboticarm_controller/share/myroboticarm_controller/package.ps1'
[0.933s] INFO:colcon.colcon_core.shell:Creating package descriptor '/home/kuldip/myroboticarm_ws/install/myroboticarm_controller/share/myroboticarm_controller/package.dsv'
[0.933s] INFO:colcon.colcon_core.shell:Creating package script '/home/kuldip/myroboticarm_ws/install/myroboticarm_controller/share/myroboticarm_controller/package.sh'
[0.934s] INFO:colcon.colcon_core.shell:Creating package script '/home/kuldip/myroboticarm_ws/install/myroboticarm_controller/share/myroboticarm_controller/package.bash'
[0.934s] INFO:colcon.colcon_core.shell:Creating package script '/home/kuldip/myroboticarm_ws/install/myroboticarm_controller/share/myroboticarm_controller/package.zsh'
[0.935s] Level 1:colcon.colcon_core.environment:create_file_with_runtime_dependencies(/home/kuldip/myroboticarm_ws/install/myroboticarm_controller/share/colcon-core/packages/myroboticarm_controller)
[0.936s] Level 1:colcon.colcon_core.environment:create_environment_scripts_only(myroboticarm_controller)
[0.936s] Level 1:colcon.colcon_core.environment:checking '/home/kuldip/myroboticarm_ws/install/myroboticarm_controller' for CMake module files
[0.936s] Level 1:colcon.colcon_core.environment:checking '/home/kuldip/myroboticarm_ws/install/myroboticarm_controller' for CMake config files
[0.936s] Level 1:colcon.colcon_core.shell:create_environment_hook('myroboticarm_controller', 'cmake_prefix_path')
[0.937s] INFO:colcon.colcon_core.shell:Creating environment hook '/home/kuldip/myroboticarm_ws/install/myroboticarm_controller/share/myroboticarm_controller/hook/cmake_prefix_path.ps1'
[0.937s] INFO:colcon.colcon_core.shell:Creating environment descriptor '/home/kuldip/myroboticarm_ws/install/myroboticarm_controller/share/myroboticarm_controller/hook/cmake_prefix_path.dsv'
[0.937s] INFO:colcon.colcon_core.shell:Creating environment hook '/home/kuldip/myroboticarm_ws/install/myroboticarm_controller/share/myroboticarm_controller/hook/cmake_prefix_path.sh'
[0.938s] Level 1:colcon.colcon_core.environment:checking '/home/kuldip/myroboticarm_ws/install/myroboticarm_controller/lib'
[0.938s] Level 1:colcon.colcon_core.environment:checking '/home/kuldip/myroboticarm_ws/install/myroboticarm_controller/bin'
[0.938s] Level 1:colcon.colcon_core.environment:checking '/home/kuldip/myroboticarm_ws/install/myroboticarm_controller/lib/pkgconfig/myroboticarm_controller.pc'
[0.938s] Level 1:colcon.colcon_core.environment:checking '/home/kuldip/myroboticarm_ws/install/myroboticarm_controller/lib/python3.12/site-packages'
[0.939s] Level 1:colcon.colcon_core.environment:checking '/home/kuldip/myroboticarm_ws/install/myroboticarm_controller/bin'
[0.939s] INFO:colcon.colcon_core.shell:Creating package script '/home/kuldip/myroboticarm_ws/install/myroboticarm_controller/share/myroboticarm_controller/package.ps1'
[0.940s] INFO:colcon.colcon_core.shell:Creating package descriptor '/home/kuldip/myroboticarm_ws/install/myroboticarm_controller/share/myroboticarm_controller/package.dsv'
[0.940s] INFO:colcon.colcon_core.shell:Creating package script '/home/kuldip/myroboticarm_ws/install/myroboticarm_controller/share/myroboticarm_controller/package.sh'
[0.941s] INFO:colcon.colcon_core.shell:Creating package script '/home/kuldip/myroboticarm_ws/install/myroboticarm_controller/share/myroboticarm_controller/package.bash'
[0.941s] INFO:colcon.colcon_core.shell:Creating package script '/home/kuldip/myroboticarm_ws/install/myroboticarm_controller/share/myroboticarm_controller/package.zsh'
[0.942s] Level 1:colcon.colcon_core.environment:create_file_with_runtime_dependencies(/home/kuldip/myroboticarm_ws/install/myroboticarm_controller/share/colcon-core/packages/myroboticarm_controller)
[0.943s] Level 1:colcon.colcon_core.environment:create_environment_scripts_only(myroboticarm_description_cpp)
[0.943s] Level 1:colcon.colcon_core.environment:checking '/home/kuldip/myroboticarm_ws/install/myroboticarm_description_cpp' for CMake module files
[0.944s] DEBUG:colcon.colcon_core.event_handler.log_command:Invoked command in '/home/kuldip/myroboticarm_ws/build/myroboticarm_description_cpp' returned '0': CMAKE_PREFIX_PATH=${CMAKE_PREFIX_PATH}:/home/kuldip/myroboticarm_ws/install/myroboticarm_description:/home/kuldip/myroboticarm_ws/install/myroboticarm:/home/kuldip/arduinobot_ws/install/arduinobot_py_examples:/home/kuldip/myroboticarm_ws/src/install/myroboticarm:/opt/ros/jazzy DEBUGINFOD_URLS=https://debuginfod.ubuntu.com /usr/bin/cmake --install /home/kuldip/myroboticarm_ws/build/myroboticarm_description_cpp
[0.945s] Level 1:colcon.colcon_core.environment:checking '/home/kuldip/myroboticarm_ws/install/myroboticarm_description_cpp' for CMake config files
[0.945s] Level 1:colcon.colcon_core.shell:create_environment_hook('myroboticarm_description_cpp', 'cmake_prefix_path')
[0.945s] INFO:colcon.colcon_core.shell:Creating environment hook '/home/kuldip/myroboticarm_ws/install/myroboticarm_description_cpp/share/myroboticarm_description_cpp/hook/cmake_prefix_path.ps1'
[0.946s] INFO:colcon.colcon_core.shell:Creating environment descriptor '/home/kuldip/myroboticarm_ws/install/myroboticarm_description_cpp/share/myroboticarm_description_cpp/hook/cmake_prefix_path.dsv'
[0.947s] INFO:colcon.colcon_core.shell:Creating environment hook '/home/kuldip/myroboticarm_ws/install/myroboticarm_description_cpp/share/myroboticarm_description_cpp/hook/cmake_prefix_path.sh'
[0.948s] Level 1:colcon.colcon_core.environment:checking '/home/kuldip/myroboticarm_ws/install/myroboticarm_description_cpp/bin'
[0.948s] Level 1:colcon.colcon_core.environment:checking '/home/kuldip/myroboticarm_ws/install/myroboticarm_description_cpp/lib/pkgconfig/myroboticarm_description_cpp.pc'
[0.948s] Level 1:colcon.colcon_core.environment:checking '/home/kuldip/myroboticarm_ws/install/myroboticarm_description_cpp/lib/python3.12/site-packages'
[0.949s] Level 1:colcon.colcon_core.environment:checking '/home/kuldip/myroboticarm_ws/install/myroboticarm_description_cpp/bin'
[0.949s] INFO:colcon.colcon_core.shell:Creating package script '/home/kuldip/myroboticarm_ws/install/myroboticarm_description_cpp/share/myroboticarm_description_cpp/package.ps1'
[0.950s] INFO:colcon.colcon_core.shell:Creating package descriptor '/home/kuldip/myroboticarm_ws/install/myroboticarm_description_cpp/share/myroboticarm_description_cpp/package.dsv'
[0.951s] INFO:colcon.colcon_core.shell:Creating package script '/home/kuldip/myroboticarm_ws/install/myroboticarm_description_cpp/share/myroboticarm_description_cpp/package.sh'
[0.952s] INFO:colcon.colcon_core.shell:Creating package script '/home/kuldip/myroboticarm_ws/install/myroboticarm_description_cpp/share/myroboticarm_description_cpp/package.bash'
[0.952s] INFO:colcon.colcon_core.shell:Creating package script '/home/kuldip/myroboticarm_ws/install/myroboticarm_description_cpp/share/myroboticarm_description_cpp/package.zsh'
[0.953s] Level 1:colcon.colcon_core.environment:create_file_with_runtime_dependencies(/home/kuldip/myroboticarm_ws/install/myroboticarm_description_cpp/share/colcon-core/packages/myroboticarm_description_cpp)
[0.954s] Level 1:colcon.colcon_core.environment:create_environment_scripts_only(myroboticarm_description_cpp)
[0.954s] Level 1:colcon.colcon_core.environment:checking '/home/kuldip/myroboticarm_ws/install/myroboticarm_description_cpp' for CMake module files
[0.955s] Level 1:colcon.colcon_core.environment:checking '/home/kuldip/myroboticarm_ws/install/myroboticarm_description_cpp' for CMake config files
[0.955s] Level 1:colcon.colcon_core.shell:create_environment_hook('myroboticarm_description_cpp', 'cmake_prefix_path')
[0.956s] INFO:colcon.colcon_core.shell:Creating environment hook '/home/kuldip/myroboticarm_ws/install/myroboticarm_description_cpp/share/myroboticarm_description_cpp/hook/cmake_prefix_path.ps1'
[0.957s] INFO:colcon.colcon_core.shell:Creating environment descriptor '/home/kuldip/myroboticarm_ws/install/myroboticarm_description_cpp/share/myroboticarm_description_cpp/hook/cmake_prefix_path.dsv'
[0.957s] INFO:colcon.colcon_core.shell:Creating environment hook '/home/kuldip/myroboticarm_ws/install/myroboticarm_description_cpp/share/myroboticarm_description_cpp/hook/cmake_prefix_path.sh'
[0.958s] Level 1:colcon.colcon_core.environment:checking '/home/kuldip/myroboticarm_ws/install/myroboticarm_description_cpp/bin'
[0.958s] Level 1:colcon.colcon_core.environment:checking '/home/kuldip/myroboticarm_ws/install/myroboticarm_description_cpp/lib/pkgconfig/myroboticarm_description_cpp.pc'
[0.959s] Level 1:colcon.colcon_core.environment:checking '/home/kuldip/myroboticarm_ws/install/myroboticarm_description_cpp/lib/python3.12/site-packages'
[0.959s] Level 1:colcon.colcon_core.environment:checking '/home/kuldip/myroboticarm_ws/install/myroboticarm_description_cpp/bin'
[0.960s] INFO:colcon.colcon_core.shell:Creating package script '/home/kuldip/myroboticarm_ws/install/myroboticarm_description_cpp/share/myroboticarm_description_cpp/package.ps1'
[0.960s] INFO:colcon.colcon_core.shell:Creating package descriptor '/home/kuldip/myroboticarm_ws/install/myroboticarm_description_cpp/share/myroboticarm_description_cpp/package.dsv'
[0.961s] INFO:colcon.colcon_core.shell:Creating package script '/home/kuldip/myroboticarm_ws/install/myroboticarm_description_cpp/share/myroboticarm_description_cpp/package.sh'
[0.962s] INFO:colcon.colcon_core.shell:Creating package script '/home/kuldip/myroboticarm_ws/install/myroboticarm_description_cpp/share/myroboticarm_description_cpp/package.bash'
[0.963s] INFO:colcon.colcon_core.shell:Creating package script '/home/kuldip/myroboticarm_ws/install/myroboticarm_description_cpp/share/myroboticarm_description_cpp/package.zsh'
[0.963s] Level 1:colcon.colcon_core.environment:create_file_with_runtime_dependencies(/home/kuldip/myroboticarm_ws/install/myroboticarm_description_cpp/share/colcon-core/packages/myroboticarm_description_cpp)
[0.964s] Level 1:colcon.colcon_core.environment:create_environment_scripts_only(myroboticarm_moveit)
[0.964s] Level 1:colcon.colcon_core.environment:checking '/home/kuldip/myroboticarm_ws/install/myroboticarm_moveit' for CMake module files
[0.966s] Level 1:colcon.colcon_core.environment:checking '/home/kuldip/myroboticarm_ws/install/myroboticarm_moveit' for CMake config files
[0.966s] DEBUG:colcon.colcon_core.event_handler.log_command:Invoked command in '/home/kuldip/myroboticarm_ws/build/myroboticarm_moveit' returned '0': CMAKE_PREFIX_PATH=${CMAKE_PREFIX_PATH}:/home/kuldip/myroboticarm_ws/install/myroboticarm_description:/home/kuldip/myroboticarm_ws/install/myroboticarm:/home/kuldip/arduinobot_ws/install/arduinobot_py_examples:/home/kuldip/myroboticarm_ws/src/install/myroboticarm:/opt/ros/jazzy DEBUGINFOD_URLS=https://debuginfod.ubuntu.com /usr/bin/cmake --install /home/kuldip/myroboticarm_ws/build/myroboticarm_moveit
[0.967s] Level 1:colcon.colcon_core.shell:create_environment_hook('myroboticarm_moveit', 'cmake_prefix_path')
[0.967s] INFO:colcon.colcon_core.shell:Creating environment hook '/home/kuldip/myroboticarm_ws/install/myroboticarm_moveit/share/myroboticarm_moveit/hook/cmake_prefix_path.ps1'
[0.968s] INFO:colcon.colcon_core.shell:Creating environment descriptor '/home/kuldip/myroboticarm_ws/install/myroboticarm_moveit/share/myroboticarm_moveit/hook/cmake_prefix_path.dsv'
[0.969s] INFO:colcon.colcon_core.shell:Creating environment hook '/home/kuldip/myroboticarm_ws/install/myroboticarm_moveit/share/myroboticarm_moveit/hook/cmake_prefix_path.sh'
[0.970s] Level 1:colcon.colcon_core.environment:checking '/home/kuldip/myroboticarm_ws/install/myroboticarm_moveit/bin'
[0.970s] Level 1:colcon.colcon_core.environment:checking '/home/kuldip/myroboticarm_ws/install/myroboticarm_moveit/lib/pkgconfig/myroboticarm_moveit.pc'
[0.970s] Level 1:colcon.colcon_core.environment:checking '/home/kuldip/myroboticarm_ws/install/myroboticarm_moveit/lib/python3.12/site-packages'
[0.970s] Level 1:colcon.colcon_core.environment:checking '/home/kuldip/myroboticarm_ws/install/myroboticarm_moveit/bin'
[0.971s] INFO:colcon.colcon_core.shell:Creating package script '/home/kuldip/myroboticarm_ws/install/myroboticarm_moveit/share/myroboticarm_moveit/package.ps1'
[0.972s] INFO:colcon.colcon_core.shell:Creating package descriptor '/home/kuldip/myroboticarm_ws/install/myroboticarm_moveit/share/myroboticarm_moveit/package.dsv'
[0.972s] INFO:colcon.colcon_core.shell:Creating package script '/home/kuldip/myroboticarm_ws/install/myroboticarm_moveit/share/myroboticarm_moveit/package.sh'
[0.973s] INFO:colcon.colcon_core.shell:Creating package script '/home/kuldip/myroboticarm_ws/install/myroboticarm_moveit/share/myroboticarm_moveit/package.bash'
[0.974s] INFO:colcon.colcon_core.shell:Creating package script '/home/kuldip/myroboticarm_ws/install/myroboticarm_moveit/share/myroboticarm_moveit/package.zsh'
[0.974s] Level 1:colcon.colcon_core.environment:create_file_with_runtime_dependencies(/home/kuldip/myroboticarm_ws/install/myroboticarm_moveit/share/colcon-core/packages/myroboticarm_moveit)
[0.975s] Level 1:colcon.colcon_core.environment:create_environment_scripts_only(myroboticarm_moveit)
[0.975s] Level 1:colcon.colcon_core.environment:checking '/home/kuldip/myroboticarm_ws/install/myroboticarm_moveit' for CMake module files
[0.976s] Level 1:colcon.colcon_core.environment:checking '/home/kuldip/myroboticarm_ws/install/myroboticarm_moveit' for CMake config files
[0.977s] Level 1:colcon.colcon_core.shell:create_environment_hook('myroboticarm_moveit', 'cmake_prefix_path')
[0.977s] INFO:colcon.colcon_core.shell:Creating environment hook '/home/kuldip/myroboticarm_ws/install/myroboticarm_moveit/share/myroboticarm_moveit/hook/cmake_prefix_path.ps1'
[0.978s] INFO:colcon.colcon_core.shell:Creating environment descriptor '/home/kuldip/myroboticarm_ws/install/myroboticarm_moveit/share/myroboticarm_moveit/hook/cmake_prefix_path.dsv'
[0.978s] INFO:colcon.colcon_core.shell:Creating environment hook '/home/kuldip/myroboticarm_ws/install/myroboticarm_moveit/share/myroboticarm_moveit/hook/cmake_prefix_path.sh'
[0.979s] Level 1:colcon.colcon_core.environment:checking '/home/kuldip/myroboticarm_ws/install/myroboticarm_moveit/bin'
[0.979s] Level 1:colcon.colcon_core.environment:checking '/home/kuldip/myroboticarm_ws/install/myroboticarm_moveit/lib/pkgconfig/myroboticarm_moveit.pc'
[0.979s] Level 1:colcon.colcon_core.environment:checking '/home/kuldip/myroboticarm_ws/install/myroboticarm_moveit/lib/python3.12/site-packages'
[0.980s] Level 1:colcon.colcon_core.environment:checking '/home/kuldip/myroboticarm_ws/install/myroboticarm_moveit/bin'
[0.980s] INFO:colcon.colcon_core.shell:Creating package script '/home/kuldip/myroboticarm_ws/install/myroboticarm_moveit/share/myroboticarm_moveit/package.ps1'
[0.980s] INFO:colcon.colcon_core.shell:Creating package descriptor '/home/kuldip/myroboticarm_ws/install/myroboticarm_moveit/share/myroboticarm_moveit/package.dsv'
[0.981s] INFO:colcon.colcon_core.shell:Creating package script '/home/kuldip/myroboticarm_ws/install/myroboticarm_moveit/share/myroboticarm_moveit/package.sh'
[0.981s] INFO:colcon.colcon_core.shell:Creating package script '/home/kuldip/myroboticarm_ws/install/myroboticarm_moveit/share/myroboticarm_moveit/package.bash'
[0.982s] INFO:colcon.colcon_core.shell:Creating package script '/home/kuldip/myroboticarm_ws/install/myroboticarm_moveit/share/myroboticarm_moveit/package.zsh'
[0.982s] Level 1:colcon.colcon_core.environment:create_file_with_runtime_dependencies(/home/kuldip/myroboticarm_ws/install/myroboticarm_moveit/share/colcon-core/packages/myroboticarm_moveit)
[1.055s] DEBUG:colcon.colcon_core.event_handler.log_command:Invoked command in '/home/kuldip/myroboticarm_ws/build/myroboticarm_msgs' returned '0': CMAKE_PREFIX_PATH=${CMAKE_PREFIX_PATH}:/home/kuldip/myroboticarm_ws/install/myroboticarm_description:/home/kuldip/myroboticarm_ws/install/myroboticarm:/home/kuldip/arduinobot_ws/install/arduinobot_py_examples:/home/kuldip/myroboticarm_ws/src/install/myroboticarm:/opt/ros/jazzy DEBUGINFOD_URLS=https://debuginfod.ubuntu.com /usr/bin/cmake --build /home/kuldip/myroboticarm_ws/build/myroboticarm_msgs -- -j12 -l12
[1.056s] DEBUG:colcon.colcon_core.event_handler.log_command:Invoking command in '/home/kuldip/myroboticarm_ws/build/myroboticarm_msgs': CMAKE_PREFIX_PATH=${CMAKE_PREFIX_PATH}:/home/kuldip/myroboticarm_ws/install/myroboticarm_description:/home/kuldip/myroboticarm_ws/install/myroboticarm:/home/kuldip/arduinobot_ws/install/arduinobot_py_examples:/home/kuldip/myroboticarm_ws/src/install/myroboticarm:/opt/ros/jazzy DEBUGINFOD_URLS=https://debuginfod.ubuntu.com /usr/bin/cmake --install /home/kuldip/myroboticarm_ws/build/myroboticarm_msgs
[1.172s] Level 1:colcon.colcon_core.environment:create_environment_scripts_only(myroboticarm_msgs)
[1.172s] Level 1:colcon.colcon_core.environment:checking '/home/kuldip/myroboticarm_ws/install/myroboticarm_msgs' for CMake module files
[1.172s] DEBUG:colcon.colcon_core.event_handler.log_command:Invoked command in '/home/kuldip/myroboticarm_ws/build/myroboticarm_msgs' returned '0': CMAKE_PREFIX_PATH=${CMAKE_PREFIX_PATH}:/home/kuldip/myroboticarm_ws/install/myroboticarm_description:/home/kuldip/myroboticarm_ws/install/myroboticarm:/home/kuldip/arduinobot_ws/install/arduinobot_py_examples:/home/kuldip/myroboticarm_ws/src/install/myroboticarm:/opt/ros/jazzy DEBUGINFOD_URLS=https://debuginfod.ubuntu.com /usr/bin/cmake --install /home/kuldip/myroboticarm_ws/build/myroboticarm_msgs
[1.173s] Level 1:colcon.colcon_core.environment:checking '/home/kuldip/myroboticarm_ws/install/myroboticarm_msgs' for CMake config files
[1.174s] Level 1:colcon.colcon_core.shell:create_environment_hook('myroboticarm_msgs', 'cmake_prefix_path')
[1.174s] INFO:colcon.colcon_core.shell:Creating environment hook '/home/kuldip/myroboticarm_ws/install/myroboticarm_msgs/share/myroboticarm_msgs/hook/cmake_prefix_path.ps1'
[1.175s] INFO:colcon.colcon_core.shell:Creating environment descriptor '/home/kuldip/myroboticarm_ws/install/myroboticarm_msgs/share/myroboticarm_msgs/hook/cmake_prefix_path.dsv'
[1.175s] INFO:colcon.colcon_core.shell:Creating environment hook '/home/kuldip/myroboticarm_ws/install/myroboticarm_msgs/share/myroboticarm_msgs/hook/cmake_prefix_path.sh'
[1.176s] Level 1:colcon.colcon_core.environment:checking '/home/kuldip/myroboticarm_ws/install/myroboticarm_msgs/lib'
[1.176s] Level 1:colcon.colcon_core.shell:create_environment_hook('myroboticarm_msgs', 'ld_library_path_lib')
[1.176s] INFO:colcon.colcon_core.shell:Creating environment hook '/home/kuldip/myroboticarm_ws/install/myroboticarm_msgs/share/myroboticarm_msgs/hook/ld_library_path_lib.ps1'
[1.177s] INFO:colcon.colcon_core.shell:Creating environment descriptor '/home/kuldip/myroboticarm_ws/install/myroboticarm_msgs/share/myroboticarm_msgs/hook/ld_library_path_lib.dsv'
[1.177s] INFO:colcon.colcon_core.shell:Creating environment hook '/home/kuldip/myroboticarm_ws/install/myroboticarm_msgs/share/myroboticarm_msgs/hook/ld_library_path_lib.sh'
[1.178s] Level 1:colcon.colcon_core.environment:checking '/home/kuldip/myroboticarm_ws/install/myroboticarm_msgs/bin'
[1.178s] Level 1:colcon.colcon_core.environment:checking '/home/kuldip/myroboticarm_ws/install/myroboticarm_msgs/lib/pkgconfig/myroboticarm_msgs.pc'
[1.178s] Level 1:colcon.colcon_core.environment:checking '/home/kuldip/myroboticarm_ws/install/myroboticarm_msgs/lib/python3.12/site-packages'
[1.178s] Level 1:colcon.colcon_core.shell:create_environment_hook('myroboticarm_msgs', 'pythonpath')
[1.178s] INFO:colcon.colcon_core.shell:Creating environment hook '/home/kuldip/myroboticarm_ws/install/myroboticarm_msgs/share/myroboticarm_msgs/hook/pythonpath.ps1'
[1.179s] INFO:colcon.colcon_core.shell:Creating environment descriptor '/home/kuldip/myroboticarm_ws/install/myroboticarm_msgs/share/myroboticarm_msgs/hook/pythonpath.dsv'
[1.179s] INFO:colcon.colcon_core.shell:Creating environment hook '/home/kuldip/myroboticarm_ws/install/myroboticarm_msgs/share/myroboticarm_msgs/hook/pythonpath.sh'
[1.180s] Level 1:colcon.colcon_core.environment:checking '/home/kuldip/myroboticarm_ws/install/myroboticarm_msgs/bin'
[1.180s] INFO:colcon.colcon_core.shell:Creating package script '/home/kuldip/myroboticarm_ws/install/myroboticarm_msgs/share/myroboticarm_msgs/package.ps1'
[1.181s] INFO:colcon.colcon_core.shell:Creating package descriptor '/home/kuldip/myroboticarm_ws/install/myroboticarm_msgs/share/myroboticarm_msgs/package.dsv'
[1.181s] INFO:colcon.colcon_core.shell:Creating package script '/home/kuldip/myroboticarm_ws/install/myroboticarm_msgs/share/myroboticarm_msgs/package.sh'
[1.182s] INFO:colcon.colcon_core.shell:Creating package script '/home/kuldip/myroboticarm_ws/install/myroboticarm_msgs/share/myroboticarm_msgs/package.bash'
[1.182s] INFO:colcon.colcon_core.shell:Creating package script '/home/kuldip/myroboticarm_ws/install/myroboticarm_msgs/share/myroboticarm_msgs/package.zsh'
[1.183s] Level 1:colcon.colcon_core.environment:create_file_with_runtime_dependencies(/home/kuldip/myroboticarm_ws/install/myroboticarm_msgs/share/colcon-core/packages/myroboticarm_msgs)
[1.183s] Level 1:colcon.colcon_core.environment:create_environment_scripts_only(myroboticarm_msgs)
[1.183s] Level 1:colcon.colcon_core.environment:checking '/home/kuldip/myroboticarm_ws/install/myroboticarm_msgs' for CMake module files
[1.184s] Level 1:colcon.colcon_core.environment:checking '/home/kuldip/myroboticarm_ws/install/myroboticarm_msgs' for CMake config files
[1.185s] Level 1:colcon.colcon_core.shell:create_environment_hook('myroboticarm_msgs', 'cmake_prefix_path')
[1.185s] INFO:colcon.colcon_core.shell:Creating environment hook '/home/kuldip/myroboticarm_ws/install/myroboticarm_msgs/share/myroboticarm_msgs/hook/cmake_prefix_path.ps1'
[1.186s] INFO:colcon.colcon_core.shell:Creating environment descriptor '/home/kuldip/myroboticarm_ws/install/myroboticarm_msgs/share/myroboticarm_msgs/hook/cmake_prefix_path.dsv'
[1.186s] INFO:colcon.colcon_core.shell:Creating environment hook '/home/kuldip/myroboticarm_ws/install/myroboticarm_msgs/share/myroboticarm_msgs/hook/cmake_prefix_path.sh'
[1.187s] Level 1:colcon.colcon_core.environment:checking '/home/kuldip/myroboticarm_ws/install/myroboticarm_msgs/lib'
[1.187s] Level 1:colcon.colcon_core.shell:create_environment_hook('myroboticarm_msgs', 'ld_library_path_lib')
[1.188s] INFO:colcon.colcon_core.shell:Creating environment hook '/home/kuldip/myroboticarm_ws/install/myroboticarm_msgs/share/myroboticarm_msgs/hook/ld_library_path_lib.ps1'
[1.189s] INFO:colcon.colcon_core.shell:Creating environment descriptor '/home/kuldip/myroboticarm_ws/install/myroboticarm_msgs/share/myroboticarm_msgs/hook/ld_library_path_lib.dsv'
[1.189s] INFO:colcon.colcon_core.shell:Creating environment hook '/home/kuldip/myroboticarm_ws/install/myroboticarm_msgs/share/myroboticarm_msgs/hook/ld_library_path_lib.sh'
[1.190s] Level 1:colcon.colcon_core.environment:checking '/home/kuldip/myroboticarm_ws/install/myroboticarm_msgs/bin'
[1.190s] Level 1:colcon.colcon_core.environment:checking '/home/kuldip/myroboticarm_ws/install/myroboticarm_msgs/lib/pkgconfig/myroboticarm_msgs.pc'
[1.190s] Level 1:colcon.colcon_core.environment:checking '/home/kuldip/myroboticarm_ws/install/myroboticarm_msgs/lib/python3.12/site-packages'
[1.191s] Level 1:colcon.colcon_core.shell:create_environment_hook('myroboticarm_msgs', 'pythonpath')
[1.191s] INFO:colcon.colcon_core.shell:Creating environment hook '/home/kuldip/myroboticarm_ws/install/myroboticarm_msgs/share/myroboticarm_msgs/hook/pythonpath.ps1'
[1.192s] INFO:colcon.colcon_core.shell:Creating environment descriptor '/home/kuldip/myroboticarm_ws/install/myroboticarm_msgs/share/myroboticarm_msgs/hook/pythonpath.dsv'
[1.192s] INFO:colcon.colcon_core.shell:Creating environment hook '/home/kuldip/myroboticarm_ws/install/myroboticarm_msgs/share/myroboticarm_msgs/hook/pythonpath.sh'
[1.193s] Level 1:colcon.colcon_core.environment:checking '/home/kuldip/myroboticarm_ws/install/myroboticarm_msgs/bin'
[1.194s] INFO:colcon.colcon_core.shell:Creating package script '/home/kuldip/myroboticarm_ws/install/myroboticarm_msgs/share/myroboticarm_msgs/package.ps1'
[1.195s] INFO:colcon.colcon_core.shell:Creating package descriptor '/home/kuldip/myroboticarm_ws/install/myroboticarm_msgs/share/myroboticarm_msgs/package.dsv'
[1.195s] INFO:colcon.colcon_core.shell:Creating package script '/home/kuldip/myroboticarm_ws/install/myroboticarm_msgs/share/myroboticarm_msgs/package.sh'
[1.196s] INFO:colcon.colcon_core.shell:Creating package script '/home/kuldip/myroboticarm_ws/install/myroboticarm_msgs/share/myroboticarm_msgs/package.bash'
[1.196s] INFO:colcon.colcon_core.shell:Creating package script '/home/kuldip/myroboticarm_ws/install/myroboticarm_msgs/share/myroboticarm_msgs/package.zsh'
[1.197s] Level 1:colcon.colcon_core.environment:create_file_with_runtime_dependencies(/home/kuldip/myroboticarm_ws/install/myroboticarm_msgs/share/colcon-core/packages/myroboticarm_msgs)
[1.197s] INFO:colcon.colcon_ros.task.ament_cmake.build:Building ROS package in '/home/kuldip/myroboticarm_ws/src/myroboticarm_utils' with build type 'ament_cmake'
[1.197s] INFO:colcon.colcon_cmake.task.cmake.build:Building CMake package in '/home/kuldip/myroboticarm_ws/src/myroboticarm_utils'
[1.197s] INFO:colcon.colcon_core.shell:Skip shell extension 'powershell' for command environment: Not usable outside of PowerShell
[1.197s] DEBUG:colcon.colcon_core.shell:Skip shell extension 'dsv' for command environment
[1.218s] DEBUG:colcon.colcon_core.event_handler.log_command:Invoking command in '/home/kuldip/myroboticarm_ws/build/myroboticarm_utils': CMAKE_PREFIX_PATH=/home/kuldip/myroboticarm_ws/install/myroboticarm_msgs:/home/kuldip/myroboticarm_ws/install/myroboticarm_utils:/home/kuldip/myroboticarm_ws/install/myroboticarm_moveit:/home/kuldip/myroboticarm_ws/install/myroboticarm_description_cpp:/home/kuldip/myroboticarm_ws/install/myroboticarm_cpp:/home/kuldip/myroboticarm_ws/install/myroboticarm_controller:/home/kuldip/arduinobot_ws/install/arduinobot_controller:/home/kuldip/arduinobot_ws/install/arduinobot_description:/home/kuldip/arduinobot_ws/install/arduinobot_cpp_examples:/home/kuldip/myroboticarm_ws/src/install/myroboticarm_utils:/home/kuldip/myroboticarm_ws/src/install/myroboticarm_msgs:/home/kuldip/myroboticarm_ws/src/install/myroboticarm_moveit:/home/kuldip/myroboticarm_ws/src/install/myroboticarm_description_cpp:/home/kuldip/myroboticarm_ws/src/install/myroboticarm_cpp:/home/kuldip/myroboticarm_ws/src/install/myroboticarm_controller:/opt/ros/jazzy/opt/gz_launch_vendor:/opt/ros/jazzy/opt/gz_sim_vendor:/opt/ros/jazzy/opt/gz_sensors_vendor:/opt/ros/jazzy/opt/gz_physics_vendor:/opt/ros/jazzy/opt/sdformat_vendor:/opt/ros/jazzy/opt/gz_gui_vendor:/opt/ros/jazzy/opt/gz_transport_vendor:/opt/ros/jazzy/opt/gz_rendering_vendor:/opt/ros/jazzy/opt/gz_plugin_vendor:/opt/ros/jazzy/opt/gz_fuel_tools_vendor:/opt/ros/jazzy/opt/gz_msgs_vendor:/opt/ros/jazzy/opt/gz_common_vendor:/opt/ros/jazzy/opt/gz_math_vendor:/opt/ros/jazzy/opt/gz_utils_vendor:/opt/ros/jazzy/opt/gz_tools_vendor:/opt/ros/jazzy/opt/gz_ogre_next_vendor:/opt/ros/jazzy/opt/gz_dartsim_vendor:/opt/ros/jazzy/opt/gz_cmake_vendor:/home/kuldip/myroboticarm_ws/install/myroboticarm_description:/home/kuldip/myroboticarm_ws/install/myroboticarm:/home/kuldip/arduinobot_ws/install/arduinobot_py_examples:/home/kuldip/myroboticarm_ws/src/install/myroboticarm:/opt/ros/jazzy DEBUGINFOD_URLS=https://debuginfod.ubuntu.com PYTHONPATH=/home/kuldip/myroboticarm_ws/install/myroboticarm_msgs/lib/python3.12/site-packages:/home/kuldip/myroboticarm_ws/install/myroboticarm_utils/lib/python3.12/site-packages:/home/kuldip/myroboticarm_ws/install/myroboticarm_description/lib/python3.10/site-packages:/home/kuldip/myroboticarm_ws/install/myroboticarm/lib/python3.12/site-packages:/home/kuldip/arduinobot_ws/install/arduinobot_py_examples/lib/python3.12/site-packages:/home/kuldip/arduinobot_ws/install/arduinobot_controller/lib/python3.12/site-packages:/home/kuldip/myroboticarm_ws/src/install/myroboticarm_utils/lib/python3.12/site-packages:/home/kuldip/myroboticarm_ws/src/install/myroboticarm_msgs/lib/python3.12/site-packages:/home/kuldip/myroboticarm_ws/src/install/myroboticarm/lib/python3.12/site-packages:/opt/ros/jazzy/lib/python3.12/site-packages /usr/bin/cmake --build /home/kuldip/myroboticarm_ws/build/myroboticarm_utils -- -j12 -l12
[1.605s] DEBUG:colcon.colcon_core.event_handler.log_command:Invoking command in '/home/kuldip/myroboticarm_ws/src/myroboticarm': DEBUGINFOD_URLS=https://debuginfod.ubuntu.com PYTHONPATH=/home/kuldip/myroboticarm_ws/build/myroboticarm/prefix_override:/usr/lib/python3/dist-packages/colcon_core/task/python/colcon_distutils_commands:/home/kuldip/myroboticarm_ws/install/myroboticarm/lib/python3.12/site-packages:${PYTHONPATH} /usr/bin/python3 -W ignore:setup.py install is deprecated -W ignore:easy_install command is deprecated setup.py egg_info --egg-base ../../build/myroboticarm build --build-base /home/kuldip/myroboticarm_ws/build/myroboticarm/build install --record /home/kuldip/myroboticarm_ws/build/myroboticarm/install.log --single-version-externally-managed install_data
[1.773s] DEBUG:colcon.colcon_core.event_handler.log_command:Invoked command in '/home/kuldip/myroboticarm_ws/build/myroboticarm_utils' returned '0': CMAKE_PREFIX_PATH=/home/kuldip/myroboticarm_ws/install/myroboticarm_msgs:/home/kuldip/myroboticarm_ws/install/myroboticarm_utils:/home/kuldip/myroboticarm_ws/install/myroboticarm_moveit:/home/kuldip/myroboticarm_ws/install/myroboticarm_description_cpp:/home/kuldip/myroboticarm_ws/install/myroboticarm_cpp:/home/kuldip/myroboticarm_ws/install/myroboticarm_controller:/home/kuldip/arduinobot_ws/install/arduinobot_controller:/home/kuldip/arduinobot_ws/install/arduinobot_description:/home/kuldip/arduinobot_ws/install/arduinobot_cpp_examples:/home/kuldip/myroboticarm_ws/src/install/myroboticarm_utils:/home/kuldip/myroboticarm_ws/src/install/myroboticarm_msgs:/home/kuldip/myroboticarm_ws/src/install/myroboticarm_moveit:/home/kuldip/myroboticarm_ws/src/install/myroboticarm_description_cpp:/home/kuldip/myroboticarm_ws/src/install/myroboticarm_cpp:/home/kuldip/myroboticarm_ws/src/install/myroboticarm_controller:/opt/ros/jazzy/opt/gz_launch_vendor:/opt/ros/jazzy/opt/gz_sim_vendor:/opt/ros/jazzy/opt/gz_sensors_vendor:/opt/ros/jazzy/opt/gz_physics_vendor:/opt/ros/jazzy/opt/sdformat_vendor:/opt/ros/jazzy/opt/gz_gui_vendor:/opt/ros/jazzy/opt/gz_transport_vendor:/opt/ros/jazzy/opt/gz_rendering_vendor:/opt/ros/jazzy/opt/gz_plugin_vendor:/opt/ros/jazzy/opt/gz_fuel_tools_vendor:/opt/ros/jazzy/opt/gz_msgs_vendor:/opt/ros/jazzy/opt/gz_common_vendor:/opt/ros/jazzy/opt/gz_math_vendor:/opt/ros/jazzy/opt/gz_utils_vendor:/opt/ros/jazzy/opt/gz_tools_vendor:/opt/ros/jazzy/opt/gz_ogre_next_vendor:/opt/ros/jazzy/opt/gz_dartsim_vendor:/opt/ros/jazzy/opt/gz_cmake_vendor:/home/kuldip/myroboticarm_ws/install/myroboticarm_description:/home/kuldip/myroboticarm_ws/install/myroboticarm:/home/kuldip/arduinobot_ws/install/arduinobot_py_examples:/home/kuldip/myroboticarm_ws/src/install/myroboticarm:/opt/ros/jazzy DEBUGINFOD_URLS=https://debuginfod.ubuntu.com PYTHONPATH=/home/kuldip/myroboticarm_ws/install/myroboticarm_msgs/lib/python3.12/site-packages:/home/kuldip/myroboticarm_ws/install/myroboticarm_utils/lib/python3.12/site-packages:/home/kuldip/myroboticarm_ws/install/myroboticarm_description/lib/python3.10/site-packages:/home/kuldip/myroboticarm_ws/install/myroboticarm/lib/python3.12/site-packages:/home/kuldip/arduinobot_ws/install/arduinobot_py_examples/lib/python3.12/site-packages:/home/kuldip/arduinobot_ws/install/arduinobot_controller/lib/python3.12/site-packages:/home/kuldip/myroboticarm_ws/src/install/myroboticarm_utils/lib/python3.12/site-packages:/home/kuldip/myroboticarm_ws/src/install/myroboticarm_msgs/lib/python3.12/site-packages:/home/kuldip/myroboticarm_ws/src/install/myroboticarm/lib/python3.12/site-packages:/opt/ros/jazzy/lib/python3.12/site-packages /usr/bin/cmake --build /home/kuldip/myroboticarm_ws/build/myroboticarm_utils -- -j12 -l12
[1.775s] DEBUG:colcon.colcon_core.event_handler.log_command:Invoking command in '/home/kuldip/myroboticarm_ws/build/myroboticarm_utils': CMAKE_PREFIX_PATH=/home/kuldip/myroboticarm_ws/install/myroboticarm_msgs:/home/kuldip/myroboticarm_ws/install/myroboticarm_utils:/home/kuldip/myroboticarm_ws/install/myroboticarm_moveit:/home/kuldip/myroboticarm_ws/install/myroboticarm_description_cpp:/home/kuldip/myroboticarm_ws/install/myroboticarm_cpp:/home/kuldip/myroboticarm_ws/install/myroboticarm_controller:/home/kuldip/arduinobot_ws/install/arduinobot_controller:/home/kuldip/arduinobot_ws/install/arduinobot_description:/home/kuldip/arduinobot_ws/install/arduinobot_cpp_examples:/home/kuldip/myroboticarm_ws/src/install/myroboticarm_utils:/home/kuldip/myroboticarm_ws/src/install/myroboticarm_msgs:/home/kuldip/myroboticarm_ws/src/install/myroboticarm_moveit:/home/kuldip/myroboticarm_ws/src/install/myroboticarm_description_cpp:/home/kuldip/myroboticarm_ws/src/install/myroboticarm_cpp:/home/kuldip/myroboticarm_ws/src/install/myroboticarm_controller:/opt/ros/jazzy/opt/gz_launch_vendor:/opt/ros/jazzy/opt/gz_sim_vendor:/opt/ros/jazzy/opt/gz_sensors_vendor:/opt/ros/jazzy/opt/gz_physics_vendor:/opt/ros/jazzy/opt/sdformat_vendor:/opt/ros/jazzy/opt/gz_gui_vendor:/opt/ros/jazzy/opt/gz_transport_vendor:/opt/ros/jazzy/opt/gz_rendering_vendor:/opt/ros/jazzy/opt/gz_plugin_vendor:/opt/ros/jazzy/opt/gz_fuel_tools_vendor:/opt/ros/jazzy/opt/gz_msgs_vendor:/opt/ros/jazzy/opt/gz_common_vendor:/opt/ros/jazzy/opt/gz_math_vendor:/opt/ros/jazzy/opt/gz_utils_vendor:/opt/ros/jazzy/opt/gz_tools_vendor:/opt/ros/jazzy/opt/gz_ogre_next_vendor:/opt/ros/jazzy/opt/gz_dartsim_vendor:/opt/ros/jazzy/opt/gz_cmake_vendor:/home/kuldip/myroboticarm_ws/install/myroboticarm_description:/home/kuldip/myroboticarm_ws/install/myroboticarm:/home/kuldip/arduinobot_ws/install/arduinobot_py_examples:/home/kuldip/myroboticarm_ws/src/install/myroboticarm:/opt/ros/jazzy DEBUGINFOD_URLS=https://debuginfod.ubuntu.com PYTHONPATH=/home/kuldip/myroboticarm_ws/install/myroboticarm_msgs/lib/python3.12/site-packages:/home/kuldip/myroboticarm_ws/install/myroboticarm_utils/lib/python3.12/site-packages:/home/kuldip/myroboticarm_ws/install/myroboticarm_description/lib/python3.10/site-packages:/home/kuldip/myroboticarm_ws/install/myroboticarm/lib/python3.12/site-packages:/home/kuldip/arduinobot_ws/install/arduinobot_py_examples/lib/python3.12/site-packages:/home/kuldip/arduinobot_ws/install/arduinobot_controller/lib/python3.12/site-packages:/home/kuldip/myroboticarm_ws/src/install/myroboticarm_utils/lib/python3.12/site-packages:/home/kuldip/myroboticarm_ws/src/install/myroboticarm_msgs/lib/python3.12/site-packages:/home/kuldip/myroboticarm_ws/src/install/myroboticarm/lib/python3.12/site-packages:/opt/ros/jazzy/lib/python3.12/site-packages /usr/bin/cmake --install /home/kuldip/myroboticarm_ws/build/myroboticarm_utils
[1.853s] Level 1:colcon.colcon_core.environment:create_environment_scripts_only(myroboticarm_utils)
[1.853s] DEBUG:colcon.colcon_core.event_handler.log_command:Invoked command in '/home/kuldip/myroboticarm_ws/build/myroboticarm_utils' returned '0': CMAKE_PREFIX_PATH=/home/kuldip/myroboticarm_ws/install/myroboticarm_msgs:/home/kuldip/myroboticarm_ws/install/myroboticarm_utils:/home/kuldip/myroboticarm_ws/install/myroboticarm_moveit:/home/kuldip/myroboticarm_ws/install/myroboticarm_description_cpp:/home/kuldip/myroboticarm_ws/install/myroboticarm_cpp:/home/kuldip/myroboticarm_ws/install/myroboticarm_controller:/home/kuldip/arduinobot_ws/install/arduinobot_controller:/home/kuldip/arduinobot_ws/install/arduinobot_description:/home/kuldip/arduinobot_ws/install/arduinobot_cpp_examples:/home/kuldip/myroboticarm_ws/src/install/myroboticarm_utils:/home/kuldip/myroboticarm_ws/src/install/myroboticarm_msgs:/home/kuldip/myroboticarm_ws/src/install/myroboticarm_moveit:/home/kuldip/myroboticarm_ws/src/install/myroboticarm_description_cpp:/home/kuldip/myroboticarm_ws/src/install/myroboticarm_cpp:/home/kuldip/myroboticarm_ws/src/install/myroboticarm_controller:/opt/ros/jazzy/opt/gz_launch_vendor:/opt/ros/jazzy/opt/gz_sim_vendor:/opt/ros/jazzy/opt/gz_sensors_vendor:/opt/ros/jazzy/opt/gz_physics_vendor:/opt/ros/jazzy/opt/sdformat_vendor:/opt/ros/jazzy/opt/gz_gui_vendor:/opt/ros/jazzy/opt/gz_transport_vendor:/opt/ros/jazzy/opt/gz_rendering_vendor:/opt/ros/jazzy/opt/gz_plugin_vendor:/opt/ros/jazzy/opt/gz_fuel_tools_vendor:/opt/ros/jazzy/opt/gz_msgs_vendor:/opt/ros/jazzy/opt/gz_common_vendor:/opt/ros/jazzy/opt/gz_math_vendor:/opt/ros/jazzy/opt/gz_utils_vendor:/opt/ros/jazzy/opt/gz_tools_vendor:/opt/ros/jazzy/opt/gz_ogre_next_vendor:/opt/ros/jazzy/opt/gz_dartsim_vendor:/opt/ros/jazzy/opt/gz_cmake_vendor:/home/kuldip/myroboticarm_ws/install/myroboticarm_description:/home/kuldip/myroboticarm_ws/install/myroboticarm:/home/kuldip/arduinobot_ws/install/arduinobot_py_examples:/home/kuldip/myroboticarm_ws/src/install/myroboticarm:/opt/ros/jazzy DEBUGINFOD_URLS=https://debuginfod.ubuntu.com PYTHONPATH=/home/kuldip/myroboticarm_ws/install/myroboticarm_msgs/lib/python3.12/site-packages:/home/kuldip/myroboticarm_ws/install/myroboticarm_utils/lib/python3.12/site-packages:/home/kuldip/myroboticarm_ws/install/myroboticarm_description/lib/python3.10/site-packages:/home/kuldip/myroboticarm_ws/install/myroboticarm/lib/python3.12/site-packages:/home/kuldip/arduinobot_ws/install/arduinobot_py_examples/lib/python3.12/site-packages:/home/kuldip/arduinobot_ws/install/arduinobot_controller/lib/python3.12/site-packages:/home/kuldip/myroboticarm_ws/src/install/myroboticarm_utils/lib/python3.12/site-packages:/home/kuldip/myroboticarm_ws/src/install/myroboticarm_msgs/lib/python3.12/site-packages:/home/kuldip/myroboticarm_ws/src/install/myroboticarm/lib/python3.12/site-packages:/opt/ros/jazzy/lib/python3.12/site-packages /usr/bin/cmake --install /home/kuldip/myroboticarm_ws/build/myroboticarm_utils
[1.854s] Level 1:colcon.colcon_core.environment:checking '/home/kuldip/myroboticarm_ws/install/myroboticarm_utils' for CMake module files
[1.855s] Level 1:colcon.colcon_core.environment:checking '/home/kuldip/myroboticarm_ws/install/myroboticarm_utils' for CMake config files
[1.856s] Level 1:colcon.colcon_core.shell:create_environment_hook('myroboticarm_utils', 'cmake_prefix_path')
[1.857s] INFO:colcon.colcon_core.shell:Creating environment hook '/home/kuldip/myroboticarm_ws/install/myroboticarm_utils/share/myroboticarm_utils/hook/cmake_prefix_path.ps1'
[1.858s] INFO:colcon.colcon_core.shell:Creating environment descriptor '/home/kuldip/myroboticarm_ws/install/myroboticarm_utils/share/myroboticarm_utils/hook/cmake_prefix_path.dsv'
[1.859s] INFO:colcon.colcon_core.shell:Creating environment hook '/home/kuldip/myroboticarm_ws/install/myroboticarm_utils/share/myroboticarm_utils/hook/cmake_prefix_path.sh'
[1.860s] Level 1:colcon.colcon_core.environment:checking '/home/kuldip/myroboticarm_ws/install/myroboticarm_utils/lib'
[1.861s] Level 1:colcon.colcon_core.environment:checking '/home/kuldip/myroboticarm_ws/install/myroboticarm_utils/bin'
[1.861s] Level 1:colcon.colcon_core.environment:checking '/home/kuldip/myroboticarm_ws/install/myroboticarm_utils/lib/pkgconfig/myroboticarm_utils.pc'
[1.861s] Level 1:colcon.colcon_core.environment:checking '/home/kuldip/myroboticarm_ws/install/myroboticarm_utils/lib/python3.12/site-packages'
[1.862s] Level 1:colcon.colcon_core.shell:create_environment_hook('myroboticarm_utils', 'pythonpath')
[1.862s] INFO:colcon.colcon_core.shell:Creating environment hook '/home/kuldip/myroboticarm_ws/install/myroboticarm_utils/share/myroboticarm_utils/hook/pythonpath.ps1'
[1.863s] INFO:colcon.colcon_core.shell:Creating environment descriptor '/home/kuldip/myroboticarm_ws/install/myroboticarm_utils/share/myroboticarm_utils/hook/pythonpath.dsv'
[1.864s] INFO:colcon.colcon_core.shell:Creating environment hook '/home/kuldip/myroboticarm_ws/install/myroboticarm_utils/share/myroboticarm_utils/hook/pythonpath.sh'
[1.865s] Level 1:colcon.colcon_core.environment:checking '/home/kuldip/myroboticarm_ws/install/myroboticarm_utils/bin'
[1.865s] INFO:colcon.colcon_core.shell:Creating package script '/home/kuldip/myroboticarm_ws/install/myroboticarm_utils/share/myroboticarm_utils/package.ps1'
[1.866s] INFO:colcon.colcon_core.shell:Creating package descriptor '/home/kuldip/myroboticarm_ws/install/myroboticarm_utils/share/myroboticarm_utils/package.dsv'
[1.867s] INFO:colcon.colcon_core.shell:Creating package script '/home/kuldip/myroboticarm_ws/install/myroboticarm_utils/share/myroboticarm_utils/package.sh'
[1.867s] INFO:colcon.colcon_core.shell:Creating package script '/home/kuldip/myroboticarm_ws/install/myroboticarm_utils/share/myroboticarm_utils/package.bash'
[1.868s] INFO:colcon.colcon_core.shell:Creating package script '/home/kuldip/myroboticarm_ws/install/myroboticarm_utils/share/myroboticarm_utils/package.zsh'
[1.868s] Level 1:colcon.colcon_core.environment:create_file_with_runtime_dependencies(/home/kuldip/myroboticarm_ws/install/myroboticarm_utils/share/colcon-core/packages/myroboticarm_utils)
[1.869s] Level 1:colcon.colcon_core.environment:create_environment_scripts_only(myroboticarm_utils)
[1.869s] Level 1:colcon.colcon_core.environment:checking '/home/kuldip/myroboticarm_ws/install/myroboticarm_utils' for CMake module files
[1.869s] Level 1:colcon.colcon_core.environment:checking '/home/kuldip/myroboticarm_ws/install/myroboticarm_utils' for CMake config files
[1.870s] Level 1:colcon.colcon_core.shell:create_environment_hook('myroboticarm_utils', 'cmake_prefix_path')
[1.870s] INFO:colcon.colcon_core.shell:Creating environment hook '/home/kuldip/myroboticarm_ws/install/myroboticarm_utils/share/myroboticarm_utils/hook/cmake_prefix_path.ps1'
[1.870s] INFO:colcon.colcon_core.shell:Creating environment descriptor '/home/kuldip/myroboticarm_ws/install/myroboticarm_utils/share/myroboticarm_utils/hook/cmake_prefix_path.dsv'
[1.871s] INFO:colcon.colcon_core.shell:Creating environment hook '/home/kuldip/myroboticarm_ws/install/myroboticarm_utils/share/myroboticarm_utils/hook/cmake_prefix_path.sh'
[1.871s] Level 1:colcon.colcon_core.environment:checking '/home/kuldip/myroboticarm_ws/install/myroboticarm_utils/lib'
[1.872s] Level 1:colcon.colcon_core.environment:checking '/home/kuldip/myroboticarm_ws/install/myroboticarm_utils/bin'
[1.872s] Level 1:colcon.colcon_core.environment:checking '/home/kuldip/myroboticarm_ws/install/myroboticarm_utils/lib/pkgconfig/myroboticarm_utils.pc'
[1.872s] Level 1:colcon.colcon_core.environment:checking '/home/kuldip/myroboticarm_ws/install/myroboticarm_utils/lib/python3.12/site-packages'
[1.872s] Level 1:colcon.colcon_core.shell:create_environment_hook('myroboticarm_utils', 'pythonpath')
[1.872s] INFO:colcon.colcon_core.shell:Creating environment hook '/home/kuldip/myroboticarm_ws/install/myroboticarm_utils/share/myroboticarm_utils/hook/pythonpath.ps1'
[1.873s] INFO:colcon.colcon_core.shell:Creating environment descriptor '/home/kuldip/myroboticarm_ws/install/myroboticarm_utils/share/myroboticarm_utils/hook/pythonpath.dsv'
[1.873s] INFO:colcon.colcon_core.shell:Creating environment hook '/home/kuldip/myroboticarm_ws/install/myroboticarm_utils/share/myroboticarm_utils/hook/pythonpath.sh'
[1.874s] Level 1:colcon.colcon_core.environment:checking '/home/kuldip/myroboticarm_ws/install/myroboticarm_utils/bin'
[1.874s] INFO:colcon.colcon_core.shell:Creating package script '/home/kuldip/myroboticarm_ws/install/myroboticarm_utils/share/myroboticarm_utils/package.ps1'
[1.875s] INFO:colcon.colcon_core.shell:Creating package descriptor '/home/kuldip/myroboticarm_ws/install/myroboticarm_utils/share/myroboticarm_utils/package.dsv'
[1.875s] INFO:colcon.colcon_core.shell:Creating package script '/home/kuldip/myroboticarm_ws/install/myroboticarm_utils/share/myroboticarm_utils/package.sh'
[1.875s] INFO:colcon.colcon_core.shell:Creating package script '/home/kuldip/myroboticarm_ws/install/myroboticarm_utils/share/myroboticarm_utils/package.bash'
[1.876s] INFO:colcon.colcon_core.shell:Creating package script '/home/kuldip/myroboticarm_ws/install/myroboticarm_utils/share/myroboticarm_utils/package.zsh'
[1.876s] Level 1:colcon.colcon_core.environment:create_file_with_runtime_dependencies(/home/kuldip/myroboticarm_ws/install/myroboticarm_utils/share/colcon-core/packages/myroboticarm_utils)
[2.318s] Level 1:colcon.colcon_core.environment:checking '/home/kuldip/myroboticarm_ws/install/myroboticarm' for CMake module files
[2.319s] DEBUG:colcon.colcon_core.event_handler.log_command:Invoked command in '/home/kuldip/myroboticarm_ws/src/myroboticarm' returned '0': DEBUGINFOD_URLS=https://debuginfod.ubuntu.com PYTHONPATH=/home/kuldip/myroboticarm_ws/build/myroboticarm/prefix_override:/usr/lib/python3/dist-packages/colcon_core/task/python/colcon_distutils_commands:/home/kuldip/myroboticarm_ws/install/myroboticarm/lib/python3.12/site-packages:${PYTHONPATH} /usr/bin/python3 -W ignore:setup.py install is deprecated -W ignore:easy_install command is deprecated setup.py egg_info --egg-base ../../build/myroboticarm build --build-base /home/kuldip/myroboticarm_ws/build/myroboticarm/build install --record /home/kuldip/myroboticarm_ws/build/myroboticarm/install.log --single-version-externally-managed install_data
[2.320s] Level 1:colcon.colcon_core.environment:checking '/home/kuldip/myroboticarm_ws/install/myroboticarm' for CMake config files
[2.321s] Level 1:colcon.colcon_core.environment:checking '/home/kuldip/myroboticarm_ws/install/myroboticarm/lib'
[2.321s] Level 1:colcon.colcon_core.environment:checking '/home/kuldip/myroboticarm_ws/install/myroboticarm/bin'
[2.321s] Level 1:colcon.colcon_core.environment:checking '/home/kuldip/myroboticarm_ws/install/myroboticarm/lib/pkgconfig/myroboticarm.pc'
[2.321s] Level 1:colcon.colcon_core.environment:checking '/home/kuldip/myroboticarm_ws/install/myroboticarm/lib/python3.12/site-packages'
[2.321s] Level 1:colcon.colcon_core.shell:create_environment_hook('myroboticarm', 'pythonpath')
[2.321s] INFO:colcon.colcon_core.shell:Creating environment hook '/home/kuldip/myroboticarm_ws/install/myroboticarm/share/myroboticarm/hook/pythonpath.ps1'
[2.322s] INFO:colcon.colcon_core.shell:Creating environment descriptor '/home/kuldip/myroboticarm_ws/install/myroboticarm/share/myroboticarm/hook/pythonpath.dsv'
[2.322s] INFO:colcon.colcon_core.shell:Creating environment hook '/home/kuldip/myroboticarm_ws/install/myroboticarm/share/myroboticarm/hook/pythonpath.sh'
[2.323s] Level 1:colcon.colcon_core.environment:checking '/home/kuldip/myroboticarm_ws/install/myroboticarm/bin'
[2.323s] Level 1:colcon.colcon_core.environment:create_environment_scripts_only(myroboticarm)
[2.324s] INFO:colcon.colcon_core.shell:Creating package script '/home/kuldip/myroboticarm_ws/install/myroboticarm/share/myroboticarm/package.ps1'
[2.324s] INFO:colcon.colcon_core.shell:Creating package descriptor '/home/kuldip/myroboticarm_ws/install/myroboticarm/share/myroboticarm/package.dsv'
[2.325s] INFO:colcon.colcon_core.shell:Creating package script '/home/kuldip/myroboticarm_ws/install/myroboticarm/share/myroboticarm/package.sh'
[2.326s] INFO:colcon.colcon_core.shell:Creating package script '/home/kuldip/myroboticarm_ws/install/myroboticarm/share/myroboticarm/package.bash'
[2.326s] INFO:colcon.colcon_core.shell:Creating package script '/home/kuldip/myroboticarm_ws/install/myroboticarm/share/myroboticarm/package.zsh'
[2.326s] Level 1:colcon.colcon_core.environment:create_file_with_runtime_dependencies(/home/kuldip/myroboticarm_ws/install/myroboticarm/share/colcon-core/packages/myroboticarm)
[2.327s] DEBUG:colcon.colcon_parallel_executor.executor.parallel:closing loop
[2.327s] DEBUG:colcon.colcon_parallel_executor.executor.parallel:loop closed
[2.327s] DEBUG:colcon.colcon_parallel_executor.executor.parallel:run_until_complete finished with '0'
[2.327s] DEBUG:colcon.colcon_core.event_reactor:joining thread
[2.338s] INFO:colcon.colcon_core.plugin_system:Skipping extension 'colcon_notification.desktop_notification.terminal_notifier': Not used on non-Darwin systems
[2.338s] INFO:colcon.colcon_core.plugin_system:Skipping extension 'colcon_notification.desktop_notification.win32': Not used on non-Windows systems
[2.338s] INFO:colcon.colcon_notification.desktop_notification:Sending desktop notification using 'notify2'
[2.362s] DEBUG:colcon.colcon_core.event_reactor:joined thread
[2.362s] INFO:colcon.colcon_core.shell:Creating prefix script '/home/kuldip/myroboticarm_ws/install/local_setup.ps1'
[2.364s] INFO:colcon.colcon_core.shell:Creating prefix util module '/home/kuldip/myroboticarm_ws/install/_local_setup_util_ps1.py'
[2.366s] INFO:colcon.colcon_core.shell:Creating prefix chain script '/home/kuldip/myroboticarm_ws/install/setup.ps1'
[2.369s] INFO:colcon.colcon_core.shell:Creating prefix script '/home/kuldip/myroboticarm_ws/install/local_setup.sh'
[2.370s] INFO:colcon.colcon_core.shell:Creating prefix util module '/home/kuldip/myroboticarm_ws/install/_local_setup_util_sh.py'
[2.372s] INFO:colcon.colcon_core.shell:Creating prefix chain script '/home/kuldip/myroboticarm_ws/install/setup.sh'
[2.375s] INFO:colcon.colcon_core.shell:Creating prefix script '/home/kuldip/myroboticarm_ws/install/local_setup.bash'
[2.376s] INFO:colcon.colcon_core.shell:Creating prefix chain script '/home/kuldip/myroboticarm_ws/install/setup.bash'
[2.379s] INFO:colcon.colcon_core.shell:Creating prefix script '/home/kuldip/myroboticarm_ws/install/local_setup.zsh'
[2.380s] INFO:colcon.colcon_core.shell:Creating prefix chain script '/home/kuldip/myroboticarm_ws/install/setup.zsh'
